2017-12-01 09:53:19,950 hostdb.py[line:62] INFO host_select start
2017-12-01 09:53:19,954 hostdb.py[line:63] INFO request: <WSGIRequest: GET '/app_cmdb/host/select?limit=5&offset=0&order=asc&name=&description=&systemId=0&_=1512093199857'>
2017-12-01 09:53:19,976 hostdb.py[line:113] INFO host_select end
2017-12-01 09:53:21,647 hostdb.py[line:62] INFO host_select start
2017-12-01 09:53:21,648 hostdb.py[line:63] INFO request: <WSGIRequest: GET '/app_cmdb/host/select?limit=5&offset=90&order=asc&name=&description=&systemId=0&_=1512093199858'>
2017-12-01 09:53:21,661 hostdb.py[line:113] INFO host_select end
2017-12-01 09:53:22,384 hostdb.py[line:62] INFO host_select start
2017-12-01 09:53:22,385 hostdb.py[line:63] INFO request: <WSGIRequest: GET '/app_cmdb/host/select?limit=5&offset=70&order=asc&name=&description=&systemId=0&_=1512093199859'>
2017-12-01 09:53:22,403 hostdb.py[line:113] INFO host_select end
2017-12-01 09:53:23,378 hostdb.py[line:62] INFO host_select start
2017-12-01 09:53:23,378 hostdb.py[line:63] INFO request: <WSGIRequest: GET '/app_cmdb/host/select?limit=5&offset=0&order=asc&name=&description=&systemId=0&_=1512093199860'>
2017-12-01 09:53:23,397 hostdb.py[line:113] INFO host_select end
2017-12-01 09:53:30,759 hostdb.py[line:118] INFO host_delete start
2017-12-01 09:53:30,766 hostdb.py[line:119] INFO request: <WSGIRequest: POST '/app_cmdb/host/delete'>
2017-12-01 09:53:30,767 hostdb.py[line:123] INFO form:{'id': u'11'}
2017-12-01 09:53:30,767 hostdb.py[line:129] INFO delete id:11
2017-12-01 09:53:30,780 hostdb.py[line:139] INFO host_delete end
2017-12-01 09:53:30,815 hostdb.py[line:62] INFO host_select start
2017-12-01 09:53:30,815 hostdb.py[line:63] INFO request: <WSGIRequest: GET '/app_cmdb/host/select?limit=5&offset=0&order=asc&name=&description=&systemId=0&_=1512093199861'>
2017-12-01 09:53:30,841 hostdb.py[line:113] INFO host_select end
2017-12-01 09:53:50,427 hostdb.py[line:118] INFO host_delete start
2017-12-01 09:53:50,430 hostdb.py[line:119] INFO request: <WSGIRequest: POST '/app_cmdb/host/delete'>
2017-12-01 09:53:50,434 hostdb.py[line:123] INFO form:{'id': u'12'}
2017-12-01 09:53:50,436 hostdb.py[line:129] INFO delete id:12
2017-12-01 09:53:50,447 hostdb.py[line:139] INFO host_delete end
2017-12-01 09:53:50,482 hostdb.py[line:62] INFO host_select start
2017-12-01 09:53:50,483 hostdb.py[line:63] INFO request: <WSGIRequest: GET '/app_cmdb/host/select?limit=5&offset=0&order=asc&name=&description=&systemId=0&_=1512093199862'>
2017-12-01 09:53:50,503 hostdb.py[line:113] INFO host_select end
2017-12-01 09:53:55,242 hostdb.py[line:118] INFO host_delete start
2017-12-01 09:53:55,244 hostdb.py[line:119] INFO request: <WSGIRequest: POST '/app_cmdb/host/delete'>
2017-12-01 09:53:55,250 hostdb.py[line:123] INFO form:{'id': u'13'}
2017-12-01 09:53:55,250 hostdb.py[line:129] INFO delete id:13
2017-12-01 09:53:55,267 hostdb.py[line:139] INFO host_delete end
2017-12-01 09:53:55,302 hostdb.py[line:62] INFO host_select start
2017-12-01 09:53:55,302 hostdb.py[line:63] INFO request: <WSGIRequest: GET '/app_cmdb/host/select?limit=5&offset=0&order=asc&name=&description=&systemId=0&_=1512093199863'>
2017-12-01 09:53:55,325 hostdb.py[line:113] INFO host_select end
2017-12-01 09:53:59,782 hostdb.py[line:118] INFO host_delete start
2017-12-01 09:53:59,782 hostdb.py[line:119] INFO request: <WSGIRequest: POST '/app_cmdb/host/delete'>
2017-12-01 09:53:59,782 hostdb.py[line:123] INFO form:{'id': u'14'}
2017-12-01 09:53:59,782 hostdb.py[line:129] INFO delete id:14
2017-12-01 09:53:59,796 hostdb.py[line:139] INFO host_delete end
2017-12-01 09:53:59,825 hostdb.py[line:62] INFO host_select start
2017-12-01 09:53:59,825 hostdb.py[line:63] INFO request: <WSGIRequest: GET '/app_cmdb/host/select?limit=5&offset=0&order=asc&name=&description=&systemId=0&_=1512093199864'>
2017-12-01 09:53:59,848 hostdb.py[line:113] INFO host_select end
2017-12-01 09:54:02,901 hostdb.py[line:118] INFO host_delete start
2017-12-01 09:54:02,901 hostdb.py[line:119] INFO request: <WSGIRequest: POST '/app_cmdb/host/delete'>
2017-12-01 09:54:02,903 hostdb.py[line:123] INFO form:{'id': u'15'}
2017-12-01 09:54:02,903 hostdb.py[line:129] INFO delete id:15
2017-12-01 09:54:02,915 hostdb.py[line:139] INFO host_delete end
2017-12-01 09:54:02,950 hostdb.py[line:62] INFO host_select start
2017-12-01 09:54:02,953 hostdb.py[line:63] INFO request: <WSGIRequest: GET '/app_cmdb/host/select?limit=5&offset=0&order=asc&name=&description=&systemId=0&_=1512093199865'>
2017-12-01 09:54:02,976 hostdb.py[line:113] INFO host_select end
2017-12-01 09:54:06,293 hostdb.py[line:118] INFO host_delete start
2017-12-01 09:54:06,295 hostdb.py[line:119] INFO request: <WSGIRequest: POST '/app_cmdb/host/delete'>
2017-12-01 09:54:06,295 hostdb.py[line:123] INFO form:{'id': u'16'}
2017-12-01 09:54:06,296 hostdb.py[line:129] INFO delete id:16
2017-12-01 09:54:06,306 hostdb.py[line:139] INFO host_delete end
2017-12-01 09:54:06,338 hostdb.py[line:62] INFO host_select start
2017-12-01 09:54:06,339 hostdb.py[line:63] INFO request: <WSGIRequest: GET '/app_cmdb/host/select?limit=5&offset=0&order=asc&name=&description=&systemId=0&_=1512093199866'>
2017-12-01 09:54:06,355 hostdb.py[line:113] INFO host_select end
2017-12-01 09:55:12,701 hostdb.py[line:118] INFO host_delete start
2017-12-01 09:55:12,703 hostdb.py[line:119] INFO request: <WSGIRequest: POST '/app_cmdb/host/delete'>
2017-12-01 09:55:12,703 hostdb.py[line:123] INFO form:{'id': u'17'}
2017-12-01 09:55:12,703 hostdb.py[line:129] INFO delete id:17
2017-12-01 09:55:12,719 hostdb.py[line:139] INFO host_delete end
2017-12-01 09:55:12,756 hostdb.py[line:62] INFO host_select start
2017-12-01 09:55:12,757 hostdb.py[line:63] INFO request: <WSGIRequest: GET '/app_cmdb/host/select?limit=5&offset=0&order=asc&name=&description=&systemId=0&_=1512093199867'>
2017-12-01 09:55:12,789 hostdb.py[line:113] INFO host_select end
2017-12-01 09:55:17,757 hostdb.py[line:118] INFO host_delete start
2017-12-01 09:55:17,759 hostdb.py[line:119] INFO request: <WSGIRequest: POST '/app_cmdb/host/delete'>
2017-12-01 09:55:17,759 hostdb.py[line:123] INFO form:{'id': u'18'}
2017-12-01 09:55:17,759 hostdb.py[line:129] INFO delete id:18
2017-12-01 09:55:17,773 hostdb.py[line:139] INFO host_delete end
2017-12-01 09:55:17,802 hostdb.py[line:62] INFO host_select start
2017-12-01 09:55:17,803 hostdb.py[line:63] INFO request: <WSGIRequest: GET '/app_cmdb/host/select?limit=5&offset=0&order=asc&name=&description=&systemId=0&_=1512093199868'>
2017-12-01 09:55:17,821 hostdb.py[line:113] INFO host_select end
2017-12-01 09:55:21,573 hostdb.py[line:118] INFO host_delete start
2017-12-01 09:55:21,575 hostdb.py[line:119] INFO request: <WSGIRequest: POST '/app_cmdb/host/delete'>
2017-12-01 09:55:21,575 hostdb.py[line:123] INFO form:{'id': u'19'}
2017-12-01 09:55:21,575 hostdb.py[line:129] INFO delete id:19
2017-12-01 09:55:21,592 hostdb.py[line:139] INFO host_delete end
2017-12-01 09:55:21,621 hostdb.py[line:62] INFO host_select start
2017-12-01 09:55:21,622 hostdb.py[line:63] INFO request: <WSGIRequest: GET '/app_cmdb/host/select?limit=5&offset=0&order=asc&name=&description=&systemId=0&_=1512093199869'>
2017-12-01 09:55:21,644 hostdb.py[line:113] INFO host_select end
2017-12-01 09:55:24,723 hostdb.py[line:118] INFO host_delete start
2017-12-01 09:55:24,724 hostdb.py[line:119] INFO request: <WSGIRequest: POST '/app_cmdb/host/delete'>
2017-12-01 09:55:24,726 hostdb.py[line:123] INFO form:{'id': u'20'}
2017-12-01 09:55:24,727 hostdb.py[line:129] INFO delete id:20
2017-12-01 09:55:24,746 hostdb.py[line:139] INFO host_delete end
2017-12-01 09:55:24,782 hostdb.py[line:62] INFO host_select start
2017-12-01 09:55:24,785 hostdb.py[line:63] INFO request: <WSGIRequest: GET '/app_cmdb/host/select?limit=5&offset=0&order=asc&name=&description=&systemId=0&_=1512093199870'>
2017-12-01 09:55:24,815 hostdb.py[line:113] INFO host_select end
2017-12-01 09:57:38,299 hostdb.py[line:118] INFO host_delete start
2017-12-01 09:57:38,299 hostdb.py[line:119] INFO request: <WSGIRequest: POST '/app_cmdb/host/delete'>
2017-12-01 09:57:38,299 hostdb.py[line:123] INFO form:{'id': u'21'}
2017-12-01 09:57:38,299 hostdb.py[line:129] INFO delete id:21
2017-12-01 09:57:38,312 hostdb.py[line:139] INFO host_delete end
2017-12-01 09:57:38,346 hostdb.py[line:62] INFO host_select start
2017-12-01 09:57:38,348 hostdb.py[line:63] INFO request: <WSGIRequest: GET '/app_cmdb/host/select?limit=5&offset=0&order=asc&name=&description=&systemId=0&_=1512093199871'>
2017-12-01 09:57:38,375 hostdb.py[line:113] INFO host_select end
2017-12-01 09:58:03,141 hostdb.py[line:118] INFO host_delete start
2017-12-01 09:58:03,142 hostdb.py[line:119] INFO request: <WSGIRequest: POST '/app_cmdb/host/delete'>
2017-12-01 09:58:03,144 hostdb.py[line:123] INFO form:{'id': u'22'}
2017-12-01 09:58:03,145 hostdb.py[line:129] INFO delete id:22
2017-12-01 09:58:03,165 hostdb.py[line:139] INFO host_delete end
2017-12-01 09:58:03,194 hostdb.py[line:62] INFO host_select start
2017-12-01 09:58:03,196 hostdb.py[line:63] INFO request: <WSGIRequest: GET '/app_cmdb/host/select?limit=5&offset=0&order=asc&name=&description=&systemId=0&_=1512093199872'>
2017-12-01 09:58:03,226 hostdb.py[line:113] INFO host_select end
2017-12-01 10:09:50,960 hostdb.py[line:62] INFO host_select start
2017-12-01 10:09:50,961 hostdb.py[line:63] INFO request: <WSGIRequest: GET '/app_cmdb/host/select?limit=5&offset=0&order=asc&name=&description=&systemId=0&_=1512094190860'>
2017-12-01 10:09:50,970 hostdb.py[line:113] INFO host_select end
2017-12-01 10:10:17,885 hostdb.py[line:19] INFO host_add start
2017-12-01 10:10:17,887 hostdb.py[line:20] INFO request: <WSGIRequest: POST '/app_cmdb/host/add'>
2017-12-01 10:10:17,895 hostdb.py[line:57] INFO host_add end
2017-12-01 10:10:23,969 hostdb.py[line:19] INFO host_add start
2017-12-01 10:10:23,970 hostdb.py[line:20] INFO request: <WSGIRequest: POST '/app_cmdb/host/add'>
2017-12-01 10:10:23,980 hostdb.py[line:57] INFO host_add end
2017-12-01 10:10:32,263 hostdb.py[line:19] INFO host_add start
2017-12-01 10:10:32,265 hostdb.py[line:20] INFO request: <WSGIRequest: POST '/app_cmdb/host/add'>
2017-12-01 10:10:32,275 hostdb.py[line:57] INFO host_add end
2017-12-01 10:10:41,141 hostdb.py[line:19] INFO host_add start
2017-12-01 10:10:41,142 hostdb.py[line:20] INFO request: <WSGIRequest: POST '/app_cmdb/host/add'>
2017-12-01 10:10:41,154 hostdb.py[line:57] INFO host_add end
2017-12-01 10:10:48,865 hostdb.py[line:19] INFO host_add start
2017-12-01 10:10:48,865 hostdb.py[line:20] INFO request: <WSGIRequest: POST '/app_cmdb/host/add'>
2017-12-01 10:10:48,874 hostdb.py[line:57] INFO host_add end
2017-12-01 10:11:00,144 hostdb.py[line:19] INFO host_add start
2017-12-01 10:11:00,144 hostdb.py[line:20] INFO request: <WSGIRequest: POST '/app_cmdb/host/add'>
2017-12-01 10:11:00,157 hostdb.py[line:57] INFO host_add end
2017-12-01 10:11:09,326 hostdb.py[line:19] INFO host_add start
2017-12-01 10:11:09,328 hostdb.py[line:20] INFO request: <WSGIRequest: POST '/app_cmdb/host/add'>
2017-12-01 10:11:09,336 hostdb.py[line:57] INFO host_add end
2017-12-01 10:11:18,394 hostdb.py[line:19] INFO host_add start
2017-12-01 10:11:18,394 hostdb.py[line:20] INFO request: <WSGIRequest: POST '/app_cmdb/host/add'>
2017-12-01 10:11:18,405 hostdb.py[line:57] INFO host_add end
2017-12-01 10:11:29,072 hostdb.py[line:19] INFO host_add start
2017-12-01 10:11:29,073 hostdb.py[line:20] INFO request: <WSGIRequest: POST '/app_cmdb/host/add'>
2017-12-01 10:11:29,082 hostdb.py[line:57] INFO host_add end
2017-12-01 10:11:37,759 hostdb.py[line:19] INFO host_add start
2017-12-01 10:11:37,759 hostdb.py[line:20] INFO request: <WSGIRequest: POST '/app_cmdb/host/add'>
2017-12-01 10:11:37,770 hostdb.py[line:57] INFO host_add end
2017-12-01 10:11:47,582 hostdb.py[line:19] INFO host_add start
2017-12-01 10:11:47,584 hostdb.py[line:20] INFO request: <WSGIRequest: POST '/app_cmdb/host/add'>
2017-12-01 10:11:47,595 hostdb.py[line:57] INFO host_add end
2017-12-01 10:11:57,128 hostdb.py[line:19] INFO host_add start
2017-12-01 10:11:57,130 hostdb.py[line:20] INFO request: <WSGIRequest: POST '/app_cmdb/host/add'>
2017-12-01 10:11:57,138 hostdb.py[line:57] INFO host_add end
2017-12-01 10:12:06,309 hostdb.py[line:19] INFO host_add start
2017-12-01 10:12:06,309 hostdb.py[line:20] INFO request: <WSGIRequest: POST '/app_cmdb/host/add'>
2017-12-01 10:12:06,323 hostdb.py[line:57] INFO host_add end
2017-12-01 16:20:00,782 hostdb.py[line:65] INFO host_select start
2017-12-01 16:20:00,782 hostdb.py[line:66] INFO request: <WSGIRequest: GET '/app_cmdb/host/select?limit=5&offset=0&order=asc&name=&description=&systemId=0&_=1512116400618'>
2017-12-01 16:20:00,802 hostdb.py[line:116] INFO host_select end
2017-12-01 16:20:04,381 hostdb.py[line:212] INFO host_export start
2017-12-01 16:20:04,388 hostdb.py[line:263] INFO {u'\u4e3b\u673a\u4fe1\u606f\u5217\u8868': [[u'IP\u5730\u5740', u'\u63cf\u8ff0', u'\u6240\u5c5e\u7cfb\u7edf', u'\u673a\u5668\u7c7b\u578b', u'\u673a\u623f', u'\u673a\u67b6\u4f4d\u7f6e', u'\u5200\u6846\u7f16\u53f7', u'SN\u597d', u'OS', u'\u7269\u7406\u673a\u914d\u7f6e\u7c7b\u578b', u'\u5907\u6ce8']], u'\u7cfb\u7edf\u4e3b\u673a-\u7a0b\u5e8f\u4fe1\u606f\u5217\u8868': [[u'IP\u5730\u5740', u'\u63cf\u8ff0', u'\u90e8\u7f72\u7a0b\u5e8f', u'\u7a0b\u5e8f\u63cf\u8ff0', u'\u7a0b\u5e8f\u8d1f\u8d23\u4eba', u'\u9ed8\u8ba4\u76d1\u542c\u7aef\u53e3', u'\u9ed8\u8ba4\u90e8\u7f72\u76ee\u5f55', u'\u9ed8\u8ba4\u90e8\u7f72\u8d26\u53f7', u'\u5b9a\u65f6\u811a\u672c\u4efb\u52a1', u'\u65e5\u5fd7\u8f93\u51fa', u'\u5907\u6ce8', u'\u6570\u636e\u5907\u4efd\u8def\u5f84', u'\u6570\u636e\u6587\u4ef6\u8def\u5f84', u'\u6240\u5c5e\u7ec4\u4ef6\uff08\u6a21\u5757\uff09', u'\u7ec4\u4ef6\u63cf\u8ff0', u'\u7ec4\u4ef6\u8d1f\u8d23\u4eba\u6240\u5c5e\u7cfb\u7edf', u'\u7cfb\u7edf\u63cf\u8ff0', u'\u8d23\u4efb\u516c\u53f8']]}
2017-12-01 16:20:04,388 hostdb.py[line:265] INFO OrderedDict([(u'\u4e3b\u673a\u4fe1\u606f\u5217\u8868', [[u'IP\u5730\u5740', u'\u63cf\u8ff0', u'\u6240\u5c5e\u7cfb\u7edf', u'\u673a\u5668\u7c7b\u578b', u'\u673a\u623f', u'\u673a\u67b6\u4f4d\u7f6e', u'\u5200\u6846\u7f16\u53f7', u'SN\u597d', u'OS', u'\u7269\u7406\u673a\u914d\u7f6e\u7c7b\u578b', u'\u5907\u6ce8']]), (u'\u7cfb\u7edf\u4e3b\u673a-\u7a0b\u5e8f\u4fe1\u606f\u5217\u8868', [[u'IP\u5730\u5740', u'\u63cf\u8ff0', u'\u90e8\u7f72\u7a0b\u5e8f', u'\u7a0b\u5e8f\u63cf\u8ff0', u'\u7a0b\u5e8f\u8d1f\u8d23\u4eba', u'\u9ed8\u8ba4\u76d1\u542c\u7aef\u53e3', u'\u9ed8\u8ba4\u90e8\u7f72\u76ee\u5f55', u'\u9ed8\u8ba4\u90e8\u7f72\u8d26\u53f7', u'\u5b9a\u65f6\u811a\u672c\u4efb\u52a1', u'\u65e5\u5fd7\u8f93\u51fa', u'\u5907\u6ce8', u'\u6570\u636e\u5907\u4efd\u8def\u5f84', u'\u6570\u636e\u6587\u4ef6\u8def\u5f84', u'\u6240\u5c5e\u7ec4\u4ef6\uff08\u6a21\u5757\uff09', u'\u7ec4\u4ef6\u63cf\u8ff0', u'\u7ec4\u4ef6\u8d1f\u8d23\u4eba\u6240\u5c5e\u7cfb\u7edf', u'\u7cfb\u7edf\u63cf\u8ff0', u'\u8d23\u4efb\u516c\u53f8']])])
2017-12-01 16:20:04,421 hostdb.py[line:275] ERROR No module named xlwt
2017-12-01 16:20:04,421 hostdb.py[line:278] INFO host_export end
2017-12-01 16:23:57,865 hostdb.py[line:65] INFO host_select start
2017-12-01 16:23:57,868 hostdb.py[line:66] INFO request: <WSGIRequest: GET '/app_cmdb/host/select?limit=5&offset=0&order=asc&name=&description=&systemId=0&_=1512116637745'>
2017-12-01 16:23:57,890 hostdb.py[line:116] INFO host_select end
2017-12-01 16:24:00,536 hostdb.py[line:212] INFO host_export start
2017-12-01 16:24:00,543 hostdb.py[line:253] INFO [[u'IP\u5730\u5740', u'\u63cf\u8ff0', u'\u90e8\u7f72\u7a0b\u5e8f', u'\u7a0b\u5e8f\u63cf\u8ff0', u'\u7a0b\u5e8f\u8d1f\u8d23\u4eba', u'\u9ed8\u8ba4\u76d1\u542c\u7aef\u53e3', u'\u9ed8\u8ba4\u90e8\u7f72\u76ee\u5f55', u'\u9ed8\u8ba4\u90e8\u7f72\u8d26\u53f7', u'\u5b9a\u65f6\u811a\u672c\u4efb\u52a1', u'\u65e5\u5fd7\u8f93\u51fa', u'\u5907\u6ce8', u'\u6570\u636e\u5907\u4efd\u8def\u5f84', u'\u6570\u636e\u6587\u4ef6\u8def\u5f84', u'\u6240\u5c5e\u7ec4\u4ef6\uff08\u6a21\u5757\uff09', u'\u7ec4\u4ef6\u63cf\u8ff0', u'\u7ec4\u4ef6\u8d1f\u8d23\u4eba\u6240\u5c5e\u7cfb\u7edf', u'\u7cfb\u7edf\u63cf\u8ff0', u'\u8d23\u4efb\u516c\u53f8']]
2017-12-01 16:24:00,543 hostdb.py[line:268] INFO {u'\u4e3b\u673a\u4fe1\u606f\u5217\u8868': [[u'IP\u5730\u5740', u'\u63cf\u8ff0', u'\u6240\u5c5e\u7cfb\u7edf', u'\u673a\u5668\u7c7b\u578b', u'\u673a\u623f', u'\u673a\u67b6\u4f4d\u7f6e', u'\u5200\u6846\u7f16\u53f7', u'SN\u597d', u'OS', u'\u7269\u7406\u673a\u914d\u7f6e\u7c7b\u578b', u'\u5907\u6ce8']], u'\u7cfb\u7edf\u4e3b\u673a-\u7a0b\u5e8f\u4fe1\u606f\u5217\u8868': [[u'IP\u5730\u5740', u'\u63cf\u8ff0', u'\u90e8\u7f72\u7a0b\u5e8f', u'\u7a0b\u5e8f\u63cf\u8ff0', u'\u7a0b\u5e8f\u8d1f\u8d23\u4eba', u'\u9ed8\u8ba4\u76d1\u542c\u7aef\u53e3', u'\u9ed8\u8ba4\u90e8\u7f72\u76ee\u5f55', u'\u9ed8\u8ba4\u90e8\u7f72\u8d26\u53f7', u'\u5b9a\u65f6\u811a\u672c\u4efb\u52a1', u'\u65e5\u5fd7\u8f93\u51fa', u'\u5907\u6ce8', u'\u6570\u636e\u5907\u4efd\u8def\u5f84', u'\u6570\u636e\u6587\u4ef6\u8def\u5f84', u'\u6240\u5c5e\u7ec4\u4ef6\uff08\u6a21\u5757\uff09', u'\u7ec4\u4ef6\u63cf\u8ff0', u'\u7ec4\u4ef6\u8d1f\u8d23\u4eba\u6240\u5c5e\u7cfb\u7edf', u'\u7cfb\u7edf\u63cf\u8ff0', u'\u8d23\u4efb\u516c\u53f8']]}
2017-12-01 16:24:00,545 hostdb.py[line:270] INFO OrderedDict([(u'\u4e3b\u673a\u4fe1\u606f\u5217\u8868', [[u'IP\u5730\u5740', u'\u63cf\u8ff0', u'\u6240\u5c5e\u7cfb\u7edf', u'\u673a\u5668\u7c7b\u578b', u'\u673a\u623f', u'\u673a\u67b6\u4f4d\u7f6e', u'\u5200\u6846\u7f16\u53f7', u'SN\u597d', u'OS', u'\u7269\u7406\u673a\u914d\u7f6e\u7c7b\u578b', u'\u5907\u6ce8']]), (u'\u7cfb\u7edf\u4e3b\u673a-\u7a0b\u5e8f\u4fe1\u606f\u5217\u8868', [[u'IP\u5730\u5740', u'\u63cf\u8ff0', u'\u90e8\u7f72\u7a0b\u5e8f', u'\u7a0b\u5e8f\u63cf\u8ff0', u'\u7a0b\u5e8f\u8d1f\u8d23\u4eba', u'\u9ed8\u8ba4\u76d1\u542c\u7aef\u53e3', u'\u9ed8\u8ba4\u90e8\u7f72\u76ee\u5f55', u'\u9ed8\u8ba4\u90e8\u7f72\u8d26\u53f7', u'\u5b9a\u65f6\u811a\u672c\u4efb\u52a1', u'\u65e5\u5fd7\u8f93\u51fa', u'\u5907\u6ce8', u'\u6570\u636e\u5907\u4efd\u8def\u5f84', u'\u6570\u636e\u6587\u4ef6\u8def\u5f84', u'\u6240\u5c5e\u7ec4\u4ef6\uff08\u6a21\u5757\uff09', u'\u7ec4\u4ef6\u63cf\u8ff0', u'\u7ec4\u4ef6\u8d1f\u8d23\u4eba\u6240\u5c5e\u7cfb\u7edf', u'\u7cfb\u7edf\u63cf\u8ff0', u'\u8d23\u4efb\u516c\u53f8']])])
2017-12-01 16:24:00,571 hostdb.py[line:280] ERROR No module named xlwt
2017-12-01 16:24:00,572 hostdb.py[line:283] INFO host_export end
2017-12-01 16:24:43,630 hostdb.py[line:212] INFO host_export start
2017-12-01 16:24:43,637 hostdb.py[line:253] INFO [[u'IP\u5730\u5740', u'\u63cf\u8ff0', u'\u90e8\u7f72\u7a0b\u5e8f', u'\u7a0b\u5e8f\u63cf\u8ff0', u'\u7a0b\u5e8f\u8d1f\u8d23\u4eba', u'\u9ed8\u8ba4\u76d1\u542c\u7aef\u53e3', u'\u9ed8\u8ba4\u90e8\u7f72\u76ee\u5f55', u'\u9ed8\u8ba4\u90e8\u7f72\u8d26\u53f7', u'\u5b9a\u65f6\u811a\u672c\u4efb\u52a1', u'\u65e5\u5fd7\u8f93\u51fa', u'\u5907\u6ce8', u'\u6570\u636e\u5907\u4efd\u8def\u5f84', u'\u6570\u636e\u6587\u4ef6\u8def\u5f84', u'\u6240\u5c5e\u7ec4\u4ef6\uff08\u6a21\u5757\uff09', u'\u7ec4\u4ef6\u63cf\u8ff0', u'\u7ec4\u4ef6\u8d1f\u8d23\u4eba\u6240\u5c5e\u7cfb\u7edf', u'\u7cfb\u7edf\u63cf\u8ff0', u'\u8d23\u4efb\u516c\u53f8']]
2017-12-01 16:24:43,638 hostdb.py[line:268] INFO {u'\u4e3b\u673a\u4fe1\u606f\u5217\u8868': [[u'IP\u5730\u5740', u'\u63cf\u8ff0', u'\u6240\u5c5e\u7cfb\u7edf', u'\u673a\u5668\u7c7b\u578b', u'\u673a\u623f', u'\u673a\u67b6\u4f4d\u7f6e', u'\u5200\u6846\u7f16\u53f7', u'SN\u597d', u'OS', u'\u7269\u7406\u673a\u914d\u7f6e\u7c7b\u578b', u'\u5907\u6ce8']], u'\u7cfb\u7edf\u4e3b\u673a-\u7a0b\u5e8f\u4fe1\u606f\u5217\u8868': [[u'IP\u5730\u5740', u'\u63cf\u8ff0', u'\u90e8\u7f72\u7a0b\u5e8f', u'\u7a0b\u5e8f\u63cf\u8ff0', u'\u7a0b\u5e8f\u8d1f\u8d23\u4eba', u'\u9ed8\u8ba4\u76d1\u542c\u7aef\u53e3', u'\u9ed8\u8ba4\u90e8\u7f72\u76ee\u5f55', u'\u9ed8\u8ba4\u90e8\u7f72\u8d26\u53f7', u'\u5b9a\u65f6\u811a\u672c\u4efb\u52a1', u'\u65e5\u5fd7\u8f93\u51fa', u'\u5907\u6ce8', u'\u6570\u636e\u5907\u4efd\u8def\u5f84', u'\u6570\u636e\u6587\u4ef6\u8def\u5f84', u'\u6240\u5c5e\u7ec4\u4ef6\uff08\u6a21\u5757\uff09', u'\u7ec4\u4ef6\u63cf\u8ff0', u'\u7ec4\u4ef6\u8d1f\u8d23\u4eba\u6240\u5c5e\u7cfb\u7edf', u'\u7cfb\u7edf\u63cf\u8ff0', u'\u8d23\u4efb\u516c\u53f8']]}
2017-12-01 16:24:43,641 hostdb.py[line:270] INFO OrderedDict([(u'\u4e3b\u673a\u4fe1\u606f\u5217\u8868', [[u'IP\u5730\u5740', u'\u63cf\u8ff0', u'\u6240\u5c5e\u7cfb\u7edf', u'\u673a\u5668\u7c7b\u578b', u'\u673a\u623f', u'\u673a\u67b6\u4f4d\u7f6e', u'\u5200\u6846\u7f16\u53f7', u'SN\u597d', u'OS', u'\u7269\u7406\u673a\u914d\u7f6e\u7c7b\u578b', u'\u5907\u6ce8']]), (u'\u7cfb\u7edf\u4e3b\u673a-\u7a0b\u5e8f\u4fe1\u606f\u5217\u8868', [[u'IP\u5730\u5740', u'\u63cf\u8ff0', u'\u90e8\u7f72\u7a0b\u5e8f', u'\u7a0b\u5e8f\u63cf\u8ff0', u'\u7a0b\u5e8f\u8d1f\u8d23\u4eba', u'\u9ed8\u8ba4\u76d1\u542c\u7aef\u53e3', u'\u9ed8\u8ba4\u90e8\u7f72\u76ee\u5f55', u'\u9ed8\u8ba4\u90e8\u7f72\u8d26\u53f7', u'\u5b9a\u65f6\u811a\u672c\u4efb\u52a1', u'\u65e5\u5fd7\u8f93\u51fa', u'\u5907\u6ce8', u'\u6570\u636e\u5907\u4efd\u8def\u5f84', u'\u6570\u636e\u6587\u4ef6\u8def\u5f84', u'\u6240\u5c5e\u7ec4\u4ef6\uff08\u6a21\u5757\uff09', u'\u7ec4\u4ef6\u63cf\u8ff0', u'\u7ec4\u4ef6\u8d1f\u8d23\u4eba\u6240\u5c5e\u7cfb\u7edf', u'\u7cfb\u7edf\u63cf\u8ff0', u'\u8d23\u4efb\u516c\u53f8']])])
2017-12-01 16:24:43,653 hostdb.py[line:280] ERROR No module named xlwt
2017-12-01 16:24:43,653 hostdb.py[line:283] INFO host_export end
2017-12-01 16:27:19,796 hostdb.py[line:65] INFO host_select start
2017-12-01 16:27:19,796 hostdb.py[line:66] INFO request: <WSGIRequest: GET '/app_cmdb/host/select?limit=5&offset=0&order=asc&name=&description=&systemId=0&_=1512116839693'>
2017-12-01 16:27:19,823 hostdb.py[line:116] INFO host_select end
2017-12-01 16:27:26,874 hostdb.py[line:212] INFO host_export start
2017-12-01 16:27:26,882 hostdb.py[line:254] INFO [[u'IP\u5730\u5740', u'\u63cf\u8ff0', u'\u90e8\u7f72\u7a0b\u5e8f', u'\u7a0b\u5e8f\u63cf\u8ff0', u'\u7a0b\u5e8f\u8d1f\u8d23\u4eba', u'\u9ed8\u8ba4\u76d1\u542c\u7aef\u53e3', u'\u9ed8\u8ba4\u90e8\u7f72\u76ee\u5f55', u'\u9ed8\u8ba4\u90e8\u7f72\u8d26\u53f7', u'\u5b9a\u65f6\u811a\u672c\u4efb\u52a1', u'\u65e5\u5fd7\u8f93\u51fa', u'\u5907\u6ce8', u'\u6570\u636e\u5907\u4efd\u8def\u5f84', u'\u6570\u636e\u6587\u4ef6\u8def\u5f84', u'\u6240\u5c5e\u7ec4\u4ef6\uff08\u6a21\u5757\uff09', u'\u7ec4\u4ef6\u63cf\u8ff0', u'\u7ec4\u4ef6\u8d1f\u8d23\u4eba\u6240\u5c5e\u7cfb\u7edf', u'\u7cfb\u7edf\u63cf\u8ff0', u'\u8d23\u4efb\u516c\u53f8']]
2017-12-01 16:27:26,885 hostdb.py[line:269] INFO {u'\u4e3b\u673a\u4fe1\u606f\u5217\u8868': [[u'IP\u5730\u5740', u'\u63cf\u8ff0', u'\u6240\u5c5e\u7cfb\u7edf', u'\u673a\u5668\u7c7b\u578b', u'\u673a\u623f', u'\u673a\u67b6\u4f4d\u7f6e', u'\u5200\u6846\u7f16\u53f7', u'SN\u597d', u'OS', u'\u7269\u7406\u673a\u914d\u7f6e\u7c7b\u578b', u'\u5907\u6ce8']], u'\u7cfb\u7edf\u4e3b\u673a-\u7a0b\u5e8f\u4fe1\u606f\u5217\u8868': [[u'IP\u5730\u5740', u'\u63cf\u8ff0', u'\u90e8\u7f72\u7a0b\u5e8f', u'\u7a0b\u5e8f\u63cf\u8ff0', u'\u7a0b\u5e8f\u8d1f\u8d23\u4eba', u'\u9ed8\u8ba4\u76d1\u542c\u7aef\u53e3', u'\u9ed8\u8ba4\u90e8\u7f72\u76ee\u5f55', u'\u9ed8\u8ba4\u90e8\u7f72\u8d26\u53f7', u'\u5b9a\u65f6\u811a\u672c\u4efb\u52a1', u'\u65e5\u5fd7\u8f93\u51fa', u'\u5907\u6ce8', u'\u6570\u636e\u5907\u4efd\u8def\u5f84', u'\u6570\u636e\u6587\u4ef6\u8def\u5f84', u'\u6240\u5c5e\u7ec4\u4ef6\uff08\u6a21\u5757\uff09', u'\u7ec4\u4ef6\u63cf\u8ff0', u'\u7ec4\u4ef6\u8d1f\u8d23\u4eba\u6240\u5c5e\u7cfb\u7edf', u'\u7cfb\u7edf\u63cf\u8ff0', u'\u8d23\u4efb\u516c\u53f8']]}
2017-12-01 16:27:26,885 hostdb.py[line:271] INFO OrderedDict([(u'\u4e3b\u673a\u4fe1\u606f\u5217\u8868', [[u'IP\u5730\u5740', u'\u63cf\u8ff0', u'\u6240\u5c5e\u7cfb\u7edf', u'\u673a\u5668\u7c7b\u578b', u'\u673a\u623f', u'\u673a\u67b6\u4f4d\u7f6e', u'\u5200\u6846\u7f16\u53f7', u'SN\u597d', u'OS', u'\u7269\u7406\u673a\u914d\u7f6e\u7c7b\u578b', u'\u5907\u6ce8']]), (u'\u7cfb\u7edf\u4e3b\u673a-\u7a0b\u5e8f\u4fe1\u606f\u5217\u8868', [[u'IP\u5730\u5740', u'\u63cf\u8ff0', u'\u90e8\u7f72\u7a0b\u5e8f', u'\u7a0b\u5e8f\u63cf\u8ff0', u'\u7a0b\u5e8f\u8d1f\u8d23\u4eba', u'\u9ed8\u8ba4\u76d1\u542c\u7aef\u53e3', u'\u9ed8\u8ba4\u90e8\u7f72\u76ee\u5f55', u'\u9ed8\u8ba4\u90e8\u7f72\u8d26\u53f7', u'\u5b9a\u65f6\u811a\u672c\u4efb\u52a1', u'\u65e5\u5fd7\u8f93\u51fa', u'\u5907\u6ce8', u'\u6570\u636e\u5907\u4efd\u8def\u5f84', u'\u6570\u636e\u6587\u4ef6\u8def\u5f84', u'\u6240\u5c5e\u7ec4\u4ef6\uff08\u6a21\u5757\uff09', u'\u7ec4\u4ef6\u63cf\u8ff0', u'\u7ec4\u4ef6\u8d1f\u8d23\u4eba\u6240\u5c5e\u7cfb\u7edf', u'\u7cfb\u7edf\u63cf\u8ff0', u'\u8d23\u4efb\u516c\u53f8']])])
2017-12-01 16:27:26,908 hostdb.py[line:281] ERROR No module named xlwt
2017-12-01 16:27:26,910 hostdb.py[line:284] INFO host_export end
2017-12-01 16:35:38,963 hostdb.py[line:65] INFO host_select start
2017-12-01 16:35:38,966 hostdb.py[line:66] INFO request: <WSGIRequest: GET '/app_cmdb/host/select?limit=5&offset=0&order=asc&name=&description=&systemId=0&_=1512117338852'>
2017-12-01 16:35:38,992 hostdb.py[line:116] INFO host_select end
2017-12-01 16:35:45,509 hostdb.py[line:212] INFO host_export start
2017-12-01 16:35:45,516 hostdb.py[line:254] INFO [[u'IP\u5730\u5740', u'\u63cf\u8ff0', u'\u90e8\u7f72\u7a0b\u5e8f', u'\u7a0b\u5e8f\u63cf\u8ff0', u'\u7a0b\u5e8f\u8d1f\u8d23\u4eba', u'\u9ed8\u8ba4\u76d1\u542c\u7aef\u53e3', u'\u9ed8\u8ba4\u90e8\u7f72\u76ee\u5f55', u'\u9ed8\u8ba4\u90e8\u7f72\u8d26\u53f7', u'\u5b9a\u65f6\u811a\u672c\u4efb\u52a1', u'\u65e5\u5fd7\u8f93\u51fa', u'\u5907\u6ce8', u'\u6570\u636e\u5907\u4efd\u8def\u5f84', u'\u6570\u636e\u6587\u4ef6\u8def\u5f84', u'\u6240\u5c5e\u7ec4\u4ef6\uff08\u6a21\u5757\uff09', u'\u7ec4\u4ef6\u63cf\u8ff0', u'\u7ec4\u4ef6\u8d1f\u8d23\u4eba\u6240\u5c5e\u7cfb\u7edf', u'\u7cfb\u7edf\u63cf\u8ff0', u'\u8d23\u4efb\u516c\u53f8']]
2017-12-01 16:35:45,517 hostdb.py[line:269] INFO {u'\u4e3b\u673a\u4fe1\u606f\u5217\u8868': [[u'IP\u5730\u5740', u'\u63cf\u8ff0', u'\u6240\u5c5e\u7cfb\u7edf', u'\u673a\u5668\u7c7b\u578b', u'\u673a\u623f', u'\u673a\u67b6\u4f4d\u7f6e', u'\u5200\u6846\u7f16\u53f7', u'SN\u597d', u'OS', u'\u7269\u7406\u673a\u914d\u7f6e\u7c7b\u578b', u'\u5907\u6ce8']], u'\u7cfb\u7edf\u4e3b\u673a-\u7a0b\u5e8f\u4fe1\u606f\u5217\u8868': [[u'IP\u5730\u5740', u'\u63cf\u8ff0', u'\u90e8\u7f72\u7a0b\u5e8f', u'\u7a0b\u5e8f\u63cf\u8ff0', u'\u7a0b\u5e8f\u8d1f\u8d23\u4eba', u'\u9ed8\u8ba4\u76d1\u542c\u7aef\u53e3', u'\u9ed8\u8ba4\u90e8\u7f72\u76ee\u5f55', u'\u9ed8\u8ba4\u90e8\u7f72\u8d26\u53f7', u'\u5b9a\u65f6\u811a\u672c\u4efb\u52a1', u'\u65e5\u5fd7\u8f93\u51fa', u'\u5907\u6ce8', u'\u6570\u636e\u5907\u4efd\u8def\u5f84', u'\u6570\u636e\u6587\u4ef6\u8def\u5f84', u'\u6240\u5c5e\u7ec4\u4ef6\uff08\u6a21\u5757\uff09', u'\u7ec4\u4ef6\u63cf\u8ff0', u'\u7ec4\u4ef6\u8d1f\u8d23\u4eba\u6240\u5c5e\u7cfb\u7edf', u'\u7cfb\u7edf\u63cf\u8ff0', u'\u8d23\u4efb\u516c\u53f8']]}
2017-12-01 16:35:45,517 hostdb.py[line:271] INFO OrderedDict([(u'\u4e3b\u673a\u4fe1\u606f\u5217\u8868', [[u'IP\u5730\u5740', u'\u63cf\u8ff0', u'\u6240\u5c5e\u7cfb\u7edf', u'\u673a\u5668\u7c7b\u578b', u'\u673a\u623f', u'\u673a\u67b6\u4f4d\u7f6e', u'\u5200\u6846\u7f16\u53f7', u'SN\u597d', u'OS', u'\u7269\u7406\u673a\u914d\u7f6e\u7c7b\u578b', u'\u5907\u6ce8']]), (u'\u7cfb\u7edf\u4e3b\u673a-\u7a0b\u5e8f\u4fe1\u606f\u5217\u8868', [[u'IP\u5730\u5740', u'\u63cf\u8ff0', u'\u90e8\u7f72\u7a0b\u5e8f', u'\u7a0b\u5e8f\u63cf\u8ff0', u'\u7a0b\u5e8f\u8d1f\u8d23\u4eba', u'\u9ed8\u8ba4\u76d1\u542c\u7aef\u53e3', u'\u9ed8\u8ba4\u90e8\u7f72\u76ee\u5f55', u'\u9ed8\u8ba4\u90e8\u7f72\u8d26\u53f7', u'\u5b9a\u65f6\u811a\u672c\u4efb\u52a1', u'\u65e5\u5fd7\u8f93\u51fa', u'\u5907\u6ce8', u'\u6570\u636e\u5907\u4efd\u8def\u5f84', u'\u6570\u636e\u6587\u4ef6\u8def\u5f84', u'\u6240\u5c5e\u7ec4\u4ef6\uff08\u6a21\u5757\uff09', u'\u7ec4\u4ef6\u63cf\u8ff0', u'\u7ec4\u4ef6\u8d1f\u8d23\u4eba\u6240\u5c5e\u7cfb\u7edf', u'\u7cfb\u7edf\u63cf\u8ff0', u'\u8d23\u4efb\u516c\u53f8']])])
2017-12-01 16:35:45,542 hostdb.py[line:281] ERROR No module named xlwt
2017-12-01 16:35:45,542 hostdb.py[line:284] INFO host_export end
2017-12-01 16:36:51,375 hostdb.py[line:65] INFO host_select start
2017-12-01 16:36:51,375 hostdb.py[line:66] INFO request: <WSGIRequest: GET '/app_cmdb/host/select?limit=5&offset=0&order=asc&name=&description=&systemId=0&_=1512117411240'>
2017-12-01 16:36:51,405 hostdb.py[line:116] INFO host_select end
2017-12-01 16:36:53,341 hostdb.py[line:212] INFO host_export start
2017-12-01 16:36:53,348 hostdb.py[line:254] INFO [[u'IP\u5730\u5740', u'\u63cf\u8ff0', u'\u90e8\u7f72\u7a0b\u5e8f', u'\u7a0b\u5e8f\u63cf\u8ff0', u'\u7a0b\u5e8f\u8d1f\u8d23\u4eba', u'\u9ed8\u8ba4\u76d1\u542c\u7aef\u53e3', u'\u9ed8\u8ba4\u90e8\u7f72\u76ee\u5f55', u'\u9ed8\u8ba4\u90e8\u7f72\u8d26\u53f7', u'\u5b9a\u65f6\u811a\u672c\u4efb\u52a1', u'\u65e5\u5fd7\u8f93\u51fa', u'\u5907\u6ce8', u'\u6570\u636e\u5907\u4efd\u8def\u5f84', u'\u6570\u636e\u6587\u4ef6\u8def\u5f84', u'\u6240\u5c5e\u7ec4\u4ef6\uff08\u6a21\u5757\uff09', u'\u7ec4\u4ef6\u63cf\u8ff0', u'\u7ec4\u4ef6\u8d1f\u8d23\u4eba\u6240\u5c5e\u7cfb\u7edf', u'\u7cfb\u7edf\u63cf\u8ff0', u'\u8d23\u4efb\u516c\u53f8']]
2017-12-01 16:36:53,349 hostdb.py[line:269] INFO {u'\u4e3b\u673a\u4fe1\u606f\u5217\u8868': [[u'IP\u5730\u5740', u'\u63cf\u8ff0', u'\u6240\u5c5e\u7cfb\u7edf', u'\u673a\u5668\u7c7b\u578b', u'\u673a\u623f', u'\u673a\u67b6\u4f4d\u7f6e', u'\u5200\u6846\u7f16\u53f7', u'SN\u597d', u'OS', u'\u7269\u7406\u673a\u914d\u7f6e\u7c7b\u578b', u'\u5907\u6ce8']], u'\u7cfb\u7edf\u4e3b\u673a-\u7a0b\u5e8f\u4fe1\u606f\u5217\u8868': [[u'IP\u5730\u5740', u'\u63cf\u8ff0', u'\u90e8\u7f72\u7a0b\u5e8f', u'\u7a0b\u5e8f\u63cf\u8ff0', u'\u7a0b\u5e8f\u8d1f\u8d23\u4eba', u'\u9ed8\u8ba4\u76d1\u542c\u7aef\u53e3', u'\u9ed8\u8ba4\u90e8\u7f72\u76ee\u5f55', u'\u9ed8\u8ba4\u90e8\u7f72\u8d26\u53f7', u'\u5b9a\u65f6\u811a\u672c\u4efb\u52a1', u'\u65e5\u5fd7\u8f93\u51fa', u'\u5907\u6ce8', u'\u6570\u636e\u5907\u4efd\u8def\u5f84', u'\u6570\u636e\u6587\u4ef6\u8def\u5f84', u'\u6240\u5c5e\u7ec4\u4ef6\uff08\u6a21\u5757\uff09', u'\u7ec4\u4ef6\u63cf\u8ff0', u'\u7ec4\u4ef6\u8d1f\u8d23\u4eba\u6240\u5c5e\u7cfb\u7edf', u'\u7cfb\u7edf\u63cf\u8ff0', u'\u8d23\u4efb\u516c\u53f8']]}
2017-12-01 16:36:53,351 hostdb.py[line:271] INFO OrderedDict([(u'\u4e3b\u673a\u4fe1\u606f\u5217\u8868', [[u'IP\u5730\u5740', u'\u63cf\u8ff0', u'\u6240\u5c5e\u7cfb\u7edf', u'\u673a\u5668\u7c7b\u578b', u'\u673a\u623f', u'\u673a\u67b6\u4f4d\u7f6e', u'\u5200\u6846\u7f16\u53f7', u'SN\u597d', u'OS', u'\u7269\u7406\u673a\u914d\u7f6e\u7c7b\u578b', u'\u5907\u6ce8']]), (u'\u7cfb\u7edf\u4e3b\u673a-\u7a0b\u5e8f\u4fe1\u606f\u5217\u8868', [[u'IP\u5730\u5740', u'\u63cf\u8ff0', u'\u90e8\u7f72\u7a0b\u5e8f', u'\u7a0b\u5e8f\u63cf\u8ff0', u'\u7a0b\u5e8f\u8d1f\u8d23\u4eba', u'\u9ed8\u8ba4\u76d1\u542c\u7aef\u53e3', u'\u9ed8\u8ba4\u90e8\u7f72\u76ee\u5f55', u'\u9ed8\u8ba4\u90e8\u7f72\u8d26\u53f7', u'\u5b9a\u65f6\u811a\u672c\u4efb\u52a1', u'\u65e5\u5fd7\u8f93\u51fa', u'\u5907\u6ce8', u'\u6570\u636e\u5907\u4efd\u8def\u5f84', u'\u6570\u636e\u6587\u4ef6\u8def\u5f84', u'\u6240\u5c5e\u7ec4\u4ef6\uff08\u6a21\u5757\uff09', u'\u7ec4\u4ef6\u63cf\u8ff0', u'\u7ec4\u4ef6\u8d1f\u8d23\u4eba\u6240\u5c5e\u7cfb\u7edf', u'\u7cfb\u7edf\u63cf\u8ff0', u'\u8d23\u4efb\u516c\u53f8']])])
2017-12-01 16:36:53,387 hostdb.py[line:281] ERROR No module named xlwt
2017-12-01 16:36:53,387 hostdb.py[line:284] INFO host_export end
2017-12-01 16:38:04,091 hostdb.py[line:65] INFO host_select start
2017-12-01 16:38:04,092 hostdb.py[line:66] INFO request: <WSGIRequest: GET '/app_cmdb/host/select?limit=5&offset=0&order=asc&name=&description=&systemId=0&_=1512117483979'>
2017-12-01 16:38:04,115 hostdb.py[line:116] INFO host_select end
2017-12-01 16:38:06,430 hostdb.py[line:212] INFO host_export start
2017-12-01 16:38:06,434 hostdb.py[line:238] INFO 34234
2017-12-01 16:38:06,437 hostdb.py[line:255] INFO [[u'IP\u5730\u5740', u'\u63cf\u8ff0', u'\u90e8\u7f72\u7a0b\u5e8f', u'\u7a0b\u5e8f\u63cf\u8ff0', u'\u7a0b\u5e8f\u8d1f\u8d23\u4eba', u'\u9ed8\u8ba4\u76d1\u542c\u7aef\u53e3', u'\u9ed8\u8ba4\u90e8\u7f72\u76ee\u5f55', u'\u9ed8\u8ba4\u90e8\u7f72\u8d26\u53f7', u'\u5b9a\u65f6\u811a\u672c\u4efb\u52a1', u'\u65e5\u5fd7\u8f93\u51fa', u'\u5907\u6ce8', u'\u6570\u636e\u5907\u4efd\u8def\u5f84', u'\u6570\u636e\u6587\u4ef6\u8def\u5f84', u'\u6240\u5c5e\u7ec4\u4ef6\uff08\u6a21\u5757\uff09', u'\u7ec4\u4ef6\u63cf\u8ff0', u'\u7ec4\u4ef6\u8d1f\u8d23\u4eba\u6240\u5c5e\u7cfb\u7edf', u'\u7cfb\u7edf\u63cf\u8ff0', u'\u8d23\u4efb\u516c\u53f8']]
2017-12-01 16:38:06,437 hostdb.py[line:270] INFO {u'\u4e3b\u673a\u4fe1\u606f\u5217\u8868': [[u'IP\u5730\u5740', u'\u63cf\u8ff0', u'\u6240\u5c5e\u7cfb\u7edf', u'\u673a\u5668\u7c7b\u578b', u'\u673a\u623f', u'\u673a\u67b6\u4f4d\u7f6e', u'\u5200\u6846\u7f16\u53f7', u'SN\u597d', u'OS', u'\u7269\u7406\u673a\u914d\u7f6e\u7c7b\u578b', u'\u5907\u6ce8']], u'\u7cfb\u7edf\u4e3b\u673a-\u7a0b\u5e8f\u4fe1\u606f\u5217\u8868': [[u'IP\u5730\u5740', u'\u63cf\u8ff0', u'\u90e8\u7f72\u7a0b\u5e8f', u'\u7a0b\u5e8f\u63cf\u8ff0', u'\u7a0b\u5e8f\u8d1f\u8d23\u4eba', u'\u9ed8\u8ba4\u76d1\u542c\u7aef\u53e3', u'\u9ed8\u8ba4\u90e8\u7f72\u76ee\u5f55', u'\u9ed8\u8ba4\u90e8\u7f72\u8d26\u53f7', u'\u5b9a\u65f6\u811a\u672c\u4efb\u52a1', u'\u65e5\u5fd7\u8f93\u51fa', u'\u5907\u6ce8', u'\u6570\u636e\u5907\u4efd\u8def\u5f84', u'\u6570\u636e\u6587\u4ef6\u8def\u5f84', u'\u6240\u5c5e\u7ec4\u4ef6\uff08\u6a21\u5757\uff09', u'\u7ec4\u4ef6\u63cf\u8ff0', u'\u7ec4\u4ef6\u8d1f\u8d23\u4eba\u6240\u5c5e\u7cfb\u7edf', u'\u7cfb\u7edf\u63cf\u8ff0', u'\u8d23\u4efb\u516c\u53f8']]}
2017-12-01 16:38:06,438 hostdb.py[line:272] INFO OrderedDict([(u'\u4e3b\u673a\u4fe1\u606f\u5217\u8868', [[u'IP\u5730\u5740', u'\u63cf\u8ff0', u'\u6240\u5c5e\u7cfb\u7edf', u'\u673a\u5668\u7c7b\u578b', u'\u673a\u623f', u'\u673a\u67b6\u4f4d\u7f6e', u'\u5200\u6846\u7f16\u53f7', u'SN\u597d', u'OS', u'\u7269\u7406\u673a\u914d\u7f6e\u7c7b\u578b', u'\u5907\u6ce8']]), (u'\u7cfb\u7edf\u4e3b\u673a-\u7a0b\u5e8f\u4fe1\u606f\u5217\u8868', [[u'IP\u5730\u5740', u'\u63cf\u8ff0', u'\u90e8\u7f72\u7a0b\u5e8f', u'\u7a0b\u5e8f\u63cf\u8ff0', u'\u7a0b\u5e8f\u8d1f\u8d23\u4eba', u'\u9ed8\u8ba4\u76d1\u542c\u7aef\u53e3', u'\u9ed8\u8ba4\u90e8\u7f72\u76ee\u5f55', u'\u9ed8\u8ba4\u90e8\u7f72\u8d26\u53f7', u'\u5b9a\u65f6\u811a\u672c\u4efb\u52a1', u'\u65e5\u5fd7\u8f93\u51fa', u'\u5907\u6ce8', u'\u6570\u636e\u5907\u4efd\u8def\u5f84', u'\u6570\u636e\u6587\u4ef6\u8def\u5f84', u'\u6240\u5c5e\u7ec4\u4ef6\uff08\u6a21\u5757\uff09', u'\u7ec4\u4ef6\u63cf\u8ff0', u'\u7ec4\u4ef6\u8d1f\u8d23\u4eba\u6240\u5c5e\u7cfb\u7edf', u'\u7cfb\u7edf\u63cf\u8ff0', u'\u8d23\u4efb\u516c\u53f8']])])
2017-12-01 16:38:06,470 hostdb.py[line:282] ERROR No module named xlwt
2017-12-01 16:38:06,470 hostdb.py[line:285] INFO host_export end
2017-12-01 16:39:13,023 hostdb.py[line:65] INFO host_select start
2017-12-01 16:39:13,026 hostdb.py[line:66] INFO request: <WSGIRequest: GET '/app_cmdb/host/select?limit=5&offset=5&order=asc&name=&description=&systemId=0&_=1512117483980'>
2017-12-01 16:39:13,061 hostdb.py[line:116] INFO host_select end
2017-12-01 16:39:13,732 hostdb.py[line:65] INFO host_select start
2017-12-01 16:39:13,733 hostdb.py[line:66] INFO request: <WSGIRequest: GET '/app_cmdb/host/select?limit=5&offset=10&order=asc&name=&description=&systemId=0&_=1512117483981'>
2017-12-01 16:39:13,749 hostdb.py[line:116] INFO host_select end
2017-12-01 16:39:14,980 hostdb.py[line:65] INFO host_select start
2017-12-01 16:39:14,983 hostdb.py[line:66] INFO request: <WSGIRequest: GET '/app_cmdb/host/select?limit=5&offset=0&order=asc&name=&description=&systemId=0&_=1512117483982'>
2017-12-01 16:39:15,000 hostdb.py[line:116] INFO host_select end
2017-12-01 16:42:52,482 hostdb.py[line:65] INFO host_select start
2017-12-01 16:42:52,483 hostdb.py[line:66] INFO request: <WSGIRequest: GET '/app_cmdb/host/select?limit=5&offset=0&order=asc&name=&description=&systemId=1&_=1512117483983'>
2017-12-01 16:42:52,513 hostdb.py[line:116] INFO host_select end
2017-12-01 16:42:54,990 hostdb.py[line:212] INFO host_export start
2017-12-01 16:42:54,996 hostdb.py[line:238] INFO 34234
2017-12-01 16:42:55,003 hostdb.py[line:240] INFO 0
2017-12-01 16:42:55,022 hostdb.py[line:240] INFO 0
2017-12-01 16:42:55,038 hostdb.py[line:240] INFO 0
2017-12-01 16:42:55,042 hostdb.py[line:240] INFO 0
2017-12-01 16:42:55,053 hostdb.py[line:240] INFO 0
2017-12-01 16:42:55,061 hostdb.py[line:255] INFO [[u'IP\u5730\u5740', u'\u63cf\u8ff0', u'\u90e8\u7f72\u7a0b\u5e8f', u'\u7a0b\u5e8f\u63cf\u8ff0', u'\u7a0b\u5e8f\u8d1f\u8d23\u4eba', u'\u9ed8\u8ba4\u76d1\u542c\u7aef\u53e3', u'\u9ed8\u8ba4\u90e8\u7f72\u76ee\u5f55', u'\u9ed8\u8ba4\u90e8\u7f72\u8d26\u53f7', u'\u5b9a\u65f6\u811a\u672c\u4efb\u52a1', u'\u65e5\u5fd7\u8f93\u51fa', u'\u5907\u6ce8', u'\u6570\u636e\u5907\u4efd\u8def\u5f84', u'\u6570\u636e\u6587\u4ef6\u8def\u5f84', u'\u6240\u5c5e\u7ec4\u4ef6\uff08\u6a21\u5757\uff09', u'\u7ec4\u4ef6\u63cf\u8ff0', u'\u7ec4\u4ef6\u8d1f\u8d23\u4eba\u6240\u5c5e\u7cfb\u7edf', u'\u7cfb\u7edf\u63cf\u8ff0', u'\u8d23\u4efb\u516c\u53f8'], [u'10.200.86.172', u'10.200.86.172', u'mysql', u'test', u'test', 22L, u'', u'', u'', u'', u'', u'', u'', u'common', u'test', u'test', u'video', u'\u89c6\u9891', u'\u7f51\u8fbe'], [u'10.200.86.173', u'10.200.86.172', u'mysql', u'test', u'test', 22L, u'', u'', u'', u'', u'', u'', u'', u'common', u'test', u'test', u'video', u'\u89c6\u9891', u'\u7f51\u8fbe'], [u'10.200.86.174', u'10.200.86.174', u'mysql', u'test', u'test', 22L, u'', u'', u'', u'', u'', u'', u'', u'common', u'test', u'test', u'video', u'\u89c6\u9891', u'\u7f51\u8fbe'], [u'10.200.86.175', u'10.200.86.175', u'rediss', u'test', u'test', 22L, u'', u'', u'', u'', u'', u'', u'', u'common', u'test', u'test', u'video', u'\u89c6\u9891', u'\u7f51\u8fbe'], [u'10.200.86.176', u'10.200.86.176', u'rediss', u'test', u'test', 22L, u'', u'', u'', u'', u'', u'', u'', u'common', u'test', u'test', u'video', u'\u89c6\u9891', u'\u7f51\u8fbe']]
2017-12-01 16:42:55,073 hostdb.py[line:270] INFO {u'\u4e3b\u673a\u4fe1\u606f\u5217\u8868': [[u'IP\u5730\u5740', u'\u63cf\u8ff0', u'\u6240\u5c5e\u7cfb\u7edf', u'\u673a\u5668\u7c7b\u578b', u'\u673a\u623f', u'\u673a\u67b6\u4f4d\u7f6e', u'\u5200\u6846\u7f16\u53f7', u'SN\u597d', u'OS', u'\u7269\u7406\u673a\u914d\u7f6e\u7c7b\u578b', u'\u5907\u6ce8'], [u'10.200.86.172', u'10.200.86.172', u'video', u'', u'', u'', u'', u'', u'', u'', u''], [u'10.200.86.173', u'10.200.86.172', u'video', u'', u'', u'', u'', u'', u'', u'', u''], [u'10.200.86.174', u'10.200.86.174', u'video', u'', u'', u'', u'', u'', u'', u'', u''], [u'10.200.86.175', u'10.200.86.175', u'video', u'', u'', u'', u'', u'', u'', u'', u''], [u'10.200.86.176', u'10.200.86.176', u'video', u'', u'', u'', u'', u'', u'', u'', u'']], u'\u7cfb\u7edf\u4e3b\u673a-\u7a0b\u5e8f\u4fe1\u606f\u5217\u8868': [[u'IP\u5730\u5740', u'\u63cf\u8ff0', u'\u90e8\u7f72\u7a0b\u5e8f', u'\u7a0b\u5e8f\u63cf\u8ff0', u'\u7a0b\u5e8f\u8d1f\u8d23\u4eba', u'\u9ed8\u8ba4\u76d1\u542c\u7aef\u53e3', u'\u9ed8\u8ba4\u90e8\u7f72\u76ee\u5f55', u'\u9ed8\u8ba4\u90e8\u7f72\u8d26\u53f7', u'\u5b9a\u65f6\u811a\u672c\u4efb\u52a1', u'\u65e5\u5fd7\u8f93\u51fa', u'\u5907\u6ce8', u'\u6570\u636e\u5907\u4efd\u8def\u5f84', u'\u6570\u636e\u6587\u4ef6\u8def\u5f84', u'\u6240\u5c5e\u7ec4\u4ef6\uff08\u6a21\u5757\uff09', u'\u7ec4\u4ef6\u63cf\u8ff0', u'\u7ec4\u4ef6\u8d1f\u8d23\u4eba\u6240\u5c5e\u7cfb\u7edf', u'\u7cfb\u7edf\u63cf\u8ff0', u'\u8d23\u4efb\u516c\u53f8'], [u'10.200.86.172', u'10.200.86.172', u'mysql', u'test', u'test', 22L, u'', u'', u'', u'', u'', u'', u'', u'common', u'test', u'test', u'video', u'\u89c6\u9891', u'\u7f51\u8fbe'], [u'10.200.86.173', u'10.200.86.172', u'mysql', u'test', u'test', 22L, u'', u'', u'', u'', u'', u'', u'', u'common', u'test', u'test', u'video', u'\u89c6\u9891', u'\u7f51\u8fbe'], [u'10.200.86.174', u'10.200.86.174', u'mysql', u'test', u'test', 22L, u'', u'', u'', u'', u'', u'', u'', u'common', u'test', u'test', u'video', u'\u89c6\u9891', u'\u7f51\u8fbe'], [u'10.200.86.175', u'10.200.86.175', u'rediss', u'test', u'test', 22L, u'', u'', u'', u'', u'', u'', u'', u'common', u'test', u'test', u'video', u'\u89c6\u9891', u'\u7f51\u8fbe'], [u'10.200.86.176', u'10.200.86.176', u'rediss', u'test', u'test', 22L, u'', u'', u'', u'', u'', u'', u'', u'common', u'test', u'test', u'video', u'\u89c6\u9891', u'\u7f51\u8fbe']]}
2017-12-01 16:42:55,075 hostdb.py[line:272] INFO OrderedDict([(u'\u4e3b\u673a\u4fe1\u606f\u5217\u8868', [[u'IP\u5730\u5740', u'\u63cf\u8ff0', u'\u6240\u5c5e\u7cfb\u7edf', u'\u673a\u5668\u7c7b\u578b', u'\u673a\u623f', u'\u673a\u67b6\u4f4d\u7f6e', u'\u5200\u6846\u7f16\u53f7', u'SN\u597d', u'OS', u'\u7269\u7406\u673a\u914d\u7f6e\u7c7b\u578b', u'\u5907\u6ce8'], [u'10.200.86.172', u'10.200.86.172', u'video', u'', u'', u'', u'', u'', u'', u'', u''], [u'10.200.86.173', u'10.200.86.172', u'video', u'', u'', u'', u'', u'', u'', u'', u''], [u'10.200.86.174', u'10.200.86.174', u'video', u'', u'', u'', u'', u'', u'', u'', u''], [u'10.200.86.175', u'10.200.86.175', u'video', u'', u'', u'', u'', u'', u'', u'', u''], [u'10.200.86.176', u'10.200.86.176', u'video', u'', u'', u'', u'', u'', u'', u'', u'']]), (u'\u7cfb\u7edf\u4e3b\u673a-\u7a0b\u5e8f\u4fe1\u606f\u5217\u8868', [[u'IP\u5730\u5740', u'\u63cf\u8ff0', u'\u90e8\u7f72\u7a0b\u5e8f', u'\u7a0b\u5e8f\u63cf\u8ff0', u'\u7a0b\u5e8f\u8d1f\u8d23\u4eba', u'\u9ed8\u8ba4\u76d1\u542c\u7aef\u53e3', u'\u9ed8\u8ba4\u90e8\u7f72\u76ee\u5f55', u'\u9ed8\u8ba4\u90e8\u7f72\u8d26\u53f7', u'\u5b9a\u65f6\u811a\u672c\u4efb\u52a1', u'\u65e5\u5fd7\u8f93\u51fa', u'\u5907\u6ce8', u'\u6570\u636e\u5907\u4efd\u8def\u5f84', u'\u6570\u636e\u6587\u4ef6\u8def\u5f84', u'\u6240\u5c5e\u7ec4\u4ef6\uff08\u6a21\u5757\uff09', u'\u7ec4\u4ef6\u63cf\u8ff0', u'\u7ec4\u4ef6\u8d1f\u8d23\u4eba\u6240\u5c5e\u7cfb\u7edf', u'\u7cfb\u7edf\u63cf\u8ff0', u'\u8d23\u4efb\u516c\u53f8'], [u'10.200.86.172', u'10.200.86.172', u'mysql', u'test', u'test', 22L, u'', u'', u'', u'', u'', u'', u'', u'common', u'test', u'test', u'video', u'\u89c6\u9891', u'\u7f51\u8fbe'], [u'10.200.86.173', u'10.200.86.172', u'mysql', u'test', u'test', 22L, u'', u'', u'', u'', u'', u'', u'', u'common', u'test', u'test', u'video', u'\u89c6\u9891', u'\u7f51\u8fbe'], [u'10.200.86.174', u'10.200.86.174', u'mysql', u'test', u'test', 22L, u'', u'', u'', u'', u'', u'', u'', u'common', u'test', u'test', u'video', u'\u89c6\u9891', u'\u7f51\u8fbe'], [u'10.200.86.175', u'10.200.86.175', u'rediss', u'test', u'test', 22L, u'', u'', u'', u'', u'', u'', u'', u'common', u'test', u'test', u'video', u'\u89c6\u9891', u'\u7f51\u8fbe'], [u'10.200.86.176', u'10.200.86.176', u'rediss', u'test', u'test', 22L, u'', u'', u'', u'', u'', u'', u'', u'common', u'test', u'test', u'video', u'\u89c6\u9891', u'\u7f51\u8fbe']])])
2017-12-01 16:42:55,094 hostdb.py[line:282] ERROR No module named xlwt
2017-12-01 16:42:55,095 hostdb.py[line:285] INFO host_export end
2017-12-01 17:29:00,230 hostdb.py[line:65] INFO host_select start
2017-12-01 17:29:00,232 hostdb.py[line:66] INFO request: <WSGIRequest: GET '/app_cmdb/host/select?limit=5&offset=0&order=asc&name=&description=&systemId=0&_=1512120540051'>
2017-12-01 17:29:00,256 hostdb.py[line:116] INFO host_select end
2017-12-01 17:29:01,846 hostdb.py[line:212] INFO host_export start
2017-12-01 17:29:01,963 hostdb.py[line:259] INFO [[u'IP\u5730\u5740', u'\u63cf\u8ff0', u'\u90e8\u7f72\u7a0b\u5e8f', u'\u7a0b\u5e8f\u63cf\u8ff0', u'\u7a0b\u5e8f\u8d1f\u8d23\u4eba', u'\u9ed8\u8ba4\u76d1\u542c\u7aef\u53e3', u'\u9ed8\u8ba4\u90e8\u7f72\u76ee\u5f55', u'\u9ed8\u8ba4\u90e8\u7f72\u8d26\u53f7', u'\u5b9a\u65f6\u811a\u672c\u4efb\u52a1', u'\u65e5\u5fd7\u8f93\u51fa', u'\u5907\u6ce8', u'\u6570\u636e\u5907\u4efd\u8def\u5f84', u'\u6570\u636e\u6587\u4ef6\u8def\u5f84', u'\u6240\u5c5e\u7ec4\u4ef6\uff08\u6a21\u5757\uff09', u'\u7ec4\u4ef6\u63cf\u8ff0', u'\u7ec4\u4ef6\u8d1f\u8d23\u4eba', u'\u6240\u5c5e\u7cfb\u7edf', u'\u7cfb\u7edf\u63cf\u8ff0', u'\u8d23\u4efb\u516c\u53f8'], [u'10.200.86.172', u'10.200.86.172', [[u'10.200.86.172', u'10.200.86.172', u'mysql', u'test', u'test', 22L, u'', u'', u'', u'', u'', u'', u'', u'common', u'test', u'test', u'video', u'\u89c6\u9891', u'\u7f51\u8fbe']]], [u'10.200.86.173', u'10.200.86.172', [[u'10.200.86.173', u'10.200.86.172', u'mysql', u'test', u'test', 22L, u'', u'', u'', u'', u'', u'', u'', u'common', u'test', u'test', u'video', u'\u89c6\u9891', u'\u7f51\u8fbe']]], [u'10.200.86.174', u'10.200.86.174', [[u'10.200.86.174', u'10.200.86.174', u'mysql', u'test', u'test', 22L, u'', u'', u'', u'', u'', u'', u'', u'common', u'test', u'test', u'video', u'\u89c6\u9891', u'\u7f51\u8fbe']]], [u'10.200.86.175', u'10.200.86.175', [[u'10.200.86.175', u'10.200.86.175', u'rediss', u'test', u'test', 22L, u'', u'', u'', u'', u'', u'', u'', u'common', u'test', u'test', u'video', u'\u89c6\u9891', u'\u7f51\u8fbe']]], [u'10.200.86.176', u'10.200.86.176', [[u'10.200.86.176', u'10.200.86.176', u'rediss', u'test', u'test', 22L, u'', u'', u'', u'', u'', u'', u'', u'common', u'test', u'test', u'video', u'\u89c6\u9891', u'\u7f51\u8fbe']]], [u'10.200.86.177', u'10.200.86.177', [[u'10.200.86.177', u'10.200.86.177', u'fdff', u'fdf', u'', 22L, u'', u'', u'', u'', u'', u'', u'', u'kafuka', u'test', u'test', u'migushixun', u'\u54aa\u5495\u89c6\u8baf', u'\u7f51\u8fbe']]], [u'10.200.86.178', u'10.200.86.178', [[u'10.200.86.178', u'10.200.86.178', u'fdff', u'fdf', u'', 22L, u'', u'', u'', u'', u'', u'', u'', u'kafuka', u'test', u'test', u'migushixun', u'\u54aa\u5495\u89c6\u8baf', u'\u7f51\u8fbe']]], [u'10.200.86.179', u'10.200.86.179', [[u'10.200.86.179', u'10.200.86.179', u'fdff', u'fdf', u'', 22L, u'', u'', u'', u'', u'', u'', u'', u'kafuka', u'test', u'test', u'migushixun', u'\u54aa\u5495\u89c6\u8baf', u'\u7f51\u8fbe']]], [u'10.200.86.1710', u'10.200.86.1710', [[u'10.200.86.1710', u'10.200.86.1710', u'testeteetetete', u'tete', u'', 22L, u'', u'', u'', u'', u'', u'', u'', u'kafuka', u'test', u'test', u'migushixun', u'\u54aa\u5495\u89c6\u8baf', u'\u7f51\u8fbe']]], [u'10.200.86.1711', u'10.200.86.1711', [[u'10.200.86.1711', u'10.200.86.1711', u'testeteetetete', u'tete', u'', 22L, u'', u'', u'', u'', u'', u'', u'', u'kafuka', u'test', u'test', u'migushixun', u'\u54aa\u5495\u89c6\u8baf', u'\u7f51\u8fbe']]], [u'10.200.86.1712', u'10.200.86.1712', [[u'10.200.86.1712', u'10.200.86.1712', u'testeteetetete', u'tete', u'', 22L, u'', u'', u'', u'', u'', u'', u'', u'kafuka', u'test', u'test', u'migushixun', u'\u54aa\u5495\u89c6\u8baf', u'\u7f51\u8fbe']]], [u'10.200.86.1713', u'10.200.86.1713', [[u'10.200.86.1713', u'10.200.86.1713', u'testeteetetete', u'tete', u'', 22L, u'', u'', u'', u'', u'', u'', u'', u'kafuka', u'test', u'test', u'migushixun', u'\u54aa\u5495\u89c6\u8baf', u'\u7f51\u8fbe']]], [u'10.200.86.1714', u'10.200.86.1714', [[u'10.200.86.1714', u'10.200.86.1714', u'testeteetetete', u'tete', u'', 22L, u'', u'', u'', u'', u'', u'', u'', u'kafuka', u'test', u'test', u'migushixun', u'\u54aa\u5495\u89c6\u8baf', u'\u7f51\u8fbe']]]]
2017-12-01 17:29:01,983 hostdb.py[line:274] INFO {u'\u4e3b\u673a\u4fe1\u606f\u5217\u8868': [[u'IP\u5730\u5740', u'\u63cf\u8ff0', u'\u6240\u5c5e\u7cfb\u7edf', u'\u673a\u5668\u7c7b\u578b', u'\u673a\u623f', u'\u673a\u67b6\u4f4d\u7f6e', u'\u5200\u6846\u7f16\u53f7', u'SN\u597d', u'OS', u'\u7269\u7406\u673a\u914d\u7f6e\u7c7b\u578b', u'\u5907\u6ce8'], [u'10.200.86.172', u'10.200.86.172', u'video', u'', u'', u'', u'', u'', u'', u'', u''], [u'10.200.86.173', u'10.200.86.172', u'video', u'', u'', u'', u'', u'', u'', u'', u''], [u'10.200.86.174', u'10.200.86.174', u'video', u'', u'', u'', u'', u'', u'', u'', u''], [u'10.200.86.175', u'10.200.86.175', u'video', u'', u'', u'', u'', u'', u'', u'', u''], [u'10.200.86.176', u'10.200.86.176', u'video', u'', u'', u'', u'', u'', u'', u'', u''], [u'10.200.86.177', u'10.200.86.177', u'migushixun', u'', u'', u'', u'', u'', u'', u'', u''], [u'10.200.86.178', u'10.200.86.178', u'migushixun', u'', u'', u'', u'', u'', u'', u'', u''], [u'10.200.86.179', u'10.200.86.179', u'migushixun', u'', u'', u'', u'', u'', u'', u'', u''], [u'10.200.86.1710', u'10.200.86.1710', u'migushixun', u'', u'', u'', u'', u'', u'', u'', u''], [u'10.200.86.1711', u'10.200.86.1711', u'migushixun', u'', u'', u'', u'', u'', u'', u'', u''], [u'10.200.86.1712', u'10.200.86.1712', u'migushixun', u'', u'', u'', u'', u'', u'', u'', u''], [u'10.200.86.1713', u'10.200.86.1713', u'migushixun', u'', u'', u'', u'', u'', u'', u'', u''], [u'10.200.86.1714', u'10.200.86.1714', u'migushixun', u'', u'', u'', u'', u'', u'', u'', u'']], u'\u7cfb\u7edf\u4e3b\u673a-\u7a0b\u5e8f\u4fe1\u606f\u5217\u8868': [[u'IP\u5730\u5740', u'\u63cf\u8ff0', u'\u90e8\u7f72\u7a0b\u5e8f', u'\u7a0b\u5e8f\u63cf\u8ff0', u'\u7a0b\u5e8f\u8d1f\u8d23\u4eba', u'\u9ed8\u8ba4\u76d1\u542c\u7aef\u53e3', u'\u9ed8\u8ba4\u90e8\u7f72\u76ee\u5f55', u'\u9ed8\u8ba4\u90e8\u7f72\u8d26\u53f7', u'\u5b9a\u65f6\u811a\u672c\u4efb\u52a1', u'\u65e5\u5fd7\u8f93\u51fa', u'\u5907\u6ce8', u'\u6570\u636e\u5907\u4efd\u8def\u5f84', u'\u6570\u636e\u6587\u4ef6\u8def\u5f84', u'\u6240\u5c5e\u7ec4\u4ef6\uff08\u6a21\u5757\uff09', u'\u7ec4\u4ef6\u63cf\u8ff0', u'\u7ec4\u4ef6\u8d1f\u8d23\u4eba', u'\u6240\u5c5e\u7cfb\u7edf', u'\u7cfb\u7edf\u63cf\u8ff0', u'\u8d23\u4efb\u516c\u53f8'], [u'10.200.86.172', u'10.200.86.172', [[u'10.200.86.172', u'10.200.86.172', u'mysql', u'test', u'test', 22L, u'', u'', u'', u'', u'', u'', u'', u'common', u'test', u'test', u'video', u'\u89c6\u9891', u'\u7f51\u8fbe']]], [u'10.200.86.173', u'10.200.86.172', [[u'10.200.86.173', u'10.200.86.172', u'mysql', u'test', u'test', 22L, u'', u'', u'', u'', u'', u'', u'', u'common', u'test', u'test', u'video', u'\u89c6\u9891', u'\u7f51\u8fbe']]], [u'10.200.86.174', u'10.200.86.174', [[u'10.200.86.174', u'10.200.86.174', u'mysql', u'test', u'test', 22L, u'', u'', u'', u'', u'', u'', u'', u'common', u'test', u'test', u'video', u'\u89c6\u9891', u'\u7f51\u8fbe']]], [u'10.200.86.175', u'10.200.86.175', [[u'10.200.86.175', u'10.200.86.175', u'rediss', u'test', u'test', 22L, u'', u'', u'', u'', u'', u'', u'', u'common', u'test', u'test', u'video', u'\u89c6\u9891', u'\u7f51\u8fbe']]], [u'10.200.86.176', u'10.200.86.176', [[u'10.200.86.176', u'10.200.86.176', u'rediss', u'test', u'test', 22L, u'', u'', u'', u'', u'', u'', u'', u'common', u'test', u'test', u'video', u'\u89c6\u9891', u'\u7f51\u8fbe']]], [u'10.200.86.177', u'10.200.86.177', [[u'10.200.86.177', u'10.200.86.177', u'fdff', u'fdf', u'', 22L, u'', u'', u'', u'', u'', u'', u'', u'kafuka', u'test', u'test', u'migushixun', u'\u54aa\u5495\u89c6\u8baf', u'\u7f51\u8fbe']]], [u'10.200.86.178', u'10.200.86.178', [[u'10.200.86.178', u'10.200.86.178', u'fdff', u'fdf', u'', 22L, u'', u'', u'', u'', u'', u'', u'', u'kafuka', u'test', u'test', u'migushixun', u'\u54aa\u5495\u89c6\u8baf', u'\u7f51\u8fbe']]], [u'10.200.86.179', u'10.200.86.179', [[u'10.200.86.179', u'10.200.86.179', u'fdff', u'fdf', u'', 22L, u'', u'', u'', u'', u'', u'', u'', u'kafuka', u'test', u'test', u'migushixun', u'\u54aa\u5495\u89c6\u8baf', u'\u7f51\u8fbe']]], [u'10.200.86.1710', u'10.200.86.1710', [[u'10.200.86.1710', u'10.200.86.1710', u'testeteetetete', u'tete', u'', 22L, u'', u'', u'', u'', u'', u'', u'', u'kafuka', u'test', u'test', u'migushixun', u'\u54aa\u5495\u89c6\u8baf', u'\u7f51\u8fbe']]], [u'10.200.86.1711', u'10.200.86.1711', [[u'10.200.86.1711', u'10.200.86.1711', u'testeteetetete', u'tete', u'', 22L, u'', u'', u'', u'', u'', u'', u'', u'kafuka', u'test', u'test', u'migushixun', u'\u54aa\u5495\u89c6\u8baf', u'\u7f51\u8fbe']]], [u'10.200.86.1712', u'10.200.86.1712', [[u'10.200.86.1712', u'10.200.86.1712', u'testeteetetete', u'tete', u'', 22L, u'', u'', u'', u'', u'', u'', u'', u'kafuka', u'test', u'test', u'migushixun', u'\u54aa\u5495\u89c6\u8baf', u'\u7f51\u8fbe']]], [u'10.200.86.1713', u'10.200.86.1713', [[u'10.200.86.1713', u'10.200.86.1713', u'testeteetetete', u'tete', u'', 22L, u'', u'', u'', u'', u'', u'', u'', u'kafuka', u'test', u'test', u'migushixun', u'\u54aa\u5495\u89c6\u8baf', u'\u7f51\u8fbe']]], [u'10.200.86.1714', u'10.200.86.1714', [[u'10.200.86.1714', u'10.200.86.1714', u'testeteetetete', u'tete', u'', 22L, u'', u'', u'', u'', u'', u'', u'', u'kafuka', u'test', u'test', u'migushixun', u'\u54aa\u5495\u89c6\u8baf', u'\u7f51\u8fbe']]]]}
2017-12-01 17:29:01,986 hostdb.py[line:276] INFO OrderedDict([(u'\u4e3b\u673a\u4fe1\u606f\u5217\u8868', [[u'IP\u5730\u5740', u'\u63cf\u8ff0', u'\u6240\u5c5e\u7cfb\u7edf', u'\u673a\u5668\u7c7b\u578b', u'\u673a\u623f', u'\u673a\u67b6\u4f4d\u7f6e', u'\u5200\u6846\u7f16\u53f7', u'SN\u597d', u'OS', u'\u7269\u7406\u673a\u914d\u7f6e\u7c7b\u578b', u'\u5907\u6ce8'], [u'10.200.86.172', u'10.200.86.172', u'video', u'', u'', u'', u'', u'', u'', u'', u''], [u'10.200.86.173', u'10.200.86.172', u'video', u'', u'', u'', u'', u'', u'', u'', u''], [u'10.200.86.174', u'10.200.86.174', u'video', u'', u'', u'', u'', u'', u'', u'', u''], [u'10.200.86.175', u'10.200.86.175', u'video', u'', u'', u'', u'', u'', u'', u'', u''], [u'10.200.86.176', u'10.200.86.176', u'video', u'', u'', u'', u'', u'', u'', u'', u''], [u'10.200.86.177', u'10.200.86.177', u'migushixun', u'', u'', u'', u'', u'', u'', u'', u''], [u'10.200.86.178', u'10.200.86.178', u'migushixun', u'', u'', u'', u'', u'', u'', u'', u''], [u'10.200.86.179', u'10.200.86.179', u'migushixun', u'', u'', u'', u'', u'', u'', u'', u''], [u'10.200.86.1710', u'10.200.86.1710', u'migushixun', u'', u'', u'', u'', u'', u'', u'', u''], [u'10.200.86.1711', u'10.200.86.1711', u'migushixun', u'', u'', u'', u'', u'', u'', u'', u''], [u'10.200.86.1712', u'10.200.86.1712', u'migushixun', u'', u'', u'', u'', u'', u'', u'', u''], [u'10.200.86.1713', u'10.200.86.1713', u'migushixun', u'', u'', u'', u'', u'', u'', u'', u''], [u'10.200.86.1714', u'10.200.86.1714', u'migushixun', u'', u'', u'', u'', u'', u'', u'', u'']]), (u'\u7cfb\u7edf\u4e3b\u673a-\u7a0b\u5e8f\u4fe1\u606f\u5217\u8868', [[u'IP\u5730\u5740', u'\u63cf\u8ff0', u'\u90e8\u7f72\u7a0b\u5e8f', u'\u7a0b\u5e8f\u63cf\u8ff0', u'\u7a0b\u5e8f\u8d1f\u8d23\u4eba', u'\u9ed8\u8ba4\u76d1\u542c\u7aef\u53e3', u'\u9ed8\u8ba4\u90e8\u7f72\u76ee\u5f55', u'\u9ed8\u8ba4\u90e8\u7f72\u8d26\u53f7', u'\u5b9a\u65f6\u811a\u672c\u4efb\u52a1', u'\u65e5\u5fd7\u8f93\u51fa', u'\u5907\u6ce8', u'\u6570\u636e\u5907\u4efd\u8def\u5f84', u'\u6570\u636e\u6587\u4ef6\u8def\u5f84', u'\u6240\u5c5e\u7ec4\u4ef6\uff08\u6a21\u5757\uff09', u'\u7ec4\u4ef6\u63cf\u8ff0', u'\u7ec4\u4ef6\u8d1f\u8d23\u4eba', u'\u6240\u5c5e\u7cfb\u7edf', u'\u7cfb\u7edf\u63cf\u8ff0', u'\u8d23\u4efb\u516c\u53f8'], [u'10.200.86.172', u'10.200.86.172', [[u'10.200.86.172', u'10.200.86.172', u'mysql', u'test', u'test', 22L, u'', u'', u'', u'', u'', u'', u'', u'common', u'test', u'test', u'video', u'\u89c6\u9891', u'\u7f51\u8fbe']]], [u'10.200.86.173', u'10.200.86.172', [[u'10.200.86.173', u'10.200.86.172', u'mysql', u'test', u'test', 22L, u'', u'', u'', u'', u'', u'', u'', u'common', u'test', u'test', u'video', u'\u89c6\u9891', u'\u7f51\u8fbe']]], [u'10.200.86.174', u'10.200.86.174', [[u'10.200.86.174', u'10.200.86.174', u'mysql', u'test', u'test', 22L, u'', u'', u'', u'', u'', u'', u'', u'common', u'test', u'test', u'video', u'\u89c6\u9891', u'\u7f51\u8fbe']]], [u'10.200.86.175', u'10.200.86.175', [[u'10.200.86.175', u'10.200.86.175', u'rediss', u'test', u'test', 22L, u'', u'', u'', u'', u'', u'', u'', u'common', u'test', u'test', u'video', u'\u89c6\u9891', u'\u7f51\u8fbe']]], [u'10.200.86.176', u'10.200.86.176', [[u'10.200.86.176', u'10.200.86.176', u'rediss', u'test', u'test', 22L, u'', u'', u'', u'', u'', u'', u'', u'common', u'test', u'test', u'video', u'\u89c6\u9891', u'\u7f51\u8fbe']]], [u'10.200.86.177', u'10.200.86.177', [[u'10.200.86.177', u'10.200.86.177', u'fdff', u'fdf', u'', 22L, u'', u'', u'', u'', u'', u'', u'', u'kafuka', u'test', u'test', u'migushixun', u'\u54aa\u5495\u89c6\u8baf', u'\u7f51\u8fbe']]], [u'10.200.86.178', u'10.200.86.178', [[u'10.200.86.178', u'10.200.86.178', u'fdff', u'fdf', u'', 22L, u'', u'', u'', u'', u'', u'', u'', u'kafuka', u'test', u'test', u'migushixun', u'\u54aa\u5495\u89c6\u8baf', u'\u7f51\u8fbe']]], [u'10.200.86.179', u'10.200.86.179', [[u'10.200.86.179', u'10.200.86.179', u'fdff', u'fdf', u'', 22L, u'', u'', u'', u'', u'', u'', u'', u'kafuka', u'test', u'test', u'migushixun', u'\u54aa\u5495\u89c6\u8baf', u'\u7f51\u8fbe']]], [u'10.200.86.1710', u'10.200.86.1710', [[u'10.200.86.1710', u'10.200.86.1710', u'testeteetetete', u'tete', u'', 22L, u'', u'', u'', u'', u'', u'', u'', u'kafuka', u'test', u'test', u'migushixun', u'\u54aa\u5495\u89c6\u8baf', u'\u7f51\u8fbe']]], [u'10.200.86.1711', u'10.200.86.1711', [[u'10.200.86.1711', u'10.200.86.1711', u'testeteetetete', u'tete', u'', 22L, u'', u'', u'', u'', u'', u'', u'', u'kafuka', u'test', u'test', u'migushixun', u'\u54aa\u5495\u89c6\u8baf', u'\u7f51\u8fbe']]], [u'10.200.86.1712', u'10.200.86.1712', [[u'10.200.86.1712', u'10.200.86.1712', u'testeteetetete', u'tete', u'', 22L, u'', u'', u'', u'', u'', u'', u'', u'kafuka', u'test', u'test', u'migushixun', u'\u54aa\u5495\u89c6\u8baf', u'\u7f51\u8fbe']]], [u'10.200.86.1713', u'10.200.86.1713', [[u'10.200.86.1713', u'10.200.86.1713', u'testeteetetete', u'tete', u'', 22L, u'', u'', u'', u'', u'', u'', u'', u'kafuka', u'test', u'test', u'migushixun', u'\u54aa\u5495\u89c6\u8baf', u'\u7f51\u8fbe']]], [u'10.200.86.1714', u'10.200.86.1714', [[u'10.200.86.1714', u'10.200.86.1714', u'testeteetetete', u'tete', u'', 22L, u'', u'', u'', u'', u'', u'', u'', u'kafuka', u'test', u'test', u'migushixun', u'\u54aa\u5495\u89c6\u8baf', u'\u7f51\u8fbe']]]])])
2017-12-01 17:29:02,015 hostdb.py[line:286] ERROR No module named xlwt
2017-12-01 17:29:02,015 hostdb.py[line:289] INFO host_export end
