2017-12-18 14:19:05,632 hostdb.py[line:65] INFO host_select start
2017-12-18 14:19:05,634 hostdb.py[line:66] INFO request: <WSGIRequest: GET '/app_cmdb/host/select?limit=5&offset=0&order=asc&name=&description=&systemId=0&_=1513577945508'>
2017-12-18 14:19:05,657 hostdb.py[line:116] INFO host_select end
2017-12-18 14:19:37,503 hostdb.py[line:22] INFO host_add start
2017-12-18 14:19:37,505 hostdb.py[line:23] INFO request: <WSGIRequest: POST '/app_cmdb/host/add'>
2017-12-18 14:19:43,894 hostdb.py[line:22] INFO host_add start
2017-12-18 14:19:43,895 hostdb.py[line:23] INFO request: <WSGIRequest: POST '/app_cmdb/host/add'>
2017-12-18 14:19:51,663 hostdb.py[line:22] INFO host_add start
2017-12-18 14:19:51,667 hostdb.py[line:23] INFO request: <WSGIRequest: POST '/app_cmdb/host/add'>
2017-12-18 14:19:51,677 hostdb.py[line:60] INFO host_add end
2017-12-18 14:36:55,022 hostdb.py[line:22] INFO host_add start
2017-12-18 14:36:55,022 hostdb.py[line:23] INFO request: <WSGIRequest: POST '/app_cmdb/host/add'>
2017-12-18 14:36:55,026 hostdb.py[line:60] INFO host_add end
2017-12-18 14:45:20,444 hostdb.py[line:65] INFO host_select start
2017-12-18 14:45:20,444 hostdb.py[line:66] INFO request: <WSGIRequest: POST '/app_cmdb/host/select'>
2017-12-18 14:45:20,447 hostdb.py[line:112] ERROR int() argument must be a string or a number, not 'NoneType'
2017-12-18 14:45:20,447 hostdb.py[line:116] INFO host_select end
2017-12-18 14:46:23,575 hostdb.py[line:65] INFO host_select start
2017-12-18 14:46:23,575 hostdb.py[line:66] INFO request: <WSGIRequest: POST '/app_cmdb/host/select'>
2017-12-18 14:46:23,576 hostdb.py[line:112] ERROR int() argument must be a string or a number, not 'NoneType'
2017-12-18 14:46:23,578 hostdb.py[line:116] INFO host_select end
2017-12-18 14:46:54,822 hostdb.py[line:65] INFO host_select start
2017-12-18 14:46:54,822 hostdb.py[line:66] INFO request: <WSGIRequest: GET '/app_cmdb/host/select?ordername=id&limit=5&order=asc&offset=0'>
2017-12-18 14:46:54,823 hostdb.py[line:112] ERROR int() argument must be a string or a number, not 'NoneType'
2017-12-18 14:46:54,825 hostdb.py[line:116] INFO host_select end
2017-12-18 14:47:38,657 hostdb.py[line:65] INFO host_select start
2017-12-18 14:47:38,657 hostdb.py[line:66] INFO request: <WSGIRequest: GET '/app_cmdb/host/select?ordername=id&systemId=0&limit=5&order=asc&offset=0'>
2017-12-18 14:47:38,661 hostdb.py[line:116] INFO host_select end
2017-12-18 14:58:28,186 hostdb.py[line:24] INFO host_add start
2017-12-18 14:58:28,186 hostdb.py[line:25] INFO request: <WSGIRequest: POST '/app_cmdb/host/add'>
2017-12-18 14:58:28,191 hostdb.py[line:62] INFO host_add end
2017-12-18 14:58:28,197 hostdb.py[line:127] INFO host_delete start
2017-12-18 14:58:28,197 hostdb.py[line:128] INFO request: <WSGIRequest: POST '/app_cmdb/host/delete'>
2017-12-18 14:58:28,197 hostdb.py[line:132] INFO form:{'id': u'1'}
2017-12-18 14:58:28,197 hostdb.py[line:138] INFO delete id:1
2017-12-18 14:58:28,204 hostdb.py[line:145] ERROR T_HOST matching query does not exist.
2017-12-18 14:58:28,204 hostdb.py[line:148] INFO host_delete end
2017-12-18 15:01:27,006 hostdb.py[line:24] INFO host_add start
2017-12-18 15:01:27,006 hostdb.py[line:25] INFO request: <WSGIRequest: POST '/app_cmdb/host/add'>
2017-12-18 15:01:27,010 hostdb.py[line:62] INFO host_add end
2017-12-18 15:01:27,015 hostdb.py[line:127] INFO host_delete start
2017-12-18 15:01:27,015 hostdb.py[line:128] INFO request: <WSGIRequest: POST '/app_cmdb/host/delete'>
2017-12-18 15:01:27,015 hostdb.py[line:132] INFO form:{'id': u'1'}
2017-12-18 15:01:27,015 hostdb.py[line:138] INFO delete id:1
2017-12-18 15:01:27,019 hostdb.py[line:145] ERROR T_HOST matching query does not exist.
2017-12-18 15:01:27,019 hostdb.py[line:148] INFO host_delete end
2017-12-18 15:04:54,993 hostdb.py[line:24] INFO host_add start
2017-12-18 15:04:54,993 hostdb.py[line:25] INFO request: <WSGIRequest: POST '/app_cmdb/host/add'>
2017-12-18 15:04:54,997 hostdb.py[line:62] INFO host_add end
2017-12-18 15:04:55,003 hostdb.py[line:127] INFO host_delete start
2017-12-18 15:04:55,003 hostdb.py[line:128] INFO request: <WSGIRequest: POST '/app_cmdb/host/delete'>
2017-12-18 15:04:55,003 hostdb.py[line:132] INFO form:{'id': u'1'}
2017-12-18 15:04:55,003 hostdb.py[line:138] INFO delete id:1
2017-12-18 15:04:55,006 hostdb.py[line:145] ERROR T_HOST matching query does not exist.
2017-12-18 15:04:55,006 hostdb.py[line:148] INFO host_delete end
2017-12-18 15:05:38,558 hostdb.py[line:24] INFO host_add start
2017-12-18 15:05:38,558 hostdb.py[line:25] INFO request: <WSGIRequest: POST '/app_cmdb/host/add'>
2017-12-18 15:05:38,563 hostdb.py[line:62] INFO host_add end
2017-12-18 15:05:38,568 hostdb.py[line:127] INFO host_delete start
2017-12-18 15:05:38,568 hostdb.py[line:128] INFO request: <WSGIRequest: POST '/app_cmdb/host/delete'>
2017-12-18 15:05:38,569 hostdb.py[line:132] INFO form:{'id': u'1'}
2017-12-18 15:05:38,569 hostdb.py[line:138] INFO delete id:1
2017-12-18 15:05:38,572 hostdb.py[line:145] ERROR T_HOST matching query does not exist.
2017-12-18 15:05:38,572 hostdb.py[line:148] INFO host_delete end
2017-12-18 15:09:12,755 hostdb.py[line:24] INFO host_add start
2017-12-18 15:09:12,755 hostdb.py[line:25] INFO request: <WSGIRequest: POST '/app_cmdb/host/add'>
2017-12-18 15:09:12,759 hostdb.py[line:62] INFO host_add end
2017-12-18 15:09:12,766 hostdb.py[line:127] INFO host_delete start
2017-12-18 15:09:12,766 hostdb.py[line:128] INFO request: <WSGIRequest: POST '/app_cmdb/host/delete'>
2017-12-18 15:09:12,766 hostdb.py[line:132] INFO form:{'id': u'1'}
2017-12-18 15:09:12,766 hostdb.py[line:138] INFO delete id:1
2017-12-18 15:09:12,770 hostdb.py[line:145] ERROR T_HOST matching query does not exist.
2017-12-18 15:09:12,770 hostdb.py[line:148] INFO host_delete end
2017-12-18 15:10:47,408 hostdb.py[line:24] INFO host_add start
2017-12-18 15:10:47,408 hostdb.py[line:25] INFO request: <WSGIRequest: POST '/app_cmdb/host/add'>
2017-12-18 15:10:47,414 hostdb.py[line:62] INFO host_add end
2017-12-18 15:10:47,420 hostdb.py[line:127] INFO host_delete start
2017-12-18 15:10:47,420 hostdb.py[line:128] INFO request: <WSGIRequest: POST '/app_cmdb/host/delete'>
2017-12-18 15:10:47,420 hostdb.py[line:132] INFO form:{'id': u'1'}
2017-12-18 15:10:47,421 hostdb.py[line:138] INFO delete id:1
2017-12-18 15:10:47,426 hostdb.py[line:145] ERROR T_HOST matching query does not exist.
2017-12-18 15:10:47,427 hostdb.py[line:148] INFO host_delete end
2017-12-18 15:20:04,427 hostdb.py[line:127] INFO host_delete start
2017-12-18 15:20:04,427 hostdb.py[line:128] INFO request: <WSGIRequest: POST '/app_cmdb/host/delete'>
2017-12-18 15:20:04,427 hostdb.py[line:132] INFO form:{'id': u'8'}
2017-12-18 15:20:04,427 hostdb.py[line:138] INFO delete id:8
2017-12-18 15:20:04,431 hostdb.py[line:148] INFO host_delete end
2017-12-18 15:32:56,069 hostdb.py[line:158] INFO host_update start
2017-12-18 15:32:56,069 hostdb.py[line:159] INFO request: <WSGIRequest: POST '/app_cmdb/host/update'>
2017-12-18 15:32:56,079 hostdb.py[line:212] ERROR invalid literal for int() with base 10: ''
2017-12-18 15:32:56,081 hostdb.py[line:215] INFO host_update end
2017-12-18 15:33:15,204 hostdb.py[line:158] INFO host_update start
2017-12-18 15:33:15,204 hostdb.py[line:159] INFO request: <WSGIRequest: POST '/app_cmdb/host/update'>
2017-12-18 15:33:15,211 hostdb.py[line:206] INFO update host:{'NAME': u'10.200.86.173', 'ENABLED': None, 'LAST_JOB_ID': None, 'ARGS3': None, u'id': 10L, 'NOTE': u'1', 'MACHINE_POSITION': u'1', 'PHYSICAL_MACHINE_TYPE': u'1', 'VARIABLES': u'', 'OWNER_ALL': False, 'HAS_ACTIVE_FAILURES': True, 'SN_NUMBER': u'1', 'CREATE_USER_NAME': None, 'ARGS1': None, 'ARGS2': None, 'MACHINE_ROOM': u'1', 'OWNER_ID': 283, 'OWNER_NAME': u'jzyuan', 'CREATE_USER_ID': None, 'DESCRIPTION': u'test', 'MODIFY_USER_ID': 283, 'HAS_EXTENRN_SOURCE': True, 'INVENTORY_ID': 0L, 'CUTTER_NUMBER': u'1', 'SYSTEM_ID': 10L, 'MACHINE_TYPE': u'1', 'OWNER_PROJECT_ID': None, 'OS': u'1'}
2017-12-18 15:33:15,211 hostdb.py[line:215] INFO host_update end
2017-12-18 15:42:13,181 hostdb.py[line:225] INFO host_export start
2017-12-18 15:42:13,187 hostdb.py[line:270] INFO [[u'IP\u5730\u5740', u'\u63cf\u8ff0', u'\u90e8\u7f72\u7a0b\u5e8f', u'\u7a0b\u5e8f\u63cf\u8ff0', u'\u7a0b\u5e8f\u8d1f\u8d23\u4eba', u'\u9ed8\u8ba4\u76d1\u542c\u7aef\u53e3', u'\u9ed8\u8ba4\u90e8\u7f72\u76ee\u5f55', u'\u9ed8\u8ba4\u90e8\u7f72\u8d26\u53f7', u'\u5b9a\u65f6\u811a\u672c\u4efb\u52a1', u'\u65e5\u5fd7\u8f93\u51fa', u'\u5907\u6ce8', u'\u6570\u636e\u5907\u4efd\u8def\u5f84', u'\u6570\u636e\u6587\u4ef6\u8def\u5f84', u'\u6240\u5c5e\u7ec4\u4ef6\uff08\u6a21\u5757\uff09', u'\u7ec4\u4ef6\u63cf\u8ff0', u'\u7ec4\u4ef6\u8d1f\u8d23\u4eba', u'\u6240\u5c5e\u7cfb\u7edf', u'\u7cfb\u7edf\u63cf\u8ff0', u'\u8d23\u4efb\u516c\u53f8']]
2017-12-18 15:42:13,187 hostdb.py[line:285] INFO {u'\u4e3b\u673a\u4fe1\u606f\u5217\u8868': [[u'IP\u5730\u5740', u'\u63cf\u8ff0', u'\u6240\u5c5e\u7cfb\u7edf', u'\u673a\u5668\u7c7b\u578b', u'\u673a\u623f', u'\u673a\u67b6\u4f4d\u7f6e', u'\u5200\u6846\u7f16\u53f7', u'SN\u597d', u'OS', u'\u7269\u7406\u673a\u914d\u7f6e\u7c7b\u578b', u'\u5907\u6ce8']], u'\u7cfb\u7edf\u4e3b\u673a-\u7a0b\u5e8f\u4fe1\u606f\u5217\u8868': [[u'IP\u5730\u5740', u'\u63cf\u8ff0', u'\u90e8\u7f72\u7a0b\u5e8f', u'\u7a0b\u5e8f\u63cf\u8ff0', u'\u7a0b\u5e8f\u8d1f\u8d23\u4eba', u'\u9ed8\u8ba4\u76d1\u542c\u7aef\u53e3', u'\u9ed8\u8ba4\u90e8\u7f72\u76ee\u5f55', u'\u9ed8\u8ba4\u90e8\u7f72\u8d26\u53f7', u'\u5b9a\u65f6\u811a\u672c\u4efb\u52a1', u'\u65e5\u5fd7\u8f93\u51fa', u'\u5907\u6ce8', u'\u6570\u636e\u5907\u4efd\u8def\u5f84', u'\u6570\u636e\u6587\u4ef6\u8def\u5f84', u'\u6240\u5c5e\u7ec4\u4ef6\uff08\u6a21\u5757\uff09', u'\u7ec4\u4ef6\u63cf\u8ff0', u'\u7ec4\u4ef6\u8d1f\u8d23\u4eba', u'\u6240\u5c5e\u7cfb\u7edf', u'\u7cfb\u7edf\u63cf\u8ff0', u'\u8d23\u4efb\u516c\u53f8']]}
2017-12-18 15:42:13,187 hostdb.py[line:287] INFO OrderedDict([(u'\u4e3b\u673a\u4fe1\u606f\u5217\u8868', [[u'IP\u5730\u5740', u'\u63cf\u8ff0', u'\u6240\u5c5e\u7cfb\u7edf', u'\u673a\u5668\u7c7b\u578b', u'\u673a\u623f', u'\u673a\u67b6\u4f4d\u7f6e', u'\u5200\u6846\u7f16\u53f7', u'SN\u597d', u'OS', u'\u7269\u7406\u673a\u914d\u7f6e\u7c7b\u578b', u'\u5907\u6ce8']]), (u'\u7cfb\u7edf\u4e3b\u673a-\u7a0b\u5e8f\u4fe1\u606f\u5217\u8868', [[u'IP\u5730\u5740', u'\u63cf\u8ff0', u'\u90e8\u7f72\u7a0b\u5e8f', u'\u7a0b\u5e8f\u63cf\u8ff0', u'\u7a0b\u5e8f\u8d1f\u8d23\u4eba', u'\u9ed8\u8ba4\u76d1\u542c\u7aef\u53e3', u'\u9ed8\u8ba4\u90e8\u7f72\u76ee\u5f55', u'\u9ed8\u8ba4\u90e8\u7f72\u8d26\u53f7', u'\u5b9a\u65f6\u811a\u672c\u4efb\u52a1', u'\u65e5\u5fd7\u8f93\u51fa', u'\u5907\u6ce8', u'\u6570\u636e\u5907\u4efd\u8def\u5f84', u'\u6570\u636e\u6587\u4ef6\u8def\u5f84', u'\u6240\u5c5e\u7ec4\u4ef6\uff08\u6a21\u5757\uff09', u'\u7ec4\u4ef6\u63cf\u8ff0', u'\u7ec4\u4ef6\u8d1f\u8d23\u4eba', u'\u6240\u5c5e\u7cfb\u7edf', u'\u7cfb\u7edf\u63cf\u8ff0', u'\u8d23\u4efb\u516c\u53f8']])])
2017-12-18 15:42:13,214 hostdb.py[line:297] ERROR No module named xlwt
2017-12-18 15:42:13,214 hostdb.py[line:300] INFO host_export end
2017-12-18 16:28:45,443 hostdb.py[line:25] INFO host_add start
2017-12-18 16:28:45,444 hostdb.py[line:26] INFO request: <WSGIRequest: POST '/app_cmdb/host/add'>
2017-12-18 16:28:45,447 hostdb.py[line:63] INFO host_add end
2017-12-18 16:28:45,482 hostdb.py[line:128] INFO host_delete start
2017-12-18 16:28:45,482 hostdb.py[line:129] INFO request: <WSGIRequest: POST '/app_cmdb/host/delete'>
2017-12-18 16:28:45,483 hostdb.py[line:133] INFO form:{'id': u'12'}
2017-12-18 16:28:45,483 hostdb.py[line:139] INFO delete id:12
2017-12-18 16:28:45,487 hostdb.py[line:149] INFO host_delete end
2017-12-18 16:28:45,516 hostdb.py[line:70] INFO host_select start
2017-12-18 16:28:45,517 hostdb.py[line:71] INFO request: <WSGIRequest: GET '/app_cmdb/host/select?ordername=id&systemId=0&limit=5&order=asc&offset=0'>
2017-12-18 16:28:45,520 hostdb.py[line:121] INFO host_select end
2017-12-18 16:28:45,546 hostdb.py[line:158] INFO host_update start
2017-12-18 16:28:45,546 hostdb.py[line:159] INFO request: <WSGIRequest: POST '/app_cmdb/host/update'>
2017-12-18 16:28:45,553 hostdb.py[line:206] INFO update host:{'NAME': u'10.200.86.173', 'ENABLED': None, 'LAST_JOB_ID': None, 'ARGS3': None, u'id': 13L, 'NOTE': u'1', 'MACHINE_POSITION': u'1', 'PHYSICAL_MACHINE_TYPE': u'1', 'VARIABLES': u'', 'OWNER_ALL': False, 'HAS_ACTIVE_FAILURES': True, 'SN_NUMBER': u'1', 'CREATE_USER_NAME': None, 'ARGS1': None, 'ARGS2': None, 'MACHINE_ROOM': u'1', 'OWNER_ID': 293, 'OWNER_NAME': u'jzyuan', 'CREATE_USER_ID': None, 'DESCRIPTION': u'test', 'MODIFY_USER_ID': 293, 'HAS_EXTENRN_SOURCE': True, 'INVENTORY_ID': 0L, 'CUTTER_NUMBER': u'1', 'SYSTEM_ID': 15L, 'MACHINE_TYPE': u'1', 'OWNER_PROJECT_ID': None, 'OS': u'1'}
2017-12-18 16:28:45,553 hostdb.py[line:215] INFO host_update end
