2017-12-01 09:58:30,122 inventoriesdb.py[line:140] INFO group_select start
2017-12-01 09:58:30,124 inventoriesdb.py[line:141] INFO request: <WSGIRequest: GET '/app_tower/group/select?limit=5&offset=0&order=asc&name=&description=&_=1512093510046'>
2017-12-01 09:58:30,132 inventoriesdb.py[line:184] INFO group_select end
2017-12-01 09:58:33,450 inventoriesdb.py[line:191] INFO group_delete start
2017-12-01 09:58:33,451 inventoriesdb.py[line:192] INFO request: <WSGIRequest: POST '/app_tower/group/delete'>
2017-12-01 09:58:33,453 inventoriesdb.py[line:196] INFO id:1
2017-12-01 09:58:33,486 inventoriesdb.py[line:208] ERROR ("Cannot delete some instances of model 'T_Group' because they are referenced through a protected foreign key: 'T_JOB_TEMPLATE.GROUP_ID'", [<T_JOB_TEMPLATE: T_JOB_TEMPLATE object>, <T_JOB_TEMPLATE: T_JOB_TEMPLATE object>, <T_JOB_TEMPLATE: T_JOB_TEMPLATE object>])
2017-12-01 09:58:33,487 inventoriesdb.py[line:211] INFO group_delete end
2017-12-01 09:58:33,555 inventoriesdb.py[line:140] INFO group_select start
2017-12-01 09:58:33,555 inventoriesdb.py[line:141] INFO request: <WSGIRequest: GET '/app_tower/group/select?limit=5&offset=0&order=asc&name=&description=&_=1512093510047'>
2017-12-01 09:58:33,565 inventoriesdb.py[line:184] INFO group_select end
2017-12-01 09:58:37,309 inventoriesdb.py[line:191] INFO group_delete start
2017-12-01 09:58:37,311 inventoriesdb.py[line:192] INFO request: <WSGIRequest: POST '/app_tower/group/delete'>
2017-12-01 09:58:37,312 inventoriesdb.py[line:196] INFO id:2
2017-12-01 09:58:37,335 inventoriesdb.py[line:211] INFO group_delete end
2017-12-01 09:58:40,602 inventoriesdb.py[line:191] INFO group_delete start
2017-12-01 09:58:40,604 inventoriesdb.py[line:192] INFO request: <WSGIRequest: POST '/app_tower/group/delete'>
2017-12-01 09:58:40,605 inventoriesdb.py[line:196] INFO id:2
2017-12-01 09:59:26,721 inventoriesdb.py[line:191] INFO group_delete start
2017-12-01 09:59:26,723 inventoriesdb.py[line:192] INFO request: <WSGIRequest: POST '/app_tower/group/delete'>
2017-12-01 09:59:26,723 inventoriesdb.py[line:196] INFO id:2
2017-12-01 10:00:10,098 inventoriesdb.py[line:26] INFO group_add start
2017-12-01 10:00:10,098 inventoriesdb.py[line:27] INFO request: <WSGIRequest: POST '/app_tower/group/add'>
2017-12-01 10:00:10,099 inventoriesdb.py[line:40] INFO form:{'owner': u'onlyOne', 'variables': u'', 'name': u'fd', 'description': u'fd'}
2017-12-01 10:00:12,125 inventoriesdb.py[line:140] INFO group_select start
2017-12-01 10:00:12,125 inventoriesdb.py[line:141] INFO request: <WSGIRequest: GET '/app_tower/group/select?limit=5&offset=0&order=asc&name=&description=&_=1512093612039'>
2017-12-01 10:00:12,138 inventoriesdb.py[line:184] INFO group_select end
2017-12-01 10:00:14,372 inventoriesdb.py[line:140] INFO group_select start
2017-12-01 10:00:14,372 inventoriesdb.py[line:141] INFO request: <WSGIRequest: GET '/app_tower/group/select?limit=5&offset=0&order=asc&name=&description=&_=1512093612040'>
2017-12-01 10:00:14,384 inventoriesdb.py[line:184] INFO group_select end
2017-12-01 10:00:14,992 inventoriesdb.py[line:140] INFO group_select start
2017-12-01 10:00:14,992 inventoriesdb.py[line:141] INFO request: <WSGIRequest: GET '/app_tower/group/select?limit=5&offset=0&order=asc&name=&description=&_=1512093612041'>
2017-12-01 10:00:15,002 inventoriesdb.py[line:184] INFO group_select end
2017-12-01 10:00:18,806 inventoriesdb.py[line:191] INFO group_delete start
2017-12-01 10:00:18,808 inventoriesdb.py[line:192] INFO request: <WSGIRequest: POST '/app_tower/group/delete'>
2017-12-01 10:00:18,808 inventoriesdb.py[line:196] INFO id:3
2017-12-01 10:00:18,822 inventoriesdb.py[line:211] INFO group_delete end
2017-12-01 10:00:21,289 inventoriesdb.py[line:452] INFO host_select start
2017-12-01 10:00:21,289 inventoriesdb.py[line:453] INFO request: <WSGIRequest: GET '/app_tower/host/select?limit=5&offset=0&order=asc&id=3&_=1512093621196'>
2017-12-01 10:00:21,293 inventoriesdb.py[line:486] ERROR T_Group matching query does not exist.
2017-12-01 10:00:21,295 inventoriesdb.py[line:489] INFO host_select end
2017-12-01 10:00:26,236 inventoriesdb.py[line:140] INFO group_select start
2017-12-01 10:00:26,237 inventoriesdb.py[line:141] INFO request: <WSGIRequest: GET '/app_tower/group/select?limit=5&offset=0&order=asc&name=&description=&_=1512093626161'>
2017-12-01 10:00:26,244 inventoriesdb.py[line:184] INFO group_select end
2017-12-01 10:00:28,259 inventoriesdb.py[line:140] INFO group_select start
2017-12-01 10:00:28,259 inventoriesdb.py[line:141] INFO request: <WSGIRequest: GET '/app_tower/group/select?limit=5&offset=0&order=asc&name=&description=&_=1512093626162'>
2017-12-01 10:00:28,267 inventoriesdb.py[line:184] INFO group_select end
2017-12-01 10:03:03,331 inventoriesdb.py[line:140] INFO group_select start
2017-12-01 10:03:03,332 inventoriesdb.py[line:141] INFO request: <WSGIRequest: GET '/app_tower/group/select?limit=5&offset=0&order=asc&name=&description=&_=1512093783251'>
2017-12-01 10:03:03,341 inventoriesdb.py[line:184] INFO group_select end
2017-12-01 10:03:07,545 inventoriesdb.py[line:26] INFO group_add start
2017-12-01 10:03:07,546 inventoriesdb.py[line:27] INFO request: <WSGIRequest: POST '/app_tower/group/add'>
2017-12-01 10:03:07,546 inventoriesdb.py[line:40] INFO form:{'owner': u'onlyOne', 'variables': u'fd', 'name': u'df', 'description': u'fd'}
2017-12-01 10:03:09,611 inventoriesdb.py[line:140] INFO group_select start
2017-12-01 10:03:09,611 inventoriesdb.py[line:141] INFO request: <WSGIRequest: GET '/app_tower/group/select?limit=5&offset=0&order=asc&name=&description=&_=1512093789529'>
2017-12-01 10:03:09,621 inventoriesdb.py[line:184] INFO group_select end
2017-12-01 10:03:17,467 inventoriesdb.py[line:191] INFO group_delete start
2017-12-01 10:03:17,467 inventoriesdb.py[line:192] INFO request: <WSGIRequest: POST '/app_tower/group/delete'>
2017-12-01 10:03:17,467 inventoriesdb.py[line:196] INFO id:4
2017-12-01 10:03:17,487 inventoriesdb.py[line:211] INFO group_delete end
2017-12-01 10:05:01,766 inventoriesdb.py[line:140] INFO group_select start
2017-12-01 10:05:01,766 inventoriesdb.py[line:141] INFO request: <WSGIRequest: GET '/app_tower/group/select?limit=5&offset=0&order=asc&name=&description=&_=1512093789530'>
2017-12-01 10:05:01,775 inventoriesdb.py[line:184] INFO group_select end
2017-12-01 10:07:09,444 inventoriesdb.py[line:140] INFO group_select start
2017-12-01 10:07:09,446 inventoriesdb.py[line:141] INFO request: <WSGIRequest: GET '/app_tower/group/select?limit=5&offset=0&order=asc&name=&description=&_=1512094029342'>
2017-12-01 10:07:09,453 inventoriesdb.py[line:184] INFO group_select end
2017-12-01 10:07:13,908 inventoriesdb.py[line:26] INFO group_add start
2017-12-01 10:07:13,910 inventoriesdb.py[line:27] INFO request: <WSGIRequest: POST '/app_tower/group/add'>
2017-12-01 10:07:13,910 inventoriesdb.py[line:40] INFO form:{'owner': u'onlyOne', 'variables': u'', 'name': u'fd', 'description': u'fd'}
2017-12-01 10:07:16,030 inventoriesdb.py[line:140] INFO group_select start
2017-12-01 10:07:16,032 inventoriesdb.py[line:141] INFO request: <WSGIRequest: GET '/app_tower/group/select?limit=5&offset=0&order=asc&name=&description=&_=1512094035938'>
2017-12-01 10:07:16,040 inventoriesdb.py[line:184] INFO group_select end
2017-12-01 10:07:18,303 inventoriesdb.py[line:191] INFO group_delete start
2017-12-01 10:07:18,305 inventoriesdb.py[line:192] INFO request: <WSGIRequest: POST '/app_tower/group/delete'>
2017-12-01 10:07:18,305 inventoriesdb.py[line:196] INFO id:5
2017-12-01 10:07:18,332 inventoriesdb.py[line:211] INFO group_delete end
2017-12-01 10:07:18,392 inventoriesdb.py[line:140] INFO group_select start
2017-12-01 10:07:18,392 inventoriesdb.py[line:141] INFO request: <WSGIRequest: GET '/app_tower/group/select?limit=5&offset=0&order=asc&name=&description=&_=1512094035939'>
2017-12-01 10:07:18,404 inventoriesdb.py[line:184] INFO group_select end
2017-12-01 10:08:24,621 inventoriesdb.py[line:191] INFO group_delete start
2017-12-01 10:08:24,622 inventoriesdb.py[line:192] INFO request: <WSGIRequest: POST '/app_tower/group/delete'>
2017-12-01 10:08:24,622 inventoriesdb.py[line:196] INFO id:1
2017-12-01 10:08:24,638 inventoriesdb.py[line:208] ERROR ("Cannot delete some instances of model 'T_Group' because they are referenced through a protected foreign key: 'T_JOB_TEMPLATE.GROUP_ID'", [<T_JOB_TEMPLATE: T_JOB_TEMPLATE object>, <T_JOB_TEMPLATE: T_JOB_TEMPLATE object>, <T_JOB_TEMPLATE: T_JOB_TEMPLATE object>])
2017-12-01 10:08:24,638 inventoriesdb.py[line:211] INFO group_delete end
2017-12-01 10:08:24,688 inventoriesdb.py[line:140] INFO group_select start
2017-12-01 10:08:24,690 inventoriesdb.py[line:141] INFO request: <WSGIRequest: GET '/app_tower/group/select?limit=5&offset=0&order=asc&name=&description=&_=1512094035940'>
2017-12-01 10:08:24,696 inventoriesdb.py[line:184] INFO group_select end
2017-12-01 10:09:27,138 inventoriesdb.py[line:191] INFO group_delete start
2017-12-01 10:09:27,140 inventoriesdb.py[line:192] INFO request: <WSGIRequest: POST '/app_tower/group/delete'>
2017-12-01 10:09:27,140 inventoriesdb.py[line:196] INFO id:1
2017-12-01 10:09:27,163 inventoriesdb.py[line:211] INFO group_delete end
2017-12-01 10:09:27,220 inventoriesdb.py[line:140] INFO group_select start
2017-12-01 10:09:27,220 inventoriesdb.py[line:141] INFO request: <WSGIRequest: GET '/app_tower/group/select?limit=5&offset=0&order=asc&name=&description=&_=1512094035941'>
2017-12-01 10:09:27,226 inventoriesdb.py[line:184] INFO group_select end
2017-12-01 10:12:45,104 inventoriesdb.py[line:616] INFO selectBySomething end
2017-12-01 10:12:45,117 inventoriesdb.py[line:642] INFO selectBySomething end
2017-12-01 10:13:00,196 inventoriesdb.py[line:616] INFO selectBySomething end
2017-12-01 10:13:00,210 inventoriesdb.py[line:642] INFO selectBySomething end
2017-12-01 10:13:55,154 inventoriesdb.py[line:616] INFO selectBySomething end
2017-12-01 10:13:55,168 inventoriesdb.py[line:642] INFO selectBySomething end
2017-12-01 10:14:12,904 inventoriesdb.py[line:616] INFO selectBySomething end
2017-12-01 10:14:12,918 inventoriesdb.py[line:642] INFO selectBySomething end
