2017-12-19 11:06:36,789 softwaredb.py[line:218] INFO init_system_module_select start
2017-12-19 11:06:36,798 softwaredb.py[line:234] INFO init_system_module_select end
2017-12-19 11:06:36,892 softwaredb.py[line:63] INFO software_select start
2017-12-19 11:06:36,894 softwaredb.py[line:64] INFO request: <WSGIRequest: GET '/app_cmdb/software/select?limit=5&offset=0&order=asc&name=&description=&systemId=0&moduleId=0&_=1513652796645'>
2017-12-19 11:06:36,911 softwaredb.py[line:122] INFO software_select end
2017-12-19 11:06:40,013 softwaredb.py[line:218] INFO init_system_module_select start
2017-12-19 11:06:40,017 softwaredb.py[line:234] INFO init_system_module_select end
2017-12-19 11:07:07,762 softwaredb.py[line:19] INFO software_add start
2017-12-19 11:07:07,763 softwaredb.py[line:20] INFO request: <WSGIRequest: POST '/app_cmdb/software/add'>
2017-12-19 11:07:07,770 softwaredb.py[line:58] INFO software_add end
2017-12-19 11:16:51,174 softwaredb.py[line:19] INFO software_add start
2017-12-19 11:16:51,174 softwaredb.py[line:20] INFO request: <WSGIRequest: POST '/app_cmdb/software/add'>
2017-12-19 11:16:51,188 softwaredb.py[line:58] INFO software_add end
2017-12-19 14:17:38,594 softwaredb.py[line:69] INFO software_select start
2017-12-19 14:17:38,594 softwaredb.py[line:70] INFO request: <WSGIRequest: GET '/app_cmdb/software/select?ordername=id&limit=5&name=&offset=1&systemId=24&moduleId=10&order=asc&description='>
2017-12-19 14:17:38,601 softwaredb.py[line:128] INFO software_select end
2017-12-19 14:17:51,158 softwaredb.py[line:69] INFO software_select start
2017-12-19 14:17:51,158 softwaredb.py[line:70] INFO request: <WSGIRequest: GET '/app_cmdb/software/select?ordername=id&limit=5&name=&offset=1&systemId=25&moduleId=11&order=asc&description='>
2017-12-19 14:17:51,164 softwaredb.py[line:128] INFO software_select end
2017-12-19 14:20:46,226 softwaredb.py[line:135] INFO software_delete start
2017-12-19 14:20:46,226 softwaredb.py[line:136] INFO request: <WSGIRequest: POST '/app_cmdb/software/delete'>
2017-12-19 14:20:46,227 softwaredb.py[line:140] INFO form:{'id': u'4'}
2017-12-19 14:20:46,227 softwaredb.py[line:146] INFO delete id:4
2017-12-19 14:20:46,233 softwaredb.py[line:156] INFO software_delete end
2017-12-19 14:26:53,196 softwaredb.py[line:165] INFO software_update start
2017-12-19 14:26:53,196 softwaredb.py[line:166] INFO request: <WSGIRequest: POST '/app_cmdb/software/update'>
2017-12-19 14:26:53,201 softwaredb.py[line:214] INFO update software:{'NAME': u'test1', 'DATA_FILEPATH': u'1', 'MODULE_ID': 12, 'LOG_EXPORT': u'11', u'id': 5L, 'OWNER_ALL': False, 'DEPLOY_DIR': u'11', 'DEPLOY_ACCOUNT': u'11', 'RESPONSIBLE_PERSON': u'11', 'TIMER_SCRIPT': u'11', 'HOSTS': [], 'MODIFY_USER_ID': 312, 'CREATE_USER_NAME': None, 'ARGS1': None, 'ARGS2': None, 'ARGS3': None, 'OWNER_ID': 312, 'OWNER_NAME': u'jzyuan', 'CREATE_USER_ID': None, 'DESCRIPTION': u'test1', 'LISTEN_PORT': u'11', 'OWNER_PROJECT_ID': None, 'NOTE': u'11', 'DATA_BACKUPPATH': u'11'}
2017-12-19 14:26:53,201 softwaredb.py[line:223] INFO software_update end
2017-12-19 16:07:15,640 softwaredb.py[line:251] INFO host_add start
2017-12-19 16:07:15,641 softwaredb.py[line:252] INFO request: <WSGIRequest: POST '/app_cmdb/software/host_add'>
2017-12-19 16:07:15,641 softwaredb.py[line:262] INFO form:{'hostList': u'[10.200.86.172]', 'id': u'6'}
2017-12-19 16:07:15,645 softwaredb.py[line:281] ERROR invalid syntax (<string>, line 1)
2017-12-19 16:07:15,645 softwaredb.py[line:284] INFO host_add end
2017-12-19 16:08:46,003 softwaredb.py[line:251] INFO host_add start
2017-12-19 16:08:46,003 softwaredb.py[line:252] INFO request: <WSGIRequest: POST '/app_cmdb/software/host_add'>
2017-12-19 16:08:46,003 softwaredb.py[line:262] INFO form:{'hostList': u'10.200.86.172', 'id': u'7'}
2017-12-19 16:08:46,009 softwaredb.py[line:281] ERROR invalid syntax (<string>, line 1)
2017-12-19 16:08:46,009 softwaredb.py[line:284] INFO host_add end
2017-12-19 16:12:21,714 softwaredb.py[line:251] INFO host_add start
2017-12-19 16:12:21,714 softwaredb.py[line:252] INFO request: <WSGIRequest: POST '/app_cmdb/software/host_add'>
2017-12-19 16:12:21,714 softwaredb.py[line:262] INFO form:{'hostList': u'[10.200.86.172]', 'id': u'8'}
2017-12-19 16:12:21,723 softwaredb.py[line:281] ERROR invalid syntax (<string>, line 1)
2017-12-19 16:12:21,723 softwaredb.py[line:284] INFO host_add end
2017-12-19 16:23:58,009 softwaredb.py[line:251] INFO host_add start
2017-12-19 16:23:58,009 softwaredb.py[line:252] INFO request: <WSGIRequest: POST '/app_cmdb/software/host_add'>
2017-12-19 16:23:58,009 softwaredb.py[line:262] INFO form:{'hostList': u'["10.200.86.172"]', 'id': u'10'}
2017-12-19 16:23:58,019 softwaredb.py[line:284] INFO host_add end
2017-12-19 16:31:37,072 softwaredb.py[line:251] INFO host_add start
2017-12-19 16:31:37,072 softwaredb.py[line:252] INFO request: <WSGIRequest: POST '/app_cmdb/software/host_add'>
2017-12-19 16:31:37,072 softwaredb.py[line:262] INFO form:{'hostList': u'["10.200.86.172"]', 'id': u'11'}
2017-12-19 16:31:37,081 softwaredb.py[line:284] INFO host_add end
2017-12-19 16:31:37,085 softwaredb.py[line:292] INFO host_select start
2017-12-19 16:31:37,085 softwaredb.py[line:293] INFO request: <WSGIRequest: POST '/app_cmdb/software/host_select'>
2017-12-19 16:31:37,088 softwaredb.py[line:326] ERROR T_SOFTWARE matching query does not exist.
2017-12-19 16:31:37,088 softwaredb.py[line:329] INFO host_select end
2017-12-19 16:31:53,601 softwaredb.py[line:251] INFO host_add start
2017-12-19 16:31:53,601 softwaredb.py[line:252] INFO request: <WSGIRequest: POST '/app_cmdb/software/host_add'>
2017-12-19 16:31:53,602 softwaredb.py[line:262] INFO form:{'hostList': u'["10.200.86.172"]', 'id': u'12'}
2017-12-19 16:31:53,611 softwaredb.py[line:284] INFO host_add end
2017-12-19 16:31:53,615 softwaredb.py[line:292] INFO host_select start
2017-12-19 16:31:53,615 softwaredb.py[line:293] INFO request: <WSGIRequest: GET '/app_cmdb/software/host_select?ordername=&id=12&limit=5&order=asc&offset=1'>
2017-12-19 16:31:53,618 softwaredb.py[line:329] INFO host_select end
2017-12-19 16:32:30,545 softwaredb.py[line:251] INFO host_add start
2017-12-19 16:32:30,545 softwaredb.py[line:252] INFO request: <WSGIRequest: POST '/app_cmdb/software/host_add'>
2017-12-19 16:32:30,546 softwaredb.py[line:262] INFO form:{'hostList': u'["10.200.86.172"]', 'id': u'13'}
2017-12-19 16:32:30,552 softwaredb.py[line:284] INFO host_add end
2017-12-19 16:32:30,558 softwaredb.py[line:292] INFO host_select start
2017-12-19 16:32:30,558 softwaredb.py[line:293] INFO request: <WSGIRequest: GET '/app_cmdb/software/host_select?ordername=&id=13&limit=5&order=asc&offset=1'>
2017-12-19 16:32:30,562 softwaredb.py[line:329] INFO host_select end
2017-12-19 16:36:54,513 softwaredb.py[line:251] INFO host_add start
2017-12-19 16:36:54,513 softwaredb.py[line:252] INFO request: <WSGIRequest: POST '/app_cmdb/software/host_add'>
2017-12-19 16:36:54,513 softwaredb.py[line:262] INFO form:{'hostList': u'["10.200.86.172"]', 'id': u'14'}
2017-12-19 16:36:54,522 softwaredb.py[line:284] INFO host_add end
2017-12-19 16:36:54,525 softwaredb.py[line:336] INFO host_delete start
2017-12-19 16:36:54,526 softwaredb.py[line:337] INFO request: <WSGIRequest: POST '/app_cmdb/software/host_delete'>
2017-12-19 16:36:54,532 softwaredb.py[line:360] INFO host_delete end
2017-12-19 16:38:10,440 softwaredb.py[line:22] INFO software_add start
2017-12-19 16:38:10,440 softwaredb.py[line:23] INFO request: <WSGIRequest: POST '/app_cmdb/software/add'>
2017-12-19 16:38:10,444 softwaredb.py[line:61] INFO software_add end
2017-12-19 16:38:10,473 softwaredb.py[line:135] INFO software_delete start
2017-12-19 16:38:10,473 softwaredb.py[line:136] INFO request: <WSGIRequest: POST '/app_cmdb/software/delete'>
2017-12-19 16:38:10,473 softwaredb.py[line:140] INFO form:{'id': u'16'}
2017-12-19 16:38:10,473 softwaredb.py[line:146] INFO delete id:16
2017-12-19 16:38:10,477 softwaredb.py[line:156] INFO software_delete end
2017-12-19 16:38:10,506 softwaredb.py[line:251] INFO host_add start
2017-12-19 16:38:10,506 softwaredb.py[line:252] INFO request: <WSGIRequest: POST '/app_cmdb/software/host_add'>
2017-12-19 16:38:10,507 softwaredb.py[line:262] INFO form:{'hostList': u'["10.200.86.172"]', 'id': u'17'}
2017-12-19 16:38:10,515 softwaredb.py[line:284] INFO host_add end
2017-12-19 16:38:10,543 softwaredb.py[line:251] INFO host_add start
2017-12-19 16:38:10,543 softwaredb.py[line:252] INFO request: <WSGIRequest: POST '/app_cmdb/software/host_add'>
2017-12-19 16:38:10,543 softwaredb.py[line:262] INFO form:{'hostList': u'["10.200.86.172"]', 'id': u'18'}
2017-12-19 16:38:10,552 softwaredb.py[line:284] INFO host_add end
2017-12-19 16:38:10,556 softwaredb.py[line:336] INFO host_delete start
2017-12-19 16:38:10,556 softwaredb.py[line:337] INFO request: <WSGIRequest: POST '/app_cmdb/software/host_delete'>
2017-12-19 16:38:10,562 softwaredb.py[line:360] INFO host_delete end
2017-12-19 16:38:10,588 softwaredb.py[line:251] INFO host_add start
2017-12-19 16:38:10,588 softwaredb.py[line:252] INFO request: <WSGIRequest: POST '/app_cmdb/software/host_add'>
2017-12-19 16:38:10,589 softwaredb.py[line:262] INFO form:{'hostList': u'["10.200.86.172"]', 'id': u'19'}
2017-12-19 16:38:10,598 softwaredb.py[line:284] INFO host_add end
2017-12-19 16:38:10,601 softwaredb.py[line:292] INFO host_select start
2017-12-19 16:38:10,601 softwaredb.py[line:293] INFO request: <WSGIRequest: GET '/app_cmdb/software/host_select?ordername=&id=19&limit=5&order=asc&offset=1'>
2017-12-19 16:38:10,605 softwaredb.py[line:329] INFO host_select end
2017-12-19 16:38:10,634 softwaredb.py[line:69] INFO software_select start
2017-12-19 16:38:10,634 softwaredb.py[line:70] INFO request: <WSGIRequest: GET '/app_cmdb/software/select?ordername=id&limit=5&name=&offset=1&systemId=45&moduleId=30&order=asc&description='>
2017-12-19 16:38:10,638 softwaredb.py[line:128] INFO software_select end
2017-12-19 16:38:10,664 softwaredb.py[line:165] INFO software_update start
2017-12-19 16:38:10,665 softwaredb.py[line:166] INFO request: <WSGIRequest: POST '/app_cmdb/software/update'>
2017-12-19 16:38:10,671 softwaredb.py[line:214] INFO update software:{'NAME': u'test1', 'DATA_FILEPATH': u'1', 'MODULE_ID': 31, 'LOG_EXPORT': u'11', u'id': 21L, 'OWNER_ALL': False, 'DEPLOY_DIR': u'11', 'DEPLOY_ACCOUNT': u'11', 'RESPONSIBLE_PERSON': u'11', 'TIMER_SCRIPT': u'11', 'HOSTS': [], 'MODIFY_USER_ID': 337, 'CREATE_USER_NAME': None, 'ARGS1': None, 'ARGS2': None, 'ARGS3': None, 'OWNER_ID': 337, 'OWNER_NAME': u'jzyuan', 'CREATE_USER_ID': None, 'DESCRIPTION': u'test1', 'LISTEN_PORT': u'11', 'OWNER_PROJECT_ID': None, 'NOTE': u'11', 'DATA_BACKUPPATH': u'11'}
2017-12-19 16:38:10,671 softwaredb.py[line:223] INFO software_update end
2017-12-19 16:57:54,246 softwaredb.py[line:228] INFO init_system_module_select start
2017-12-19 16:57:54,253 softwaredb.py[line:244] INFO init_system_module_select end
2017-12-19 16:57:54,309 softwaredb.py[line:69] INFO software_select start
2017-12-19 16:57:54,311 softwaredb.py[line:70] INFO request: <WSGIRequest: GET '/app_cmdb/software/select?limit=5&offset=0&order=asc&name=&description=&systemId=0&moduleId=0&_=1513673874162'>
2017-12-19 16:57:54,334 softwaredb.py[line:128] INFO software_select end
2017-12-19 17:03:01,665 softwaredb.py[line:228] INFO init_system_module_select start
2017-12-19 17:03:01,674 softwaredb.py[line:244] INFO init_system_module_select end
2017-12-19 17:03:01,720 softwaredb.py[line:69] INFO software_select start
2017-12-19 17:03:01,723 softwaredb.py[line:70] INFO request: <WSGIRequest: GET '/app_cmdb/software/select?limit=5&offset=0&order=asc&name=&description=&systemId=0&moduleId=0&_=1513674181585'>
2017-12-19 17:03:01,749 softwaredb.py[line:128] INFO software_select end
2017-12-19 17:04:26,219 softwaredb.py[line:228] INFO init_system_module_select start
2017-12-19 17:04:26,226 softwaredb.py[line:244] INFO init_system_module_select end
2017-12-19 17:04:26,270 softwaredb.py[line:69] INFO software_select start
2017-12-19 17:04:26,272 softwaredb.py[line:70] INFO request: <WSGIRequest: GET '/app_cmdb/software/select?limit=5&offset=0&order=asc&name=&description=&systemId=0&moduleId=0&_=1513674266145'>
2017-12-19 17:04:26,296 softwaredb.py[line:128] INFO software_select end
2017-12-19 17:24:47,608 softwaredb.py[line:22] INFO software_add start
2017-12-19 17:24:47,608 softwaredb.py[line:23] INFO request: <WSGIRequest: POST '/app_cmdb/software/add'>
2017-12-19 17:24:47,614 softwaredb.py[line:61] INFO software_add end
2017-12-19 17:24:47,641 softwaredb.py[line:135] INFO software_delete start
2017-12-19 17:24:47,641 softwaredb.py[line:136] INFO request: <WSGIRequest: POST '/app_cmdb/software/delete'>
2017-12-19 17:24:47,641 softwaredb.py[line:140] INFO form:{'id': u'28'}
2017-12-19 17:24:47,641 softwaredb.py[line:146] INFO delete id:28
2017-12-19 17:24:47,645 softwaredb.py[line:156] INFO software_delete end
2017-12-19 17:24:47,677 softwaredb.py[line:251] INFO host_add start
2017-12-19 17:24:47,677 softwaredb.py[line:252] INFO request: <WSGIRequest: POST '/app_cmdb/software/host_add'>
2017-12-19 17:24:47,677 softwaredb.py[line:262] INFO form:{'hostList': u'["10.200.86.172"]', 'id': u'29'}
2017-12-19 17:24:47,684 softwaredb.py[line:284] INFO host_add end
2017-12-19 17:24:47,713 softwaredb.py[line:251] INFO host_add start
2017-12-19 17:24:47,713 softwaredb.py[line:252] INFO request: <WSGIRequest: POST '/app_cmdb/software/host_add'>
2017-12-19 17:24:47,713 softwaredb.py[line:262] INFO form:{'hostList': u'["10.200.86.172"]', 'id': u'30'}
2017-12-19 17:24:47,723 softwaredb.py[line:284] INFO host_add end
2017-12-19 17:24:47,727 softwaredb.py[line:336] INFO host_delete start
2017-12-19 17:24:47,727 softwaredb.py[line:337] INFO request: <WSGIRequest: POST '/app_cmdb/software/host_delete'>
2017-12-19 17:24:47,730 softwaredb.py[line:360] INFO host_delete end
2017-12-19 17:24:47,759 softwaredb.py[line:251] INFO host_add start
2017-12-19 17:24:47,759 softwaredb.py[line:252] INFO request: <WSGIRequest: POST '/app_cmdb/software/host_add'>
2017-12-19 17:24:47,759 softwaredb.py[line:262] INFO form:{'hostList': u'["10.200.86.172"]', 'id': u'31'}
2017-12-19 17:24:47,769 softwaredb.py[line:284] INFO host_add end
2017-12-19 17:24:47,772 softwaredb.py[line:292] INFO host_select start
2017-12-19 17:24:47,773 softwaredb.py[line:293] INFO request: <WSGIRequest: GET '/app_cmdb/software/host_select?ordername=&id=31&limit=5&order=asc&offset=1'>
2017-12-19 17:24:47,775 softwaredb.py[line:329] INFO host_select end
2017-12-19 17:24:47,802 softwaredb.py[line:69] INFO software_select start
2017-12-19 17:24:47,802 softwaredb.py[line:70] INFO request: <WSGIRequest: GET '/app_cmdb/software/select?ordername=id&limit=5&name=&offset=1&systemId=65&moduleId=47&order=asc&description='>
2017-12-19 17:24:47,805 softwaredb.py[line:128] INFO software_select end
2017-12-19 17:24:47,834 softwaredb.py[line:165] INFO software_update start
2017-12-19 17:24:47,834 softwaredb.py[line:166] INFO request: <WSGIRequest: POST '/app_cmdb/software/update'>
2017-12-19 17:24:47,839 softwaredb.py[line:214] INFO update software:{'NAME': u'test1', 'DATA_FILEPATH': u'1', 'MODULE_ID': 48, 'LOG_EXPORT': u'11', u'id': 33L, 'OWNER_ALL': False, 'DEPLOY_DIR': u'11', 'DEPLOY_ACCOUNT': u'11', 'RESPONSIBLE_PERSON': u'11', 'TIMER_SCRIPT': u'11', 'HOSTS': [], 'MODIFY_USER_ID': 363, 'CREATE_USER_NAME': None, 'ARGS1': None, 'ARGS2': None, 'ARGS3': None, 'OWNER_ID': 363, 'OWNER_NAME': u'jzyuan', 'CREATE_USER_ID': None, 'DESCRIPTION': u'test1', 'LISTEN_PORT': u'11', 'OWNER_PROJECT_ID': None, 'NOTE': u'11', 'DATA_BACKUPPATH': u'11'}
2017-12-19 17:24:47,839 softwaredb.py[line:223] INFO software_update end
