2017-11-29 09:45:37,272 softwaredb.py[line:218] INFO init_system_module_select start
2017-11-29 09:45:37,279 softwaredb.py[line:234] INFO init_system_module_select end
2017-11-29 09:45:37,332 softwaredb.py[line:63] INFO software_select start
2017-11-29 09:45:37,332 softwaredb.py[line:64] INFO request: <WSGIRequest: GET '/app_cmdb/software/select?limit=5&offset=0&order=asc&name=&description=&systemId=0&moduleId=0&_=1511919937144'>
2017-11-29 09:45:37,359 softwaredb.py[line:122] INFO software_select end
2017-11-29 09:47:02,930 softwaredb.py[line:218] INFO init_system_module_select start
2017-11-29 09:47:02,938 softwaredb.py[line:234] INFO init_system_module_select end
2017-11-29 09:47:02,992 softwaredb.py[line:63] INFO software_select start
2017-11-29 09:47:02,993 softwaredb.py[line:64] INFO request: <WSGIRequest: GET '/app_cmdb/software/select?limit=5&offset=0&order=asc&name=&description=&systemId=0&moduleId=0&_=1511920022846'>
2017-11-29 09:47:03,019 softwaredb.py[line:122] INFO software_select end
2017-11-29 09:47:06,808 softwaredb.py[line:218] INFO init_system_module_select start
2017-11-29 09:47:06,815 softwaredb.py[line:234] INFO init_system_module_select end
2017-11-29 09:47:06,857 softwaredb.py[line:63] INFO software_select start
2017-11-29 09:47:06,858 softwaredb.py[line:64] INFO request: <WSGIRequest: GET '/app_cmdb/software/select?limit=5&offset=0&order=asc&name=&description=&systemId=0&moduleId=0&_=1511920026726'>
2017-11-29 09:47:06,878 softwaredb.py[line:122] INFO software_select end
2017-11-29 10:08:40,845 softwaredb.py[line:218] INFO init_system_module_select start
2017-11-29 10:08:40,849 softwaredb.py[line:234] INFO init_system_module_select end
2017-11-29 10:08:40,890 softwaredb.py[line:63] INFO software_select start
2017-11-29 10:08:40,891 softwaredb.py[line:64] INFO request: <WSGIRequest: GET '/app_cmdb/software/select?limit=5&offset=0&order=asc&name=&description=&systemId=0&moduleId=0&_=1511921320764'>
2017-11-29 10:08:40,914 softwaredb.py[line:122] INFO software_select end
2017-11-29 10:10:29,224 softwaredb.py[line:218] INFO init_system_module_select start
2017-11-29 10:10:29,230 softwaredb.py[line:234] INFO init_system_module_select end
2017-11-29 10:10:32,642 softwaredb.py[line:218] INFO init_system_module_select start
2017-11-29 10:10:32,650 softwaredb.py[line:234] INFO init_system_module_select end
2017-11-29 10:10:35,697 softwaredb.py[line:218] INFO init_system_module_select start
2017-11-29 10:10:35,707 softwaredb.py[line:234] INFO init_system_module_select end
2017-11-29 10:10:49,658 softwaredb.py[line:218] INFO init_system_module_select start
2017-11-29 10:10:49,665 softwaredb.py[line:234] INFO init_system_module_select end
2017-11-29 10:10:49,711 softwaredb.py[line:63] INFO software_select start
2017-11-29 10:10:49,717 softwaredb.py[line:64] INFO request: <WSGIRequest: GET '/app_cmdb/software/select?limit=5&offset=0&order=asc&name=&description=&systemId=0&moduleId=0&_=1511921449565'>
2017-11-29 10:10:49,749 softwaredb.py[line:122] INFO software_select end
2017-11-29 10:10:53,954 softwaredb.py[line:63] INFO software_select start
2017-11-29 10:10:53,956 softwaredb.py[line:64] INFO request: <WSGIRequest: GET '/app_cmdb/software/select?limit=5&offset=0&order=asc&name=&description=&moduleId=1&_=1511921453880'>
2017-11-29 10:10:53,971 softwaredb.py[line:122] INFO software_select end
2017-11-29 10:18:30,915 softwaredb.py[line:63] INFO software_select start
2017-11-29 10:18:30,917 softwaredb.py[line:64] INFO request: <WSGIRequest: GET '/app_cmdb/software/select?limit=5&offset=0&order=asc&name=&description=&moduleId=1&_=1511921910803'>
2017-11-29 10:18:30,934 softwaredb.py[line:122] INFO software_select end
2017-11-29 10:18:40,164 softwaredb.py[line:63] INFO software_select start
2017-11-29 10:18:40,164 softwaredb.py[line:64] INFO request: <WSGIRequest: GET '/app_cmdb/software/select?limit=5&offset=0&order=asc&name=&description=&moduleId=2&_=1511921920091'>
2017-11-29 10:18:40,180 softwaredb.py[line:122] INFO software_select end
2017-11-29 14:03:45,857 softwaredb.py[line:218] INFO init_system_module_select start
2017-11-29 14:03:45,862 softwaredb.py[line:234] INFO init_system_module_select end
2017-11-29 14:03:45,905 softwaredb.py[line:63] INFO software_select start
2017-11-29 14:03:45,907 softwaredb.py[line:64] INFO request: <WSGIRequest: GET '/app_cmdb/software/select?limit=5&offset=0&order=asc&name=&description=&systemId=0&moduleId=0&_=1511935425740'>
2017-11-29 14:03:45,933 softwaredb.py[line:122] INFO software_select end
2017-11-29 14:21:21,174 softwaredb.py[line:218] INFO init_system_module_select start
2017-11-29 14:21:21,186 softwaredb.py[line:234] INFO init_system_module_select end
2017-11-29 14:21:21,237 softwaredb.py[line:63] INFO software_select start
2017-11-29 14:21:21,237 softwaredb.py[line:64] INFO request: <WSGIRequest: GET '/app_cmdb/software/select?limit=5&offset=0&order=asc&name=&description=&systemId=0&moduleId=0&_=1511936481086'>
2017-11-29 14:21:21,259 softwaredb.py[line:122] INFO software_select end
2017-11-29 15:21:19,147 softwaredb.py[line:218] INFO init_system_module_select start
2017-11-29 15:21:19,154 softwaredb.py[line:234] INFO init_system_module_select end
2017-11-29 15:21:19,203 softwaredb.py[line:63] INFO software_select start
2017-11-29 15:21:19,203 softwaredb.py[line:64] INFO request: <WSGIRequest: GET '/app_cmdb/software/select?limit=5&offset=0&order=asc&name=&description=&systemId=0&moduleId=0&_=1511940079072'>
2017-11-29 15:21:19,227 softwaredb.py[line:122] INFO software_select end
2017-11-29 15:21:24,772 softwaredb.py[line:272] INFO host_select start
2017-11-29 15:21:24,773 softwaredb.py[line:273] INFO request: <WSGIRequest: GET '/app_cmdb/software/host_select?limit=5&offset=0&order=asc&id=1&_=1511940084666'>
2017-11-29 15:21:24,786 softwaredb.py[line:309] INFO host_select end
2017-11-29 15:21:35,713 softwaredb.py[line:341] INFO init_cmdb_system end
2017-11-29 15:21:35,717 softwaredb.py[line:359] INFO init_cmdb_system end
2017-11-29 15:21:52,272 softwaredb.py[line:218] INFO init_system_module_select start
2017-11-29 15:21:52,279 softwaredb.py[line:234] INFO init_system_module_select end
2017-11-29 15:21:52,318 softwaredb.py[line:63] INFO software_select start
2017-11-29 15:21:52,319 softwaredb.py[line:64] INFO request: <WSGIRequest: GET '/app_cmdb/software/select?limit=5&offset=0&order=asc&name=&description=&systemId=0&moduleId=0&_=1511940112197'>
2017-11-29 15:21:52,346 softwaredb.py[line:122] INFO software_select end
2017-11-29 15:21:55,967 softwaredb.py[line:218] INFO init_system_module_select start
2017-11-29 15:21:55,973 softwaredb.py[line:234] INFO init_system_module_select end
2017-11-29 15:21:56,022 softwaredb.py[line:63] INFO software_select start
2017-11-29 15:21:56,023 softwaredb.py[line:64] INFO request: <WSGIRequest: GET '/app_cmdb/software/select?limit=5&offset=0&order=asc&name=&description=&systemId=0&moduleId=0&_=1511940115896'>
2017-11-29 15:21:56,053 softwaredb.py[line:122] INFO software_select end
2017-11-29 15:21:57,558 softwaredb.py[line:272] INFO host_select start
2017-11-29 15:21:57,559 softwaredb.py[line:273] INFO request: <WSGIRequest: GET '/app_cmdb/software/host_select?limit=5&offset=0&order=asc&id=2&_=1511940117482'>
2017-11-29 15:21:57,565 softwaredb.py[line:309] INFO host_select end
2017-11-29 15:21:59,838 softwaredb.py[line:341] INFO init_cmdb_system end
2017-11-29 15:21:59,846 softwaredb.py[line:359] INFO init_cmdb_system end
2017-11-29 15:22:06,201 softwaredb.py[line:218] INFO init_system_module_select start
2017-11-29 15:22:06,209 softwaredb.py[line:234] INFO init_system_module_select end
2017-11-29 15:22:06,253 softwaredb.py[line:63] INFO software_select start
2017-11-29 15:22:06,255 softwaredb.py[line:64] INFO request: <WSGIRequest: GET '/app_cmdb/software/select?limit=5&offset=0&order=asc&name=&description=&systemId=0&moduleId=0&_=1511940126128'>
2017-11-29 15:22:06,276 softwaredb.py[line:122] INFO software_select end
2017-11-29 15:22:50,651 softwaredb.py[line:272] INFO host_select start
2017-11-29 15:22:50,653 softwaredb.py[line:273] INFO request: <WSGIRequest: GET '/app_cmdb/software/host_select?limit=5&offset=0&order=asc&id=1&_=1511940170563'>
2017-11-29 15:22:50,663 softwaredb.py[line:309] INFO host_select end
2017-11-29 15:22:52,990 softwaredb.py[line:218] INFO init_system_module_select start
2017-11-29 15:22:53,000 softwaredb.py[line:234] INFO init_system_module_select end
2017-11-29 15:22:53,042 softwaredb.py[line:63] INFO software_select start
2017-11-29 15:22:53,042 softwaredb.py[line:64] INFO request: <WSGIRequest: GET '/app_cmdb/software/select?limit=5&offset=0&order=asc&name=&description=&systemId=0&moduleId=0&_=1511940172894'>
2017-11-29 15:22:53,069 softwaredb.py[line:122] INFO software_select end
2017-11-29 15:22:54,391 softwaredb.py[line:272] INFO host_select start
2017-11-29 15:22:54,391 softwaredb.py[line:273] INFO request: <WSGIRequest: GET '/app_cmdb/software/host_select?limit=5&offset=0&order=asc&id=1&_=1511940174332'>
2017-11-29 15:22:54,400 softwaredb.py[line:309] INFO host_select end
2017-11-29 15:22:55,174 softwaredb.py[line:341] INFO init_cmdb_system end
2017-11-29 15:22:55,184 softwaredb.py[line:359] INFO init_cmdb_system end
2017-11-29 15:23:03,092 softwaredb.py[line:239] INFO host_add start
2017-11-29 15:23:03,092 softwaredb.py[line:240] INFO request: <WSGIRequest: POST '/app_cmdb/software/host_add'>
2017-11-29 15:23:03,094 softwaredb.py[line:250] INFO form:{'hostList': u'["10.200.556.31"]', 'id': u'1'}
2017-11-29 15:23:03,108 softwaredb.py[line:267] INFO host_add end
2017-11-29 15:23:03,132 softwaredb.py[line:272] INFO host_select start
2017-11-29 15:23:03,134 softwaredb.py[line:273] INFO request: <WSGIRequest: GET '/app_cmdb/software/host_select?limit=5&offset=0&order=asc&id=1&_=1511940174333'>
2017-11-29 15:23:03,138 softwaredb.py[line:309] INFO host_select end
2017-11-29 15:23:07,135 softwaredb.py[line:341] INFO init_cmdb_system end
2017-11-29 15:23:07,148 softwaredb.py[line:359] INFO init_cmdb_system end
2017-11-29 15:23:20,335 softwaredb.py[line:239] INFO host_add start
2017-11-29 15:23:20,335 softwaredb.py[line:240] INFO request: <WSGIRequest: POST '/app_cmdb/software/host_add'>
2017-11-29 15:23:20,335 softwaredb.py[line:250] INFO form:{'hostList': u'["10.200.556.31"]', 'id': u'1'}
2017-11-29 15:23:20,348 softwaredb.py[line:267] INFO host_add end
2017-11-29 15:23:20,371 softwaredb.py[line:272] INFO host_select start
2017-11-29 15:23:20,371 softwaredb.py[line:273] INFO request: <WSGIRequest: GET '/app_cmdb/software/host_select?limit=5&offset=0&order=asc&id=1&_=1511940174334'>
2017-11-29 15:23:20,378 softwaredb.py[line:309] INFO host_select end
2017-11-29 15:23:22,730 softwaredb.py[line:272] INFO host_select start
2017-11-29 15:23:22,730 softwaredb.py[line:273] INFO request: <WSGIRequest: GET '/app_cmdb/software/host_select?limit=5&offset=0&order=asc&id=1&_=1511940174335'>
2017-11-29 15:23:22,736 softwaredb.py[line:309] INFO host_select end
2017-11-29 15:23:24,542 softwaredb.py[line:341] INFO init_cmdb_system end
2017-11-29 15:23:24,551 softwaredb.py[line:359] INFO init_cmdb_system end
2017-11-29 15:23:29,026 softwaredb.py[line:239] INFO host_add start
2017-11-29 15:23:29,026 softwaredb.py[line:240] INFO request: <WSGIRequest: POST '/app_cmdb/software/host_add'>
2017-11-29 15:23:29,028 softwaredb.py[line:250] INFO form:{'hostList': u'["10.200.556.29","10.200.556.31"]', 'id': u'1'}
2017-11-29 15:23:29,048 softwaredb.py[line:267] INFO host_add end
2017-11-29 15:23:29,072 softwaredb.py[line:272] INFO host_select start
2017-11-29 15:23:29,072 softwaredb.py[line:273] INFO request: <WSGIRequest: GET '/app_cmdb/software/host_select?limit=5&offset=0&order=asc&id=1&_=1511940174336'>
2017-11-29 15:23:29,078 softwaredb.py[line:309] INFO host_select end
2017-11-29 15:23:40,255 softwaredb.py[line:313] INFO host_delete start
2017-11-29 15:23:40,263 softwaredb.py[line:314] INFO request: <WSGIRequest: POST '/app_cmdb/software/host_delete'>
2017-11-29 15:23:40,273 softwaredb.py[line:334] ERROR "'softwareId'"
2017-11-29 15:23:40,275 softwaredb.py[line:337] INFO host_delete end
2017-11-29 15:24:37,631 softwaredb.py[line:218] INFO init_system_module_select start
2017-11-29 15:24:37,641 softwaredb.py[line:234] INFO init_system_module_select end
2017-11-29 15:24:37,698 softwaredb.py[line:63] INFO software_select start
2017-11-29 15:24:37,700 softwaredb.py[line:64] INFO request: <WSGIRequest: GET '/app_cmdb/software/select?limit=5&offset=0&order=asc&name=&description=&systemId=0&moduleId=0&_=1511940277507'>
2017-11-29 15:24:37,717 softwaredb.py[line:122] INFO software_select end
2017-11-29 15:24:44,743 softwaredb.py[line:272] INFO host_select start
2017-11-29 15:24:44,744 softwaredb.py[line:273] INFO request: <WSGIRequest: GET '/app_cmdb/software/host_select?limit=5&offset=0&order=asc&id=1&_=1511940284656'>
2017-11-29 15:24:44,753 softwaredb.py[line:309] INFO host_select end
2017-11-29 15:24:51,529 softwaredb.py[line:313] INFO host_delete start
2017-11-29 15:24:51,529 softwaredb.py[line:314] INFO request: <WSGIRequest: POST '/app_cmdb/software/host_delete'>
2017-11-29 15:24:51,539 softwaredb.py[line:337] INFO host_delete end
2017-11-29 15:24:51,569 softwaredb.py[line:272] INFO host_select start
2017-11-29 15:24:51,571 softwaredb.py[line:273] INFO request: <WSGIRequest: GET '/app_cmdb/software/host_select?limit=5&offset=0&order=asc&id=1&_=1511940284657'>
2017-11-29 15:24:51,581 softwaredb.py[line:309] INFO host_select end
2017-11-29 15:24:53,944 softwaredb.py[line:272] INFO host_select start
2017-11-29 15:24:53,946 softwaredb.py[line:273] INFO request: <WSGIRequest: GET '/app_cmdb/software/host_select?limit=5&offset=0&order=asc&id=1&_=1511940284658'>
2017-11-29 15:24:53,951 softwaredb.py[line:309] INFO host_select end
2017-11-29 15:24:55,401 softwaredb.py[line:218] INFO init_system_module_select start
2017-11-29 15:24:55,407 softwaredb.py[line:234] INFO init_system_module_select end
2017-11-29 15:24:55,464 softwaredb.py[line:63] INFO software_select start
2017-11-29 15:24:55,466 softwaredb.py[line:64] INFO request: <WSGIRequest: GET '/app_cmdb/software/select?limit=5&offset=0&order=asc&name=&description=&systemId=0&moduleId=0&_=1511940295315'>
2017-11-29 15:24:55,486 softwaredb.py[line:122] INFO software_select end
2017-11-29 15:25:13,285 softwaredb.py[line:272] INFO host_select start
2017-11-29 15:25:13,286 softwaredb.py[line:273] INFO request: <WSGIRequest: GET '/app_cmdb/software/host_select?limit=5&offset=0&order=asc&id=1&_=1511940313206'>
2017-11-29 15:25:13,293 softwaredb.py[line:309] INFO host_select end
2017-11-29 15:25:25,555 softwaredb.py[line:218] INFO init_system_module_select start
2017-11-29 15:25:25,569 softwaredb.py[line:234] INFO init_system_module_select end
2017-11-29 15:25:25,608 softwaredb.py[line:63] INFO software_select start
2017-11-29 15:25:25,611 softwaredb.py[line:64] INFO request: <WSGIRequest: GET '/app_cmdb/software/select?limit=5&offset=0&order=asc&name=&description=&systemId=0&moduleId=0&_=1511940325459'>
2017-11-29 15:25:25,642 softwaredb.py[line:122] INFO software_select end
2017-11-29 15:32:28,673 softwaredb.py[line:272] INFO host_select start
2017-11-29 15:32:28,674 softwaredb.py[line:273] INFO request: <WSGIRequest: GET '/app_cmdb/software/host_select?limit=5&offset=0&order=asc&id=1&_=1511940748580'>
2017-11-29 15:32:28,686 softwaredb.py[line:309] INFO host_select end
2017-11-29 15:32:33,694 softwaredb.py[line:239] INFO host_add start
2017-11-29 15:32:33,694 softwaredb.py[line:240] INFO request: <WSGIRequest: POST '/app_cmdb/software/host_add'>
2017-11-29 15:32:33,696 softwaredb.py[line:250] INFO form:{'hostList': u'["10.200.556.26"]', 'id': u'1'}
2017-11-29 15:32:33,720 softwaredb.py[line:267] INFO host_add end
2017-11-29 15:32:33,756 softwaredb.py[line:272] INFO host_select start
2017-11-29 15:32:33,756 softwaredb.py[line:273] INFO request: <WSGIRequest: GET '/app_cmdb/software/host_select?limit=5&offset=0&order=asc&id=1&_=1511940748581'>
2017-11-29 15:32:33,766 softwaredb.py[line:309] INFO host_select end
2017-11-29 15:33:09,417 softwaredb.py[line:239] INFO host_add start
2017-11-29 15:33:09,418 softwaredb.py[line:240] INFO request: <WSGIRequest: POST '/app_cmdb/software/host_add'>
2017-11-29 15:33:09,420 softwaredb.py[line:250] INFO form:{'hostList': u'["10.200.556.25"]', 'id': u'1'}
2017-11-29 15:33:09,437 softwaredb.py[line:267] INFO host_add end
2017-11-29 15:33:09,470 softwaredb.py[line:272] INFO host_select start
2017-11-29 15:33:09,471 softwaredb.py[line:273] INFO request: <WSGIRequest: GET '/app_cmdb/software/host_select?limit=5&offset=0&order=asc&id=1&_=1511940748582'>
2017-11-29 15:33:09,480 softwaredb.py[line:309] INFO host_select end
2017-11-29 15:48:13,921 softwaredb.py[line:218] INFO init_system_module_select start
2017-11-29 15:48:13,927 softwaredb.py[line:234] INFO init_system_module_select end
2017-11-29 15:48:13,987 softwaredb.py[line:63] INFO software_select start
2017-11-29 15:48:13,989 softwaredb.py[line:64] INFO request: <WSGIRequest: GET '/app_cmdb/software/select?limit=5&offset=0&order=asc&name=&description=&systemId=0&moduleId=0&_=1511941693792'>
2017-11-29 15:48:14,009 softwaredb.py[line:122] INFO software_select end
2017-11-29 15:49:22,936 softwaredb.py[line:218] INFO init_system_module_select start
2017-11-29 15:49:22,940 softwaredb.py[line:234] INFO init_system_module_select end
2017-11-29 15:49:22,999 softwaredb.py[line:63] INFO software_select start
2017-11-29 15:49:23,000 softwaredb.py[line:64] INFO request: <WSGIRequest: GET '/app_cmdb/software/select?limit=5&offset=0&order=asc&name=&description=&systemId=0&moduleId=0&_=1511941762802'>
2017-11-29 15:49:23,023 softwaredb.py[line:122] INFO software_select end
2017-11-29 15:49:30,105 softwaredb.py[line:277] INFO host_select start
2017-11-29 15:49:30,105 softwaredb.py[line:278] INFO request: <WSGIRequest: GET '/app_cmdb/software/host_select?limit=5&offset=0&order=asc&id=1&_=1511941770010'>
2017-11-29 15:49:30,114 softwaredb.py[line:314] INFO host_select end
2017-11-29 15:49:32,954 softwaredb.py[line:239] INFO host_add start
2017-11-29 15:49:32,956 softwaredb.py[line:240] INFO request: <WSGIRequest: POST '/app_cmdb/software/host_add'>
2017-11-29 15:49:32,957 softwaredb.py[line:250] INFO form:{'hostList': u'["10.200.556.33"]', 'id': u'1'}
2017-11-29 15:49:32,963 softwaredb.py[line:272] INFO host_add end
2017-11-29 15:49:33,002 softwaredb.py[line:277] INFO host_select start
2017-11-29 15:49:33,003 softwaredb.py[line:278] INFO request: <WSGIRequest: GET '/app_cmdb/software/host_select?limit=5&offset=0&order=asc&id=1&_=1511941770011'>
2017-11-29 15:49:33,016 softwaredb.py[line:314] INFO host_select end
2017-11-29 15:49:50,055 softwaredb.py[line:239] INFO host_add start
2017-11-29 15:49:50,055 softwaredb.py[line:240] INFO request: <WSGIRequest: POST '/app_cmdb/software/host_add'>
2017-11-29 15:49:50,056 softwaredb.py[line:250] INFO form:{'hostList': u'["10.200.556.33e"]', 'id': u'1'}
2017-11-29 15:49:50,072 softwaredb.py[line:269] ERROR T_HOST matching query does not exist.
2017-11-29 15:49:50,072 softwaredb.py[line:272] INFO host_add end
2017-11-29 15:49:56,200 softwaredb.py[line:239] INFO host_add start
2017-11-29 15:49:56,201 softwaredb.py[line:240] INFO request: <WSGIRequest: POST '/app_cmdb/software/host_add'>
2017-11-29 15:49:56,201 softwaredb.py[line:250] INFO form:{'hostList': u'["10.200.556.3334434"]', 'id': u'1'}
2017-11-29 15:49:56,210 softwaredb.py[line:269] ERROR T_HOST matching query does not exist.
2017-11-29 15:49:56,210 softwaredb.py[line:272] INFO host_add end
2017-11-29 15:50:01,851 softwaredb.py[line:218] INFO init_system_module_select start
2017-11-29 15:50:01,858 softwaredb.py[line:234] INFO init_system_module_select end
2017-11-29 15:50:01,911 softwaredb.py[line:63] INFO software_select start
2017-11-29 15:50:01,911 softwaredb.py[line:64] INFO request: <WSGIRequest: GET '/app_cmdb/software/select?limit=5&offset=0&order=asc&name=&description=&systemId=0&moduleId=0&_=1511941801759'>
2017-11-29 15:50:01,927 softwaredb.py[line:122] INFO software_select end
2017-11-29 15:50:11,503 softwaredb.py[line:277] INFO host_select start
2017-11-29 15:50:11,503 softwaredb.py[line:278] INFO request: <WSGIRequest: GET '/app_cmdb/software/host_select?limit=5&offset=0&order=asc&id=1&_=1511941811427'>
2017-11-29 15:50:11,512 softwaredb.py[line:314] INFO host_select end
2017-11-29 15:50:26,637 softwaredb.py[line:239] INFO host_add start
2017-11-29 15:50:26,638 softwaredb.py[line:240] INFO request: <WSGIRequest: POST '/app_cmdb/software/host_add'>
2017-11-29 15:50:26,638 softwaredb.py[line:250] INFO form:{'hostList': u'["10.200.556.41","10.200.556.42","10.200.556.43"]', 'id': u'1'}
2017-11-29 15:50:26,664 softwaredb.py[line:272] INFO host_add end
2017-11-29 15:50:26,707 softwaredb.py[line:277] INFO host_select start
2017-11-29 15:50:26,707 softwaredb.py[line:278] INFO request: <WSGIRequest: GET '/app_cmdb/software/host_select?limit=5&offset=0&order=asc&id=1&_=1511941811428'>
2017-11-29 15:50:26,717 softwaredb.py[line:314] INFO host_select end
2017-11-29 15:50:47,888 softwaredb.py[line:239] INFO host_add start
2017-11-29 15:50:47,888 softwaredb.py[line:240] INFO request: <WSGIRequest: POST '/app_cmdb/software/host_add'>
2017-11-29 15:50:47,890 softwaredb.py[line:250] INFO form:{'hostList': u'["10.200.556.41\uff0c"]', 'id': u'1'}
2017-11-29 15:50:47,901 softwaredb.py[line:269] ERROR T_HOST matching query does not exist.
2017-11-29 15:50:47,910 softwaredb.py[line:272] INFO host_add end
2017-11-29 15:51:12,322 softwaredb.py[line:239] INFO host_add start
2017-11-29 15:51:12,322 softwaredb.py[line:240] INFO request: <WSGIRequest: POST '/app_cmdb/software/host_add'>
2017-11-29 15:51:12,323 softwaredb.py[line:250] INFO form:{'hostList': u'["10.200.556.41","10.200.556.42","10.200.556.43","10.200.556.44","10.200.556.44","10.200.556.45","10.200.556.46","10.200.556.47"]', 'id': u'1'}
2017-11-29 15:51:12,344 softwaredb.py[line:272] INFO host_add end
2017-11-29 15:51:12,372 softwaredb.py[line:277] INFO host_select start
2017-11-29 15:51:12,374 softwaredb.py[line:278] INFO request: <WSGIRequest: GET '/app_cmdb/software/host_select?limit=5&offset=0&order=asc&id=1&_=1511941811429'>
2017-11-29 15:51:12,381 softwaredb.py[line:314] INFO host_select end
2017-11-29 15:51:21,651 softwaredb.py[line:239] INFO host_add start
2017-11-29 15:51:21,653 softwaredb.py[line:240] INFO request: <WSGIRequest: POST '/app_cmdb/software/host_add'>
2017-11-29 15:51:21,654 softwaredb.py[line:250] INFO form:{'hostList': u'["10.200.556.41","10.200.556.41"]', 'id': u'1'}
2017-11-29 15:51:21,663 softwaredb.py[line:272] INFO host_add end
2017-11-29 15:51:21,696 softwaredb.py[line:277] INFO host_select start
2017-11-29 15:51:21,696 softwaredb.py[line:278] INFO request: <WSGIRequest: GET '/app_cmdb/software/host_select?limit=5&offset=0&order=asc&id=1&_=1511941811430'>
2017-11-29 15:51:21,706 softwaredb.py[line:314] INFO host_select end
2017-11-29 15:52:02,956 softwaredb.py[line:239] INFO host_add start
2017-11-29 15:52:02,957 softwaredb.py[line:240] INFO request: <WSGIRequest: POST '/app_cmdb/software/host_add'>
2017-11-29 15:52:02,957 softwaredb.py[line:250] INFO form:{'hostList': u'["10.200.556.41","10.200.556.41","10.200.556.41","10.200.556.42","10.200.556.43"]', 'id': u'1'}
2017-11-29 15:52:03,023 softwaredb.py[line:272] INFO host_add end
2017-11-29 15:52:03,056 softwaredb.py[line:277] INFO host_select start
2017-11-29 15:52:03,058 softwaredb.py[line:278] INFO request: <WSGIRequest: GET '/app_cmdb/software/host_select?limit=5&offset=0&order=asc&id=1&_=1511941811431'>
2017-11-29 15:52:03,068 softwaredb.py[line:314] INFO host_select end
2017-11-29 15:52:08,084 softwaredb.py[line:277] INFO host_select start
2017-11-29 15:52:08,085 softwaredb.py[line:278] INFO request: <WSGIRequest: GET '/app_cmdb/software/host_select?limit=5&offset=5&order=asc&id=1&_=1511941811432'>
2017-11-29 15:52:08,095 softwaredb.py[line:314] INFO host_select end
2017-11-29 15:52:09,339 softwaredb.py[line:277] INFO host_select start
2017-11-29 15:52:09,341 softwaredb.py[line:278] INFO request: <WSGIRequest: GET '/app_cmdb/software/host_select?limit=5&offset=0&order=asc&id=1&_=1511941811433'>
2017-11-29 15:52:09,351 softwaredb.py[line:314] INFO host_select end
2017-11-29 15:52:15,542 softwaredb.py[line:277] INFO host_select start
2017-11-29 15:52:15,543 softwaredb.py[line:278] INFO request: <WSGIRequest: GET '/app_cmdb/software/host_select?limit=5&offset=5&order=asc&id=1&_=1511941811434'>
2017-11-29 15:52:15,549 softwaredb.py[line:314] INFO host_select end
2017-11-29 15:52:16,088 softwaredb.py[line:277] INFO host_select start
2017-11-29 15:52:16,088 softwaredb.py[line:278] INFO request: <WSGIRequest: GET '/app_cmdb/software/host_select?limit=5&offset=0&order=asc&id=1&_=1511941811435'>
2017-11-29 15:52:16,096 softwaredb.py[line:314] INFO host_select end
2017-11-29 16:18:10,138 softwaredb.py[line:218] INFO init_system_module_select start
2017-11-29 16:18:10,148 softwaredb.py[line:234] INFO init_system_module_select end
2017-11-29 16:18:10,213 softwaredb.py[line:63] INFO software_select start
2017-11-29 16:18:10,214 softwaredb.py[line:64] INFO request: <WSGIRequest: GET '/app_cmdb/software/select?limit=5&offset=0&order=asc&name=&description=&systemId=0&moduleId=0&_=1511943489987'>
2017-11-29 16:18:10,237 softwaredb.py[line:122] INFO software_select end
2017-11-29 16:18:21,203 softwaredb.py[line:218] INFO init_system_module_select start
2017-11-29 16:18:21,209 softwaredb.py[line:234] INFO init_system_module_select end
2017-11-29 16:18:21,252 softwaredb.py[line:63] INFO software_select start
2017-11-29 16:18:21,253 softwaredb.py[line:64] INFO request: <WSGIRequest: GET '/app_cmdb/software/select?limit=5&offset=0&order=asc&name=&description=&systemId=0&moduleId=0&_=1511943501113'>
2017-11-29 16:18:21,273 softwaredb.py[line:122] INFO software_select end
2017-11-29 17:25:35,960 softwaredb.py[line:218] INFO init_system_module_select start
2017-11-29 17:25:35,967 softwaredb.py[line:234] INFO init_system_module_select end
2017-11-29 17:25:36,007 softwaredb.py[line:63] INFO software_select start
2017-11-29 17:25:36,009 softwaredb.py[line:64] INFO request: <WSGIRequest: GET '/app_cmdb/software/select?limit=5&offset=0&order=asc&name=&description=&systemId=0&moduleId=0&_=1511947535874'>
2017-11-29 17:25:36,030 softwaredb.py[line:122] INFO software_select end
