2017-12-01 09:52:38,201 softwaredb.py[line:218] INFO init_system_module_select start
2017-12-01 09:52:38,207 softwaredb.py[line:234] INFO init_system_module_select end
2017-12-01 09:52:38,249 softwaredb.py[line:63] INFO software_select start
2017-12-01 09:52:38,250 softwaredb.py[line:64] INFO request: <WSGIRequest: GET '/app_cmdb/software/select?limit=5&offset=0&order=asc&name=&description=&systemId=0&moduleId=0&_=1512093158119'>
2017-12-01 09:52:38,273 softwaredb.py[line:122] INFO software_select end
2017-12-01 09:52:41,082 softwaredb.py[line:218] INFO init_system_module_select start
2017-12-01 09:52:41,098 softwaredb.py[line:234] INFO init_system_module_select end
2017-12-01 09:52:47,973 softwaredb.py[line:63] INFO software_select start
2017-12-01 09:52:47,977 softwaredb.py[line:64] INFO request: <WSGIRequest: GET '/app_cmdb/software/select?limit=5&offset=0&order=asc&name=&description=&systemId=1&moduleId=1&_=1512093158120'>
2017-12-01 09:52:47,994 softwaredb.py[line:122] INFO software_select end
2017-12-01 09:52:55,513 softwaredb.py[line:218] INFO init_system_module_select start
2017-12-01 09:52:55,523 softwaredb.py[line:234] INFO init_system_module_select end
2017-12-01 09:52:55,586 softwaredb.py[line:63] INFO software_select start
2017-12-01 09:52:55,588 softwaredb.py[line:64] INFO request: <WSGIRequest: GET '/app_cmdb/software/select?limit=5&offset=0&order=asc&name=&description=&systemId=0&moduleId=0&_=1512093175398'>
2017-12-01 09:52:55,611 softwaredb.py[line:122] INFO software_select end
2017-12-01 09:52:58,061 softwaredb.py[line:218] INFO init_system_module_select start
2017-12-01 09:52:58,069 softwaredb.py[line:234] INFO init_system_module_select end
2017-12-01 09:52:59,732 softwaredb.py[line:63] INFO software_select start
2017-12-01 09:52:59,733 softwaredb.py[line:64] INFO request: <WSGIRequest: GET '/app_cmdb/software/select?limit=5&offset=0&order=asc&name=&description=&systemId=1&moduleId=1&_=1512093175399'>
2017-12-01 09:52:59,743 softwaredb.py[line:122] INFO software_select end
2017-12-01 09:53:03,104 softwaredb.py[line:277] INFO host_select start
2017-12-01 09:53:03,105 softwaredb.py[line:278] INFO request: <WSGIRequest: GET '/app_cmdb/software/host_select?limit=5&offset=0&order=asc&id=1&_=1512093182986'>
2017-12-01 09:53:03,117 softwaredb.py[line:314] INFO host_select end
2017-12-01 09:53:07,733 softwaredb.py[line:218] INFO init_system_module_select start
2017-12-01 09:53:07,743 softwaredb.py[line:234] INFO init_system_module_select end
2017-12-01 09:53:07,786 softwaredb.py[line:63] INFO software_select start
2017-12-01 09:53:07,786 softwaredb.py[line:64] INFO request: <WSGIRequest: GET '/app_cmdb/software/select?limit=5&offset=0&order=asc&name=&description=&systemId=0&moduleId=0&_=1512093187658'>
2017-12-01 09:53:07,811 softwaredb.py[line:122] INFO software_select end
2017-12-01 09:56:35,079 softwaredb.py[line:277] INFO host_select start
2017-12-01 09:56:35,081 softwaredb.py[line:278] INFO request: <WSGIRequest: GET '/app_cmdb/software/host_select?limit=5&offset=0&order=asc&id=1&_=1512093394984'>
2017-12-01 09:56:35,092 softwaredb.py[line:314] INFO host_select end
2017-12-01 09:56:38,377 softwaredb.py[line:318] INFO host_delete start
2017-12-01 09:56:38,378 softwaredb.py[line:319] INFO request: <WSGIRequest: POST '/app_cmdb/software/host_delete'>
2017-12-01 09:56:38,392 softwaredb.py[line:342] INFO host_delete end
2017-12-01 09:56:38,428 softwaredb.py[line:277] INFO host_select start
2017-12-01 09:56:38,430 softwaredb.py[line:278] INFO request: <WSGIRequest: GET '/app_cmdb/software/host_select?limit=5&offset=0&order=asc&id=1&_=1512093394985'>
2017-12-01 09:56:38,441 softwaredb.py[line:314] INFO host_select end
2017-12-01 09:56:42,226 softwaredb.py[line:318] INFO host_delete start
2017-12-01 09:56:42,226 softwaredb.py[line:319] INFO request: <WSGIRequest: POST '/app_cmdb/software/host_delete'>
2017-12-01 09:56:42,242 softwaredb.py[line:342] INFO host_delete end
2017-12-01 09:56:42,276 softwaredb.py[line:277] INFO host_select start
2017-12-01 09:56:42,276 softwaredb.py[line:278] INFO request: <WSGIRequest: GET '/app_cmdb/software/host_select?limit=5&offset=0&order=asc&id=1&_=1512093394986'>
2017-12-01 09:56:42,288 softwaredb.py[line:314] INFO host_select end
2017-12-01 09:56:45,608 softwaredb.py[line:318] INFO host_delete start
2017-12-01 09:56:45,608 softwaredb.py[line:319] INFO request: <WSGIRequest: POST '/app_cmdb/software/host_delete'>
2017-12-01 09:56:45,622 softwaredb.py[line:342] INFO host_delete end
2017-12-01 09:56:45,660 softwaredb.py[line:277] INFO host_select start
2017-12-01 09:56:45,661 softwaredb.py[line:278] INFO request: <WSGIRequest: GET '/app_cmdb/software/host_select?limit=5&offset=0&order=asc&id=1&_=1512093394987'>
2017-12-01 09:56:45,673 softwaredb.py[line:314] INFO host_select end
2017-12-01 09:56:48,782 softwaredb.py[line:318] INFO host_delete start
2017-12-01 09:56:48,782 softwaredb.py[line:319] INFO request: <WSGIRequest: POST '/app_cmdb/software/host_delete'>
2017-12-01 09:56:48,796 softwaredb.py[line:342] INFO host_delete end
2017-12-01 09:56:48,831 softwaredb.py[line:277] INFO host_select start
2017-12-01 09:56:48,832 softwaredb.py[line:278] INFO request: <WSGIRequest: GET '/app_cmdb/software/host_select?limit=5&offset=0&order=asc&id=1&_=1512093394988'>
2017-12-01 09:56:48,838 softwaredb.py[line:314] INFO host_select end
2017-12-01 09:56:51,977 softwaredb.py[line:318] INFO host_delete start
2017-12-01 09:56:51,979 softwaredb.py[line:319] INFO request: <WSGIRequest: POST '/app_cmdb/software/host_delete'>
2017-12-01 09:56:51,996 softwaredb.py[line:342] INFO host_delete end
2017-12-01 09:56:52,035 softwaredb.py[line:277] INFO host_select start
2017-12-01 09:56:52,035 softwaredb.py[line:278] INFO request: <WSGIRequest: GET '/app_cmdb/software/host_select?limit=5&offset=0&order=asc&id=1&_=1512093394989'>
2017-12-01 09:56:52,045 softwaredb.py[line:314] INFO host_select end
2017-12-01 09:56:54,960 softwaredb.py[line:218] INFO init_system_module_select start
2017-12-01 09:56:54,967 softwaredb.py[line:234] INFO init_system_module_select end
2017-12-01 09:56:55,022 softwaredb.py[line:63] INFO software_select start
2017-12-01 09:56:55,022 softwaredb.py[line:64] INFO request: <WSGIRequest: GET '/app_cmdb/software/select?limit=5&offset=0&order=asc&name=&description=&systemId=0&moduleId=0&_=1512093414875'>
2017-12-01 09:56:55,042 softwaredb.py[line:122] INFO software_select end
2017-12-01 09:56:57,686 softwaredb.py[line:277] INFO host_select start
2017-12-01 09:56:57,687 softwaredb.py[line:278] INFO request: <WSGIRequest: GET '/app_cmdb/software/host_select?limit=5&offset=0&order=asc&id=2&_=1512093417599'>
2017-12-01 09:56:57,693 softwaredb.py[line:314] INFO host_select end
2017-12-01 09:57:00,153 softwaredb.py[line:218] INFO init_system_module_select start
2017-12-01 09:57:00,163 softwaredb.py[line:234] INFO init_system_module_select end
2017-12-01 09:57:00,201 softwaredb.py[line:63] INFO software_select start
2017-12-01 09:57:00,203 softwaredb.py[line:64] INFO request: <WSGIRequest: GET '/app_cmdb/software/select?limit=5&offset=0&order=asc&name=&description=&systemId=0&moduleId=0&_=1512093420082'>
2017-12-01 09:57:00,226 softwaredb.py[line:122] INFO software_select end
2017-12-01 09:57:01,944 softwaredb.py[line:277] INFO host_select start
2017-12-01 09:57:01,948 softwaredb.py[line:278] INFO request: <WSGIRequest: GET '/app_cmdb/software/host_select?limit=5&offset=0&order=asc&id=5&_=1512093421891'>
2017-12-01 09:57:01,957 softwaredb.py[line:314] INFO host_select end
2017-12-01 09:57:03,411 softwaredb.py[line:218] INFO init_system_module_select start
2017-12-01 09:57:03,420 softwaredb.py[line:234] INFO init_system_module_select end
2017-12-01 09:57:03,459 softwaredb.py[line:63] INFO software_select start
2017-12-01 09:57:03,459 softwaredb.py[line:64] INFO request: <WSGIRequest: GET '/app_cmdb/software/select?limit=5&offset=0&order=asc&name=&description=&systemId=0&moduleId=0&_=1512093423340'>
2017-12-01 09:57:03,486 softwaredb.py[line:122] INFO software_select end
2017-12-01 09:57:04,835 softwaredb.py[line:277] INFO host_select start
2017-12-01 09:57:04,836 softwaredb.py[line:278] INFO request: <WSGIRequest: GET '/app_cmdb/software/host_select?limit=5&offset=0&order=asc&id=6&_=1512093424772'>
2017-12-01 09:57:04,845 softwaredb.py[line:314] INFO host_select end
2017-12-01 09:57:06,282 softwaredb.py[line:218] INFO init_system_module_select start
2017-12-01 09:57:06,289 softwaredb.py[line:234] INFO init_system_module_select end
2017-12-01 09:57:06,349 softwaredb.py[line:63] INFO software_select start
2017-12-01 09:57:06,351 softwaredb.py[line:64] INFO request: <WSGIRequest: GET '/app_cmdb/software/select?limit=5&offset=0&order=asc&name=&description=&systemId=0&moduleId=0&_=1512093426208'>
2017-12-01 09:57:06,369 softwaredb.py[line:122] INFO software_select end
2017-12-01 09:57:07,638 softwaredb.py[line:277] INFO host_select start
2017-12-01 09:57:07,640 softwaredb.py[line:278] INFO request: <WSGIRequest: GET '/app_cmdb/software/host_select?limit=5&offset=0&order=asc&id=7&_=1512093427563'>
2017-12-01 09:57:07,647 softwaredb.py[line:314] INFO host_select end
2017-12-01 09:57:09,198 softwaredb.py[line:218] INFO init_system_module_select start
2017-12-01 09:57:09,207 softwaredb.py[line:234] INFO init_system_module_select end
2017-12-01 09:57:09,256 softwaredb.py[line:63] INFO software_select start
2017-12-01 09:57:09,256 softwaredb.py[line:64] INFO request: <WSGIRequest: GET '/app_cmdb/software/select?limit=5&offset=0&order=asc&name=&description=&systemId=0&moduleId=0&_=1512093429124'>
2017-12-01 09:57:09,275 softwaredb.py[line:122] INFO software_select end
2017-12-01 09:57:10,964 softwaredb.py[line:63] INFO software_select start
2017-12-01 09:57:10,966 softwaredb.py[line:64] INFO request: <WSGIRequest: GET '/app_cmdb/software/select?limit=5&offset=0&order=asc&name=&description=&systemId=0&moduleId=0&_=1512093429125'>
2017-12-01 09:57:10,983 softwaredb.py[line:122] INFO software_select end
2017-12-01 09:57:11,913 softwaredb.py[line:63] INFO software_select start
2017-12-01 09:57:11,914 softwaredb.py[line:64] INFO request: <WSGIRequest: GET '/app_cmdb/software/select?limit=5&offset=0&order=asc&name=&description=&systemId=0&moduleId=0&_=1512093429126'>
2017-12-01 09:57:11,928 softwaredb.py[line:122] INFO software_select end
2017-12-01 09:58:17,549 softwaredb.py[line:63] INFO software_select start
2017-12-01 09:58:17,549 softwaredb.py[line:64] INFO request: <WSGIRequest: GET '/app_cmdb/software/select?limit=5&offset=0&order=asc&name=&description=&moduleId=1&_=1512093497445'>
2017-12-01 09:58:17,565 softwaredb.py[line:122] INFO software_select end
2017-12-01 09:58:23,786 softwaredb.py[line:218] INFO init_system_module_select start
2017-12-01 09:58:23,792 softwaredb.py[line:234] INFO init_system_module_select end
2017-12-01 09:58:23,835 softwaredb.py[line:63] INFO software_select start
2017-12-01 09:58:23,835 softwaredb.py[line:64] INFO request: <WSGIRequest: GET '/app_cmdb/software/select?limit=5&offset=0&order=asc&name=&description=&systemId=0&moduleId=0&_=1512093503710'>
2017-12-01 09:58:23,861 softwaredb.py[line:122] INFO software_select end
2017-12-01 09:58:26,441 softwaredb.py[line:277] INFO host_select start
2017-12-01 09:58:26,443 softwaredb.py[line:278] INFO request: <WSGIRequest: GET '/app_cmdb/software/host_select?limit=5&offset=0&order=asc&id=1&_=1512093506359'>
2017-12-01 09:58:26,448 softwaredb.py[line:314] INFO host_select end
2017-12-01 09:58:28,168 softwaredb.py[line:218] INFO init_system_module_select start
2017-12-01 09:58:28,176 softwaredb.py[line:234] INFO init_system_module_select end
2017-12-01 09:58:28,223 softwaredb.py[line:63] INFO software_select start
2017-12-01 09:58:28,224 softwaredb.py[line:64] INFO request: <WSGIRequest: GET '/app_cmdb/software/select?limit=5&offset=0&order=asc&name=&description=&systemId=0&moduleId=0&_=1512093508091'>
2017-12-01 09:58:28,247 softwaredb.py[line:122] INFO software_select end
2017-12-01 10:12:09,305 softwaredb.py[line:218] INFO init_system_module_select start
2017-12-01 10:12:09,312 softwaredb.py[line:234] INFO init_system_module_select end
2017-12-01 10:12:09,369 softwaredb.py[line:63] INFO software_select start
2017-12-01 10:12:09,371 softwaredb.py[line:64] INFO request: <WSGIRequest: GET '/app_cmdb/software/select?limit=5&offset=0&order=asc&name=&description=&systemId=0&moduleId=0&_=1512094329203'>
2017-12-01 10:12:09,394 softwaredb.py[line:122] INFO software_select end
2017-12-01 10:12:26,263 softwaredb.py[line:218] INFO init_system_module_select start
2017-12-01 10:12:26,269 softwaredb.py[line:234] INFO init_system_module_select end
2017-12-01 10:12:27,270 softwaredb.py[line:63] INFO software_select start
2017-12-01 10:12:27,272 softwaredb.py[line:64] INFO request: <WSGIRequest: GET '/app_cmdb/software/select?limit=5&offset=0&order=asc&name=&description=&systemId=1&moduleId=0&_=1512094329204'>
2017-12-01 10:12:27,292 softwaredb.py[line:122] INFO software_select end
2017-12-01 10:12:29,384 softwaredb.py[line:218] INFO init_system_module_select start
2017-12-01 10:12:29,391 softwaredb.py[line:234] INFO init_system_module_select end
2017-12-01 10:12:30,155 softwaredb.py[line:63] INFO software_select start
2017-12-01 10:12:30,157 softwaredb.py[line:64] INFO request: <WSGIRequest: GET '/app_cmdb/software/select?limit=5&offset=0&order=asc&name=&description=&systemId=2&moduleId=0&_=1512094329205'>
2017-12-01 10:12:30,178 softwaredb.py[line:122] INFO software_select end
2017-12-01 10:12:34,582 softwaredb.py[line:218] INFO init_system_module_select start
2017-12-01 10:12:34,588 softwaredb.py[line:234] INFO init_system_module_select end
2017-12-01 10:12:38,328 softwaredb.py[line:63] INFO software_select start
2017-12-01 10:12:38,332 softwaredb.py[line:64] INFO request: <WSGIRequest: GET '/app_cmdb/software/select?limit=5&offset=0&order=asc&name=&description=&systemId=1&moduleId=0&_=1512094329206'>
2017-12-01 10:12:38,362 softwaredb.py[line:122] INFO software_select end
2017-12-01 10:12:43,592 softwaredb.py[line:277] INFO host_select start
2017-12-01 10:12:43,594 softwaredb.py[line:278] INFO request: <WSGIRequest: GET '/app_cmdb/software/host_select?limit=5&offset=0&order=asc&id=1&_=1512094363477'>
2017-12-01 10:12:43,601 softwaredb.py[line:314] INFO host_select end
2017-12-01 10:12:45,072 softwaredb.py[line:346] INFO init_cmdb_system end
2017-12-01 10:12:45,078 softwaredb.py[line:364] INFO init_cmdb_system end
2017-12-01 10:12:52,638 softwaredb.py[line:239] INFO host_add start
2017-12-01 10:12:52,638 softwaredb.py[line:240] INFO request: <WSGIRequest: POST '/app_cmdb/software/host_add'>
2017-12-01 10:12:52,640 softwaredb.py[line:250] INFO form:{'hostList': u'["10.200.86.172","10.200.86.173","10.200.86.174"]', 'id': u'1'}
2017-12-01 10:12:52,683 softwaredb.py[line:272] INFO host_add end
2017-12-01 10:12:52,709 softwaredb.py[line:277] INFO host_select start
2017-12-01 10:12:52,710 softwaredb.py[line:278] INFO request: <WSGIRequest: GET '/app_cmdb/software/host_select?limit=5&offset=0&order=asc&id=1&_=1512094363478'>
2017-12-01 10:12:52,724 softwaredb.py[line:314] INFO host_select end
2017-12-01 10:12:55,227 softwaredb.py[line:218] INFO init_system_module_select start
2017-12-01 10:12:55,236 softwaredb.py[line:234] INFO init_system_module_select end
2017-12-01 10:12:55,285 softwaredb.py[line:63] INFO software_select start
2017-12-01 10:12:55,285 softwaredb.py[line:64] INFO request: <WSGIRequest: GET '/app_cmdb/software/select?limit=5&offset=0&order=asc&name=&description=&systemId=0&moduleId=0&_=1512094375147'>
2017-12-01 10:12:55,306 softwaredb.py[line:122] INFO software_select end
2017-12-01 10:12:56,650 softwaredb.py[line:218] INFO init_system_module_select start
2017-12-01 10:12:56,660 softwaredb.py[line:234] INFO init_system_module_select end
2017-12-01 10:12:57,153 softwaredb.py[line:63] INFO software_select start
2017-12-01 10:12:57,154 softwaredb.py[line:64] INFO request: <WSGIRequest: GET '/app_cmdb/software/select?limit=5&offset=0&order=asc&name=&description=&systemId=1&moduleId=0&_=1512094375148'>
2017-12-01 10:12:57,188 softwaredb.py[line:122] INFO software_select end
2017-12-01 10:12:58,905 softwaredb.py[line:277] INFO host_select start
2017-12-01 10:12:58,907 softwaredb.py[line:278] INFO request: <WSGIRequest: GET '/app_cmdb/software/host_select?limit=5&offset=0&order=asc&id=2&_=1512094378845'>
2017-12-01 10:12:58,913 softwaredb.py[line:314] INFO host_select end
2017-12-01 10:13:00,161 softwaredb.py[line:346] INFO init_cmdb_system end
2017-12-01 10:13:00,167 softwaredb.py[line:364] INFO init_cmdb_system end
2017-12-01 10:13:06,973 softwaredb.py[line:239] INFO host_add start
2017-12-01 10:13:06,973 softwaredb.py[line:240] INFO request: <WSGIRequest: POST '/app_cmdb/software/host_add'>
2017-12-01 10:13:06,976 softwaredb.py[line:250] INFO form:{'hostList': u'["10.200.86.175","10.200.86.176"]', 'id': u'2'}
2017-12-01 10:13:07,009 softwaredb.py[line:272] INFO host_add end
2017-12-01 10:13:07,035 softwaredb.py[line:277] INFO host_select start
2017-12-01 10:13:07,036 softwaredb.py[line:278] INFO request: <WSGIRequest: GET '/app_cmdb/software/host_select?limit=5&offset=0&order=asc&id=2&_=1512094378846'>
2017-12-01 10:13:07,042 softwaredb.py[line:314] INFO host_select end
2017-12-01 10:13:09,229 softwaredb.py[line:218] INFO init_system_module_select start
2017-12-01 10:13:09,236 softwaredb.py[line:234] INFO init_system_module_select end
2017-12-01 10:13:09,289 softwaredb.py[line:63] INFO software_select start
2017-12-01 10:13:09,289 softwaredb.py[line:64] INFO request: <WSGIRequest: GET '/app_cmdb/software/select?limit=5&offset=0&order=asc&name=&description=&systemId=0&moduleId=0&_=1512094389153'>
2017-12-01 10:13:09,309 softwaredb.py[line:122] INFO software_select end
2017-12-01 10:13:11,503 softwaredb.py[line:218] INFO init_system_module_select start
2017-12-01 10:13:11,513 softwaredb.py[line:234] INFO init_system_module_select end
2017-12-01 10:13:11,918 softwaredb.py[line:63] INFO software_select start
2017-12-01 10:13:11,920 softwaredb.py[line:64] INFO request: <WSGIRequest: GET '/app_cmdb/software/select?limit=5&offset=0&order=asc&name=&description=&systemId=1&moduleId=0&_=1512094389154'>
2017-12-01 10:13:11,940 softwaredb.py[line:122] INFO software_select end
2017-12-01 10:13:16,052 softwaredb.py[line:127] INFO software_delete start
2017-12-01 10:13:16,053 softwaredb.py[line:128] INFO request: <WSGIRequest: POST '/app_cmdb/software/delete'>
2017-12-01 10:13:16,053 softwaredb.py[line:132] INFO form:{'id': u'7'}
2017-12-01 10:13:16,055 softwaredb.py[line:138] INFO delete id:7
2017-12-01 10:13:16,065 softwaredb.py[line:145] ERROR ("Cannot delete some instances of model 'T_SOFTWARE' because they are referenced through a protected foreign key: 'T_VERSION.SOFTWARE_ID'", [<T_VERSION: T_VERSION object>])
2017-12-01 10:13:16,066 softwaredb.py[line:148] INFO software_delete end
2017-12-01 10:13:16,105 softwaredb.py[line:63] INFO software_select start
2017-12-01 10:13:16,105 softwaredb.py[line:64] INFO request: <WSGIRequest: GET '/app_cmdb/software/select?limit=5&offset=0&order=asc&name=&description=&systemId=1&moduleId=0&_=1512094389155'>
2017-12-01 10:13:16,142 softwaredb.py[line:122] INFO software_select end
2017-12-01 10:13:25,994 softwaredb.py[line:277] INFO host_select start
2017-12-01 10:13:25,997 softwaredb.py[line:278] INFO request: <WSGIRequest: GET '/app_cmdb/software/host_select?limit=5&offset=0&order=asc&id=7&_=1512094405887'>
2017-12-01 10:13:26,003 softwaredb.py[line:314] INFO host_select end
2017-12-01 10:13:31,161 softwaredb.py[line:218] INFO init_system_module_select start
2017-12-01 10:13:31,167 softwaredb.py[line:234] INFO init_system_module_select end
2017-12-01 10:13:31,210 softwaredb.py[line:63] INFO software_select start
2017-12-01 10:13:31,213 softwaredb.py[line:64] INFO request: <WSGIRequest: GET '/app_cmdb/software/select?limit=5&offset=0&order=asc&name=&description=&systemId=0&moduleId=0&_=1512094411084'>
2017-12-01 10:13:31,237 softwaredb.py[line:122] INFO software_select end
2017-12-01 10:13:42,931 softwaredb.py[line:218] INFO init_system_module_select start
2017-12-01 10:13:42,938 softwaredb.py[line:234] INFO init_system_module_select end
2017-12-01 10:13:42,987 softwaredb.py[line:63] INFO software_select start
2017-12-01 10:13:42,989 softwaredb.py[line:64] INFO request: <WSGIRequest: GET '/app_cmdb/software/select?limit=5&offset=0&order=asc&name=&description=&systemId=0&moduleId=0&_=1512094422855'>
2017-12-01 10:13:43,009 softwaredb.py[line:122] INFO software_select end
2017-12-01 10:13:45,372 softwaredb.py[line:127] INFO software_delete start
2017-12-01 10:13:45,375 softwaredb.py[line:128] INFO request: <WSGIRequest: POST '/app_cmdb/software/delete'>
2017-12-01 10:13:45,375 softwaredb.py[line:132] INFO form:{'id': u'7'}
2017-12-01 10:13:45,378 softwaredb.py[line:138] INFO delete id:7
2017-12-01 10:13:45,394 softwaredb.py[line:148] INFO software_delete end
2017-12-01 10:13:45,424 softwaredb.py[line:63] INFO software_select start
2017-12-01 10:13:45,427 softwaredb.py[line:64] INFO request: <WSGIRequest: GET '/app_cmdb/software/select?limit=5&offset=0&order=asc&name=&description=&systemId=0&moduleId=0&_=1512094422856'>
2017-12-01 10:13:45,450 softwaredb.py[line:122] INFO software_select end
2017-12-01 10:13:48,686 softwaredb.py[line:218] INFO init_system_module_select start
2017-12-01 10:13:48,691 softwaredb.py[line:234] INFO init_system_module_select end
2017-12-01 10:13:49,240 softwaredb.py[line:63] INFO software_select start
2017-12-01 10:13:49,240 softwaredb.py[line:64] INFO request: <WSGIRequest: GET '/app_cmdb/software/select?limit=5&offset=0&order=asc&name=&description=&systemId=1&moduleId=0&_=1512094422857'>
2017-12-01 10:13:49,256 softwaredb.py[line:122] INFO software_select end
2017-12-01 10:13:51,703 softwaredb.py[line:218] INFO init_system_module_select start
2017-12-01 10:13:51,711 softwaredb.py[line:234] INFO init_system_module_select end
2017-12-01 10:13:52,196 softwaredb.py[line:63] INFO software_select start
2017-12-01 10:13:52,200 softwaredb.py[line:64] INFO request: <WSGIRequest: GET '/app_cmdb/software/select?limit=5&offset=0&order=asc&name=&description=&systemId=2&moduleId=0&_=1512094422858'>
2017-12-01 10:13:52,220 softwaredb.py[line:122] INFO software_select end
2017-12-01 10:13:53,792 softwaredb.py[line:277] INFO host_select start
2017-12-01 10:13:53,793 softwaredb.py[line:278] INFO request: <WSGIRequest: GET '/app_cmdb/software/host_select?limit=5&offset=0&order=asc&id=5&_=1512094433717'>
2017-12-01 10:13:53,801 softwaredb.py[line:314] INFO host_select end
2017-12-01 10:13:55,119 softwaredb.py[line:346] INFO init_cmdb_system end
2017-12-01 10:13:55,127 softwaredb.py[line:364] INFO init_cmdb_system end
2017-12-01 10:14:06,423 softwaredb.py[line:239] INFO host_add start
2017-12-01 10:14:06,423 softwaredb.py[line:240] INFO request: <WSGIRequest: POST '/app_cmdb/software/host_add'>
2017-12-01 10:14:06,423 softwaredb.py[line:250] INFO form:{'hostList': u'["10.200.86.177","10.200.86.178","10.200.86.179"]', 'id': u'5'}
2017-12-01 10:14:06,461 softwaredb.py[line:272] INFO host_add end
2017-12-01 10:14:06,489 softwaredb.py[line:277] INFO host_select start
2017-12-01 10:14:06,490 softwaredb.py[line:278] INFO request: <WSGIRequest: GET '/app_cmdb/software/host_select?limit=5&offset=0&order=asc&id=5&_=1512094433718'>
2017-12-01 10:14:06,496 softwaredb.py[line:314] INFO host_select end
2017-12-01 10:14:08,433 softwaredb.py[line:218] INFO init_system_module_select start
2017-12-01 10:14:08,440 softwaredb.py[line:234] INFO init_system_module_select end
2017-12-01 10:14:08,492 softwaredb.py[line:63] INFO software_select start
2017-12-01 10:14:08,493 softwaredb.py[line:64] INFO request: <WSGIRequest: GET '/app_cmdb/software/select?limit=5&offset=0&order=asc&name=&description=&systemId=0&moduleId=0&_=1512094448339'>
2017-12-01 10:14:08,515 softwaredb.py[line:122] INFO software_select end
2017-12-01 10:14:10,224 softwaredb.py[line:218] INFO init_system_module_select start
2017-12-01 10:14:10,233 softwaredb.py[line:234] INFO init_system_module_select end
2017-12-01 10:14:10,750 softwaredb.py[line:63] INFO software_select start
2017-12-01 10:14:10,750 softwaredb.py[line:64] INFO request: <WSGIRequest: GET '/app_cmdb/software/select?limit=5&offset=0&order=asc&name=&description=&systemId=2&moduleId=0&_=1512094448340'>
2017-12-01 10:14:10,773 softwaredb.py[line:122] INFO software_select end
2017-12-01 10:14:12,092 softwaredb.py[line:277] INFO host_select start
2017-12-01 10:14:12,096 softwaredb.py[line:278] INFO request: <WSGIRequest: GET '/app_cmdb/software/host_select?limit=5&offset=0&order=asc&id=6&_=1512094452007'>
2017-12-01 10:14:12,102 softwaredb.py[line:314] INFO host_select end
2017-12-01 10:14:12,862 softwaredb.py[line:346] INFO init_cmdb_system end
2017-12-01 10:14:12,871 softwaredb.py[line:364] INFO init_cmdb_system end
2017-12-01 10:14:19,135 softwaredb.py[line:239] INFO host_add start
2017-12-01 10:14:19,135 softwaredb.py[line:240] INFO request: <WSGIRequest: POST '/app_cmdb/software/host_add'>
2017-12-01 10:14:19,137 softwaredb.py[line:250] INFO form:{'hostList': u'["10.200.86.1710","10.200.86.1711","10.200.86.1712","10.200.86.1713","10.200.86.1714"]', 'id': u'6'}
2017-12-01 10:14:19,194 softwaredb.py[line:272] INFO host_add end
2017-12-01 10:14:19,217 softwaredb.py[line:277] INFO host_select start
2017-12-01 10:14:19,219 softwaredb.py[line:278] INFO request: <WSGIRequest: GET '/app_cmdb/software/host_select?limit=5&offset=0&order=asc&id=6&_=1512094452008'>
2017-12-01 10:14:19,226 softwaredb.py[line:314] INFO host_select end
2017-12-01 10:14:22,028 softwaredb.py[line:218] INFO init_system_module_select start
2017-12-01 10:14:22,036 softwaredb.py[line:234] INFO init_system_module_select end
2017-12-01 10:14:22,075 softwaredb.py[line:63] INFO software_select start
2017-12-01 10:14:22,075 softwaredb.py[line:64] INFO request: <WSGIRequest: GET '/app_cmdb/software/select?limit=5&offset=0&order=asc&name=&description=&systemId=0&moduleId=0&_=1512094461956'>
2017-12-01 10:14:22,098 softwaredb.py[line:122] INFO software_select end
2017-12-01 10:20:01,325 softwaredb.py[line:218] INFO init_system_module_select start
2017-12-01 10:20:01,334 softwaredb.py[line:234] INFO init_system_module_select end
2017-12-01 10:20:01,390 softwaredb.py[line:63] INFO software_select start
2017-12-01 10:20:01,391 softwaredb.py[line:64] INFO request: <WSGIRequest: GET '/app_cmdb/software/select?limit=5&offset=0&order=asc&name=&description=&systemId=0&moduleId=0&_=1512094801243'>
2017-12-01 10:20:01,410 softwaredb.py[line:122] INFO software_select end
