2017-12-18 16:10:54,325 moduledb.py[line:65] INFO module_select start
2017-12-18 16:10:54,326 moduledb.py[line:66] INFO request: <WSGIRequest: GET '/app_cmdb/module/select?limit=5&offset=0&order=asc&name=&description=&systemId=0&_=1513584654133'>
2017-12-18 16:10:54,348 moduledb.py[line:112] INFO module_select end
2017-12-18 16:13:09,773 moduledb.py[line:22] INFO module_add start
2017-12-18 16:13:09,773 moduledb.py[line:23] INFO request: <WSGIRequest: POST '/app_cmdb/module/add'>
2017-12-18 16:13:09,776 moduledb.py[line:60] INFO module_add end
2017-12-18 16:14:44,079 moduledb.py[line:67] INFO module_select start
2017-12-18 16:14:44,079 moduledb.py[line:68] INFO request: <WSGIRequest: GET '/app_cmdb/module/select?ordername=id&systemId=0&limit=5&order=asc&offset=0'>
2017-12-18 16:14:44,084 moduledb.py[line:114] INFO module_select end
2017-12-18 16:18:45,098 moduledb.py[line:121] INFO module_delete start
2017-12-18 16:18:45,098 moduledb.py[line:122] INFO request: <WSGIRequest: POST '/app_cmdb/module/delete'>
2017-12-18 16:18:45,098 moduledb.py[line:126] INFO form:{'id': u'2'}
2017-12-18 16:18:45,098 moduledb.py[line:132] INFO delete id:2
2017-12-18 16:18:45,102 moduledb.py[line:142] INFO module_delete end
2017-12-18 16:21:09,648 moduledb.py[line:174] INFO module_update start
2017-12-18 16:21:09,650 moduledb.py[line:175] INFO request: <WSGIRequest: POST '/app_cmdb/module/update'>
2017-12-18 16:21:09,654 moduledb.py[line:215] INFO update module:{'OWNER_NAME': u'jzyuan', 'CREATE_USER_ID': None, 'DESCRIPTION': u'test1', 'MODIFY_USER_ID': 288, 'NAME': u'test1', 'OWNER_PROJECT_ID': None, 'OWNER_ALL': False, 'SYSTEM_ID': 12, 'CREATE_USER_NAME': None, 'RESPONSIBLE_PERSON': u'1', u'id': 3L, 'OWNER_ID': 288}
2017-12-18 16:21:09,654 moduledb.py[line:224] INFO module_update end
2017-12-18 16:24:46,121 moduledb.py[line:67] INFO module_select start
2017-12-18 16:24:46,121 moduledb.py[line:68] INFO request: <WSGIRequest: GET '/app_cmdb/module/select?limit=5&offset=0&order=asc&name=&description=&systemId=1&_=1513585486046'>
2017-12-18 16:24:46,141 moduledb.py[line:114] INFO module_select end
2017-12-18 16:27:58,938 moduledb.py[line:149] INFO module_unwarp start
2017-12-18 16:27:58,938 moduledb.py[line:150] INFO request: <WSGIRequest: POST '/app_cmdb/module/unwarp'>
2017-12-18 16:27:58,940 moduledb.py[line:154] INFO form:{'id': u'4'}
2017-12-18 16:27:58,940 moduledb.py[line:160] INFO unwarp id:4
2017-12-18 16:27:58,941 moduledb.py[line:171] INFO module_unwarp end
2017-12-18 16:28:45,588 moduledb.py[line:22] INFO module_add start
2017-12-18 16:28:45,588 moduledb.py[line:23] INFO request: <WSGIRequest: POST '/app_cmdb/module/add'>
2017-12-18 16:28:45,591 moduledb.py[line:60] INFO module_add end
2017-12-18 16:28:45,622 moduledb.py[line:121] INFO module_delete start
2017-12-18 16:28:45,622 moduledb.py[line:122] INFO request: <WSGIRequest: POST '/app_cmdb/module/delete'>
2017-12-18 16:28:45,622 moduledb.py[line:126] INFO form:{'id': u'6'}
2017-12-18 16:28:45,622 moduledb.py[line:132] INFO delete id:6
2017-12-18 16:28:45,628 moduledb.py[line:142] INFO module_delete end
2017-12-18 16:28:45,657 moduledb.py[line:67] INFO module_select start
2017-12-18 16:28:45,657 moduledb.py[line:68] INFO request: <WSGIRequest: GET '/app_cmdb/module/select?ordername=id&systemId=0&limit=5&order=asc&offset=0'>
2017-12-18 16:28:45,661 moduledb.py[line:114] INFO module_select end
2017-12-18 16:28:45,696 moduledb.py[line:149] INFO module_unwarp start
2017-12-18 16:28:45,696 moduledb.py[line:150] INFO request: <WSGIRequest: POST '/app_cmdb/module/unwarp'>
2017-12-18 16:28:45,697 moduledb.py[line:154] INFO form:{'id': u'7'}
2017-12-18 16:28:45,697 moduledb.py[line:160] INFO unwarp id:7
2017-12-18 16:28:45,700 moduledb.py[line:171] INFO module_unwarp end
2017-12-18 16:28:45,736 moduledb.py[line:179] INFO module_update start
2017-12-18 16:28:45,736 moduledb.py[line:180] INFO request: <WSGIRequest: POST '/app_cmdb/module/update'>
2017-12-18 16:28:45,740 moduledb.py[line:220] INFO update module:{'OWNER_NAME': u'jzyuan', 'CREATE_USER_ID': None, 'DESCRIPTION': u'test1', 'MODIFY_USER_ID': 298, 'NAME': u'test1', 'OWNER_PROJECT_ID': None, 'OWNER_ALL': False, 'SYSTEM_ID': 18, 'CREATE_USER_NAME': None, 'RESPONSIBLE_PERSON': u'1', u'id': 8L, 'OWNER_ID': 298}
2017-12-18 16:28:45,742 moduledb.py[line:229] INFO module_update end
