2017-11-29 09:45:27,684 authoritydb.py[line:25] INFO login start
2017-11-29 09:45:27,696 authoritydb.py[line:258] INFO md5 start
2017-11-29 09:45:27,697 authoritydb.py[line:261] INFO md5 end
2017-11-29 09:45:27,747 authoritydb.py[line:57] INFO jzyuan登陆成功
2017-11-29 09:45:27,750 authoritydb.py[line:113] INFO login end
2017-11-29 09:45:28,619 authoritydb.py[line:721] INFO JobStatusStatics start
2017-11-29 09:45:28,772 authoritydb.py[line:799] INFO JobStatusStatics end
2017-11-29 10:13:44,464 authoritydb.py[line:360] INFO selectUser start
2017-11-29 10:13:44,470 authoritydb.py[line:413] INFO selectRole start
2017-11-29 10:13:44,482 authoritydb.py[line:450] INFO selectRole end
2017-11-29 10:13:44,494 authoritydb.py[line:406] INFO selectUser end
2017-11-29 14:02:58,565 authoritydb.py[line:25] INFO login start
2017-11-29 14:02:58,578 authoritydb.py[line:258] INFO md5 start
2017-11-29 14:02:58,578 authoritydb.py[line:261] INFO md5 end
2017-11-29 14:02:58,605 authoritydb.py[line:57] INFO jzyuan登陆成功
2017-11-29 14:02:58,605 authoritydb.py[line:113] INFO login end
2017-11-29 14:02:59,072 authoritydb.py[line:721] INFO JobStatusStatics start
2017-11-29 14:02:59,184 authoritydb.py[line:799] INFO JobStatusStatics end
2017-11-29 15:21:13,724 authoritydb.py[line:25] INFO login start
2017-11-29 15:21:13,734 authoritydb.py[line:258] INFO md5 start
2017-11-29 15:21:13,736 authoritydb.py[line:261] INFO md5 end
2017-11-29 15:21:13,770 authoritydb.py[line:57] INFO jzyuan登陆成功
2017-11-29 15:21:13,772 authoritydb.py[line:113] INFO login end
2017-11-29 15:21:14,605 authoritydb.py[line:721] INFO JobStatusStatics start
2017-11-29 15:21:14,727 authoritydb.py[line:799] INFO JobStatusStatics end
2017-11-29 15:24:34,628 authoritydb.py[line:25] INFO login start
2017-11-29 15:24:34,644 authoritydb.py[line:258] INFO md5 start
2017-11-29 15:24:34,644 authoritydb.py[line:261] INFO md5 end
2017-11-29 15:24:34,670 authoritydb.py[line:57] INFO jzyuan登陆成功
2017-11-29 15:24:34,671 authoritydb.py[line:113] INFO login end
2017-11-29 15:24:35,459 authoritydb.py[line:721] INFO JobStatusStatics start
2017-11-29 15:24:35,569 authoritydb.py[line:799] INFO JobStatusStatics end
2017-11-29 15:48:11,095 authoritydb.py[line:25] INFO login start
2017-11-29 15:48:11,107 authoritydb.py[line:258] INFO md5 start
2017-11-29 15:48:11,108 authoritydb.py[line:261] INFO md5 end
2017-11-29 15:48:11,141 authoritydb.py[line:57] INFO jzyuan登陆成功
2017-11-29 15:48:11,141 authoritydb.py[line:113] INFO login end
2017-11-29 15:48:11,967 authoritydb.py[line:721] INFO JobStatusStatics start
2017-11-29 15:48:12,105 authoritydb.py[line:799] INFO JobStatusStatics end
2017-11-29 15:49:20,520 authoritydb.py[line:25] INFO login start
2017-11-29 15:49:20,530 authoritydb.py[line:258] INFO md5 start
2017-11-29 15:49:20,530 authoritydb.py[line:261] INFO md5 end
2017-11-29 15:49:20,562 authoritydb.py[line:57] INFO jzyuan登陆成功
2017-11-29 15:49:20,562 authoritydb.py[line:113] INFO login end
2017-11-29 15:49:21,372 authoritydb.py[line:721] INFO JobStatusStatics start
2017-11-29 15:49:21,506 authoritydb.py[line:799] INFO JobStatusStatics end
2017-11-29 16:18:07,309 authoritydb.py[line:25] INFO login start
2017-11-29 16:18:07,322 authoritydb.py[line:258] INFO md5 start
2017-11-29 16:18:07,322 authoritydb.py[line:261] INFO md5 end
2017-11-29 16:18:07,368 authoritydb.py[line:57] INFO jzyuan登陆成功
2017-11-29 16:18:07,369 authoritydb.py[line:113] INFO login end
2017-11-29 16:18:08,201 authoritydb.py[line:721] INFO JobStatusStatics start
2017-11-29 16:18:08,321 authoritydb.py[line:799] INFO JobStatusStatics end
2017-11-29 17:25:31,779 authoritydb.py[line:25] INFO login start
2017-11-29 17:25:31,792 authoritydb.py[line:258] INFO md5 start
2017-11-29 17:25:31,792 authoritydb.py[line:261] INFO md5 end
2017-11-29 17:25:31,815 authoritydb.py[line:57] INFO jzyuan登陆成功
2017-11-29 17:25:31,815 authoritydb.py[line:113] INFO login end
2017-11-29 17:25:32,295 authoritydb.py[line:721] INFO JobStatusStatics start
2017-11-29 17:25:32,404 authoritydb.py[line:799] INFO JobStatusStatics end
