2017-12-18 14:18:47,648 authoritydb.py[line:27] INFO login start
2017-12-18 14:18:47,660 authoritydb.py[line:278] INFO md5 start
2017-12-18 14:18:47,661 authoritydb.py[line:281] INFO md5 end
2017-12-18 14:18:47,664 authoritydb.py[line:115] INFO login end
2017-12-18 14:18:53,272 authoritydb.py[line:27] INFO login start
2017-12-18 14:18:53,289 authoritydb.py[line:278] INFO md5 start
2017-12-18 14:18:53,289 authoritydb.py[line:281] INFO md5 end
2017-12-18 14:18:53,351 authoritydb.py[line:59] INFO jzyuan登陆成功
2017-12-18 14:18:53,351 authoritydb.py[line:115] INFO login end
2017-12-18 14:18:53,986 authoritydb.py[line:766] INFO JobStatusStatics start
2017-12-18 14:18:54,108 authoritydb.py[line:844] INFO JobStatusStatics end
2017-12-18 14:35:54,029 authoritydb.py[line:278] INFO md5 start
2017-12-18 14:35:54,029 authoritydb.py[line:281] INFO md5 end
2017-12-18 14:36:54,983 authoritydb.py[line:278] INFO md5 start
2017-12-18 14:36:54,984 authoritydb.py[line:281] INFO md5 end
2017-12-18 14:36:55,007 authoritydb.py[line:27] INFO login start
2017-12-18 14:36:55,009 authoritydb.py[line:278] INFO md5 start
2017-12-18 14:36:55,009 authoritydb.py[line:281] INFO md5 end
2017-12-18 14:36:55,016 authoritydb.py[line:59] INFO jzyuan登陆成功
2017-12-18 14:36:55,016 authoritydb.py[line:115] INFO login end
2017-12-18 14:38:06,565 authoritydb.py[line:278] INFO md5 start
2017-12-18 14:38:06,565 authoritydb.py[line:281] INFO md5 end
2017-12-18 14:38:06,657 authoritydb.py[line:322] INFO achieve loginCapcha start
2017-12-18 14:38:06,658 authoritydb.py[line:278] INFO md5 start
2017-12-18 14:38:06,658 authoritydb.py[line:281] INFO md5 end
2017-12-18 14:38:06,661 authoritydb.py[line:348] INFO achieve bind_mobile
2017-12-18 14:38:06,664 authoritydb.py[line:372] INFO verifyCode: 444546
2017-12-18 14:38:27,670 authoritydb.py[line:343] INFO achieve loginCapcha end
2017-12-18 14:39:12,691 authoritydb.py[line:278] INFO md5 start
2017-12-18 14:39:12,691 authoritydb.py[line:281] INFO md5 end
2017-12-18 14:39:12,782 authoritydb.py[line:322] INFO achieve loginCapcha start
2017-12-18 14:39:12,783 authoritydb.py[line:278] INFO md5 start
2017-12-18 14:39:12,783 authoritydb.py[line:281] INFO md5 end
2017-12-18 14:39:12,786 authoritydb.py[line:348] INFO achieve bind_mobile
2017-12-18 14:39:12,788 authoritydb.py[line:372] INFO verifyCode: 660402
2017-12-18 14:39:33,792 authoritydb.py[line:343] INFO achieve loginCapcha end
2017-12-18 14:39:33,802 authoritydb.py[line:27] INFO login start
2017-12-18 14:39:33,808 authoritydb.py[line:278] INFO md5 start
2017-12-18 14:39:33,809 authoritydb.py[line:281] INFO md5 end
2017-12-18 14:39:33,831 authoritydb.py[line:59] INFO jzyuan登陆成功
2017-12-18 14:39:33,831 authoritydb.py[line:115] INFO login end
2017-12-18 14:39:33,842 authoritydb.py[line:596] INFO addRole start
2017-12-18 14:39:33,845 authoritydb.py[line:606] INFO add role success
2017-12-18 14:39:33,845 authoritydb.py[line:611] INFO addRole end
2017-12-18 14:39:33,872 authoritydb.py[line:278] INFO md5 start
2017-12-18 14:39:33,872 authoritydb.py[line:281] INFO md5 end
2017-12-18 14:39:33,888 authoritydb.py[line:137] INFO checkUserName start
2017-12-18 14:39:33,891 authoritydb.py[line:143] INFO checkUserName end
2017-12-18 14:39:33,898 authoritydb.py[line:137] INFO checkUserName start
2017-12-18 14:39:33,901 authoritydb.py[line:146] INFO checkUserName end
2017-12-18 14:39:33,914 authoritydb.py[line:278] INFO md5 start
2017-12-18 14:39:33,914 authoritydb.py[line:281] INFO md5 end
2017-12-18 14:39:33,921 authoritydb.py[line:155] INFO checkUserQuestion start
2017-12-18 14:39:33,923 authoritydb.py[line:168] INFO checkUserQuestion end
2017-12-18 14:39:33,926 authoritydb.py[line:155] INFO checkUserQuestion start
2017-12-18 14:39:33,927 authoritydb.py[line:168] INFO checkUserQuestion end
2017-12-18 14:39:33,937 authoritydb.py[line:278] INFO md5 start
2017-12-18 14:39:33,937 authoritydb.py[line:281] INFO md5 end
2017-12-18 14:39:33,943 authoritydb.py[line:372] INFO verifyCode: 033971
2017-12-18 14:39:33,954 authoritydb.py[line:278] INFO md5 start
2017-12-18 14:39:33,956 authoritydb.py[line:281] INFO md5 end
2017-12-18 14:39:33,964 authoritydb.py[line:278] INFO md5 start
2017-12-18 14:39:33,964 authoritydb.py[line:281] INFO md5 end
2017-12-18 14:39:33,970 authoritydb.py[line:322] INFO achieve loginCapcha start
2017-12-18 14:39:33,971 authoritydb.py[line:278] INFO md5 start
2017-12-18 14:39:33,971 authoritydb.py[line:281] INFO md5 end
2017-12-18 14:39:33,973 authoritydb.py[line:348] INFO achieve bind_mobile
2017-12-18 14:39:33,976 authoritydb.py[line:372] INFO verifyCode: 650329
2017-12-18 14:39:54,980 authoritydb.py[line:343] INFO achieve loginCapcha end
2017-12-18 14:39:54,990 authoritydb.py[line:27] INFO login start
2017-12-18 14:39:54,996 authoritydb.py[line:278] INFO md5 start
2017-12-18 14:39:54,997 authoritydb.py[line:281] INFO md5 end
2017-12-18 14:39:55,013 authoritydb.py[line:59] INFO jzyuan登陆成功
2017-12-18 14:39:55,013 authoritydb.py[line:115] INFO login end
2017-12-18 14:39:55,023 authoritydb.py[line:488] INFO delete start
2017-12-18 14:39:55,028 authoritydb.py[line:508] INFO delete end
2017-12-18 14:39:55,036 authoritydb.py[line:488] INFO delete start
2017-12-18 14:39:55,036 authoritydb.py[line:499] INFO delete end because Supermaster cannot delete
2017-12-18 14:39:55,046 authoritydb.py[line:278] INFO md5 start
2017-12-18 14:39:55,046 authoritydb.py[line:281] INFO md5 end
2017-12-18 14:39:55,055 authoritydb.py[line:322] INFO achieve loginCapcha start
2017-12-18 14:39:55,056 authoritydb.py[line:278] INFO md5 start
2017-12-18 14:39:55,056 authoritydb.py[line:281] INFO md5 end
2017-12-18 14:39:55,058 authoritydb.py[line:348] INFO achieve bind_mobile
2017-12-18 14:39:55,061 authoritydb.py[line:372] INFO verifyCode: 912955
2017-12-18 14:40:16,062 authoritydb.py[line:343] INFO achieve loginCapcha end
2017-12-18 14:40:16,069 authoritydb.py[line:27] INFO login start
2017-12-18 14:40:16,073 authoritydb.py[line:278] INFO md5 start
2017-12-18 14:40:16,073 authoritydb.py[line:281] INFO md5 end
2017-12-18 14:40:16,088 authoritydb.py[line:59] INFO jzyuan登陆成功
2017-12-18 14:40:16,088 authoritydb.py[line:115] INFO login end
2017-12-18 14:40:16,104 authoritydb.py[line:619] INFO deleteRole start
2017-12-18 14:40:16,108 authoritydb.py[line:628] INFO deleteRole success
2017-12-18 14:40:16,108 authoritydb.py[line:633] INFO deleteRole end
2017-12-18 14:40:16,121 authoritydb.py[line:278] INFO md5 start
2017-12-18 14:40:16,121 authoritydb.py[line:281] INFO md5 end
2017-12-18 14:40:16,128 authoritydb.py[line:322] INFO achieve loginCapcha start
2017-12-18 14:40:16,128 authoritydb.py[line:278] INFO md5 start
2017-12-18 14:40:16,128 authoritydb.py[line:281] INFO md5 end
2017-12-18 14:40:16,130 authoritydb.py[line:348] INFO achieve bind_mobile
2017-12-18 14:40:16,131 authoritydb.py[line:372] INFO verifyCode: 274619
2017-12-18 14:40:37,135 authoritydb.py[line:343] INFO achieve loginCapcha end
2017-12-18 14:40:37,141 authoritydb.py[line:27] INFO login start
2017-12-18 14:40:37,144 authoritydb.py[line:278] INFO md5 start
2017-12-18 14:40:37,144 authoritydb.py[line:281] INFO md5 end
2017-12-18 14:40:37,157 authoritydb.py[line:59] INFO jzyuan登陆成功
2017-12-18 14:40:37,157 authoritydb.py[line:115] INFO login end
2017-12-18 14:40:37,167 authoritydb.py[line:278] INFO md5 start
2017-12-18 14:40:37,167 authoritydb.py[line:281] INFO md5 end
2017-12-18 14:40:37,177 authoritydb.py[line:322] INFO achieve loginCapcha start
2017-12-18 14:40:37,177 authoritydb.py[line:278] INFO md5 start
2017-12-18 14:40:37,177 authoritydb.py[line:281] INFO md5 end
2017-12-18 14:40:37,178 authoritydb.py[line:348] INFO achieve bind_mobile
2017-12-18 14:40:37,181 authoritydb.py[line:372] INFO verifyCode: 756890
2017-12-18 14:40:58,186 authoritydb.py[line:343] INFO achieve loginCapcha end
2017-12-18 14:40:58,216 authoritydb.py[line:278] INFO md5 start
2017-12-18 14:40:58,217 authoritydb.py[line:281] INFO md5 end
2017-12-18 14:40:58,242 authoritydb.py[line:278] INFO md5 start
2017-12-18 14:40:58,242 authoritydb.py[line:281] INFO md5 end
2017-12-18 14:40:58,257 authoritydb.py[line:176] INFO resetPasswordByEmail start
2017-12-18 14:40:58,262 authoritydb.py[line:184] INFO user exist
2017-12-18 14:40:58,263 authoritydb.py[line:278] INFO md5 start
2017-12-18 14:40:58,263 authoritydb.py[line:281] INFO md5 end
2017-12-18 14:40:58,263 authoritydb.py[line:189] INFO newPassword862520
2017-12-18 14:41:10,131 authoritydb.py[line:197] INFO jzyuanreset password success
2017-12-18 14:41:10,155 authoritydb.py[line:278] INFO md5 start
2017-12-18 14:41:10,155 authoritydb.py[line:281] INFO md5 end
2017-12-18 14:41:10,174 authoritydb.py[line:218] INFO resetPasswordByMobile start
2017-12-18 14:41:10,180 authoritydb.py[line:226] INFO resetPasswordByMobile user exist
2017-12-18 14:41:10,184 authoritydb.py[line:231] INFO resetPasswordByMobile is newPassword790567
2017-12-18 14:41:10,184 authoritydb.py[line:278] INFO md5 start
2017-12-18 14:41:10,186 authoritydb.py[line:281] INFO md5 end
2017-12-18 14:41:10,187 authoritydb.py[line:235] INFO content:【咪咕视讯】,重置密码:790567（切勿告诉他人)
2017-12-18 14:41:31,190 authoritydb.py[line:243] INFO jzyuanreset password success
2017-12-18 14:41:31,216 authoritydb.py[line:278] INFO md5 start
2017-12-18 14:41:31,217 authoritydb.py[line:281] INFO md5 end
2017-12-18 14:41:31,237 authoritydb.py[line:322] INFO achieve loginCapcha start
2017-12-18 14:41:31,240 authoritydb.py[line:278] INFO md5 start
2017-12-18 14:41:31,240 authoritydb.py[line:281] INFO md5 end
2017-12-18 14:41:31,244 authoritydb.py[line:348] INFO achieve bind_mobile
2017-12-18 14:41:31,249 authoritydb.py[line:372] INFO verifyCode: 201562
2017-12-18 14:41:52,252 authoritydb.py[line:343] INFO achieve loginCapcha end
2017-12-18 14:41:52,256 authoritydb.py[line:27] INFO login start
2017-12-18 14:41:52,259 authoritydb.py[line:278] INFO md5 start
2017-12-18 14:41:52,259 authoritydb.py[line:281] INFO md5 end
2017-12-18 14:41:52,269 authoritydb.py[line:59] INFO jzyuan登陆成功
2017-12-18 14:41:52,269 authoritydb.py[line:115] INFO login end
2017-12-18 14:41:52,276 authoritydb.py[line:518] INFO saveUser start
2017-12-18 14:41:52,279 authoritydb.py[line:278] INFO md5 start
2017-12-18 14:41:52,279 authoritydb.py[line:281] INFO md5 end
2017-12-18 14:41:52,280 authoritydb.py[line:553] INFO 添加用户成功
2017-12-18 14:41:52,280 authoritydb.py[line:558] INFO saveUser end
2017-12-18 14:41:52,293 authoritydb.py[line:278] INFO md5 start
2017-12-18 14:41:52,293 authoritydb.py[line:281] INFO md5 end
2017-12-18 14:41:52,302 authoritydb.py[line:322] INFO achieve loginCapcha start
2017-12-18 14:41:52,303 authoritydb.py[line:278] INFO md5 start
2017-12-18 14:41:52,303 authoritydb.py[line:281] INFO md5 end
2017-12-18 14:41:52,305 authoritydb.py[line:348] INFO achieve bind_mobile
2017-12-18 14:41:52,308 authoritydb.py[line:372] INFO verifyCode: 465796
2017-12-18 14:42:13,312 authoritydb.py[line:343] INFO achieve loginCapcha end
2017-12-18 14:42:13,322 authoritydb.py[line:27] INFO login start
2017-12-18 14:42:13,328 authoritydb.py[line:278] INFO md5 start
2017-12-18 14:42:13,328 authoritydb.py[line:281] INFO md5 end
2017-12-18 14:42:13,355 authoritydb.py[line:59] INFO jzyuan登陆成功
2017-12-18 14:42:13,355 authoritydb.py[line:115] INFO login end
2017-12-18 14:42:13,369 authoritydb.py[line:444] INFO selectRole start
2017-12-18 14:42:13,387 authoritydb.py[line:278] INFO md5 start
2017-12-18 14:42:13,387 authoritydb.py[line:281] INFO md5 end
2017-12-18 14:42:13,397 authoritydb.py[line:322] INFO achieve loginCapcha start
2017-12-18 14:42:13,398 authoritydb.py[line:278] INFO md5 start
2017-12-18 14:42:13,398 authoritydb.py[line:281] INFO md5 end
2017-12-18 14:42:13,398 authoritydb.py[line:348] INFO achieve bind_mobile
2017-12-18 14:42:13,401 authoritydb.py[line:372] INFO verifyCode: 968839
2017-12-18 14:42:34,404 authoritydb.py[line:343] INFO achieve loginCapcha end
2017-12-18 14:42:34,414 authoritydb.py[line:27] INFO login start
2017-12-18 14:42:34,420 authoritydb.py[line:278] INFO md5 start
2017-12-18 14:42:34,420 authoritydb.py[line:281] INFO md5 end
2017-12-18 14:42:34,437 authoritydb.py[line:59] INFO jzyuan登陆成功
2017-12-18 14:42:34,437 authoritydb.py[line:115] INFO login end
2017-12-18 14:42:34,448 authoritydb.py[line:390] INFO selectUser start
2017-12-18 14:42:34,457 authoritydb.py[line:435] INFO selectUser end
2017-12-18 14:42:34,473 authoritydb.py[line:278] INFO md5 start
2017-12-18 14:42:34,473 authoritydb.py[line:281] INFO md5 end
2017-12-18 14:42:34,482 authoritydb.py[line:322] INFO achieve loginCapcha start
2017-12-18 14:42:34,483 authoritydb.py[line:278] INFO md5 start
2017-12-18 14:42:34,483 authoritydb.py[line:281] INFO md5 end
2017-12-18 14:42:34,484 authoritydb.py[line:348] INFO achieve bind_mobile
2017-12-18 14:42:34,486 authoritydb.py[line:372] INFO verifyCode: 127811
2017-12-18 14:42:55,490 authoritydb.py[line:343] INFO achieve loginCapcha end
2017-12-18 14:42:55,493 authoritydb.py[line:27] INFO login start
2017-12-18 14:42:55,496 authoritydb.py[line:278] INFO md5 start
2017-12-18 14:42:55,496 authoritydb.py[line:281] INFO md5 end
2017-12-18 14:42:55,505 authoritydb.py[line:59] INFO jzyuan登陆成功
2017-12-18 14:42:55,505 authoritydb.py[line:115] INFO login end
2017-12-18 14:42:55,509 authoritydb.py[line:278] INFO md5 start
2017-12-18 14:42:55,510 authoritydb.py[line:281] INFO md5 end
2017-12-18 14:42:55,519 authoritydb.py[line:566] INFO updateUser start
2017-12-18 14:42:55,523 authoritydb.py[line:588] INFO updateUser end
2017-12-18 14:42:55,542 authoritydb.py[line:278] INFO md5 start
2017-12-18 14:42:55,542 authoritydb.py[line:281] INFO md5 end
2017-12-18 14:42:55,549 authoritydb.py[line:322] INFO achieve loginCapcha start
2017-12-18 14:42:55,549 authoritydb.py[line:278] INFO md5 start
2017-12-18 14:42:55,549 authoritydb.py[line:281] INFO md5 end
2017-12-18 14:42:55,551 authoritydb.py[line:348] INFO achieve bind_mobile
2017-12-18 14:42:55,552 authoritydb.py[line:372] INFO verifyCode: 662812
2017-12-18 14:43:16,555 authoritydb.py[line:343] INFO achieve loginCapcha end
2017-12-18 14:43:16,566 authoritydb.py[line:27] INFO login start
2017-12-18 14:43:16,572 authoritydb.py[line:278] INFO md5 start
2017-12-18 14:43:16,572 authoritydb.py[line:281] INFO md5 end
2017-12-18 14:43:16,589 authoritydb.py[line:59] INFO jzyuan登陆成功
2017-12-18 14:43:16,591 authoritydb.py[line:115] INFO login end
2017-12-18 14:43:16,599 authoritydb.py[line:290] INFO updatepassword start
2017-12-18 14:43:16,599 authoritydb.py[line:293] INFO jzyuanchangePassword
2017-12-18 14:43:16,601 authoritydb.py[line:278] INFO md5 start
2017-12-18 14:43:16,601 authoritydb.py[line:281] INFO md5 end
2017-12-18 14:43:16,604 authoritydb.py[line:295] INFO oldPassword right
2017-12-18 14:43:16,604 authoritydb.py[line:302] INFO newPassword =new_repassword
2017-12-18 14:43:16,605 authoritydb.py[line:278] INFO md5 start
2017-12-18 14:43:16,605 authoritydb.py[line:281] INFO md5 end
2017-12-18 14:45:20,400 authoritydb.py[line:278] INFO md5 start
2017-12-18 14:45:20,400 authoritydb.py[line:281] INFO md5 end
2017-12-18 14:45:20,427 authoritydb.py[line:27] INFO login start
2017-12-18 14:45:20,430 authoritydb.py[line:278] INFO md5 start
2017-12-18 14:45:20,430 authoritydb.py[line:281] INFO md5 end
2017-12-18 14:45:20,437 authoritydb.py[line:59] INFO jzyuan登陆成功
2017-12-18 14:45:20,437 authoritydb.py[line:115] INFO login end
2017-12-18 14:46:23,536 authoritydb.py[line:278] INFO md5 start
2017-12-18 14:46:23,536 authoritydb.py[line:281] INFO md5 end
2017-12-18 14:46:23,559 authoritydb.py[line:27] INFO login start
2017-12-18 14:46:23,562 authoritydb.py[line:278] INFO md5 start
2017-12-18 14:46:23,562 authoritydb.py[line:281] INFO md5 end
2017-12-18 14:46:23,569 authoritydb.py[line:59] INFO jzyuan登陆成功
2017-12-18 14:46:23,569 authoritydb.py[line:115] INFO login end
2017-12-18 14:46:54,775 authoritydb.py[line:278] INFO md5 start
2017-12-18 14:46:54,776 authoritydb.py[line:281] INFO md5 end
2017-12-18 14:46:54,805 authoritydb.py[line:27] INFO login start
2017-12-18 14:46:54,809 authoritydb.py[line:278] INFO md5 start
2017-12-18 14:46:54,809 authoritydb.py[line:281] INFO md5 end
2017-12-18 14:46:54,815 authoritydb.py[line:59] INFO jzyuan登陆成功
2017-12-18 14:46:54,815 authoritydb.py[line:115] INFO login end
2017-12-18 14:47:38,611 authoritydb.py[line:278] INFO md5 start
2017-12-18 14:47:38,611 authoritydb.py[line:281] INFO md5 end
2017-12-18 14:47:38,638 authoritydb.py[line:27] INFO login start
2017-12-18 14:47:38,641 authoritydb.py[line:278] INFO md5 start
2017-12-18 14:47:38,641 authoritydb.py[line:281] INFO md5 end
2017-12-18 14:47:38,651 authoritydb.py[line:59] INFO jzyuan登陆成功
2017-12-18 14:47:38,651 authoritydb.py[line:115] INFO login end
2017-12-18 14:58:28,142 authoritydb.py[line:278] INFO md5 start
2017-12-18 14:58:28,142 authoritydb.py[line:281] INFO md5 end
2017-12-18 14:58:28,170 authoritydb.py[line:27] INFO login start
2017-12-18 14:58:28,173 authoritydb.py[line:278] INFO md5 start
2017-12-18 14:58:28,174 authoritydb.py[line:281] INFO md5 end
2017-12-18 14:58:28,178 authoritydb.py[line:59] INFO jzyuan登陆成功
2017-12-18 14:58:28,178 authoritydb.py[line:115] INFO login end
2017-12-18 15:01:26,967 authoritydb.py[line:278] INFO md5 start
2017-12-18 15:01:26,967 authoritydb.py[line:281] INFO md5 end
2017-12-18 15:01:26,992 authoritydb.py[line:27] INFO login start
2017-12-18 15:01:26,994 authoritydb.py[line:278] INFO md5 start
2017-12-18 15:01:26,994 authoritydb.py[line:281] INFO md5 end
2017-12-18 15:01:27,000 authoritydb.py[line:59] INFO jzyuan登陆成功
2017-12-18 15:01:27,000 authoritydb.py[line:115] INFO login end
2017-12-18 15:04:54,950 authoritydb.py[line:278] INFO md5 start
2017-12-18 15:04:54,950 authoritydb.py[line:281] INFO md5 end
2017-12-18 15:04:54,979 authoritydb.py[line:27] INFO login start
2017-12-18 15:04:54,980 authoritydb.py[line:278] INFO md5 start
2017-12-18 15:04:54,980 authoritydb.py[line:281] INFO md5 end
2017-12-18 15:04:54,986 authoritydb.py[line:59] INFO jzyuan登陆成功
2017-12-18 15:04:54,986 authoritydb.py[line:115] INFO login end
2017-12-18 15:05:38,519 authoritydb.py[line:278] INFO md5 start
2017-12-18 15:05:38,519 authoritydb.py[line:281] INFO md5 end
2017-12-18 15:05:38,542 authoritydb.py[line:27] INFO login start
2017-12-18 15:05:38,543 authoritydb.py[line:278] INFO md5 start
2017-12-18 15:05:38,543 authoritydb.py[line:281] INFO md5 end
2017-12-18 15:05:38,551 authoritydb.py[line:59] INFO jzyuan登陆成功
2017-12-18 15:05:38,552 authoritydb.py[line:115] INFO login end
2017-12-18 15:09:12,711 authoritydb.py[line:278] INFO md5 start
2017-12-18 15:09:12,711 authoritydb.py[line:281] INFO md5 end
2017-12-18 15:09:12,739 authoritydb.py[line:27] INFO login start
2017-12-18 15:09:12,740 authoritydb.py[line:278] INFO md5 start
2017-12-18 15:09:12,740 authoritydb.py[line:281] INFO md5 end
2017-12-18 15:09:12,746 authoritydb.py[line:59] INFO jzyuan登陆成功
2017-12-18 15:09:12,746 authoritydb.py[line:115] INFO login end
2017-12-18 15:10:47,368 authoritydb.py[line:278] INFO md5 start
2017-12-18 15:10:47,368 authoritydb.py[line:281] INFO md5 end
2017-12-18 15:10:47,392 authoritydb.py[line:27] INFO login start
2017-12-18 15:10:47,394 authoritydb.py[line:278] INFO md5 start
2017-12-18 15:10:47,394 authoritydb.py[line:281] INFO md5 end
2017-12-18 15:10:47,401 authoritydb.py[line:59] INFO jzyuan登陆成功
2017-12-18 15:10:47,401 authoritydb.py[line:115] INFO login end
2017-12-18 15:16:08,308 authoritydb.py[line:278] INFO md5 start
2017-12-18 15:16:08,308 authoritydb.py[line:281] INFO md5 end
2017-12-18 15:16:08,335 authoritydb.py[line:27] INFO login start
2017-12-18 15:16:08,338 authoritydb.py[line:278] INFO md5 start
2017-12-18 15:16:08,338 authoritydb.py[line:281] INFO md5 end
2017-12-18 15:16:08,345 authoritydb.py[line:59] INFO jzyuan登陆成功
2017-12-18 15:16:08,345 authoritydb.py[line:115] INFO login end
2017-12-18 15:16:50,137 authoritydb.py[line:278] INFO md5 start
2017-12-18 15:16:50,137 authoritydb.py[line:281] INFO md5 end
2017-12-18 15:16:50,161 authoritydb.py[line:27] INFO login start
2017-12-18 15:16:50,164 authoritydb.py[line:278] INFO md5 start
2017-12-18 15:16:50,164 authoritydb.py[line:281] INFO md5 end
2017-12-18 15:16:50,170 authoritydb.py[line:59] INFO jzyuan登陆成功
2017-12-18 15:16:50,171 authoritydb.py[line:115] INFO login end
2017-12-18 15:20:04,381 authoritydb.py[line:278] INFO md5 start
2017-12-18 15:20:04,381 authoritydb.py[line:281] INFO md5 end
2017-12-18 15:20:04,410 authoritydb.py[line:27] INFO login start
2017-12-18 15:20:04,413 authoritydb.py[line:278] INFO md5 start
2017-12-18 15:20:04,413 authoritydb.py[line:281] INFO md5 end
2017-12-18 15:20:04,418 authoritydb.py[line:59] INFO jzyuan登陆成功
2017-12-18 15:20:04,418 authoritydb.py[line:115] INFO login end
2017-12-18 15:32:56,028 authoritydb.py[line:278] INFO md5 start
2017-12-18 15:32:56,028 authoritydb.py[line:281] INFO md5 end
2017-12-18 15:32:56,052 authoritydb.py[line:27] INFO login start
2017-12-18 15:32:56,055 authoritydb.py[line:278] INFO md5 start
2017-12-18 15:32:56,055 authoritydb.py[line:281] INFO md5 end
2017-12-18 15:32:56,061 authoritydb.py[line:59] INFO jzyuan登陆成功
2017-12-18 15:32:56,061 authoritydb.py[line:115] INFO login end
2017-12-18 15:33:15,158 authoritydb.py[line:278] INFO md5 start
2017-12-18 15:33:15,158 authoritydb.py[line:281] INFO md5 end
2017-12-18 15:33:15,184 authoritydb.py[line:27] INFO login start
2017-12-18 15:33:15,187 authoritydb.py[line:278] INFO md5 start
2017-12-18 15:33:15,187 authoritydb.py[line:281] INFO md5 end
2017-12-18 15:33:15,194 authoritydb.py[line:59] INFO jzyuan登陆成功
2017-12-18 15:33:15,194 authoritydb.py[line:115] INFO login end
2017-12-18 15:42:13,141 authoritydb.py[line:278] INFO md5 start
2017-12-18 15:42:13,141 authoritydb.py[line:281] INFO md5 end
2017-12-18 15:42:13,165 authoritydb.py[line:27] INFO login start
2017-12-18 15:42:13,167 authoritydb.py[line:278] INFO md5 start
2017-12-18 15:42:13,167 authoritydb.py[line:281] INFO md5 end
2017-12-18 15:42:13,176 authoritydb.py[line:59] INFO jzyuan登陆成功
2017-12-18 15:42:13,176 authoritydb.py[line:115] INFO login end
2017-12-18 16:10:46,825 authoritydb.py[line:27] INFO login start
2017-12-18 16:10:46,838 authoritydb.py[line:278] INFO md5 start
2017-12-18 16:10:46,838 authoritydb.py[line:281] INFO md5 end
2017-12-18 16:10:46,891 authoritydb.py[line:59] INFO jzyuan登陆成功
2017-12-18 16:10:46,892 authoritydb.py[line:115] INFO login end
2017-12-18 16:10:47,714 authoritydb.py[line:766] INFO JobStatusStatics start
2017-12-18 16:10:47,904 authoritydb.py[line:844] INFO JobStatusStatics end
2017-12-18 16:13:09,729 authoritydb.py[line:278] INFO md5 start
2017-12-18 16:13:09,729 authoritydb.py[line:281] INFO md5 end
2017-12-18 16:13:09,757 authoritydb.py[line:27] INFO login start
2017-12-18 16:13:09,759 authoritydb.py[line:278] INFO md5 start
2017-12-18 16:13:09,759 authoritydb.py[line:281] INFO md5 end
2017-12-18 16:13:09,766 authoritydb.py[line:59] INFO jzyuan登陆成功
2017-12-18 16:13:09,766 authoritydb.py[line:115] INFO login end
2017-12-18 16:14:44,039 authoritydb.py[line:278] INFO md5 start
2017-12-18 16:14:44,039 authoritydb.py[line:281] INFO md5 end
2017-12-18 16:14:44,062 authoritydb.py[line:27] INFO login start
2017-12-18 16:14:44,065 authoritydb.py[line:278] INFO md5 start
2017-12-18 16:14:44,065 authoritydb.py[line:281] INFO md5 end
2017-12-18 16:14:44,072 authoritydb.py[line:59] INFO jzyuan登陆成功
2017-12-18 16:14:44,072 authoritydb.py[line:115] INFO login end
2017-12-18 16:18:45,056 authoritydb.py[line:278] INFO md5 start
2017-12-18 16:18:45,056 authoritydb.py[line:281] INFO md5 end
2017-12-18 16:18:45,082 authoritydb.py[line:27] INFO login start
2017-12-18 16:18:45,085 authoritydb.py[line:278] INFO md5 start
2017-12-18 16:18:45,085 authoritydb.py[line:281] INFO md5 end
2017-12-18 16:18:45,091 authoritydb.py[line:59] INFO jzyuan登陆成功
2017-12-18 16:18:45,091 authoritydb.py[line:115] INFO login end
2017-12-18 16:21:09,605 authoritydb.py[line:278] INFO md5 start
2017-12-18 16:21:09,605 authoritydb.py[line:281] INFO md5 end
2017-12-18 16:21:09,630 authoritydb.py[line:27] INFO login start
2017-12-18 16:21:09,631 authoritydb.py[line:278] INFO md5 start
2017-12-18 16:21:09,631 authoritydb.py[line:281] INFO md5 end
2017-12-18 16:21:09,638 authoritydb.py[line:59] INFO jzyuan登陆成功
2017-12-18 16:21:09,640 authoritydb.py[line:115] INFO login end
2017-12-18 16:27:58,888 authoritydb.py[line:278] INFO md5 start
2017-12-18 16:27:58,888 authoritydb.py[line:281] INFO md5 end
2017-12-18 16:27:58,915 authoritydb.py[line:27] INFO login start
2017-12-18 16:27:58,917 authoritydb.py[line:278] INFO md5 start
2017-12-18 16:27:58,917 authoritydb.py[line:281] INFO md5 end
2017-12-18 16:27:58,927 authoritydb.py[line:59] INFO jzyuan登陆成功
2017-12-18 16:27:58,927 authoritydb.py[line:115] INFO login end
2017-12-18 16:28:45,401 authoritydb.py[line:278] INFO md5 start
2017-12-18 16:28:45,401 authoritydb.py[line:281] INFO md5 end
2017-12-18 16:28:45,426 authoritydb.py[line:27] INFO login start
2017-12-18 16:28:45,427 authoritydb.py[line:278] INFO md5 start
2017-12-18 16:28:45,427 authoritydb.py[line:281] INFO md5 end
2017-12-18 16:28:45,437 authoritydb.py[line:59] INFO jzyuan登陆成功
2017-12-18 16:28:45,437 authoritydb.py[line:115] INFO login end
2017-12-18 16:28:45,457 authoritydb.py[line:278] INFO md5 start
2017-12-18 16:28:45,457 authoritydb.py[line:281] INFO md5 end
2017-12-18 16:28:45,467 authoritydb.py[line:27] INFO login start
2017-12-18 16:28:45,469 authoritydb.py[line:278] INFO md5 start
2017-12-18 16:28:45,469 authoritydb.py[line:281] INFO md5 end
2017-12-18 16:28:45,474 authoritydb.py[line:59] INFO jzyuan登陆成功
2017-12-18 16:28:45,474 authoritydb.py[line:115] INFO login end
2017-12-18 16:28:45,500 authoritydb.py[line:278] INFO md5 start
2017-12-18 16:28:45,500 authoritydb.py[line:281] INFO md5 end
2017-12-18 16:28:45,506 authoritydb.py[line:27] INFO login start
2017-12-18 16:28:45,506 authoritydb.py[line:278] INFO md5 start
2017-12-18 16:28:45,506 authoritydb.py[line:281] INFO md5 end
2017-12-18 16:28:45,512 authoritydb.py[line:59] INFO jzyuan登陆成功
2017-12-18 16:28:45,512 authoritydb.py[line:115] INFO login end
2017-12-18 16:28:45,528 authoritydb.py[line:278] INFO md5 start
2017-12-18 16:28:45,528 authoritydb.py[line:281] INFO md5 end
2017-12-18 16:28:45,533 authoritydb.py[line:27] INFO login start
2017-12-18 16:28:45,536 authoritydb.py[line:278] INFO md5 start
2017-12-18 16:28:45,536 authoritydb.py[line:281] INFO md5 end
2017-12-18 16:28:45,540 authoritydb.py[line:59] INFO jzyuan登陆成功
2017-12-18 16:28:45,540 authoritydb.py[line:115] INFO login end
2017-12-18 16:28:45,566 authoritydb.py[line:278] INFO md5 start
2017-12-18 16:28:45,566 authoritydb.py[line:281] INFO md5 end
2017-12-18 16:28:45,572 authoritydb.py[line:27] INFO login start
2017-12-18 16:28:45,573 authoritydb.py[line:278] INFO md5 start
2017-12-18 16:28:45,573 authoritydb.py[line:281] INFO md5 end
2017-12-18 16:28:45,581 authoritydb.py[line:59] INFO jzyuan登陆成功
2017-12-18 16:28:45,581 authoritydb.py[line:115] INFO login end
2017-12-18 16:28:45,599 authoritydb.py[line:278] INFO md5 start
2017-12-18 16:28:45,599 authoritydb.py[line:281] INFO md5 end
2017-12-18 16:28:45,605 authoritydb.py[line:27] INFO login start
2017-12-18 16:28:45,607 authoritydb.py[line:278] INFO md5 start
2017-12-18 16:28:45,607 authoritydb.py[line:281] INFO md5 end
2017-12-18 16:28:45,614 authoritydb.py[line:59] INFO jzyuan登陆成功
2017-12-18 16:28:45,614 authoritydb.py[line:115] INFO login end
2017-12-18 16:28:45,638 authoritydb.py[line:278] INFO md5 start
2017-12-18 16:28:45,638 authoritydb.py[line:281] INFO md5 end
2017-12-18 16:28:45,644 authoritydb.py[line:27] INFO login start
2017-12-18 16:28:45,644 authoritydb.py[line:278] INFO md5 start
2017-12-18 16:28:45,644 authoritydb.py[line:281] INFO md5 end
2017-12-18 16:28:45,651 authoritydb.py[line:59] INFO jzyuan登陆成功
2017-12-18 16:28:45,651 authoritydb.py[line:115] INFO login end
2017-12-18 16:28:45,671 authoritydb.py[line:278] INFO md5 start
2017-12-18 16:28:45,671 authoritydb.py[line:281] INFO md5 end
2017-12-18 16:28:45,677 authoritydb.py[line:27] INFO login start
2017-12-18 16:28:45,678 authoritydb.py[line:278] INFO md5 start
2017-12-18 16:28:45,678 authoritydb.py[line:281] INFO md5 end
2017-12-18 16:28:45,687 authoritydb.py[line:59] INFO jzyuan登陆成功
2017-12-18 16:28:45,688 authoritydb.py[line:115] INFO login end
2017-12-18 16:28:45,709 authoritydb.py[line:278] INFO md5 start
2017-12-18 16:28:45,710 authoritydb.py[line:281] INFO md5 end
2017-12-18 16:28:45,717 authoritydb.py[line:27] INFO login start
2017-12-18 16:28:45,720 authoritydb.py[line:278] INFO md5 start
2017-12-18 16:28:45,720 authoritydb.py[line:281] INFO md5 end
2017-12-18 16:28:45,727 authoritydb.py[line:59] INFO jzyuan登陆成功
2017-12-18 16:28:45,727 authoritydb.py[line:115] INFO login end
