2017-12-15 09:45:00,854 authoritydb.py[line:278] INFO md5 start
2017-12-15 09:45:00,855 authoritydb.py[line:281] INFO md5 end
2017-12-15 09:45:00,858 authoritydb.py[line:278] INFO md5 start
2017-12-15 09:45:00,858 authoritydb.py[line:281] INFO md5 end
2017-12-15 09:45:00,966 authoritydb.py[line:137] INFO checkUserName start
2017-12-15 09:45:00,967 authoritydb.py[line:143] INFO checkUserName end
2017-12-15 09:45:00,970 authoritydb.py[line:137] INFO checkUserName start
2017-12-15 09:45:00,971 authoritydb.py[line:146] INFO checkUserName end
2017-12-15 09:45:00,979 authoritydb.py[line:278] INFO md5 start
2017-12-15 09:45:00,979 authoritydb.py[line:281] INFO md5 end
2017-12-15 09:45:00,983 authoritydb.py[line:278] INFO md5 start
2017-12-15 09:45:00,984 authoritydb.py[line:281] INFO md5 end
2017-12-15 09:45:00,986 authoritydb.py[line:278] INFO md5 start
2017-12-15 09:45:00,986 authoritydb.py[line:281] INFO md5 end
2017-12-15 09:45:00,990 authoritydb.py[line:278] INFO md5 start
2017-12-15 09:45:00,990 authoritydb.py[line:281] INFO md5 end
2017-12-15 09:45:00,992 authoritydb.py[line:278] INFO md5 start
2017-12-15 09:45:00,992 authoritydb.py[line:281] INFO md5 end
2017-12-15 09:45:00,993 authoritydb.py[line:278] INFO md5 start
2017-12-15 09:45:00,993 authoritydb.py[line:281] INFO md5 end
2017-12-15 09:45:00,994 authoritydb.py[line:278] INFO md5 start
2017-12-15 09:45:00,996 authoritydb.py[line:281] INFO md5 end
2017-12-15 09:45:00,996 authoritydb.py[line:278] INFO md5 start
2017-12-15 09:45:00,996 authoritydb.py[line:281] INFO md5 end
2017-12-15 09:45:00,999 authoritydb.py[line:278] INFO md5 start
2017-12-15 09:45:00,999 authoritydb.py[line:281] INFO md5 end
2017-12-15 09:45:01,000 authoritydb.py[line:278] INFO md5 start
2017-12-15 09:45:01,000 authoritydb.py[line:281] INFO md5 end
2017-12-15 09:45:01,003 authoritydb.py[line:278] INFO md5 start
2017-12-15 09:45:01,003 authoritydb.py[line:281] INFO md5 end
2017-12-15 09:46:54,447 authoritydb.py[line:278] INFO md5 start
2017-12-15 09:46:54,448 authoritydb.py[line:281] INFO md5 end
2017-12-15 09:46:54,450 authoritydb.py[line:278] INFO md5 start
2017-12-15 09:46:54,450 authoritydb.py[line:281] INFO md5 end
2017-12-15 09:46:54,461 authoritydb.py[line:278] INFO md5 start
2017-12-15 09:46:54,461 authoritydb.py[line:281] INFO md5 end
2017-12-15 09:46:54,463 authoritydb.py[line:278] INFO md5 start
2017-12-15 09:46:54,463 authoritydb.py[line:281] INFO md5 end
2017-12-15 09:46:54,466 authoritydb.py[line:278] INFO md5 start
2017-12-15 09:46:54,466 authoritydb.py[line:281] INFO md5 end
2017-12-15 09:46:54,467 authoritydb.py[line:278] INFO md5 start
2017-12-15 09:46:54,467 authoritydb.py[line:281] INFO md5 end
2017-12-15 09:46:54,469 authoritydb.py[line:278] INFO md5 start
2017-12-15 09:46:54,470 authoritydb.py[line:281] INFO md5 end
2017-12-15 09:46:54,470 authoritydb.py[line:278] INFO md5 start
2017-12-15 09:46:54,470 authoritydb.py[line:281] INFO md5 end
2017-12-15 09:46:54,473 authoritydb.py[line:278] INFO md5 start
2017-12-15 09:46:54,473 authoritydb.py[line:281] INFO md5 end
2017-12-15 09:46:54,476 authoritydb.py[line:278] INFO md5 start
2017-12-15 09:46:54,476 authoritydb.py[line:281] INFO md5 end
2017-12-15 09:46:54,477 authoritydb.py[line:278] INFO md5 start
2017-12-15 09:46:54,477 authoritydb.py[line:281] INFO md5 end
2017-12-15 09:46:54,479 authoritydb.py[line:278] INFO md5 start
2017-12-15 09:46:54,479 authoritydb.py[line:281] INFO md5 end
2017-12-15 09:46:54,480 authoritydb.py[line:278] INFO md5 start
2017-12-15 09:46:54,480 authoritydb.py[line:281] INFO md5 end
2017-12-15 10:13:25,375 authoritydb.py[line:278] INFO md5 start
2017-12-15 10:13:25,375 authoritydb.py[line:281] INFO md5 end
2017-12-15 10:13:25,394 authoritydb.py[line:278] INFO md5 start
2017-12-15 10:13:25,394 authoritydb.py[line:281] INFO md5 end
2017-12-15 10:13:25,479 authoritydb.py[line:155] INFO checkUserQuestion start
2017-12-15 10:13:25,480 authoritydb.py[line:168] INFO checkUserQuestion end
2017-12-15 10:13:25,482 authoritydb.py[line:155] INFO checkUserQuestion start
2017-12-15 10:13:25,483 authoritydb.py[line:168] INFO checkUserQuestion end
2017-12-15 10:13:25,490 authoritydb.py[line:278] INFO md5 start
2017-12-15 10:13:25,490 authoritydb.py[line:281] INFO md5 end
2017-12-15 10:13:25,494 authoritydb.py[line:372] INFO verifyCode: 039215
2017-12-15 10:13:25,500 authoritydb.py[line:278] INFO md5 start
2017-12-15 10:13:25,500 authoritydb.py[line:281] INFO md5 end
2017-12-15 10:13:46,523 authoritydb.py[line:278] INFO md5 start
2017-12-15 10:13:46,523 authoritydb.py[line:281] INFO md5 end
2017-12-15 10:13:46,543 authoritydb.py[line:322] INFO achieve loginCapcha start
2017-12-15 10:13:46,546 authoritydb.py[line:278] INFO md5 start
2017-12-15 10:13:46,546 authoritydb.py[line:281] INFO md5 end
2017-12-15 10:13:46,551 authoritydb.py[line:348] INFO achieve bind_mobile
2017-12-15 10:13:46,555 authoritydb.py[line:372] INFO verifyCode: 688766
2017-12-15 10:14:07,559 authoritydb.py[line:343] INFO achieve loginCapcha end
2017-12-15 10:14:07,572 authoritydb.py[line:27] INFO login start
2017-12-15 10:14:07,578 authoritydb.py[line:278] INFO md5 start
2017-12-15 10:14:07,578 authoritydb.py[line:281] INFO md5 end
2017-12-15 10:14:07,595 authoritydb.py[line:59] INFO jzyuan登陆成功
2017-12-15 10:14:07,595 authoritydb.py[line:115] INFO login end
2017-12-15 10:14:07,608 authoritydb.py[line:278] INFO md5 start
2017-12-15 10:14:07,608 authoritydb.py[line:281] INFO md5 end
2017-12-15 10:14:07,621 authoritydb.py[line:322] INFO achieve loginCapcha start
2017-12-15 10:14:07,622 authoritydb.py[line:278] INFO md5 start
2017-12-15 10:14:07,624 authoritydb.py[line:281] INFO md5 end
2017-12-15 10:14:07,625 authoritydb.py[line:348] INFO achieve bind_mobile
2017-12-15 10:14:07,630 authoritydb.py[line:372] INFO verifyCode: 219227
2017-12-15 10:14:28,631 authoritydb.py[line:343] INFO achieve loginCapcha end
2017-12-15 10:14:28,653 authoritydb.py[line:278] INFO md5 start
2017-12-15 10:14:28,653 authoritydb.py[line:281] INFO md5 end
2017-12-15 10:14:28,680 authoritydb.py[line:278] INFO md5 start
2017-12-15 10:14:28,680 authoritydb.py[line:281] INFO md5 end
2017-12-15 10:14:28,694 authoritydb.py[line:176] INFO resetPasswordByEmail start
2017-12-15 10:14:28,698 authoritydb.py[line:184] INFO user exist
2017-12-15 10:14:28,701 authoritydb.py[line:278] INFO md5 start
2017-12-15 10:14:28,701 authoritydb.py[line:281] INFO md5 end
2017-12-15 10:14:28,701 authoritydb.py[line:189] INFO newPassword241110
2017-12-15 10:14:40,568 authoritydb.py[line:197] INFO jzyuanreset password success
2017-12-15 10:14:40,582 authoritydb.py[line:278] INFO md5 start
2017-12-15 10:14:40,582 authoritydb.py[line:281] INFO md5 end
2017-12-15 10:14:40,594 authoritydb.py[line:218] INFO resetPasswordByMobile start
2017-12-15 10:14:40,596 authoritydb.py[line:226] INFO resetPasswordByMobile user exist
2017-12-15 10:14:40,598 authoritydb.py[line:231] INFO resetPasswordByMobile is newPassword892823
2017-12-15 10:14:40,598 authoritydb.py[line:278] INFO md5 start
2017-12-15 10:14:40,598 authoritydb.py[line:281] INFO md5 end
2017-12-15 10:14:40,601 authoritydb.py[line:235] INFO content:【咪咕视讯】,重置密码:892823（切勿告诉他人)
2017-12-15 10:15:01,604 authoritydb.py[line:243] INFO jzyuanreset password success
2017-12-15 10:15:01,627 authoritydb.py[line:278] INFO md5 start
2017-12-15 10:15:01,628 authoritydb.py[line:281] INFO md5 end
2017-12-15 10:15:01,651 authoritydb.py[line:322] INFO achieve loginCapcha start
2017-12-15 10:15:01,654 authoritydb.py[line:278] INFO md5 start
2017-12-15 10:15:01,654 authoritydb.py[line:281] INFO md5 end
2017-12-15 10:15:01,658 authoritydb.py[line:348] INFO achieve bind_mobile
2017-12-15 10:15:01,665 authoritydb.py[line:372] INFO verifyCode: 815177
2017-12-15 10:15:22,667 authoritydb.py[line:343] INFO achieve loginCapcha end
2017-12-15 10:15:22,677 authoritydb.py[line:27] INFO login start
2017-12-15 10:15:22,684 authoritydb.py[line:278] INFO md5 start
2017-12-15 10:15:22,684 authoritydb.py[line:281] INFO md5 end
2017-12-15 10:15:22,706 authoritydb.py[line:59] INFO jzyuan登陆成功
2017-12-15 10:15:22,707 authoritydb.py[line:115] INFO login end
2017-12-15 10:15:22,717 authoritydb.py[line:444] INFO selectRole start
2017-12-15 10:15:22,730 authoritydb.py[line:278] INFO md5 start
2017-12-15 10:15:22,730 authoritydb.py[line:281] INFO md5 end
2017-12-15 10:15:22,737 authoritydb.py[line:322] INFO achieve loginCapcha start
2017-12-15 10:15:22,739 authoritydb.py[line:278] INFO md5 start
2017-12-15 10:15:22,739 authoritydb.py[line:281] INFO md5 end
2017-12-15 10:15:22,740 authoritydb.py[line:348] INFO achieve bind_mobile
2017-12-15 10:15:22,742 authoritydb.py[line:372] INFO verifyCode: 540719
2017-12-15 10:15:43,744 authoritydb.py[line:343] INFO achieve loginCapcha end
2017-12-15 10:15:43,755 authoritydb.py[line:27] INFO login start
2017-12-15 10:15:43,760 authoritydb.py[line:278] INFO md5 start
2017-12-15 10:15:43,760 authoritydb.py[line:281] INFO md5 end
2017-12-15 10:15:43,776 authoritydb.py[line:59] INFO jzyuan登陆成功
2017-12-15 10:15:43,776 authoritydb.py[line:115] INFO login end
2017-12-15 10:15:43,788 authoritydb.py[line:390] INFO selectUser start
2017-12-15 10:15:43,796 authoritydb.py[line:435] INFO selectUser end
2017-12-15 10:15:43,805 authoritydb.py[line:278] INFO md5 start
2017-12-15 10:15:43,805 authoritydb.py[line:281] INFO md5 end
2017-12-15 10:15:43,815 authoritydb.py[line:322] INFO achieve loginCapcha start
2017-12-15 10:15:43,816 authoritydb.py[line:278] INFO md5 start
2017-12-15 10:15:43,816 authoritydb.py[line:281] INFO md5 end
2017-12-15 10:15:43,818 authoritydb.py[line:348] INFO achieve bind_mobile
2017-12-15 10:15:43,821 authoritydb.py[line:372] INFO verifyCode: 722916
2017-12-15 10:16:04,822 authoritydb.py[line:343] INFO achieve loginCapcha end
2017-12-15 10:16:04,832 authoritydb.py[line:27] INFO login start
2017-12-15 10:16:04,838 authoritydb.py[line:278] INFO md5 start
2017-12-15 10:16:04,838 authoritydb.py[line:281] INFO md5 end
2017-12-15 10:16:04,859 authoritydb.py[line:59] INFO jzyuan登陆成功
2017-12-15 10:16:04,859 authoritydb.py[line:115] INFO login end
2017-12-15 10:16:04,867 authoritydb.py[line:290] INFO updatepassword start
2017-12-15 10:16:04,867 authoritydb.py[line:293] INFO jzyuanchangePassword
2017-12-15 10:16:04,868 authoritydb.py[line:278] INFO md5 start
2017-12-15 10:16:04,868 authoritydb.py[line:281] INFO md5 end
2017-12-15 10:16:04,869 authoritydb.py[line:295] INFO oldPassword right
2017-12-15 10:16:04,871 authoritydb.py[line:302] INFO newPassword =new_repassword
2017-12-15 10:16:04,872 authoritydb.py[line:278] INFO md5 start
2017-12-15 10:16:04,872 authoritydb.py[line:281] INFO md5 end
2017-12-15 10:18:31,548 authoritydb.py[line:278] INFO md5 start
2017-12-15 10:18:31,549 authoritydb.py[line:281] INFO md5 end
2017-12-15 10:18:31,559 authoritydb.py[line:278] INFO md5 start
2017-12-15 10:18:31,559 authoritydb.py[line:281] INFO md5 end
2017-12-15 10:18:31,648 authoritydb.py[line:155] INFO checkUserQuestion start
2017-12-15 10:18:31,651 authoritydb.py[line:168] INFO checkUserQuestion end
2017-12-15 10:18:31,654 authoritydb.py[line:155] INFO checkUserQuestion start
2017-12-15 10:18:31,655 authoritydb.py[line:168] INFO checkUserQuestion end
2017-12-15 10:18:31,661 authoritydb.py[line:278] INFO md5 start
2017-12-15 10:18:31,661 authoritydb.py[line:281] INFO md5 end
2017-12-15 10:18:31,665 authoritydb.py[line:372] INFO verifyCode: 553986
2017-12-15 10:18:31,668 authoritydb.py[line:278] INFO md5 start
2017-12-15 10:18:31,670 authoritydb.py[line:281] INFO md5 end
2017-12-15 10:18:52,693 authoritydb.py[line:278] INFO md5 start
2017-12-15 10:18:52,694 authoritydb.py[line:281] INFO md5 end
2017-12-15 10:18:52,710 authoritydb.py[line:322] INFO achieve loginCapcha start
2017-12-15 10:18:52,710 authoritydb.py[line:278] INFO md5 start
2017-12-15 10:18:52,710 authoritydb.py[line:281] INFO md5 end
2017-12-15 10:18:52,713 authoritydb.py[line:348] INFO achieve bind_mobile
2017-12-15 10:18:52,717 authoritydb.py[line:372] INFO verifyCode: 526354
2017-12-15 10:19:13,721 authoritydb.py[line:343] INFO achieve loginCapcha end
2017-12-15 10:19:13,726 authoritydb.py[line:27] INFO login start
2017-12-15 10:19:13,730 authoritydb.py[line:278] INFO md5 start
2017-12-15 10:19:13,730 authoritydb.py[line:281] INFO md5 end
2017-12-15 10:19:13,739 authoritydb.py[line:59] INFO jzyuan登陆成功
2017-12-15 10:19:13,739 authoritydb.py[line:115] INFO login end
2017-12-15 10:19:50,403 authoritydb.py[line:278] INFO md5 start
2017-12-15 10:19:50,403 authoritydb.py[line:281] INFO md5 end
2017-12-15 10:19:50,413 authoritydb.py[line:278] INFO md5 start
2017-12-15 10:19:50,413 authoritydb.py[line:281] INFO md5 end
2017-12-15 10:19:50,500 authoritydb.py[line:155] INFO checkUserQuestion start
2017-12-15 10:19:50,503 authoritydb.py[line:168] INFO checkUserQuestion end
2017-12-15 10:19:50,503 authoritydb.py[line:155] INFO checkUserQuestion start
2017-12-15 10:19:50,506 authoritydb.py[line:168] INFO checkUserQuestion end
2017-12-15 10:19:50,513 authoritydb.py[line:278] INFO md5 start
2017-12-15 10:19:50,513 authoritydb.py[line:281] INFO md5 end
2017-12-15 10:19:50,517 authoritydb.py[line:372] INFO verifyCode: 549110
2017-12-15 10:19:50,523 authoritydb.py[line:278] INFO md5 start
2017-12-15 10:19:50,523 authoritydb.py[line:281] INFO md5 end
2017-12-15 10:19:50,528 authoritydb.py[line:322] INFO achieve loginCapcha start
2017-12-15 10:19:50,529 authoritydb.py[line:278] INFO md5 start
2017-12-15 10:19:50,529 authoritydb.py[line:281] INFO md5 end
2017-12-15 10:19:50,529 authoritydb.py[line:348] INFO achieve bind_mobile
2017-12-15 10:19:50,532 authoritydb.py[line:372] INFO verifyCode: 053308
2017-12-15 10:20:11,535 authoritydb.py[line:343] INFO achieve loginCapcha end
2017-12-15 10:20:11,545 authoritydb.py[line:27] INFO login start
2017-12-15 10:20:11,551 authoritydb.py[line:278] INFO md5 start
2017-12-15 10:20:11,552 authoritydb.py[line:281] INFO md5 end
2017-12-15 10:20:11,575 authoritydb.py[line:59] INFO jzyuan登陆成功
2017-12-15 10:20:11,575 authoritydb.py[line:115] INFO login end
2017-12-15 10:20:11,585 authoritydb.py[line:278] INFO md5 start
2017-12-15 10:20:11,585 authoritydb.py[line:281] INFO md5 end
2017-12-15 10:20:11,592 authoritydb.py[line:322] INFO achieve loginCapcha start
2017-12-15 10:20:11,594 authoritydb.py[line:278] INFO md5 start
2017-12-15 10:20:11,594 authoritydb.py[line:281] INFO md5 end
2017-12-15 10:20:11,595 authoritydb.py[line:348] INFO achieve bind_mobile
2017-12-15 10:20:11,598 authoritydb.py[line:372] INFO verifyCode: 305838
2017-12-15 10:20:32,602 authoritydb.py[line:343] INFO achieve loginCapcha end
2017-12-15 10:20:32,617 authoritydb.py[line:278] INFO md5 start
2017-12-15 10:20:32,617 authoritydb.py[line:281] INFO md5 end
2017-12-15 10:20:32,641 authoritydb.py[line:278] INFO md5 start
2017-12-15 10:20:32,641 authoritydb.py[line:281] INFO md5 end
2017-12-15 10:20:32,650 authoritydb.py[line:176] INFO resetPasswordByEmail start
2017-12-15 10:20:32,654 authoritydb.py[line:184] INFO user exist
2017-12-15 10:20:32,654 authoritydb.py[line:278] INFO md5 start
2017-12-15 10:20:32,655 authoritydb.py[line:281] INFO md5 end
2017-12-15 10:20:32,655 authoritydb.py[line:189] INFO newPassword680960
2017-12-15 10:20:44,525 authoritydb.py[line:197] INFO jzyuanreset password success
2017-12-15 10:20:44,539 authoritydb.py[line:278] INFO md5 start
2017-12-15 10:20:44,539 authoritydb.py[line:281] INFO md5 end
2017-12-15 10:20:44,556 authoritydb.py[line:218] INFO resetPasswordByMobile start
2017-12-15 10:20:44,559 authoritydb.py[line:226] INFO resetPasswordByMobile user exist
2017-12-15 10:20:44,562 authoritydb.py[line:231] INFO resetPasswordByMobile is newPassword237531
2017-12-15 10:20:44,562 authoritydb.py[line:278] INFO md5 start
2017-12-15 10:20:44,562 authoritydb.py[line:281] INFO md5 end
2017-12-15 10:20:44,565 authoritydb.py[line:235] INFO content:【咪咕视讯】,重置密码:237531（切勿告诉他人)
2017-12-15 10:21:05,568 authoritydb.py[line:243] INFO jzyuanreset password success
2017-12-15 10:21:05,582 authoritydb.py[line:278] INFO md5 start
2017-12-15 10:21:05,582 authoritydb.py[line:281] INFO md5 end
2017-12-15 10:21:05,601 authoritydb.py[line:322] INFO achieve loginCapcha start
2017-12-15 10:21:05,605 authoritydb.py[line:278] INFO md5 start
2017-12-15 10:21:05,605 authoritydb.py[line:281] INFO md5 end
2017-12-15 10:21:05,607 authoritydb.py[line:348] INFO achieve bind_mobile
2017-12-15 10:21:05,611 authoritydb.py[line:372] INFO verifyCode: 288133
2017-12-15 10:21:26,615 authoritydb.py[line:343] INFO achieve loginCapcha end
2017-12-15 10:21:26,625 authoritydb.py[line:27] INFO login start
2017-12-15 10:21:26,631 authoritydb.py[line:278] INFO md5 start
2017-12-15 10:21:26,632 authoritydb.py[line:281] INFO md5 end
2017-12-15 10:21:26,657 authoritydb.py[line:59] INFO jzyuan登陆成功
2017-12-15 10:21:26,657 authoritydb.py[line:115] INFO login end
2017-12-15 10:21:26,671 authoritydb.py[line:444] INFO selectRole start
2017-12-15 10:21:26,687 authoritydb.py[line:278] INFO md5 start
2017-12-15 10:21:26,687 authoritydb.py[line:281] INFO md5 end
2017-12-15 10:21:26,700 authoritydb.py[line:322] INFO achieve loginCapcha start
2017-12-15 10:21:26,701 authoritydb.py[line:278] INFO md5 start
2017-12-15 10:21:26,701 authoritydb.py[line:281] INFO md5 end
2017-12-15 10:21:26,703 authoritydb.py[line:348] INFO achieve bind_mobile
2017-12-15 10:21:26,706 authoritydb.py[line:372] INFO verifyCode: 027429
2017-12-15 10:21:47,709 authoritydb.py[line:343] INFO achieve loginCapcha end
2017-12-15 10:21:47,719 authoritydb.py[line:27] INFO login start
2017-12-15 10:21:47,726 authoritydb.py[line:278] INFO md5 start
2017-12-15 10:21:47,726 authoritydb.py[line:281] INFO md5 end
2017-12-15 10:21:47,750 authoritydb.py[line:59] INFO jzyuan登陆成功
2017-12-15 10:21:47,750 authoritydb.py[line:115] INFO login end
2017-12-15 10:21:47,767 authoritydb.py[line:390] INFO selectUser start
2017-12-15 10:21:47,779 authoritydb.py[line:435] INFO selectUser end
2017-12-15 10:21:47,796 authoritydb.py[line:278] INFO md5 start
2017-12-15 10:21:47,796 authoritydb.py[line:281] INFO md5 end
2017-12-15 10:21:47,805 authoritydb.py[line:322] INFO achieve loginCapcha start
2017-12-15 10:21:47,806 authoritydb.py[line:278] INFO md5 start
2017-12-15 10:21:47,806 authoritydb.py[line:281] INFO md5 end
2017-12-15 10:21:47,809 authoritydb.py[line:348] INFO achieve bind_mobile
2017-12-15 10:21:47,812 authoritydb.py[line:372] INFO verifyCode: 356181
2017-12-15 10:22:08,815 authoritydb.py[line:343] INFO achieve loginCapcha end
2017-12-15 10:22:08,825 authoritydb.py[line:27] INFO login start
2017-12-15 10:22:08,831 authoritydb.py[line:278] INFO md5 start
2017-12-15 10:22:08,831 authoritydb.py[line:281] INFO md5 end
2017-12-15 10:22:08,851 authoritydb.py[line:59] INFO jzyuan登陆成功
2017-12-15 10:22:08,851 authoritydb.py[line:115] INFO login end
2017-12-15 10:22:08,858 authoritydb.py[line:290] INFO updatepassword start
2017-12-15 10:22:08,858 authoritydb.py[line:293] INFO jzyuanchangePassword
2017-12-15 10:22:08,859 authoritydb.py[line:278] INFO md5 start
2017-12-15 10:22:08,859 authoritydb.py[line:281] INFO md5 end
2017-12-15 10:22:08,861 authoritydb.py[line:295] INFO oldPassword right
2017-12-15 10:22:08,861 authoritydb.py[line:302] INFO newPassword =new_repassword
2017-12-15 10:22:08,864 authoritydb.py[line:278] INFO md5 start
2017-12-15 10:22:08,865 authoritydb.py[line:281] INFO md5 end
2017-12-15 10:25:11,107 authoritydb.py[line:278] INFO md5 start
2017-12-15 10:25:11,107 authoritydb.py[line:281] INFO md5 end
2017-12-15 10:25:11,108 authoritydb.py[line:278] INFO md5 start
2017-12-15 10:25:11,108 authoritydb.py[line:281] INFO md5 end
2017-12-15 10:25:11,203 authoritydb.py[line:137] INFO checkUserName start
2017-12-15 10:25:11,204 authoritydb.py[line:143] INFO checkUserName end
2017-12-15 10:25:11,207 authoritydb.py[line:137] INFO checkUserName start
2017-12-15 10:25:11,207 authoritydb.py[line:146] INFO checkUserName end
2017-12-15 10:25:11,213 authoritydb.py[line:278] INFO md5 start
2017-12-15 10:25:11,213 authoritydb.py[line:281] INFO md5 end
2017-12-15 10:25:11,217 authoritydb.py[line:278] INFO md5 start
2017-12-15 10:25:11,217 authoritydb.py[line:281] INFO md5 end
2017-12-15 10:25:11,220 authoritydb.py[line:278] INFO md5 start
2017-12-15 10:25:11,220 authoritydb.py[line:281] INFO md5 end
2017-12-15 10:25:11,223 authoritydb.py[line:278] INFO md5 start
2017-12-15 10:25:11,223 authoritydb.py[line:281] INFO md5 end
2017-12-15 10:25:11,224 authoritydb.py[line:278] INFO md5 start
2017-12-15 10:25:11,224 authoritydb.py[line:281] INFO md5 end
2017-12-15 10:25:11,226 authoritydb.py[line:278] INFO md5 start
2017-12-15 10:25:11,226 authoritydb.py[line:281] INFO md5 end
2017-12-15 10:25:11,227 authoritydb.py[line:278] INFO md5 start
2017-12-15 10:25:11,227 authoritydb.py[line:281] INFO md5 end
2017-12-15 10:25:11,230 authoritydb.py[line:278] INFO md5 start
2017-12-15 10:25:11,230 authoritydb.py[line:281] INFO md5 end
2017-12-15 10:25:11,230 authoritydb.py[line:278] INFO md5 start
2017-12-15 10:25:11,230 authoritydb.py[line:281] INFO md5 end
2017-12-15 10:25:11,234 authoritydb.py[line:278] INFO md5 start
2017-12-15 10:25:11,234 authoritydb.py[line:281] INFO md5 end
2017-12-15 10:27:58,849 authoritydb.py[line:278] INFO md5 start
2017-12-15 10:27:58,849 authoritydb.py[line:281] INFO md5 end
2017-12-15 10:27:58,851 authoritydb.py[line:278] INFO md5 start
2017-12-15 10:27:58,851 authoritydb.py[line:281] INFO md5 end
2017-12-15 10:27:58,950 authoritydb.py[line:137] INFO checkUserName start
2017-12-15 10:27:58,950 authoritydb.py[line:143] INFO checkUserName end
2017-12-15 10:27:58,953 authoritydb.py[line:137] INFO checkUserName start
2017-12-15 10:27:58,954 authoritydb.py[line:146] INFO checkUserName end
2017-12-15 10:27:58,964 authoritydb.py[line:278] INFO md5 start
2017-12-15 10:27:58,964 authoritydb.py[line:281] INFO md5 end
2017-12-15 10:27:58,969 authoritydb.py[line:278] INFO md5 start
2017-12-15 10:27:58,970 authoritydb.py[line:281] INFO md5 end
2017-12-15 10:27:58,973 authoritydb.py[line:278] INFO md5 start
2017-12-15 10:27:58,973 authoritydb.py[line:281] INFO md5 end
2017-12-15 10:27:58,976 authoritydb.py[line:278] INFO md5 start
2017-12-15 10:27:58,976 authoritydb.py[line:281] INFO md5 end
2017-12-15 10:27:58,977 authoritydb.py[line:278] INFO md5 start
2017-12-15 10:27:58,977 authoritydb.py[line:281] INFO md5 end
2017-12-15 10:27:58,980 authoritydb.py[line:278] INFO md5 start
2017-12-15 10:27:58,980 authoritydb.py[line:281] INFO md5 end
2017-12-15 10:27:58,982 authoritydb.py[line:278] INFO md5 start
2017-12-15 10:27:58,982 authoritydb.py[line:281] INFO md5 end
2017-12-15 10:27:58,983 authoritydb.py[line:278] INFO md5 start
2017-12-15 10:27:58,983 authoritydb.py[line:281] INFO md5 end
2017-12-15 10:27:58,984 authoritydb.py[line:278] INFO md5 start
2017-12-15 10:27:58,986 authoritydb.py[line:281] INFO md5 end
2017-12-15 10:27:58,986 authoritydb.py[line:278] INFO md5 start
2017-12-15 10:27:58,986 authoritydb.py[line:281] INFO md5 end
2017-12-15 10:28:54,490 authoritydb.py[line:278] INFO md5 start
2017-12-15 10:28:54,490 authoritydb.py[line:281] INFO md5 end
2017-12-15 10:28:54,492 authoritydb.py[line:278] INFO md5 start
2017-12-15 10:28:54,492 authoritydb.py[line:281] INFO md5 end
2017-12-15 10:28:54,588 authoritydb.py[line:155] INFO checkUserQuestion start
2017-12-15 10:28:54,591 authoritydb.py[line:168] INFO checkUserQuestion end
2017-12-15 10:28:54,592 authoritydb.py[line:155] INFO checkUserQuestion start
2017-12-15 10:28:54,595 authoritydb.py[line:168] INFO checkUserQuestion end
2017-12-15 10:28:54,601 authoritydb.py[line:278] INFO md5 start
2017-12-15 10:28:54,601 authoritydb.py[line:281] INFO md5 end
2017-12-15 10:28:54,605 authoritydb.py[line:278] INFO md5 start
2017-12-15 10:28:54,605 authoritydb.py[line:281] INFO md5 end
2017-12-15 10:28:54,611 authoritydb.py[line:278] INFO md5 start
2017-12-15 10:28:54,611 authoritydb.py[line:281] INFO md5 end
2017-12-15 10:28:54,614 authoritydb.py[line:278] INFO md5 start
2017-12-15 10:28:54,615 authoritydb.py[line:281] INFO md5 end
2017-12-15 10:28:54,615 authoritydb.py[line:278] INFO md5 start
2017-12-15 10:28:54,617 authoritydb.py[line:281] INFO md5 end
2017-12-15 10:28:54,618 authoritydb.py[line:278] INFO md5 start
2017-12-15 10:28:54,618 authoritydb.py[line:281] INFO md5 end
2017-12-15 10:28:54,619 authoritydb.py[line:278] INFO md5 start
2017-12-15 10:28:54,621 authoritydb.py[line:281] INFO md5 end
2017-12-15 10:28:54,622 authoritydb.py[line:278] INFO md5 start
2017-12-15 10:28:54,622 authoritydb.py[line:281] INFO md5 end
2017-12-15 10:28:54,627 authoritydb.py[line:278] INFO md5 start
2017-12-15 10:28:54,627 authoritydb.py[line:281] INFO md5 end
2017-12-15 10:34:01,006 authoritydb.py[line:278] INFO md5 start
2017-12-15 10:34:01,006 authoritydb.py[line:281] INFO md5 end
2017-12-15 10:34:01,009 authoritydb.py[line:278] INFO md5 start
2017-12-15 10:34:01,009 authoritydb.py[line:281] INFO md5 end
2017-12-15 10:34:01,105 authoritydb.py[line:155] INFO checkUserQuestion start
2017-12-15 10:34:01,107 authoritydb.py[line:168] INFO checkUserQuestion end
2017-12-15 10:34:01,108 authoritydb.py[line:155] INFO checkUserQuestion start
2017-12-15 10:34:01,109 authoritydb.py[line:168] INFO checkUserQuestion end
2017-12-15 10:34:01,716 authoritydb.py[line:278] INFO md5 start
2017-12-15 10:34:01,716 authoritydb.py[line:281] INFO md5 end
2017-12-15 10:34:01,717 authoritydb.py[line:278] INFO md5 start
2017-12-15 10:34:01,717 authoritydb.py[line:281] INFO md5 end
2017-12-15 10:34:01,720 authoritydb.py[line:372] INFO verifyCode: 588000
2017-12-15 10:34:02,285 authoritydb.py[line:278] INFO md5 start
2017-12-15 10:34:02,285 authoritydb.py[line:281] INFO md5 end
2017-12-15 10:34:02,286 authoritydb.py[line:278] INFO md5 start
2017-12-15 10:34:02,286 authoritydb.py[line:281] INFO md5 end
2017-12-15 10:34:02,292 authoritydb.py[line:322] INFO achieve loginCapcha start
2017-12-15 10:34:02,292 authoritydb.py[line:278] INFO md5 start
2017-12-15 10:34:02,292 authoritydb.py[line:281] INFO md5 end
2017-12-15 10:34:02,292 authoritydb.py[line:348] INFO achieve bind_mobile
2017-12-15 10:34:02,295 authoritydb.py[line:372] INFO verifyCode: 719473
2017-12-15 10:34:23,299 authoritydb.py[line:343] INFO achieve loginCapcha end
2017-12-15 10:34:23,309 authoritydb.py[line:27] INFO login start
2017-12-15 10:34:23,316 authoritydb.py[line:278] INFO md5 start
2017-12-15 10:34:23,316 authoritydb.py[line:281] INFO md5 end
2017-12-15 10:34:23,358 authoritydb.py[line:59] INFO jzyuan登陆成功
2017-12-15 10:34:23,358 authoritydb.py[line:115] INFO login end
2017-12-15 10:34:23,960 authoritydb.py[line:278] INFO md5 start
2017-12-15 10:34:23,960 authoritydb.py[line:281] INFO md5 end
2017-12-15 10:34:23,960 authoritydb.py[line:278] INFO md5 start
2017-12-15 10:34:23,960 authoritydb.py[line:281] INFO md5 end
2017-12-15 10:34:23,966 authoritydb.py[line:322] INFO achieve loginCapcha start
2017-12-15 10:34:23,967 authoritydb.py[line:278] INFO md5 start
2017-12-15 10:34:23,967 authoritydb.py[line:281] INFO md5 end
2017-12-15 10:34:23,967 authoritydb.py[line:348] INFO achieve bind_mobile
2017-12-15 10:34:23,970 authoritydb.py[line:372] INFO verifyCode: 658288
2017-12-15 10:34:44,974 authoritydb.py[line:343] INFO achieve loginCapcha end
2017-12-15 10:34:45,596 authoritydb.py[line:278] INFO md5 start
2017-12-15 10:34:45,598 authoritydb.py[line:281] INFO md5 end
2017-12-15 10:34:45,599 authoritydb.py[line:278] INFO md5 start
2017-12-15 10:34:45,599 authoritydb.py[line:281] INFO md5 end
2017-12-15 10:34:46,141 authoritydb.py[line:278] INFO md5 start
2017-12-15 10:34:46,141 authoritydb.py[line:281] INFO md5 end
2017-12-15 10:34:46,142 authoritydb.py[line:278] INFO md5 start
2017-12-15 10:34:46,142 authoritydb.py[line:281] INFO md5 end
2017-12-15 10:34:46,147 authoritydb.py[line:176] INFO resetPasswordByEmail start
2017-12-15 10:34:46,148 authoritydb.py[line:184] INFO user exist
2017-12-15 10:34:46,150 authoritydb.py[line:278] INFO md5 start
2017-12-15 10:34:46,150 authoritydb.py[line:281] INFO md5 end
2017-12-15 10:34:46,150 authoritydb.py[line:189] INFO newPassword021161
2017-12-15 10:34:58,013 authoritydb.py[line:197] INFO jzyuanreset password success
2017-12-15 10:34:58,592 authoritydb.py[line:278] INFO md5 start
2017-12-15 10:34:58,592 authoritydb.py[line:281] INFO md5 end
2017-12-15 10:34:58,594 authoritydb.py[line:278] INFO md5 start
2017-12-15 10:34:58,595 authoritydb.py[line:281] INFO md5 end
2017-12-15 10:34:58,605 authoritydb.py[line:218] INFO resetPasswordByMobile start
2017-12-15 10:34:58,608 authoritydb.py[line:226] INFO resetPasswordByMobile user exist
2017-12-15 10:34:58,608 authoritydb.py[line:231] INFO resetPasswordByMobile is newPassword513246
2017-12-15 10:34:58,608 authoritydb.py[line:278] INFO md5 start
2017-12-15 10:34:58,608 authoritydb.py[line:281] INFO md5 end
2017-12-15 10:34:58,609 authoritydb.py[line:235] INFO content:【咪咕视讯】,重置密码:513246（切勿告诉他人)
2017-12-15 10:35:19,611 authoritydb.py[line:243] INFO jzyuanreset password success
2017-12-15 10:35:20,256 authoritydb.py[line:278] INFO md5 start
2017-12-15 10:35:20,256 authoritydb.py[line:281] INFO md5 end
2017-12-15 10:35:20,257 authoritydb.py[line:278] INFO md5 start
2017-12-15 10:35:20,257 authoritydb.py[line:281] INFO md5 end
2017-12-15 10:35:20,262 authoritydb.py[line:322] INFO achieve loginCapcha start
2017-12-15 10:35:20,262 authoritydb.py[line:278] INFO md5 start
2017-12-15 10:35:20,262 authoritydb.py[line:281] INFO md5 end
2017-12-15 10:35:20,263 authoritydb.py[line:348] INFO achieve bind_mobile
2017-12-15 10:35:20,266 authoritydb.py[line:372] INFO verifyCode: 083379
2017-12-15 10:35:41,267 authoritydb.py[line:343] INFO achieve loginCapcha end
2017-12-15 10:35:41,279 authoritydb.py[line:27] INFO login start
2017-12-15 10:35:41,285 authoritydb.py[line:278] INFO md5 start
2017-12-15 10:35:41,286 authoritydb.py[line:281] INFO md5 end
2017-12-15 10:35:41,322 authoritydb.py[line:59] INFO jzyuan登陆成功
2017-12-15 10:35:41,322 authoritydb.py[line:115] INFO login end
2017-12-15 10:35:41,339 authoritydb.py[line:444] INFO selectRole start
2017-12-15 10:35:41,951 authoritydb.py[line:278] INFO md5 start
2017-12-15 10:35:41,951 authoritydb.py[line:281] INFO md5 end
2017-12-15 10:35:41,953 authoritydb.py[line:278] INFO md5 start
2017-12-15 10:35:41,953 authoritydb.py[line:281] INFO md5 end
2017-12-15 10:35:41,966 authoritydb.py[line:322] INFO achieve loginCapcha start
2017-12-15 10:35:41,967 authoritydb.py[line:278] INFO md5 start
2017-12-15 10:35:41,967 authoritydb.py[line:281] INFO md5 end
2017-12-15 10:35:41,967 authoritydb.py[line:348] INFO achieve bind_mobile
2017-12-15 10:35:41,970 authoritydb.py[line:372] INFO verifyCode: 856429
2017-12-15 10:36:02,971 authoritydb.py[line:343] INFO achieve loginCapcha end
2017-12-15 10:36:02,980 authoritydb.py[line:27] INFO login start
2017-12-15 10:36:02,984 authoritydb.py[line:278] INFO md5 start
2017-12-15 10:36:02,984 authoritydb.py[line:281] INFO md5 end
2017-12-15 10:36:03,026 authoritydb.py[line:59] INFO jzyuan登陆成功
2017-12-15 10:36:03,026 authoritydb.py[line:115] INFO login end
2017-12-15 10:36:03,042 authoritydb.py[line:390] INFO selectUser start
2017-12-15 10:36:03,052 authoritydb.py[line:435] INFO selectUser end
2017-12-15 10:36:03,650 authoritydb.py[line:278] INFO md5 start
2017-12-15 10:36:03,650 authoritydb.py[line:281] INFO md5 end
2017-12-15 10:36:03,651 authoritydb.py[line:278] INFO md5 start
2017-12-15 10:36:03,651 authoritydb.py[line:281] INFO md5 end
2017-12-15 10:36:03,661 authoritydb.py[line:322] INFO achieve loginCapcha start
2017-12-15 10:36:03,663 authoritydb.py[line:278] INFO md5 start
2017-12-15 10:36:03,663 authoritydb.py[line:281] INFO md5 end
2017-12-15 10:36:03,664 authoritydb.py[line:348] INFO achieve bind_mobile
2017-12-15 10:36:03,667 authoritydb.py[line:372] INFO verifyCode: 255984
2017-12-15 10:36:24,671 authoritydb.py[line:343] INFO achieve loginCapcha end
2017-12-15 10:36:24,681 authoritydb.py[line:27] INFO login start
2017-12-15 10:36:24,687 authoritydb.py[line:278] INFO md5 start
2017-12-15 10:36:24,687 authoritydb.py[line:281] INFO md5 end
2017-12-15 10:36:24,716 authoritydb.py[line:59] INFO jzyuan登陆成功
2017-12-15 10:36:24,716 authoritydb.py[line:115] INFO login end
2017-12-15 10:36:24,721 authoritydb.py[line:290] INFO updatepassword start
2017-12-15 10:36:24,721 authoritydb.py[line:293] INFO jzyuanchangePassword
2017-12-15 10:36:24,723 authoritydb.py[line:278] INFO md5 start
2017-12-15 10:36:24,723 authoritydb.py[line:281] INFO md5 end
2017-12-15 10:36:24,723 authoritydb.py[line:295] INFO oldPassword right
2017-12-15 10:36:24,723 authoritydb.py[line:302] INFO newPassword =new_repassword
2017-12-15 10:36:24,724 authoritydb.py[line:278] INFO md5 start
2017-12-15 10:36:24,726 authoritydb.py[line:281] INFO md5 end
2017-12-15 10:36:59,927 authoritydb.py[line:278] INFO md5 start
2017-12-15 10:36:59,927 authoritydb.py[line:281] INFO md5 end
2017-12-15 10:36:59,928 authoritydb.py[line:278] INFO md5 start
2017-12-15 10:36:59,928 authoritydb.py[line:281] INFO md5 end
2017-12-15 10:37:00,022 authoritydb.py[line:155] INFO checkUserQuestion start
2017-12-15 10:37:00,023 authoritydb.py[line:168] INFO checkUserQuestion end
2017-12-15 10:37:00,026 authoritydb.py[line:155] INFO checkUserQuestion start
2017-12-15 10:37:00,026 authoritydb.py[line:168] INFO checkUserQuestion end
2017-12-15 10:37:00,585 authoritydb.py[line:278] INFO md5 start
2017-12-15 10:37:00,585 authoritydb.py[line:281] INFO md5 end
2017-12-15 10:37:00,586 authoritydb.py[line:278] INFO md5 start
2017-12-15 10:37:00,586 authoritydb.py[line:281] INFO md5 end
2017-12-15 10:37:00,592 authoritydb.py[line:372] INFO verifyCode: 673382
2017-12-15 10:37:01,138 authoritydb.py[line:278] INFO md5 start
2017-12-15 10:37:01,138 authoritydb.py[line:281] INFO md5 end
2017-12-15 10:37:01,140 authoritydb.py[line:278] INFO md5 start
2017-12-15 10:37:01,140 authoritydb.py[line:281] INFO md5 end
2017-12-15 10:37:01,145 authoritydb.py[line:322] INFO achieve loginCapcha start
2017-12-15 10:37:01,147 authoritydb.py[line:278] INFO md5 start
2017-12-15 10:37:01,147 authoritydb.py[line:281] INFO md5 end
2017-12-15 10:37:01,148 authoritydb.py[line:348] INFO achieve bind_mobile
2017-12-15 10:37:01,150 authoritydb.py[line:372] INFO verifyCode: 858833
2017-12-15 10:37:22,153 authoritydb.py[line:343] INFO achieve loginCapcha end
2017-12-15 10:37:22,157 authoritydb.py[line:27] INFO login start
2017-12-15 10:37:22,161 authoritydb.py[line:278] INFO md5 start
2017-12-15 10:37:22,161 authoritydb.py[line:281] INFO md5 end
2017-12-15 10:37:22,180 authoritydb.py[line:59] INFO jzyuan登陆成功
2017-12-15 10:37:22,180 authoritydb.py[line:115] INFO login end
2017-12-15 10:37:22,868 authoritydb.py[line:278] INFO md5 start
2017-12-15 10:37:22,868 authoritydb.py[line:281] INFO md5 end
2017-12-15 10:37:22,869 authoritydb.py[line:278] INFO md5 start
2017-12-15 10:37:22,869 authoritydb.py[line:281] INFO md5 end
2017-12-15 10:37:22,875 authoritydb.py[line:322] INFO achieve loginCapcha start
2017-12-15 10:37:22,875 authoritydb.py[line:278] INFO md5 start
2017-12-15 10:37:22,875 authoritydb.py[line:281] INFO md5 end
2017-12-15 10:37:22,878 authoritydb.py[line:348] INFO achieve bind_mobile
2017-12-15 10:37:22,880 authoritydb.py[line:372] INFO verifyCode: 313441
2017-12-15 10:37:43,885 authoritydb.py[line:343] INFO achieve loginCapcha end
2017-12-15 10:37:44,522 authoritydb.py[line:278] INFO md5 start
2017-12-15 10:37:44,522 authoritydb.py[line:281] INFO md5 end
2017-12-15 10:37:44,523 authoritydb.py[line:278] INFO md5 start
2017-12-15 10:37:44,523 authoritydb.py[line:281] INFO md5 end
2017-12-15 10:37:45,092 authoritydb.py[line:278] INFO md5 start
2017-12-15 10:37:45,094 authoritydb.py[line:281] INFO md5 end
2017-12-15 10:37:45,095 authoritydb.py[line:278] INFO md5 start
2017-12-15 10:37:45,095 authoritydb.py[line:281] INFO md5 end
2017-12-15 10:37:45,099 authoritydb.py[line:176] INFO resetPasswordByEmail start
2017-12-15 10:37:45,102 authoritydb.py[line:184] INFO user exist
2017-12-15 10:37:45,104 authoritydb.py[line:278] INFO md5 start
2017-12-15 10:37:45,104 authoritydb.py[line:281] INFO md5 end
2017-12-15 10:37:45,104 authoritydb.py[line:189] INFO newPassword145471
2017-12-15 10:37:45,933 authoritydb.py[line:197] INFO jzyuanreset password success
2017-12-15 10:37:46,576 authoritydb.py[line:278] INFO md5 start
2017-12-15 10:37:46,576 authoritydb.py[line:281] INFO md5 end
2017-12-15 10:37:46,578 authoritydb.py[line:278] INFO md5 start
2017-12-15 10:37:46,578 authoritydb.py[line:281] INFO md5 end
2017-12-15 10:37:46,584 authoritydb.py[line:218] INFO resetPasswordByMobile start
2017-12-15 10:37:46,585 authoritydb.py[line:226] INFO resetPasswordByMobile user exist
2017-12-15 10:37:46,586 authoritydb.py[line:231] INFO resetPasswordByMobile is newPassword192035
2017-12-15 10:37:46,586 authoritydb.py[line:278] INFO md5 start
2017-12-15 10:37:46,586 authoritydb.py[line:281] INFO md5 end
2017-12-15 10:37:46,588 authoritydb.py[line:235] INFO content:【咪咕视讯】,重置密码:192035（切勿告诉他人)
2017-12-15 10:38:07,591 authoritydb.py[line:243] INFO jzyuanreset password success
2017-12-15 10:38:08,232 authoritydb.py[line:278] INFO md5 start
2017-12-15 10:38:08,232 authoritydb.py[line:281] INFO md5 end
2017-12-15 10:38:08,233 authoritydb.py[line:278] INFO md5 start
2017-12-15 10:38:08,233 authoritydb.py[line:281] INFO md5 end
2017-12-15 10:38:08,243 authoritydb.py[line:322] INFO achieve loginCapcha start
2017-12-15 10:38:08,243 authoritydb.py[line:278] INFO md5 start
2017-12-15 10:38:08,243 authoritydb.py[line:281] INFO md5 end
2017-12-15 10:38:08,244 authoritydb.py[line:348] INFO achieve bind_mobile
2017-12-15 10:38:08,247 authoritydb.py[line:372] INFO verifyCode: 731475
2017-12-15 10:38:29,253 authoritydb.py[line:343] INFO achieve loginCapcha end
2017-12-15 10:38:29,263 authoritydb.py[line:27] INFO login start
2017-12-15 10:38:29,270 authoritydb.py[line:278] INFO md5 start
2017-12-15 10:38:29,270 authoritydb.py[line:281] INFO md5 end
2017-12-15 10:38:29,323 authoritydb.py[line:59] INFO jzyuan登陆成功
2017-12-15 10:38:29,323 authoritydb.py[line:115] INFO login end
2017-12-15 10:38:29,338 authoritydb.py[line:444] INFO selectRole start
2017-12-15 10:38:29,884 authoritydb.py[line:278] INFO md5 start
2017-12-15 10:38:29,884 authoritydb.py[line:281] INFO md5 end
2017-12-15 10:38:29,884 authoritydb.py[line:278] INFO md5 start
2017-12-15 10:38:29,884 authoritydb.py[line:281] INFO md5 end
2017-12-15 10:38:29,898 authoritydb.py[line:322] INFO achieve loginCapcha start
2017-12-15 10:38:29,898 authoritydb.py[line:278] INFO md5 start
2017-12-15 10:38:29,898 authoritydb.py[line:281] INFO md5 end
2017-12-15 10:38:29,900 authoritydb.py[line:348] INFO achieve bind_mobile
2017-12-15 10:38:29,903 authoritydb.py[line:372] INFO verifyCode: 037304
2017-12-15 10:38:50,904 authoritydb.py[line:343] INFO achieve loginCapcha end
2017-12-15 10:38:50,914 authoritydb.py[line:27] INFO login start
2017-12-15 10:38:50,921 authoritydb.py[line:278] INFO md5 start
2017-12-15 10:38:50,921 authoritydb.py[line:281] INFO md5 end
2017-12-15 10:38:50,953 authoritydb.py[line:59] INFO jzyuan登陆成功
2017-12-15 10:38:50,953 authoritydb.py[line:115] INFO login end
2017-12-15 10:38:50,960 authoritydb.py[line:390] INFO selectUser start
2017-12-15 10:38:50,966 authoritydb.py[line:435] INFO selectUser end
2017-12-15 10:38:51,512 authoritydb.py[line:278] INFO md5 start
2017-12-15 10:38:51,512 authoritydb.py[line:281] INFO md5 end
2017-12-15 10:38:51,515 authoritydb.py[line:278] INFO md5 start
2017-12-15 10:38:51,515 authoritydb.py[line:281] INFO md5 end
2017-12-15 10:38:51,526 authoritydb.py[line:322] INFO achieve loginCapcha start
2017-12-15 10:38:51,526 authoritydb.py[line:278] INFO md5 start
2017-12-15 10:38:51,528 authoritydb.py[line:281] INFO md5 end
2017-12-15 10:38:51,529 authoritydb.py[line:348] INFO achieve bind_mobile
2017-12-15 10:38:51,529 authoritydb.py[line:372] INFO verifyCode: 639779
2017-12-15 10:39:12,532 authoritydb.py[line:343] INFO achieve loginCapcha end
2017-12-15 10:39:12,542 authoritydb.py[line:27] INFO login start
2017-12-15 10:39:12,548 authoritydb.py[line:278] INFO md5 start
2017-12-15 10:39:12,548 authoritydb.py[line:281] INFO md5 end
2017-12-15 10:39:12,601 authoritydb.py[line:59] INFO jzyuan登陆成功
2017-12-15 10:39:12,601 authoritydb.py[line:115] INFO login end
2017-12-15 10:39:12,617 authoritydb.py[line:290] INFO updatepassword start
2017-12-15 10:39:12,617 authoritydb.py[line:293] INFO jzyuanchangePassword
2017-12-15 10:39:12,619 authoritydb.py[line:278] INFO md5 start
2017-12-15 10:39:12,619 authoritydb.py[line:281] INFO md5 end
2017-12-15 10:39:12,624 authoritydb.py[line:295] INFO oldPassword right
2017-12-15 10:39:12,624 authoritydb.py[line:302] INFO newPassword =new_repassword
2017-12-15 10:39:12,627 authoritydb.py[line:278] INFO md5 start
2017-12-15 10:39:12,627 authoritydb.py[line:281] INFO md5 end
2017-12-15 10:48:26,471 authoritydb.py[line:278] INFO md5 start
2017-12-15 10:48:26,471 authoritydb.py[line:281] INFO md5 end
2017-12-15 10:48:26,473 authoritydb.py[line:278] INFO md5 start
2017-12-15 10:48:26,473 authoritydb.py[line:281] INFO md5 end
2017-12-15 10:48:26,563 authoritydb.py[line:155] INFO checkUserQuestion start
2017-12-15 10:48:26,565 authoritydb.py[line:168] INFO checkUserQuestion end
2017-12-15 10:48:26,566 authoritydb.py[line:155] INFO checkUserQuestion start
2017-12-15 10:48:26,568 authoritydb.py[line:168] INFO checkUserQuestion end
2017-12-15 10:48:27,256 authoritydb.py[line:278] INFO md5 start
2017-12-15 10:48:27,256 authoritydb.py[line:281] INFO md5 end
2017-12-15 10:48:27,257 authoritydb.py[line:278] INFO md5 start
2017-12-15 10:48:27,257 authoritydb.py[line:281] INFO md5 end
2017-12-15 10:48:27,263 authoritydb.py[line:372] INFO verifyCode: 181848
2017-12-15 10:48:27,933 authoritydb.py[line:278] INFO md5 start
2017-12-15 10:48:27,933 authoritydb.py[line:281] INFO md5 end
2017-12-15 10:48:27,934 authoritydb.py[line:278] INFO md5 start
2017-12-15 10:48:27,934 authoritydb.py[line:281] INFO md5 end
2017-12-15 10:48:27,941 authoritydb.py[line:322] INFO achieve loginCapcha start
2017-12-15 10:48:27,943 authoritydb.py[line:278] INFO md5 start
2017-12-15 10:48:27,943 authoritydb.py[line:281] INFO md5 end
2017-12-15 10:48:27,944 authoritydb.py[line:348] INFO achieve bind_mobile
2017-12-15 10:48:27,947 authoritydb.py[line:372] INFO verifyCode: 047797
2017-12-15 10:48:48,953 authoritydb.py[line:343] INFO achieve loginCapcha end
2017-12-15 10:48:48,963 authoritydb.py[line:27] INFO login start
2017-12-15 10:48:48,970 authoritydb.py[line:278] INFO md5 start
2017-12-15 10:48:48,970 authoritydb.py[line:281] INFO md5 end
2017-12-15 10:48:49,007 authoritydb.py[line:59] INFO jzyuan登陆成功
2017-12-15 10:48:49,007 authoritydb.py[line:115] INFO login end
2017-12-15 10:48:49,677 authoritydb.py[line:278] INFO md5 start
2017-12-15 10:48:49,677 authoritydb.py[line:281] INFO md5 end
2017-12-15 10:48:49,680 authoritydb.py[line:278] INFO md5 start
2017-12-15 10:48:49,680 authoritydb.py[line:281] INFO md5 end
2017-12-15 10:48:49,687 authoritydb.py[line:322] INFO achieve loginCapcha start
2017-12-15 10:48:49,687 authoritydb.py[line:278] INFO md5 start
2017-12-15 10:48:49,687 authoritydb.py[line:281] INFO md5 end
2017-12-15 10:48:49,688 authoritydb.py[line:348] INFO achieve bind_mobile
2017-12-15 10:48:49,690 authoritydb.py[line:372] INFO verifyCode: 894422
2017-12-15 10:49:10,693 authoritydb.py[line:343] INFO achieve loginCapcha end
2017-12-15 10:49:11,436 authoritydb.py[line:278] INFO md5 start
2017-12-15 10:49:11,436 authoritydb.py[line:281] INFO md5 end
2017-12-15 10:49:11,437 authoritydb.py[line:278] INFO md5 start
2017-12-15 10:49:11,437 authoritydb.py[line:281] INFO md5 end
2017-12-15 10:49:12,075 authoritydb.py[line:278] INFO md5 start
2017-12-15 10:49:12,075 authoritydb.py[line:281] INFO md5 end
2017-12-15 10:49:12,075 authoritydb.py[line:278] INFO md5 start
2017-12-15 10:49:12,075 authoritydb.py[line:281] INFO md5 end
2017-12-15 10:49:12,082 authoritydb.py[line:176] INFO resetPasswordByEmail start
2017-12-15 10:49:12,084 authoritydb.py[line:184] INFO user exist
2017-12-15 10:49:12,085 authoritydb.py[line:278] INFO md5 start
2017-12-15 10:49:12,085 authoritydb.py[line:281] INFO md5 end
2017-12-15 10:49:12,085 authoritydb.py[line:189] INFO newPassword550465
2017-12-15 10:49:23,944 authoritydb.py[line:197] INFO jzyuanreset password success
2017-12-15 10:49:24,651 authoritydb.py[line:278] INFO md5 start
2017-12-15 10:49:24,653 authoritydb.py[line:281] INFO md5 end
2017-12-15 10:49:24,654 authoritydb.py[line:278] INFO md5 start
2017-12-15 10:49:24,654 authoritydb.py[line:281] INFO md5 end
2017-12-15 10:49:24,660 authoritydb.py[line:218] INFO resetPasswordByMobile start
2017-12-15 10:49:24,661 authoritydb.py[line:226] INFO resetPasswordByMobile user exist
2017-12-15 10:49:24,663 authoritydb.py[line:231] INFO resetPasswordByMobile is newPassword440065
2017-12-15 10:49:24,663 authoritydb.py[line:278] INFO md5 start
2017-12-15 10:49:24,663 authoritydb.py[line:281] INFO md5 end
2017-12-15 10:49:24,664 authoritydb.py[line:235] INFO content:【咪咕视讯】,重置密码:440065（切勿告诉他人)
2017-12-15 10:49:45,665 authoritydb.py[line:243] INFO jzyuanreset password success
2017-12-15 10:49:46,461 authoritydb.py[line:278] INFO md5 start
2017-12-15 10:49:46,461 authoritydb.py[line:281] INFO md5 end
2017-12-15 10:49:46,463 authoritydb.py[line:278] INFO md5 start
2017-12-15 10:49:46,463 authoritydb.py[line:281] INFO md5 end
2017-12-15 10:49:46,474 authoritydb.py[line:322] INFO achieve loginCapcha start
2017-12-15 10:49:46,474 authoritydb.py[line:278] INFO md5 start
2017-12-15 10:49:46,474 authoritydb.py[line:281] INFO md5 end
2017-12-15 10:49:46,476 authoritydb.py[line:348] INFO achieve bind_mobile
2017-12-15 10:49:46,477 authoritydb.py[line:372] INFO verifyCode: 663238
2017-12-15 10:50:07,493 authoritydb.py[line:343] INFO achieve loginCapcha end
2017-12-15 10:50:07,499 authoritydb.py[line:27] INFO login start
2017-12-15 10:50:07,502 authoritydb.py[line:278] INFO md5 start
2017-12-15 10:50:07,502 authoritydb.py[line:281] INFO md5 end
2017-12-15 10:50:07,516 authoritydb.py[line:59] INFO jzyuan登陆成功
2017-12-15 10:50:07,516 authoritydb.py[line:115] INFO login end
2017-12-15 10:50:07,523 authoritydb.py[line:444] INFO selectRole start
2017-12-15 10:50:08,170 authoritydb.py[line:278] INFO md5 start
2017-12-15 10:50:08,170 authoritydb.py[line:281] INFO md5 end
2017-12-15 10:50:08,171 authoritydb.py[line:278] INFO md5 start
2017-12-15 10:50:08,171 authoritydb.py[line:281] INFO md5 end
2017-12-15 10:50:08,181 authoritydb.py[line:322] INFO achieve loginCapcha start
2017-12-15 10:50:08,183 authoritydb.py[line:278] INFO md5 start
2017-12-15 10:50:08,183 authoritydb.py[line:281] INFO md5 end
2017-12-15 10:50:08,184 authoritydb.py[line:348] INFO achieve bind_mobile
2017-12-15 10:50:08,188 authoritydb.py[line:372] INFO verifyCode: 539503
2017-12-15 10:50:29,191 authoritydb.py[line:343] INFO achieve loginCapcha end
2017-12-15 10:50:29,203 authoritydb.py[line:27] INFO login start
2017-12-15 10:50:29,209 authoritydb.py[line:278] INFO md5 start
2017-12-15 10:50:29,209 authoritydb.py[line:281] INFO md5 end
2017-12-15 10:50:29,243 authoritydb.py[line:59] INFO jzyuan登陆成功
2017-12-15 10:50:29,243 authoritydb.py[line:115] INFO login end
2017-12-15 10:50:29,253 authoritydb.py[line:390] INFO selectUser start
2017-12-15 10:50:29,260 authoritydb.py[line:435] INFO selectUser end
2017-12-15 10:50:29,986 authoritydb.py[line:278] INFO md5 start
2017-12-15 10:50:29,987 authoritydb.py[line:281] INFO md5 end
2017-12-15 10:50:29,990 authoritydb.py[line:278] INFO md5 start
2017-12-15 10:50:29,990 authoritydb.py[line:281] INFO md5 end
2017-12-15 10:50:30,003 authoritydb.py[line:322] INFO achieve loginCapcha start
2017-12-15 10:50:30,003 authoritydb.py[line:278] INFO md5 start
2017-12-15 10:50:30,003 authoritydb.py[line:281] INFO md5 end
2017-12-15 10:50:30,006 authoritydb.py[line:348] INFO achieve bind_mobile
2017-12-15 10:50:30,009 authoritydb.py[line:372] INFO verifyCode: 558265
2017-12-15 10:50:51,012 authoritydb.py[line:343] INFO achieve loginCapcha end
2017-12-15 10:50:51,016 authoritydb.py[line:27] INFO login start
2017-12-15 10:50:51,019 authoritydb.py[line:278] INFO md5 start
2017-12-15 10:50:51,019 authoritydb.py[line:281] INFO md5 end
2017-12-15 10:50:51,036 authoritydb.py[line:59] INFO jzyuan登陆成功
2017-12-15 10:50:51,036 authoritydb.py[line:115] INFO login end
2017-12-15 10:50:51,042 authoritydb.py[line:290] INFO updatepassword start
2017-12-15 10:50:51,042 authoritydb.py[line:293] INFO jzyuanchangePassword
2017-12-15 10:50:51,043 authoritydb.py[line:278] INFO md5 start
2017-12-15 10:50:51,043 authoritydb.py[line:281] INFO md5 end
2017-12-15 10:50:51,046 authoritydb.py[line:295] INFO oldPassword right
2017-12-15 10:50:51,046 authoritydb.py[line:302] INFO newPassword =new_repassword
2017-12-15 10:50:51,048 authoritydb.py[line:278] INFO md5 start
2017-12-15 10:50:51,048 authoritydb.py[line:281] INFO md5 end
2017-12-15 10:53:50,417 authoritydb.py[line:278] INFO md5 start
2017-12-15 10:53:50,417 authoritydb.py[line:281] INFO md5 end
2017-12-15 10:53:50,418 authoritydb.py[line:278] INFO md5 start
2017-12-15 10:53:50,418 authoritydb.py[line:281] INFO md5 end
2017-12-15 10:53:50,426 authoritydb.py[line:372] INFO verifyCode: 438685
2017-12-15 10:53:58,404 authoritydb.py[line:278] INFO md5 start
2017-12-15 10:53:58,404 authoritydb.py[line:281] INFO md5 end
2017-12-15 10:53:58,405 authoritydb.py[line:278] INFO md5 start
2017-12-15 10:53:58,405 authoritydb.py[line:281] INFO md5 end
2017-12-15 10:53:58,408 authoritydb.py[line:372] INFO verifyCode: 812147
2017-12-15 10:54:22,575 authoritydb.py[line:278] INFO md5 start
2017-12-15 10:54:22,575 authoritydb.py[line:281] INFO md5 end
2017-12-15 10:54:22,578 authoritydb.py[line:278] INFO md5 start
2017-12-15 10:54:22,578 authoritydb.py[line:281] INFO md5 end
2017-12-15 10:54:22,582 authoritydb.py[line:372] INFO verifyCode: 487537
2017-12-15 10:54:30,585 authoritydb.py[line:278] INFO md5 start
2017-12-15 10:54:30,585 authoritydb.py[line:281] INFO md5 end
2017-12-15 10:54:30,586 authoritydb.py[line:278] INFO md5 start
2017-12-15 10:54:30,586 authoritydb.py[line:281] INFO md5 end
2017-12-15 10:54:30,589 authoritydb.py[line:372] INFO verifyCode: 882268
2017-12-15 10:54:33,658 authoritydb.py[line:278] INFO md5 start
2017-12-15 10:54:33,658 authoritydb.py[line:281] INFO md5 end
2017-12-15 10:54:33,660 authoritydb.py[line:278] INFO md5 start
2017-12-15 10:54:33,660 authoritydb.py[line:281] INFO md5 end
2017-12-15 10:54:33,664 authoritydb.py[line:372] INFO verifyCode: 250654
2017-12-15 10:54:37,249 authoritydb.py[line:278] INFO md5 start
2017-12-15 10:54:37,249 authoritydb.py[line:281] INFO md5 end
2017-12-15 10:54:37,250 authoritydb.py[line:278] INFO md5 start
2017-12-15 10:54:37,250 authoritydb.py[line:281] INFO md5 end
2017-12-15 10:54:37,253 authoritydb.py[line:372] INFO verifyCode: 168098
2017-12-15 10:55:35,628 authoritydb.py[line:278] INFO md5 start
2017-12-15 10:55:35,628 authoritydb.py[line:281] INFO md5 end
2017-12-15 10:55:35,631 authoritydb.py[line:278] INFO md5 start
2017-12-15 10:55:35,631 authoritydb.py[line:281] INFO md5 end
2017-12-15 10:55:35,632 authoritydb.py[line:278] INFO md5 start
2017-12-15 10:55:35,632 authoritydb.py[line:281] INFO md5 end
2017-12-15 10:55:35,634 authoritydb.py[line:278] INFO md5 start
2017-12-15 10:55:35,634 authoritydb.py[line:281] INFO md5 end
2017-12-15 10:55:35,637 authoritydb.py[line:278] INFO md5 start
2017-12-15 10:55:35,638 authoritydb.py[line:281] INFO md5 end
2017-12-15 10:55:35,640 authoritydb.py[line:278] INFO md5 start
2017-12-15 10:55:35,640 authoritydb.py[line:281] INFO md5 end
2017-12-15 10:55:35,641 authoritydb.py[line:278] INFO md5 start
2017-12-15 10:55:35,641 authoritydb.py[line:281] INFO md5 end
2017-12-15 10:55:35,644 authoritydb.py[line:278] INFO md5 start
2017-12-15 10:55:35,644 authoritydb.py[line:281] INFO md5 end
2017-12-15 10:55:35,645 authoritydb.py[line:278] INFO md5 start
2017-12-15 10:55:35,645 authoritydb.py[line:281] INFO md5 end
2017-12-15 10:55:35,650 authoritydb.py[line:278] INFO md5 start
2017-12-15 10:55:35,650 authoritydb.py[line:281] INFO md5 end
2017-12-15 10:55:35,653 authoritydb.py[line:278] INFO md5 start
2017-12-15 10:55:35,653 authoritydb.py[line:281] INFO md5 end
2017-12-15 11:16:37,555 authoritydb.py[line:278] INFO md5 start
2017-12-15 11:16:37,555 authoritydb.py[line:281] INFO md5 end
2017-12-15 11:16:37,638 authoritydb.py[line:137] INFO checkUserName start
2017-12-15 11:16:37,640 authoritydb.py[line:143] INFO checkUserName end
2017-12-15 11:16:37,641 authoritydb.py[line:137] INFO checkUserName start
2017-12-15 11:16:37,641 authoritydb.py[line:146] INFO checkUserName end
2017-12-15 11:16:37,654 authoritydb.py[line:278] INFO md5 start
2017-12-15 11:16:37,654 authoritydb.py[line:281] INFO md5 end
2017-12-15 11:16:37,661 authoritydb.py[line:155] INFO checkUserQuestion start
2017-12-15 11:16:37,664 authoritydb.py[line:168] INFO checkUserQuestion end
2017-12-15 11:16:37,665 authoritydb.py[line:155] INFO checkUserQuestion start
2017-12-15 11:16:37,667 authoritydb.py[line:168] INFO checkUserQuestion end
2017-12-15 11:16:37,676 authoritydb.py[line:278] INFO md5 start
2017-12-15 11:16:37,676 authoritydb.py[line:281] INFO md5 end
2017-12-15 11:16:37,680 authoritydb.py[line:372] INFO verifyCode: 319222
2017-12-15 11:16:37,686 authoritydb.py[line:278] INFO md5 start
2017-12-15 11:16:37,686 authoritydb.py[line:281] INFO md5 end
2017-12-15 11:16:37,690 authoritydb.py[line:322] INFO achieve loginCapcha start
2017-12-15 11:16:37,690 authoritydb.py[line:278] INFO md5 start
2017-12-15 11:16:37,691 authoritydb.py[line:281] INFO md5 end
2017-12-15 11:16:37,693 authoritydb.py[line:348] INFO achieve bind_mobile
2017-12-15 11:16:37,694 authoritydb.py[line:372] INFO verifyCode: 566295
2017-12-15 11:16:58,698 authoritydb.py[line:343] INFO achieve loginCapcha end
2017-12-15 11:16:58,709 authoritydb.py[line:27] INFO login start
2017-12-15 11:16:58,714 authoritydb.py[line:278] INFO md5 start
2017-12-15 11:16:58,714 authoritydb.py[line:281] INFO md5 end
2017-12-15 11:16:58,736 authoritydb.py[line:59] INFO jzyuan登陆成功
2017-12-15 11:16:58,736 authoritydb.py[line:115] INFO login end
2017-12-15 11:16:58,750 authoritydb.py[line:278] INFO md5 start
2017-12-15 11:16:58,750 authoritydb.py[line:281] INFO md5 end
2017-12-15 11:16:58,759 authoritydb.py[line:322] INFO achieve loginCapcha start
2017-12-15 11:16:58,760 authoritydb.py[line:278] INFO md5 start
2017-12-15 11:16:58,760 authoritydb.py[line:281] INFO md5 end
2017-12-15 11:16:58,763 authoritydb.py[line:348] INFO achieve bind_mobile
2017-12-15 11:16:58,766 authoritydb.py[line:372] INFO verifyCode: 033362
2017-12-15 11:17:19,767 authoritydb.py[line:343] INFO achieve loginCapcha end
2017-12-15 11:17:19,799 authoritydb.py[line:278] INFO md5 start
2017-12-15 11:17:19,799 authoritydb.py[line:281] INFO md5 end
2017-12-15 11:17:19,825 authoritydb.py[line:278] INFO md5 start
2017-12-15 11:17:19,825 authoritydb.py[line:281] INFO md5 end
2017-12-15 11:17:19,835 authoritydb.py[line:176] INFO resetPasswordByEmail start
2017-12-15 11:17:19,836 authoritydb.py[line:184] INFO user exist
2017-12-15 11:17:19,838 authoritydb.py[line:278] INFO md5 start
2017-12-15 11:17:19,838 authoritydb.py[line:281] INFO md5 end
2017-12-15 11:17:19,838 authoritydb.py[line:189] INFO newPassword876494
2017-12-15 11:17:31,706 authoritydb.py[line:197] INFO jzyuanreset password success
2017-12-15 11:17:31,729 authoritydb.py[line:278] INFO md5 start
2017-12-15 11:17:31,729 authoritydb.py[line:281] INFO md5 end
2017-12-15 11:17:31,744 authoritydb.py[line:218] INFO resetPasswordByMobile start
2017-12-15 11:17:31,749 authoritydb.py[line:226] INFO resetPasswordByMobile user exist
2017-12-15 11:17:31,750 authoritydb.py[line:231] INFO resetPasswordByMobile is newPassword733167
2017-12-15 11:17:31,750 authoritydb.py[line:278] INFO md5 start
2017-12-15 11:17:31,752 authoritydb.py[line:281] INFO md5 end
2017-12-15 11:17:31,753 authoritydb.py[line:235] INFO content:【咪咕视讯】,重置密码:733167（切勿告诉他人)
2017-12-15 11:17:52,756 authoritydb.py[line:243] INFO jzyuanreset password success
2017-12-15 11:17:52,776 authoritydb.py[line:278] INFO md5 start
2017-12-15 11:17:52,776 authoritydb.py[line:281] INFO md5 end
2017-12-15 11:17:52,793 authoritydb.py[line:322] INFO achieve loginCapcha start
2017-12-15 11:17:52,796 authoritydb.py[line:278] INFO md5 start
2017-12-15 11:17:52,796 authoritydb.py[line:281] INFO md5 end
2017-12-15 11:17:52,798 authoritydb.py[line:348] INFO achieve bind_mobile
2017-12-15 11:17:52,801 authoritydb.py[line:372] INFO verifyCode: 080163
2017-12-15 11:18:13,805 authoritydb.py[line:343] INFO achieve loginCapcha end
2017-12-15 11:18:13,815 authoritydb.py[line:27] INFO login start
2017-12-15 11:18:13,821 authoritydb.py[line:278] INFO md5 start
2017-12-15 11:18:13,822 authoritydb.py[line:281] INFO md5 end
2017-12-15 11:18:13,845 authoritydb.py[line:59] INFO jzyuan登陆成功
2017-12-15 11:18:13,845 authoritydb.py[line:115] INFO login end
2017-12-15 11:18:13,858 authoritydb.py[line:444] INFO selectRole start
2017-12-15 11:18:13,878 authoritydb.py[line:278] INFO md5 start
2017-12-15 11:18:13,878 authoritydb.py[line:281] INFO md5 end
2017-12-15 11:18:13,888 authoritydb.py[line:322] INFO achieve loginCapcha start
2017-12-15 11:18:13,890 authoritydb.py[line:278] INFO md5 start
2017-12-15 11:18:13,890 authoritydb.py[line:281] INFO md5 end
2017-12-15 11:18:13,891 authoritydb.py[line:348] INFO achieve bind_mobile
2017-12-15 11:18:13,892 authoritydb.py[line:372] INFO verifyCode: 732967
2017-12-15 11:18:34,895 authoritydb.py[line:343] INFO achieve loginCapcha end
2017-12-15 11:18:34,905 authoritydb.py[line:27] INFO login start
2017-12-15 11:18:34,911 authoritydb.py[line:278] INFO md5 start
2017-12-15 11:18:34,913 authoritydb.py[line:281] INFO md5 end
2017-12-15 11:18:34,937 authoritydb.py[line:59] INFO jzyuan登陆成功
2017-12-15 11:18:34,937 authoritydb.py[line:115] INFO login end
2017-12-15 11:18:34,950 authoritydb.py[line:390] INFO selectUser start
2017-12-15 11:18:34,959 authoritydb.py[line:435] INFO selectUser end
2017-12-15 11:18:34,989 authoritydb.py[line:278] INFO md5 start
2017-12-15 11:18:34,990 authoritydb.py[line:281] INFO md5 end
2017-12-15 11:18:35,000 authoritydb.py[line:322] INFO achieve loginCapcha start
2017-12-15 11:18:35,002 authoritydb.py[line:278] INFO md5 start
2017-12-15 11:18:35,002 authoritydb.py[line:281] INFO md5 end
2017-12-15 11:18:35,005 authoritydb.py[line:348] INFO achieve bind_mobile
2017-12-15 11:18:35,009 authoritydb.py[line:372] INFO verifyCode: 407947
2017-12-15 11:18:56,013 authoritydb.py[line:343] INFO achieve loginCapcha end
2017-12-15 11:18:56,023 authoritydb.py[line:27] INFO login start
2017-12-15 11:18:56,029 authoritydb.py[line:278] INFO md5 start
2017-12-15 11:18:56,029 authoritydb.py[line:281] INFO md5 end
2017-12-15 11:18:56,048 authoritydb.py[line:59] INFO jzyuan登陆成功
2017-12-15 11:18:56,048 authoritydb.py[line:115] INFO login end
2017-12-15 11:18:56,056 authoritydb.py[line:290] INFO updatepassword start
2017-12-15 11:18:56,056 authoritydb.py[line:293] INFO jzyuanchangePassword
2017-12-15 11:18:56,059 authoritydb.py[line:278] INFO md5 start
2017-12-15 11:18:56,059 authoritydb.py[line:281] INFO md5 end
2017-12-15 11:18:56,061 authoritydb.py[line:295] INFO oldPassword right
2017-12-15 11:18:56,062 authoritydb.py[line:302] INFO newPassword =new_repassword
2017-12-15 11:18:56,063 authoritydb.py[line:278] INFO md5 start
2017-12-15 11:18:56,063 authoritydb.py[line:281] INFO md5 end
2017-12-15 11:19:06,114 authoritydb.py[line:278] INFO md5 start
2017-12-15 11:19:06,114 authoritydb.py[line:281] INFO md5 end
2017-12-15 11:19:06,198 authoritydb.py[line:137] INFO checkUserName start
2017-12-15 11:19:06,200 authoritydb.py[line:143] INFO checkUserName end
2017-12-15 11:19:06,203 authoritydb.py[line:137] INFO checkUserName start
2017-12-15 11:19:06,204 authoritydb.py[line:146] INFO checkUserName end
2017-12-15 11:19:06,217 authoritydb.py[line:278] INFO md5 start
2017-12-15 11:19:06,217 authoritydb.py[line:281] INFO md5 end
2017-12-15 11:19:06,223 authoritydb.py[line:155] INFO checkUserQuestion start
2017-12-15 11:19:06,223 authoritydb.py[line:168] INFO checkUserQuestion end
2017-12-15 11:19:06,226 authoritydb.py[line:155] INFO checkUserQuestion start
2017-12-15 11:19:06,226 authoritydb.py[line:168] INFO checkUserQuestion end
2017-12-15 11:19:06,237 authoritydb.py[line:278] INFO md5 start
2017-12-15 11:19:06,237 authoritydb.py[line:281] INFO md5 end
2017-12-15 11:19:06,242 authoritydb.py[line:372] INFO verifyCode: 342706
2017-12-15 11:19:06,250 authoritydb.py[line:278] INFO md5 start
2017-12-15 11:19:06,250 authoritydb.py[line:281] INFO md5 end
2017-12-15 11:19:06,256 authoritydb.py[line:322] INFO achieve loginCapcha start
2017-12-15 11:19:06,256 authoritydb.py[line:278] INFO md5 start
2017-12-15 11:19:06,256 authoritydb.py[line:281] INFO md5 end
2017-12-15 11:19:06,257 authoritydb.py[line:348] INFO achieve bind_mobile
2017-12-15 11:19:06,263 authoritydb.py[line:372] INFO verifyCode: 788110
2017-12-15 11:19:27,266 authoritydb.py[line:343] INFO achieve loginCapcha end
2017-12-15 11:19:27,269 authoritydb.py[line:27] INFO login start
2017-12-15 11:19:27,273 authoritydb.py[line:278] INFO md5 start
2017-12-15 11:19:27,273 authoritydb.py[line:281] INFO md5 end
2017-12-15 11:19:27,285 authoritydb.py[line:59] INFO jzyuan登陆成功
2017-12-15 11:19:27,285 authoritydb.py[line:115] INFO login end
2017-12-15 11:19:27,296 authoritydb.py[line:278] INFO md5 start
2017-12-15 11:19:27,296 authoritydb.py[line:281] INFO md5 end
2017-12-15 11:19:27,302 authoritydb.py[line:322] INFO achieve loginCapcha start
2017-12-15 11:19:27,303 authoritydb.py[line:278] INFO md5 start
2017-12-15 11:19:27,303 authoritydb.py[line:281] INFO md5 end
2017-12-15 11:19:27,305 authoritydb.py[line:348] INFO achieve bind_mobile
2017-12-15 11:19:27,306 authoritydb.py[line:372] INFO verifyCode: 617347
2017-12-15 11:19:48,312 authoritydb.py[line:343] INFO achieve loginCapcha end
2017-12-15 11:19:48,342 authoritydb.py[line:278] INFO md5 start
2017-12-15 11:19:48,342 authoritydb.py[line:281] INFO md5 end
2017-12-15 11:19:48,384 authoritydb.py[line:278] INFO md5 start
2017-12-15 11:19:48,384 authoritydb.py[line:281] INFO md5 end
2017-12-15 11:19:48,395 authoritydb.py[line:176] INFO resetPasswordByEmail start
2017-12-15 11:19:48,400 authoritydb.py[line:184] INFO user exist
2017-12-15 11:19:48,401 authoritydb.py[line:278] INFO md5 start
2017-12-15 11:19:48,401 authoritydb.py[line:281] INFO md5 end
2017-12-15 11:19:48,403 authoritydb.py[line:189] INFO newPassword805765
2017-12-15 11:19:49,239 authoritydb.py[line:197] INFO jzyuanreset password success
2017-12-15 11:19:49,259 authoritydb.py[line:278] INFO md5 start
2017-12-15 11:19:49,259 authoritydb.py[line:281] INFO md5 end
2017-12-15 11:19:49,278 authoritydb.py[line:218] INFO resetPasswordByMobile start
2017-12-15 11:19:49,283 authoritydb.py[line:226] INFO resetPasswordByMobile user exist
2017-12-15 11:19:49,286 authoritydb.py[line:231] INFO resetPasswordByMobile is newPassword180493
2017-12-15 11:19:49,286 authoritydb.py[line:278] INFO md5 start
2017-12-15 11:19:49,286 authoritydb.py[line:281] INFO md5 end
2017-12-15 11:19:49,289 authoritydb.py[line:235] INFO content:【咪咕视讯】,重置密码:180493（切勿告诉他人)
2017-12-15 11:20:10,293 authoritydb.py[line:243] INFO jzyuanreset password success
2017-12-15 11:20:10,323 authoritydb.py[line:278] INFO md5 start
2017-12-15 11:20:10,325 authoritydb.py[line:281] INFO md5 end
2017-12-15 11:20:10,334 authoritydb.py[line:322] INFO achieve loginCapcha start
2017-12-15 11:20:10,335 authoritydb.py[line:278] INFO md5 start
2017-12-15 11:20:10,335 authoritydb.py[line:281] INFO md5 end
2017-12-15 11:20:10,338 authoritydb.py[line:348] INFO achieve bind_mobile
2017-12-15 11:20:10,342 authoritydb.py[line:372] INFO verifyCode: 836546
2017-12-15 11:20:31,345 authoritydb.py[line:343] INFO achieve loginCapcha end
2017-12-15 11:20:31,355 authoritydb.py[line:27] INFO login start
2017-12-15 11:20:31,361 authoritydb.py[line:278] INFO md5 start
2017-12-15 11:20:31,361 authoritydb.py[line:281] INFO md5 end
2017-12-15 11:20:31,381 authoritydb.py[line:59] INFO jzyuan登陆成功
2017-12-15 11:20:31,381 authoritydb.py[line:115] INFO login end
2017-12-15 11:20:31,391 authoritydb.py[line:444] INFO selectRole start
2017-12-15 11:20:31,410 authoritydb.py[line:278] INFO md5 start
2017-12-15 11:20:31,410 authoritydb.py[line:281] INFO md5 end
2017-12-15 11:20:31,418 authoritydb.py[line:322] INFO achieve loginCapcha start
2017-12-15 11:20:31,421 authoritydb.py[line:278] INFO md5 start
2017-12-15 11:20:31,421 authoritydb.py[line:281] INFO md5 end
2017-12-15 11:20:31,421 authoritydb.py[line:348] INFO achieve bind_mobile
2017-12-15 11:20:31,424 authoritydb.py[line:372] INFO verifyCode: 312814
2017-12-15 11:20:52,427 authoritydb.py[line:343] INFO achieve loginCapcha end
2017-12-15 11:20:52,437 authoritydb.py[line:27] INFO login start
2017-12-15 11:20:52,444 authoritydb.py[line:278] INFO md5 start
2017-12-15 11:20:52,444 authoritydb.py[line:281] INFO md5 end
2017-12-15 11:20:52,467 authoritydb.py[line:59] INFO jzyuan登陆成功
2017-12-15 11:20:52,467 authoritydb.py[line:115] INFO login end
2017-12-15 11:20:52,476 authoritydb.py[line:390] INFO selectUser start
2017-12-15 11:20:52,483 authoritydb.py[line:435] INFO selectUser end
2017-12-15 11:20:52,500 authoritydb.py[line:278] INFO md5 start
2017-12-15 11:20:52,502 authoritydb.py[line:281] INFO md5 end
2017-12-15 11:20:52,512 authoritydb.py[line:322] INFO achieve loginCapcha start
2017-12-15 11:20:52,513 authoritydb.py[line:278] INFO md5 start
2017-12-15 11:20:52,513 authoritydb.py[line:281] INFO md5 end
2017-12-15 11:20:52,516 authoritydb.py[line:348] INFO achieve bind_mobile
2017-12-15 11:20:52,519 authoritydb.py[line:372] INFO verifyCode: 720721
2017-12-15 11:21:13,525 authoritydb.py[line:343] INFO achieve loginCapcha end
2017-12-15 11:21:13,536 authoritydb.py[line:27] INFO login start
2017-12-15 11:21:13,542 authoritydb.py[line:278] INFO md5 start
2017-12-15 11:21:13,543 authoritydb.py[line:281] INFO md5 end
2017-12-15 11:21:13,565 authoritydb.py[line:59] INFO jzyuan登陆成功
2017-12-15 11:21:13,565 authoritydb.py[line:115] INFO login end
2017-12-15 11:21:13,572 authoritydb.py[line:290] INFO updatepassword start
2017-12-15 11:21:13,572 authoritydb.py[line:293] INFO jzyuanchangePassword
2017-12-15 11:21:13,573 authoritydb.py[line:278] INFO md5 start
2017-12-15 11:21:13,573 authoritydb.py[line:281] INFO md5 end
2017-12-15 11:21:13,575 authoritydb.py[line:295] INFO oldPassword right
2017-12-15 11:21:13,575 authoritydb.py[line:302] INFO newPassword =new_repassword
2017-12-15 11:21:13,578 authoritydb.py[line:278] INFO md5 start
2017-12-15 11:21:13,578 authoritydb.py[line:281] INFO md5 end
2017-12-15 14:09:26,575 authoritydb.py[line:278] INFO md5 start
2017-12-15 14:09:26,575 authoritydb.py[line:281] INFO md5 end
2017-12-15 14:09:26,584 authoritydb.py[line:278] INFO md5 start
2017-12-15 14:09:26,584 authoritydb.py[line:281] INFO md5 end
2017-12-15 14:09:26,673 authoritydb.py[line:322] INFO achieve loginCapcha start
2017-12-15 14:09:26,674 authoritydb.py[line:278] INFO md5 start
2017-12-15 14:09:26,674 authoritydb.py[line:281] INFO md5 end
2017-12-15 14:09:26,674 authoritydb.py[line:348] INFO achieve bind_mobile
2017-12-15 14:09:26,677 authoritydb.py[line:372] INFO verifyCode: 444971
2017-12-15 14:09:47,684 authoritydb.py[line:343] INFO achieve loginCapcha end
2017-12-15 14:09:47,694 authoritydb.py[line:27] INFO login start
2017-12-15 14:09:47,697 authoritydb.py[line:278] INFO md5 start
2017-12-15 14:09:47,697 authoritydb.py[line:281] INFO md5 end
2017-12-15 14:09:47,713 authoritydb.py[line:59] INFO jzyuan登陆成功
2017-12-15 14:09:47,713 authoritydb.py[line:115] INFO login end
2017-12-15 14:09:47,723 authoritydb.py[line:488] INFO delete start
2017-12-15 14:09:47,723 authoritydb.py[line:507] INFO delete end
2017-12-15 14:11:20,051 authoritydb.py[line:278] INFO md5 start
2017-12-15 14:11:20,051 authoritydb.py[line:281] INFO md5 end
2017-12-15 14:11:20,059 authoritydb.py[line:278] INFO md5 start
2017-12-15 14:11:20,059 authoritydb.py[line:281] INFO md5 end
2017-12-15 14:11:20,144 authoritydb.py[line:322] INFO achieve loginCapcha start
2017-12-15 14:11:20,144 authoritydb.py[line:278] INFO md5 start
2017-12-15 14:11:20,144 authoritydb.py[line:281] INFO md5 end
2017-12-15 14:11:20,145 authoritydb.py[line:348] INFO achieve bind_mobile
2017-12-15 14:11:20,148 authoritydb.py[line:372] INFO verifyCode: 877376
2017-12-15 14:11:41,153 authoritydb.py[line:343] INFO achieve loginCapcha end
2017-12-15 14:11:41,164 authoritydb.py[line:27] INFO login start
2017-12-15 14:11:41,171 authoritydb.py[line:278] INFO md5 start
2017-12-15 14:11:41,171 authoritydb.py[line:281] INFO md5 end
2017-12-15 14:11:41,190 authoritydb.py[line:59] INFO jzyuan登陆成功
2017-12-15 14:11:41,190 authoritydb.py[line:115] INFO login end
2017-12-15 14:11:41,200 authoritydb.py[line:488] INFO delete start
2017-12-15 14:11:41,200 authoritydb.py[line:508] INFO delete end
2017-12-15 14:12:46,762 authoritydb.py[line:278] INFO md5 start
2017-12-15 14:12:46,762 authoritydb.py[line:281] INFO md5 end
2017-12-15 14:12:46,770 authoritydb.py[line:278] INFO md5 start
2017-12-15 14:12:46,770 authoritydb.py[line:281] INFO md5 end
2017-12-15 14:12:46,855 authoritydb.py[line:322] INFO achieve loginCapcha start
2017-12-15 14:12:46,857 authoritydb.py[line:278] INFO md5 start
2017-12-15 14:12:46,857 authoritydb.py[line:281] INFO md5 end
2017-12-15 14:12:46,858 authoritydb.py[line:348] INFO achieve bind_mobile
2017-12-15 14:12:46,861 authoritydb.py[line:372] INFO verifyCode: 759936
2017-12-15 14:13:07,865 authoritydb.py[line:343] INFO achieve loginCapcha end
2017-12-15 14:13:07,875 authoritydb.py[line:27] INFO login start
2017-12-15 14:13:07,881 authoritydb.py[line:278] INFO md5 start
2017-12-15 14:13:07,881 authoritydb.py[line:281] INFO md5 end
2017-12-15 14:13:07,908 authoritydb.py[line:59] INFO jzyuan登陆成功
2017-12-15 14:13:07,910 authoritydb.py[line:115] INFO login end
2017-12-15 14:13:07,924 authoritydb.py[line:488] INFO delete start
2017-12-15 14:13:07,924 authoritydb.py[line:508] INFO delete end
2017-12-15 14:16:49,042 authoritydb.py[line:278] INFO md5 start
2017-12-15 14:16:49,042 authoritydb.py[line:281] INFO md5 end
2017-12-15 14:16:49,049 authoritydb.py[line:278] INFO md5 start
2017-12-15 14:16:49,049 authoritydb.py[line:281] INFO md5 end
2017-12-15 14:16:49,134 authoritydb.py[line:322] INFO achieve loginCapcha start
2017-12-15 14:16:49,134 authoritydb.py[line:278] INFO md5 start
2017-12-15 14:16:49,134 authoritydb.py[line:281] INFO md5 end
2017-12-15 14:16:49,135 authoritydb.py[line:348] INFO achieve bind_mobile
2017-12-15 14:16:49,138 authoritydb.py[line:372] INFO verifyCode: 012270
2017-12-15 14:17:10,150 authoritydb.py[line:343] INFO achieve loginCapcha end
2017-12-15 14:17:10,154 authoritydb.py[line:27] INFO login start
2017-12-15 14:17:10,157 authoritydb.py[line:278] INFO md5 start
2017-12-15 14:17:10,157 authoritydb.py[line:281] INFO md5 end
2017-12-15 14:17:10,171 authoritydb.py[line:59] INFO jzyuan登陆成功
2017-12-15 14:17:10,171 authoritydb.py[line:115] INFO login end
2017-12-15 14:17:10,180 authoritydb.py[line:488] INFO delete start
2017-12-15 14:17:10,180 authoritydb.py[line:508] INFO delete end
2017-12-15 14:18:18,973 authoritydb.py[line:278] INFO md5 start
2017-12-15 14:18:18,973 authoritydb.py[line:281] INFO md5 end
2017-12-15 14:18:18,983 authoritydb.py[line:278] INFO md5 start
2017-12-15 14:18:18,983 authoritydb.py[line:281] INFO md5 end
2017-12-15 14:18:19,069 authoritydb.py[line:322] INFO achieve loginCapcha start
2017-12-15 14:18:19,071 authoritydb.py[line:278] INFO md5 start
2017-12-15 14:18:19,072 authoritydb.py[line:281] INFO md5 end
2017-12-15 14:18:19,072 authoritydb.py[line:348] INFO achieve bind_mobile
2017-12-15 14:18:19,075 authoritydb.py[line:372] INFO verifyCode: 943860
2017-12-15 14:18:40,076 authoritydb.py[line:343] INFO achieve loginCapcha end
2017-12-15 14:18:40,086 authoritydb.py[line:27] INFO login start
2017-12-15 14:18:40,092 authoritydb.py[line:278] INFO md5 start
2017-12-15 14:18:40,094 authoritydb.py[line:281] INFO md5 end
2017-12-15 14:18:40,114 authoritydb.py[line:59] INFO jzyuan登陆成功
2017-12-15 14:18:40,115 authoritydb.py[line:115] INFO login end
2017-12-15 14:18:40,125 authoritydb.py[line:488] INFO delete start
2017-12-15 14:19:44,411 authoritydb.py[line:278] INFO md5 start
2017-12-15 14:19:44,411 authoritydb.py[line:281] INFO md5 end
2017-12-15 14:19:44,418 authoritydb.py[line:278] INFO md5 start
2017-12-15 14:19:44,418 authoritydb.py[line:281] INFO md5 end
2017-12-15 14:19:44,507 authoritydb.py[line:322] INFO achieve loginCapcha start
2017-12-15 14:19:44,509 authoritydb.py[line:278] INFO md5 start
2017-12-15 14:19:44,509 authoritydb.py[line:281] INFO md5 end
2017-12-15 14:19:44,510 authoritydb.py[line:348] INFO achieve bind_mobile
2017-12-15 14:19:44,513 authoritydb.py[line:372] INFO verifyCode: 712633
2017-12-15 14:20:05,516 authoritydb.py[line:343] INFO achieve loginCapcha end
2017-12-15 14:20:05,526 authoritydb.py[line:27] INFO login start
2017-12-15 14:20:05,532 authoritydb.py[line:278] INFO md5 start
2017-12-15 14:20:05,533 authoritydb.py[line:281] INFO md5 end
2017-12-15 14:20:05,552 authoritydb.py[line:59] INFO jzyuan登陆成功
2017-12-15 14:20:05,552 authoritydb.py[line:115] INFO login end
2017-12-15 14:20:05,563 authoritydb.py[line:488] INFO delete start
2017-12-15 14:20:05,569 authoritydb.py[line:508] INFO delete end
2017-12-15 14:20:05,576 authoritydb.py[line:488] INFO delete start
2017-12-15 14:20:05,578 authoritydb.py[line:499] INFO delete end because Supermaster cannot delete
2017-12-15 14:20:27,940 authoritydb.py[line:278] INFO md5 start
2017-12-15 14:20:27,940 authoritydb.py[line:281] INFO md5 end
2017-12-15 14:20:27,946 authoritydb.py[line:278] INFO md5 start
2017-12-15 14:20:27,946 authoritydb.py[line:281] INFO md5 end
2017-12-15 14:20:28,032 authoritydb.py[line:322] INFO achieve loginCapcha start
2017-12-15 14:20:28,033 authoritydb.py[line:278] INFO md5 start
2017-12-15 14:20:28,033 authoritydb.py[line:281] INFO md5 end
2017-12-15 14:20:28,036 authoritydb.py[line:348] INFO achieve bind_mobile
2017-12-15 14:20:28,038 authoritydb.py[line:372] INFO verifyCode: 426085
2017-12-15 14:20:49,040 authoritydb.py[line:343] INFO achieve loginCapcha end
2017-12-15 14:20:49,052 authoritydb.py[line:27] INFO login start
2017-12-15 14:20:49,058 authoritydb.py[line:278] INFO md5 start
2017-12-15 14:20:49,059 authoritydb.py[line:281] INFO md5 end
2017-12-15 14:20:49,084 authoritydb.py[line:59] INFO jzyuan登陆成功
2017-12-15 14:20:49,084 authoritydb.py[line:115] INFO login end
2017-12-15 14:20:49,102 authoritydb.py[line:488] INFO delete start
2017-12-15 14:20:49,111 authoritydb.py[line:508] INFO delete end
2017-12-15 14:20:49,122 authoritydb.py[line:488] INFO delete start
2017-12-15 14:20:49,125 authoritydb.py[line:499] INFO delete end because Supermaster cannot delete
2017-12-15 14:43:38,835 authoritydb.py[line:278] INFO md5 start
2017-12-15 14:43:38,835 authoritydb.py[line:281] INFO md5 end
2017-12-15 14:43:38,927 authoritydb.py[line:322] INFO achieve loginCapcha start
2017-12-15 14:43:38,928 authoritydb.py[line:278] INFO md5 start
2017-12-15 14:43:38,928 authoritydb.py[line:281] INFO md5 end
2017-12-15 14:43:38,930 authoritydb.py[line:348] INFO achieve bind_mobile
2017-12-15 14:43:38,933 authoritydb.py[line:372] INFO verifyCode: 160923
2017-12-15 14:43:59,938 authoritydb.py[line:343] INFO achieve loginCapcha end
2017-12-15 14:43:59,950 authoritydb.py[line:27] INFO login start
2017-12-15 14:43:59,956 authoritydb.py[line:278] INFO md5 start
2017-12-15 14:43:59,956 authoritydb.py[line:281] INFO md5 end
2017-12-15 14:43:59,976 authoritydb.py[line:59] INFO jzyuan登陆成功
2017-12-15 14:43:59,976 authoritydb.py[line:115] INFO login end
2017-12-15 14:43:59,987 authoritydb.py[line:518] INFO saveUser start
2017-12-15 14:43:59,993 authoritydb.py[line:278] INFO md5 start
2017-12-15 14:43:59,993 authoritydb.py[line:281] INFO md5 end
2017-12-15 14:43:59,996 authoritydb.py[line:553] INFO 添加用户成功
2017-12-15 14:43:59,996 authoritydb.py[line:558] INFO saveUser end
2017-12-15 14:54:52,999 authoritydb.py[line:278] INFO md5 start
2017-12-15 14:54:52,999 authoritydb.py[line:281] INFO md5 end
2017-12-15 14:54:53,089 authoritydb.py[line:322] INFO achieve loginCapcha start
2017-12-15 14:54:53,091 authoritydb.py[line:278] INFO md5 start
2017-12-15 14:54:53,091 authoritydb.py[line:281] INFO md5 end
2017-12-15 14:54:53,092 authoritydb.py[line:348] INFO achieve bind_mobile
2017-12-15 14:54:53,094 authoritydb.py[line:372] INFO verifyCode: 215829
2017-12-15 14:55:14,105 authoritydb.py[line:343] INFO achieve loginCapcha end
2017-12-15 14:55:14,115 authoritydb.py[line:27] INFO login start
2017-12-15 14:55:14,121 authoritydb.py[line:278] INFO md5 start
2017-12-15 14:55:14,121 authoritydb.py[line:281] INFO md5 end
2017-12-15 14:55:14,147 authoritydb.py[line:59] INFO jzyuan登陆成功
2017-12-15 14:55:14,148 authoritydb.py[line:115] INFO login end
2017-12-15 14:55:14,154 authoritydb.py[line:278] INFO md5 start
2017-12-15 14:55:14,154 authoritydb.py[line:281] INFO md5 end
2017-12-15 14:55:14,168 authoritydb.py[line:566] INFO updateUser start
2017-12-15 14:56:39,099 authoritydb.py[line:278] INFO md5 start
2017-12-15 14:56:39,099 authoritydb.py[line:281] INFO md5 end
2017-12-15 14:56:39,191 authoritydb.py[line:322] INFO achieve loginCapcha start
2017-12-15 14:56:39,193 authoritydb.py[line:278] INFO md5 start
2017-12-15 14:56:39,193 authoritydb.py[line:281] INFO md5 end
2017-12-15 14:56:39,194 authoritydb.py[line:348] INFO achieve bind_mobile
2017-12-15 14:56:39,196 authoritydb.py[line:372] INFO verifyCode: 287840
2017-12-15 14:57:00,200 authoritydb.py[line:343] INFO achieve loginCapcha end
2017-12-15 14:57:00,210 authoritydb.py[line:27] INFO login start
2017-12-15 14:57:00,217 authoritydb.py[line:278] INFO md5 start
2017-12-15 14:57:00,217 authoritydb.py[line:281] INFO md5 end
2017-12-15 14:57:00,236 authoritydb.py[line:59] INFO jzyuan登陆成功
2017-12-15 14:57:00,237 authoritydb.py[line:115] INFO login end
2017-12-15 14:57:00,246 authoritydb.py[line:278] INFO md5 start
2017-12-15 14:57:00,246 authoritydb.py[line:281] INFO md5 end
2017-12-15 14:57:00,257 authoritydb.py[line:566] INFO updateUser start
2017-12-15 14:58:17,822 authoritydb.py[line:278] INFO md5 start
2017-12-15 14:58:17,822 authoritydb.py[line:281] INFO md5 end
2017-12-15 14:58:17,913 authoritydb.py[line:322] INFO achieve loginCapcha start
2017-12-15 14:58:17,914 authoritydb.py[line:278] INFO md5 start
2017-12-15 14:58:17,914 authoritydb.py[line:281] INFO md5 end
2017-12-15 14:58:17,914 authoritydb.py[line:348] INFO achieve bind_mobile
2017-12-15 14:58:17,917 authoritydb.py[line:372] INFO verifyCode: 402681
2017-12-15 14:58:38,921 authoritydb.py[line:343] INFO achieve loginCapcha end
2017-12-15 14:58:38,933 authoritydb.py[line:27] INFO login start
2017-12-15 14:58:38,938 authoritydb.py[line:278] INFO md5 start
2017-12-15 14:58:38,940 authoritydb.py[line:281] INFO md5 end
2017-12-15 14:58:38,966 authoritydb.py[line:59] INFO jzyuan登陆成功
2017-12-15 14:58:38,966 authoritydb.py[line:115] INFO login end
2017-12-15 14:58:38,973 authoritydb.py[line:278] INFO md5 start
2017-12-15 14:58:38,973 authoritydb.py[line:281] INFO md5 end
2017-12-15 14:58:38,986 authoritydb.py[line:566] INFO updateUser start
2017-12-15 14:59:53,171 authoritydb.py[line:278] INFO md5 start
2017-12-15 14:59:53,171 authoritydb.py[line:281] INFO md5 end
2017-12-15 14:59:53,259 authoritydb.py[line:322] INFO achieve loginCapcha start
2017-12-15 14:59:53,259 authoritydb.py[line:278] INFO md5 start
2017-12-15 14:59:53,259 authoritydb.py[line:281] INFO md5 end
2017-12-15 14:59:53,260 authoritydb.py[line:348] INFO achieve bind_mobile
2017-12-15 14:59:53,263 authoritydb.py[line:372] INFO verifyCode: 122825
2017-12-15 15:00:14,270 authoritydb.py[line:343] INFO achieve loginCapcha end
2017-12-15 15:00:14,282 authoritydb.py[line:27] INFO login start
2017-12-15 15:00:14,286 authoritydb.py[line:278] INFO md5 start
2017-12-15 15:00:14,288 authoritydb.py[line:281] INFO md5 end
2017-12-15 15:00:14,309 authoritydb.py[line:59] INFO jzyuan登陆成功
2017-12-15 15:00:14,309 authoritydb.py[line:115] INFO login end
2017-12-15 15:00:14,319 authoritydb.py[line:278] INFO md5 start
2017-12-15 15:00:14,319 authoritydb.py[line:281] INFO md5 end
2017-12-15 15:00:14,335 authoritydb.py[line:566] INFO updateUser start
2017-12-15 15:01:12,197 authoritydb.py[line:278] INFO md5 start
2017-12-15 15:01:12,197 authoritydb.py[line:281] INFO md5 end
2017-12-15 15:01:12,290 authoritydb.py[line:322] INFO achieve loginCapcha start
2017-12-15 15:01:12,292 authoritydb.py[line:278] INFO md5 start
2017-12-15 15:01:12,292 authoritydb.py[line:281] INFO md5 end
2017-12-15 15:01:12,295 authoritydb.py[line:348] INFO achieve bind_mobile
2017-12-15 15:01:12,298 authoritydb.py[line:372] INFO verifyCode: 424739
2017-12-15 15:01:33,308 authoritydb.py[line:343] INFO achieve loginCapcha end
2017-12-15 15:01:33,322 authoritydb.py[line:27] INFO login start
2017-12-15 15:01:33,325 authoritydb.py[line:278] INFO md5 start
2017-12-15 15:01:33,325 authoritydb.py[line:281] INFO md5 end
2017-12-15 15:01:33,339 authoritydb.py[line:59] INFO jzyuan登陆成功
2017-12-15 15:01:33,341 authoritydb.py[line:115] INFO login end
2017-12-15 15:01:33,349 authoritydb.py[line:278] INFO md5 start
2017-12-15 15:01:33,349 authoritydb.py[line:281] INFO md5 end
2017-12-15 15:01:33,361 authoritydb.py[line:566] INFO updateUser start
2017-12-15 15:01:33,368 authoritydb.py[line:588] INFO updateUser end
2017-12-15 15:09:47,802 authoritydb.py[line:278] INFO md5 start
2017-12-15 15:09:47,802 authoritydb.py[line:281] INFO md5 end
2017-12-15 15:09:47,888 authoritydb.py[line:322] INFO achieve loginCapcha start
2017-12-15 15:09:47,888 authoritydb.py[line:278] INFO md5 start
2017-12-15 15:09:47,888 authoritydb.py[line:281] INFO md5 end
2017-12-15 15:09:47,890 authoritydb.py[line:348] INFO achieve bind_mobile
2017-12-15 15:09:47,891 authoritydb.py[line:372] INFO verifyCode: 750625
2017-12-15 15:10:08,894 authoritydb.py[line:343] INFO achieve loginCapcha end
2017-12-15 15:10:08,905 authoritydb.py[line:27] INFO login start
2017-12-15 15:10:08,913 authoritydb.py[line:278] INFO md5 start
2017-12-15 15:10:08,913 authoritydb.py[line:281] INFO md5 end
2017-12-15 15:10:08,937 authoritydb.py[line:59] INFO jzyuan登陆成功
2017-12-15 15:10:08,937 authoritydb.py[line:115] INFO login end
2017-12-15 15:10:08,950 authoritydb.py[line:619] INFO deleteRole start
2017-12-15 15:10:08,957 authoritydb.py[line:628] INFO deleteRole success
2017-12-15 15:10:08,957 authoritydb.py[line:633] INFO deleteRole end
2017-12-15 15:21:15,746 authoritydb.py[line:278] INFO md5 start
2017-12-15 15:21:15,746 authoritydb.py[line:281] INFO md5 end
2017-12-15 15:21:16,323 authoritydb.py[line:322] INFO achieve loginCapcha start
2017-12-15 15:21:16,325 authoritydb.py[line:278] INFO md5 start
2017-12-15 15:21:16,325 authoritydb.py[line:281] INFO md5 end
2017-12-15 15:21:16,328 authoritydb.py[line:348] INFO achieve bind_mobile
2017-12-15 15:21:16,329 authoritydb.py[line:372] INFO verifyCode: 516880
2017-12-15 15:21:37,332 authoritydb.py[line:343] INFO achieve loginCapcha end
2017-12-15 15:21:37,344 authoritydb.py[line:27] INFO login start
2017-12-15 15:21:37,348 authoritydb.py[line:278] INFO md5 start
2017-12-15 15:21:37,348 authoritydb.py[line:281] INFO md5 end
2017-12-15 15:21:37,381 authoritydb.py[line:59] INFO jzyuan登陆成功
2017-12-15 15:21:37,381 authoritydb.py[line:115] INFO login end
2017-12-15 15:21:37,388 authoritydb.py[line:642] INFO parentPermission start
2017-12-15 15:27:35,634 authoritydb.py[line:278] INFO md5 start
2017-12-15 15:27:35,634 authoritydb.py[line:281] INFO md5 end
2017-12-15 15:27:36,243 authoritydb.py[line:322] INFO achieve loginCapcha start
2017-12-15 15:27:36,243 authoritydb.py[line:278] INFO md5 start
2017-12-15 15:27:36,243 authoritydb.py[line:281] INFO md5 end
2017-12-15 15:27:36,246 authoritydb.py[line:348] INFO achieve bind_mobile
2017-12-15 15:27:36,247 authoritydb.py[line:372] INFO verifyCode: 551520
2017-12-15 15:27:57,250 authoritydb.py[line:343] INFO achieve loginCapcha end
2017-12-15 15:27:57,263 authoritydb.py[line:27] INFO login start
2017-12-15 15:27:57,269 authoritydb.py[line:278] INFO md5 start
2017-12-15 15:27:57,269 authoritydb.py[line:281] INFO md5 end
2017-12-15 15:27:57,309 authoritydb.py[line:59] INFO jzyuan登陆成功
2017-12-15 15:27:57,309 authoritydb.py[line:115] INFO login end
2017-12-15 15:27:57,319 authoritydb.py[line:642] INFO parentPermission start
2017-12-15 15:31:48,986 authoritydb.py[line:278] INFO md5 start
2017-12-15 15:31:48,986 authoritydb.py[line:281] INFO md5 end
2017-12-15 15:31:49,078 authoritydb.py[line:322] INFO achieve loginCapcha start
2017-12-15 15:31:49,078 authoritydb.py[line:278] INFO md5 start
2017-12-15 15:31:49,078 authoritydb.py[line:281] INFO md5 end
2017-12-15 15:31:49,081 authoritydb.py[line:348] INFO achieve bind_mobile
2017-12-15 15:31:49,082 authoritydb.py[line:372] INFO verifyCode: 336656
2017-12-15 15:32:10,084 authoritydb.py[line:343] INFO achieve loginCapcha end
2017-12-15 15:32:10,094 authoritydb.py[line:27] INFO login start
2017-12-15 15:32:10,101 authoritydb.py[line:278] INFO md5 start
2017-12-15 15:32:10,101 authoritydb.py[line:281] INFO md5 end
2017-12-15 15:32:10,128 authoritydb.py[line:59] INFO jzyuan登陆成功
2017-12-15 15:32:10,128 authoritydb.py[line:115] INFO login end
2017-12-15 15:32:10,141 authoritydb.py[line:596] INFO addRole start
2017-12-15 15:32:10,144 authoritydb.py[line:606] INFO add role success
2017-12-15 15:32:10,144 authoritydb.py[line:611] INFO addRole end
2017-12-15 15:32:10,161 authoritydb.py[line:278] INFO md5 start
2017-12-15 15:32:10,161 authoritydb.py[line:281] INFO md5 end
2017-12-15 15:32:10,168 authoritydb.py[line:137] INFO checkUserName start
2017-12-15 15:32:10,170 authoritydb.py[line:143] INFO checkUserName end
2017-12-15 15:32:10,171 authoritydb.py[line:137] INFO checkUserName start
2017-12-15 15:32:10,174 authoritydb.py[line:146] INFO checkUserName end
2017-12-15 15:32:10,184 authoritydb.py[line:278] INFO md5 start
2017-12-15 15:32:10,184 authoritydb.py[line:281] INFO md5 end
2017-12-15 15:32:10,191 authoritydb.py[line:155] INFO checkUserQuestion start
2017-12-15 15:32:10,193 authoritydb.py[line:168] INFO checkUserQuestion end
2017-12-15 15:32:10,196 authoritydb.py[line:155] INFO checkUserQuestion start
2017-12-15 15:32:10,197 authoritydb.py[line:168] INFO checkUserQuestion end
2017-12-15 15:32:10,206 authoritydb.py[line:278] INFO md5 start
2017-12-15 15:32:10,206 authoritydb.py[line:281] INFO md5 end
2017-12-15 15:32:10,210 authoritydb.py[line:372] INFO verifyCode: 206366
2017-12-15 15:32:10,219 authoritydb.py[line:278] INFO md5 start
2017-12-15 15:32:10,219 authoritydb.py[line:281] INFO md5 end
2017-12-15 15:32:10,226 authoritydb.py[line:278] INFO md5 start
2017-12-15 15:32:10,226 authoritydb.py[line:281] INFO md5 end
2017-12-15 15:32:10,233 authoritydb.py[line:322] INFO achieve loginCapcha start
2017-12-15 15:32:10,233 authoritydb.py[line:278] INFO md5 start
2017-12-15 15:32:10,233 authoritydb.py[line:281] INFO md5 end
2017-12-15 15:32:10,234 authoritydb.py[line:348] INFO achieve bind_mobile
2017-12-15 15:32:10,236 authoritydb.py[line:372] INFO verifyCode: 378957
2017-12-15 15:32:31,246 authoritydb.py[line:343] INFO achieve loginCapcha end
2017-12-15 15:32:31,257 authoritydb.py[line:27] INFO login start
2017-12-15 15:32:31,263 authoritydb.py[line:278] INFO md5 start
2017-12-15 15:32:31,265 authoritydb.py[line:281] INFO md5 end
2017-12-15 15:32:31,286 authoritydb.py[line:59] INFO jzyuan登陆成功
2017-12-15 15:32:31,286 authoritydb.py[line:115] INFO login end
2017-12-15 15:32:31,296 authoritydb.py[line:488] INFO delete start
2017-12-15 15:32:31,302 authoritydb.py[line:508] INFO delete end
2017-12-15 15:32:31,312 authoritydb.py[line:488] INFO delete start
2017-12-15 15:32:31,313 authoritydb.py[line:499] INFO delete end because Supermaster cannot delete
2017-12-15 15:32:31,328 authoritydb.py[line:278] INFO md5 start
2017-12-15 15:32:31,328 authoritydb.py[line:281] INFO md5 end
2017-12-15 15:32:31,341 authoritydb.py[line:322] INFO achieve loginCapcha start
2017-12-15 15:32:31,342 authoritydb.py[line:278] INFO md5 start
2017-12-15 15:32:31,342 authoritydb.py[line:281] INFO md5 end
2017-12-15 15:32:31,345 authoritydb.py[line:348] INFO achieve bind_mobile
2017-12-15 15:32:31,348 authoritydb.py[line:372] INFO verifyCode: 501775
2017-12-15 15:32:52,355 authoritydb.py[line:343] INFO achieve loginCapcha end
2017-12-15 15:32:52,365 authoritydb.py[line:27] INFO login start
2017-12-15 15:32:52,371 authoritydb.py[line:278] INFO md5 start
2017-12-15 15:32:52,371 authoritydb.py[line:281] INFO md5 end
2017-12-15 15:32:52,395 authoritydb.py[line:59] INFO jzyuan登陆成功
2017-12-15 15:32:52,397 authoritydb.py[line:115] INFO login end
2017-12-15 15:32:52,418 authoritydb.py[line:619] INFO deleteRole start
2017-12-15 15:32:52,427 authoritydb.py[line:628] INFO deleteRole success
2017-12-15 15:32:52,427 authoritydb.py[line:633] INFO deleteRole end
2017-12-15 15:32:52,440 authoritydb.py[line:278] INFO md5 start
2017-12-15 15:32:52,440 authoritydb.py[line:281] INFO md5 end
2017-12-15 15:32:52,446 authoritydb.py[line:322] INFO achieve loginCapcha start
2017-12-15 15:32:52,447 authoritydb.py[line:278] INFO md5 start
2017-12-15 15:32:52,447 authoritydb.py[line:281] INFO md5 end
2017-12-15 15:32:52,447 authoritydb.py[line:348] INFO achieve bind_mobile
2017-12-15 15:32:52,450 authoritydb.py[line:372] INFO verifyCode: 070500
2017-12-15 15:33:13,453 authoritydb.py[line:343] INFO achieve loginCapcha end
2017-12-15 15:33:13,463 authoritydb.py[line:27] INFO login start
2017-12-15 15:33:13,470 authoritydb.py[line:278] INFO md5 start
2017-12-15 15:33:13,470 authoritydb.py[line:281] INFO md5 end
2017-12-15 15:33:13,494 authoritydb.py[line:59] INFO jzyuan登陆成功
2017-12-15 15:33:13,496 authoritydb.py[line:115] INFO login end
2017-12-15 15:33:13,519 authoritydb.py[line:278] INFO md5 start
2017-12-15 15:33:13,519 authoritydb.py[line:281] INFO md5 end
2017-12-15 15:33:13,538 authoritydb.py[line:322] INFO achieve loginCapcha start
2017-12-15 15:33:13,539 authoritydb.py[line:278] INFO md5 start
2017-12-15 15:33:13,539 authoritydb.py[line:281] INFO md5 end
2017-12-15 15:33:13,542 authoritydb.py[line:348] INFO achieve bind_mobile
2017-12-15 15:33:13,545 authoritydb.py[line:372] INFO verifyCode: 122506
2017-12-15 15:33:34,549 authoritydb.py[line:343] INFO achieve loginCapcha end
2017-12-15 15:33:34,586 authoritydb.py[line:278] INFO md5 start
2017-12-15 15:33:34,588 authoritydb.py[line:281] INFO md5 end
2017-12-15 15:33:34,622 authoritydb.py[line:278] INFO md5 start
2017-12-15 15:33:34,622 authoritydb.py[line:281] INFO md5 end
2017-12-15 15:33:34,638 authoritydb.py[line:176] INFO resetPasswordByEmail start
2017-12-15 15:33:34,644 authoritydb.py[line:184] INFO user exist
2017-12-15 15:33:34,645 authoritydb.py[line:278] INFO md5 start
2017-12-15 15:33:34,645 authoritydb.py[line:281] INFO md5 end
2017-12-15 15:33:34,645 authoritydb.py[line:189] INFO newPassword479904
2017-12-15 15:33:46,510 authoritydb.py[line:197] INFO jzyuanreset password success
2017-12-15 15:33:46,539 authoritydb.py[line:278] INFO md5 start
2017-12-15 15:33:46,539 authoritydb.py[line:281] INFO md5 end
2017-12-15 15:33:46,556 authoritydb.py[line:218] INFO resetPasswordByMobile start
2017-12-15 15:33:46,559 authoritydb.py[line:226] INFO resetPasswordByMobile user exist
2017-12-15 15:33:46,562 authoritydb.py[line:231] INFO resetPasswordByMobile is newPassword259108
2017-12-15 15:33:46,562 authoritydb.py[line:278] INFO md5 start
2017-12-15 15:33:46,562 authoritydb.py[line:281] INFO md5 end
2017-12-15 15:33:46,565 authoritydb.py[line:235] INFO content:【咪咕视讯】,重置密码:259108（切勿告诉他人)
2017-12-15 15:34:07,569 authoritydb.py[line:243] INFO jzyuanreset password success
2017-12-15 15:34:07,592 authoritydb.py[line:278] INFO md5 start
2017-12-15 15:34:07,594 authoritydb.py[line:281] INFO md5 end
2017-12-15 15:34:07,615 authoritydb.py[line:322] INFO achieve loginCapcha start
2017-12-15 15:34:07,617 authoritydb.py[line:278] INFO md5 start
2017-12-15 15:34:07,617 authoritydb.py[line:281] INFO md5 end
2017-12-15 15:34:07,618 authoritydb.py[line:348] INFO achieve bind_mobile
2017-12-15 15:34:07,624 authoritydb.py[line:372] INFO verifyCode: 211860
2017-12-15 15:34:28,625 authoritydb.py[line:343] INFO achieve loginCapcha end
2017-12-15 15:34:28,637 authoritydb.py[line:27] INFO login start
2017-12-15 15:34:28,644 authoritydb.py[line:278] INFO md5 start
2017-12-15 15:34:28,644 authoritydb.py[line:281] INFO md5 end
2017-12-15 15:34:28,660 authoritydb.py[line:59] INFO jzyuan登陆成功
2017-12-15 15:34:28,660 authoritydb.py[line:115] INFO login end
2017-12-15 15:34:28,671 authoritydb.py[line:518] INFO saveUser start
2017-12-15 15:34:28,676 authoritydb.py[line:278] INFO md5 start
2017-12-15 15:34:28,676 authoritydb.py[line:281] INFO md5 end
2017-12-15 15:34:28,677 authoritydb.py[line:553] INFO 添加用户成功
2017-12-15 15:34:28,677 authoritydb.py[line:558] INFO saveUser end
2017-12-15 15:34:28,693 authoritydb.py[line:278] INFO md5 start
2017-12-15 15:34:28,693 authoritydb.py[line:281] INFO md5 end
2017-12-15 15:34:28,703 authoritydb.py[line:322] INFO achieve loginCapcha start
2017-12-15 15:34:28,703 authoritydb.py[line:278] INFO md5 start
2017-12-15 15:34:28,704 authoritydb.py[line:281] INFO md5 end
2017-12-15 15:34:28,706 authoritydb.py[line:348] INFO achieve bind_mobile
2017-12-15 15:34:28,709 authoritydb.py[line:372] INFO verifyCode: 983367
2017-12-15 15:34:49,713 authoritydb.py[line:343] INFO achieve loginCapcha end
2017-12-15 15:34:49,721 authoritydb.py[line:27] INFO login start
2017-12-15 15:34:49,726 authoritydb.py[line:278] INFO md5 start
2017-12-15 15:34:49,726 authoritydb.py[line:281] INFO md5 end
2017-12-15 15:34:49,740 authoritydb.py[line:59] INFO jzyuan登陆成功
2017-12-15 15:34:49,740 authoritydb.py[line:115] INFO login end
2017-12-15 15:34:49,749 authoritydb.py[line:444] INFO selectRole start
2017-12-15 15:34:49,763 authoritydb.py[line:278] INFO md5 start
2017-12-15 15:34:49,763 authoritydb.py[line:281] INFO md5 end
2017-12-15 15:34:49,772 authoritydb.py[line:322] INFO achieve loginCapcha start
2017-12-15 15:34:49,773 authoritydb.py[line:278] INFO md5 start
2017-12-15 15:34:49,773 authoritydb.py[line:281] INFO md5 end
2017-12-15 15:34:49,775 authoritydb.py[line:348] INFO achieve bind_mobile
2017-12-15 15:34:49,778 authoritydb.py[line:372] INFO verifyCode: 961952
2017-12-15 15:35:10,782 authoritydb.py[line:343] INFO achieve loginCapcha end
2017-12-15 15:35:10,795 authoritydb.py[line:27] INFO login start
2017-12-15 15:35:10,801 authoritydb.py[line:278] INFO md5 start
2017-12-15 15:35:10,801 authoritydb.py[line:281] INFO md5 end
2017-12-15 15:35:10,825 authoritydb.py[line:59] INFO jzyuan登陆成功
2017-12-15 15:35:10,825 authoritydb.py[line:115] INFO login end
2017-12-15 15:35:10,835 authoritydb.py[line:390] INFO selectUser start
2017-12-15 15:35:10,842 authoritydb.py[line:435] INFO selectUser end
2017-12-15 15:35:10,861 authoritydb.py[line:278] INFO md5 start
2017-12-15 15:35:10,861 authoritydb.py[line:281] INFO md5 end
2017-12-15 15:35:10,875 authoritydb.py[line:322] INFO achieve loginCapcha start
2017-12-15 15:35:10,877 authoritydb.py[line:278] INFO md5 start
2017-12-15 15:35:10,877 authoritydb.py[line:281] INFO md5 end
2017-12-15 15:35:10,880 authoritydb.py[line:348] INFO achieve bind_mobile
2017-12-15 15:35:10,884 authoritydb.py[line:372] INFO verifyCode: 981045
2017-12-15 15:35:31,888 authoritydb.py[line:343] INFO achieve loginCapcha end
2017-12-15 15:35:31,898 authoritydb.py[line:27] INFO login start
2017-12-15 15:35:31,904 authoritydb.py[line:278] INFO md5 start
2017-12-15 15:35:31,904 authoritydb.py[line:281] INFO md5 end
2017-12-15 15:35:31,928 authoritydb.py[line:59] INFO jzyuan登陆成功
2017-12-15 15:35:31,930 authoritydb.py[line:115] INFO login end
2017-12-15 15:35:31,944 authoritydb.py[line:278] INFO md5 start
2017-12-15 15:35:31,944 authoritydb.py[line:281] INFO md5 end
2017-12-15 15:35:31,963 authoritydb.py[line:566] INFO updateUser start
2017-12-15 15:35:31,974 authoritydb.py[line:588] INFO updateUser end
2017-12-15 15:35:31,999 authoritydb.py[line:278] INFO md5 start
2017-12-15 15:35:31,999 authoritydb.py[line:281] INFO md5 end
2017-12-15 15:35:32,006 authoritydb.py[line:322] INFO achieve loginCapcha start
2017-12-15 15:35:32,006 authoritydb.py[line:278] INFO md5 start
2017-12-15 15:35:32,006 authoritydb.py[line:281] INFO md5 end
2017-12-15 15:35:32,007 authoritydb.py[line:348] INFO achieve bind_mobile
2017-12-15 15:35:32,012 authoritydb.py[line:372] INFO verifyCode: 836178
2017-12-15 15:35:53,016 authoritydb.py[line:343] INFO achieve loginCapcha end
2017-12-15 15:35:53,028 authoritydb.py[line:27] INFO login start
2017-12-15 15:35:53,033 authoritydb.py[line:278] INFO md5 start
2017-12-15 15:35:53,035 authoritydb.py[line:281] INFO md5 end
2017-12-15 15:35:53,062 authoritydb.py[line:59] INFO jzyuan登陆成功
2017-12-15 15:35:53,062 authoritydb.py[line:115] INFO login end
2017-12-15 15:35:53,069 authoritydb.py[line:290] INFO updatepassword start
2017-12-15 15:35:53,069 authoritydb.py[line:293] INFO jzyuanchangePassword
2017-12-15 15:35:53,071 authoritydb.py[line:278] INFO md5 start
2017-12-15 15:35:53,071 authoritydb.py[line:281] INFO md5 end
2017-12-15 15:35:53,072 authoritydb.py[line:295] INFO oldPassword right
2017-12-15 15:35:53,072 authoritydb.py[line:302] INFO newPassword =new_repassword
2017-12-15 15:35:53,075 authoritydb.py[line:278] INFO md5 start
2017-12-15 15:35:53,075 authoritydb.py[line:281] INFO md5 end
