2017-12-06 09:57:37,323 authoritydb.py[line:25] INFO login start
2017-12-06 09:57:37,335 authoritydb.py[line:258] INFO md5 start
2017-12-06 09:57:37,336 authoritydb.py[line:261] INFO md5 end
2017-12-06 09:57:37,382 authoritydb.py[line:57] INFO jzyuan登陆成功
2017-12-06 09:57:37,384 authoritydb.py[line:113] INFO login end
2017-12-06 09:57:38,253 authoritydb.py[line:721] INFO JobStatusStatics start
2017-12-06 09:57:38,405 authoritydb.py[line:799] INFO JobStatusStatics end
2017-12-06 10:39:59,401 authoritydb.py[line:25] INFO login start
2017-12-06 10:39:59,418 authoritydb.py[line:258] INFO md5 start
2017-12-06 10:39:59,420 authoritydb.py[line:261] INFO md5 end
2017-12-06 10:39:59,446 authoritydb.py[line:57] INFO jzyuan登陆成功
2017-12-06 10:39:59,448 authoritydb.py[line:113] INFO login end
2017-12-06 10:40:00,321 authoritydb.py[line:721] INFO JobStatusStatics start
2017-12-06 10:40:00,440 authoritydb.py[line:799] INFO JobStatusStatics end
2017-12-06 10:45:25,989 authoritydb.py[line:721] INFO JobStatusStatics start
2017-12-06 10:45:26,121 authoritydb.py[line:799] INFO JobStatusStatics end
2017-12-06 10:55:21,759 authoritydb.py[line:721] INFO JobStatusStatics start
2017-12-06 10:55:21,908 authoritydb.py[line:799] INFO JobStatusStatics end
2017-12-06 10:56:21,048 authoritydb.py[line:25] INFO login start
2017-12-06 10:56:21,059 authoritydb.py[line:258] INFO md5 start
2017-12-06 10:56:21,061 authoritydb.py[line:261] INFO md5 end
2017-12-06 10:56:21,079 authoritydb.py[line:57] INFO jzyuan登陆成功
2017-12-06 10:56:21,081 authoritydb.py[line:113] INFO login end
2017-12-06 10:56:21,905 authoritydb.py[line:721] INFO JobStatusStatics start
2017-12-06 10:56:22,006 authoritydb.py[line:799] INFO JobStatusStatics end
2017-12-06 13:46:23,005 authoritydb.py[line:25] INFO login start
2017-12-06 13:46:23,019 authoritydb.py[line:258] INFO md5 start
2017-12-06 13:46:23,019 authoritydb.py[line:261] INFO md5 end
2017-12-06 13:46:23,055 authoritydb.py[line:57] INFO jzyuan登陆成功
2017-12-06 13:46:23,055 authoritydb.py[line:113] INFO login end
2017-12-06 13:46:23,854 authoritydb.py[line:721] INFO JobStatusStatics start
2017-12-06 13:46:23,977 authoritydb.py[line:799] INFO JobStatusStatics end
2017-12-06 13:48:14,627 authoritydb.py[line:25] INFO login start
2017-12-06 13:48:14,637 authoritydb.py[line:258] INFO md5 start
2017-12-06 13:48:14,638 authoritydb.py[line:261] INFO md5 end
2017-12-06 13:48:14,657 authoritydb.py[line:57] INFO jzyuan登陆成功
2017-12-06 13:48:14,657 authoritydb.py[line:113] INFO login end
2017-12-06 13:48:15,523 authoritydb.py[line:721] INFO JobStatusStatics start
2017-12-06 13:48:15,641 authoritydb.py[line:799] INFO JobStatusStatics end
2017-12-06 13:51:28,112 authoritydb.py[line:721] INFO JobStatusStatics start
2017-12-06 13:51:28,252 authoritydb.py[line:799] INFO JobStatusStatics end
2017-12-06 13:54:37,023 authoritydb.py[line:721] INFO JobStatusStatics start
2017-12-06 13:54:37,188 authoritydb.py[line:799] INFO JobStatusStatics end
2017-12-06 14:02:15,280 authoritydb.py[line:721] INFO JobStatusStatics start
2017-12-06 14:02:15,395 authoritydb.py[line:799] INFO JobStatusStatics end
2017-12-06 14:14:58,211 authoritydb.py[line:721] INFO JobStatusStatics start
2017-12-06 14:14:58,325 authoritydb.py[line:799] INFO JobStatusStatics end
2017-12-06 14:24:04,430 authoritydb.py[line:721] INFO JobStatusStatics start
2017-12-06 14:24:04,667 authoritydb.py[line:799] INFO JobStatusStatics end
2017-12-06 14:35:26,066 authoritydb.py[line:721] INFO JobStatusStatics start
2017-12-06 14:35:26,232 authoritydb.py[line:799] INFO JobStatusStatics end
2017-12-06 14:35:46,257 authoritydb.py[line:721] INFO JobStatusStatics start
2017-12-06 14:35:46,382 authoritydb.py[line:799] INFO JobStatusStatics end
2017-12-06 14:36:01,312 authoritydb.py[line:25] INFO login start
2017-12-06 14:36:01,325 authoritydb.py[line:258] INFO md5 start
2017-12-06 14:36:01,325 authoritydb.py[line:261] INFO md5 end
2017-12-06 14:36:01,345 authoritydb.py[line:57] INFO jzyuan登陆成功
2017-12-06 14:36:01,345 authoritydb.py[line:113] INFO login end
2017-12-06 14:36:02,181 authoritydb.py[line:721] INFO JobStatusStatics start
2017-12-06 14:36:02,298 authoritydb.py[line:799] INFO JobStatusStatics end
