2017-12-12 10:50:21,765 authoritydb.py[line:25] INFO login start
2017-12-12 10:50:21,779 authoritydb.py[line:258] INFO md5 start
2017-12-12 10:50:21,779 authoritydb.py[line:261] INFO md5 end
2017-12-12 10:50:21,839 authoritydb.py[line:57] INFO jzyuan登陆成功
2017-12-12 10:50:21,839 authoritydb.py[line:113] INFO login end
2017-12-12 10:50:22,733 authoritydb.py[line:721] INFO JobStatusStatics start
2017-12-12 10:50:22,845 authoritydb.py[line:799] INFO JobStatusStatics end
2017-12-12 10:50:32,857 authoritydb.py[line:721] INFO JobStatusStatics start
2017-12-12 10:50:32,990 authoritydb.py[line:799] INFO JobStatusStatics end
2017-12-12 10:50:47,811 authoritydb.py[line:25] INFO login start
2017-12-12 10:50:47,822 authoritydb.py[line:258] INFO md5 start
2017-12-12 10:50:47,823 authoritydb.py[line:261] INFO md5 end
2017-12-12 10:50:47,842 authoritydb.py[line:57] INFO jzyuan登陆成功
2017-12-12 10:50:47,844 authoritydb.py[line:113] INFO login end
2017-12-12 10:50:48,710 authoritydb.py[line:721] INFO JobStatusStatics start
2017-12-12 10:50:48,865 authoritydb.py[line:799] INFO JobStatusStatics end
2017-12-12 10:51:09,477 authoritydb.py[line:25] INFO login start
2017-12-12 10:51:09,487 authoritydb.py[line:258] INFO md5 start
2017-12-12 10:51:09,487 authoritydb.py[line:261] INFO md5 end
2017-12-12 10:51:09,507 authoritydb.py[line:57] INFO jzyuan登陆成功
2017-12-12 10:51:09,509 authoritydb.py[line:113] INFO login end
2017-12-12 10:51:10,476 authoritydb.py[line:721] INFO JobStatusStatics start
2017-12-12 10:51:10,611 authoritydb.py[line:799] INFO JobStatusStatics end
2017-12-12 10:51:38,322 authoritydb.py[line:25] INFO login start
2017-12-12 10:51:38,338 authoritydb.py[line:258] INFO md5 start
2017-12-12 10:51:38,338 authoritydb.py[line:261] INFO md5 end
2017-12-12 10:51:38,381 authoritydb.py[line:57] INFO jzyuan登陆成功
2017-12-12 10:51:38,382 authoritydb.py[line:113] INFO login end
2017-12-12 10:51:39,128 authoritydb.py[line:721] INFO JobStatusStatics start
2017-12-12 10:51:39,256 authoritydb.py[line:799] INFO JobStatusStatics end
2017-12-12 10:51:56,688 authoritydb.py[line:721] INFO JobStatusStatics start
2017-12-12 10:51:56,854 authoritydb.py[line:799] INFO JobStatusStatics end
2017-12-12 16:49:17,480 authoritydb.py[line:258] INFO md5 start
2017-12-12 16:49:17,480 authoritydb.py[line:261] INFO md5 end
2017-12-12 16:52:49,414 authoritydb.py[line:258] INFO md5 start
2017-12-12 16:52:49,414 authoritydb.py[line:261] INFO md5 end
2017-12-12 16:54:19,892 authoritydb.py[line:258] INFO md5 start
2017-12-12 16:54:19,894 authoritydb.py[line:261] INFO md5 end
2017-12-12 16:57:14,118 authoritydb.py[line:258] INFO md5 start
2017-12-12 16:57:14,118 authoritydb.py[line:261] INFO md5 end
2017-12-12 16:57:14,119 authoritydb.py[line:349] INFO verifyCode: 383074
2017-12-12 16:59:45,770 authoritydb.py[line:258] INFO md5 start
2017-12-12 16:59:45,770 authoritydb.py[line:261] INFO md5 end
2017-12-12 16:59:45,772 authoritydb.py[line:349] INFO verifyCode: 599017
2017-12-12 17:00:19,890 authoritydb.py[line:258] INFO md5 start
2017-12-12 17:00:19,890 authoritydb.py[line:261] INFO md5 end
2017-12-12 17:00:19,892 authoritydb.py[line:349] INFO verifyCode: 386834
2017-12-12 17:00:36,562 authoritydb.py[line:258] INFO md5 start
2017-12-12 17:00:36,562 authoritydb.py[line:261] INFO md5 end
2017-12-12 17:00:36,562 authoritydb.py[line:349] INFO verifyCode: 932463
2017-12-12 17:01:10,930 authoritydb.py[line:258] INFO md5 start
2017-12-12 17:01:10,930 authoritydb.py[line:261] INFO md5 end
2017-12-12 17:01:10,933 authoritydb.py[line:349] INFO verifyCode: 630734
2017-12-12 17:02:14,122 authoritydb.py[line:258] INFO md5 start
2017-12-12 17:02:14,124 authoritydb.py[line:261] INFO md5 end
2017-12-12 17:02:14,125 authoritydb.py[line:349] INFO verifyCode: 160468
2017-12-12 17:02:14,131 authoritydb.py[line:349] INFO verifyCode: 475114
2017-12-12 17:02:14,217 authoritydb.py[line:299] INFO achieve loginCapcha start
2017-12-12 17:02:14,219 authoritydb.py[line:258] INFO md5 start
2017-12-12 17:02:14,219 authoritydb.py[line:261] INFO md5 end
2017-12-12 17:04:59,743 authoritydb.py[line:258] INFO md5 start
2017-12-12 17:04:59,743 authoritydb.py[line:261] INFO md5 end
2017-12-12 17:04:59,746 authoritydb.py[line:349] INFO verifyCode: 696139
2017-12-12 17:04:59,759 authoritydb.py[line:349] INFO verifyCode: 658397
2017-12-12 17:04:59,841 authoritydb.py[line:25] INFO login start
2017-12-12 17:04:59,855 authoritydb.py[line:299] INFO achieve loginCapcha start
2017-12-12 17:04:59,855 authoritydb.py[line:258] INFO md5 start
2017-12-12 17:04:59,855 authoritydb.py[line:261] INFO md5 end
2017-12-12 17:07:07,437 authoritydb.py[line:258] INFO md5 start
2017-12-12 17:07:07,438 authoritydb.py[line:261] INFO md5 end
2017-12-12 17:07:07,440 authoritydb.py[line:349] INFO verifyCode: 761281
2017-12-12 17:07:07,528 authoritydb.py[line:299] INFO achieve loginCapcha start
2017-12-12 17:07:07,529 authoritydb.py[line:258] INFO md5 start
2017-12-12 17:07:07,529 authoritydb.py[line:261] INFO md5 end
2017-12-12 17:07:07,532 authoritydb.py[line:349] INFO verifyCode: 158469
2017-12-12 17:07:07,532 authoritydb.py[line:25] INFO login start
2017-12-12 17:07:07,540 authoritydb.py[line:299] INFO achieve loginCapcha start
2017-12-12 17:07:07,542 authoritydb.py[line:258] INFO md5 start
2017-12-12 17:07:07,542 authoritydb.py[line:261] INFO md5 end
