2017-12-05 09:47:54,361 authoritydb.py[line:25] INFO login start
2017-12-05 09:47:54,371 authoritydb.py[line:258] INFO md5 start
2017-12-05 09:47:54,372 authoritydb.py[line:261] INFO md5 end
2017-12-05 09:47:54,420 authoritydb.py[line:57] INFO jzyuan登陆成功
2017-12-05 09:47:54,420 authoritydb.py[line:113] INFO login end
2017-12-05 09:47:55,326 authoritydb.py[line:721] INFO JobStatusStatics start
2017-12-05 09:47:55,460 authoritydb.py[line:799] INFO JobStatusStatics end
2017-12-05 10:18:59,295 authoritydb.py[line:25] INFO login start
2017-12-05 10:18:59,305 authoritydb.py[line:258] INFO md5 start
2017-12-05 10:18:59,306 authoritydb.py[line:261] INFO md5 end
2017-12-05 10:18:59,325 authoritydb.py[line:57] INFO jzyuan登陆成功
2017-12-05 10:18:59,328 authoritydb.py[line:113] INFO login end
2017-12-05 10:19:00,157 authoritydb.py[line:721] INFO JobStatusStatics start
2017-12-05 10:19:00,296 authoritydb.py[line:799] INFO JobStatusStatics end
2017-12-05 17:05:30,894 authoritydb.py[line:25] INFO login start
2017-12-05 17:05:30,917 authoritydb.py[line:258] INFO md5 start
2017-12-05 17:05:30,920 authoritydb.py[line:261] INFO md5 end
2017-12-05 17:05:30,953 authoritydb.py[line:57] INFO jzyuan登陆成功
2017-12-05 17:05:30,953 authoritydb.py[line:113] INFO login end
2017-12-05 17:05:31,848 authoritydb.py[line:721] INFO JobStatusStatics start
2017-12-05 17:05:31,974 authoritydb.py[line:799] INFO JobStatusStatics end
2017-12-05 17:11:33,000 authoritydb.py[line:25] INFO login start
2017-12-05 17:11:33,016 authoritydb.py[line:258] INFO md5 start
2017-12-05 17:11:33,016 authoritydb.py[line:261] INFO md5 end
2017-12-05 17:11:33,048 authoritydb.py[line:57] INFO jzyuan登陆成功
2017-12-05 17:11:33,049 authoritydb.py[line:113] INFO login end
2017-12-05 17:11:33,961 authoritydb.py[line:721] INFO JobStatusStatics start
2017-12-05 17:11:34,075 authoritydb.py[line:799] INFO JobStatusStatics end
2017-12-05 17:13:05,838 authoritydb.py[line:721] INFO JobStatusStatics start
2017-12-05 17:13:05,950 authoritydb.py[line:799] INFO JobStatusStatics end
2017-12-05 17:14:36,530 authoritydb.py[line:721] INFO JobStatusStatics start
2017-12-05 17:14:36,641 authoritydb.py[line:799] INFO JobStatusStatics end
2017-12-05 17:22:21,806 authoritydb.py[line:25] INFO login start
2017-12-05 17:22:21,819 authoritydb.py[line:258] INFO md5 start
2017-12-05 17:22:21,821 authoritydb.py[line:261] INFO md5 end
2017-12-05 17:22:21,841 authoritydb.py[line:57] INFO jzyuan登陆成功
2017-12-05 17:22:21,842 authoritydb.py[line:113] INFO login end
2017-12-05 17:22:22,780 authoritydb.py[line:721] INFO JobStatusStatics start
2017-12-05 17:22:22,921 authoritydb.py[line:799] INFO JobStatusStatics end
2017-12-05 17:25:52,638 authoritydb.py[line:721] INFO JobStatusStatics start
2017-12-05 17:25:52,782 authoritydb.py[line:799] INFO JobStatusStatics end
2017-12-05 17:41:11,931 authoritydb.py[line:721] INFO JobStatusStatics start
2017-12-05 17:41:12,056 authoritydb.py[line:799] INFO JobStatusStatics end
2017-12-05 17:50:04,586 authoritydb.py[line:721] INFO JobStatusStatics start
2017-12-05 17:50:04,697 authoritydb.py[line:799] INFO JobStatusStatics end
2017-12-05 17:51:44,805 authoritydb.py[line:721] INFO JobStatusStatics start
2017-12-05 17:51:44,940 authoritydb.py[line:799] INFO JobStatusStatics end
2017-12-05 18:00:19,029 authoritydb.py[line:721] INFO JobStatusStatics start
2017-12-05 18:00:19,184 authoritydb.py[line:799] INFO JobStatusStatics end
