2017-12-13 09:52:03,015 authoritydb.py[line:258] INFO md5 start
2017-12-13 09:52:03,015 authoritydb.py[line:261] INFO md5 end
2017-12-13 09:52:03,019 authoritydb.py[line:258] INFO md5 start
2017-12-13 09:52:03,019 authoritydb.py[line:261] INFO md5 end
2017-12-13 09:52:03,023 authoritydb.py[line:349] INFO verifyCode: 609546
2017-12-13 09:52:03,029 authoritydb.py[line:258] INFO md5 start
2017-12-13 09:52:03,029 authoritydb.py[line:261] INFO md5 end
2017-12-13 09:52:03,035 authoritydb.py[line:258] INFO md5 start
2017-12-13 09:52:03,035 authoritydb.py[line:261] INFO md5 end
2017-12-13 09:55:40,230 authoritydb.py[line:258] INFO md5 start
2017-12-13 09:55:40,230 authoritydb.py[line:261] INFO md5 end
2017-12-13 09:55:40,233 authoritydb.py[line:258] INFO md5 start
2017-12-13 09:55:40,233 authoritydb.py[line:261] INFO md5 end
2017-12-13 09:55:40,233 authoritydb.py[line:349] INFO verifyCode: 281639
2017-12-13 09:55:40,242 authoritydb.py[line:258] INFO md5 start
2017-12-13 09:55:40,242 authoritydb.py[line:261] INFO md5 end
2017-12-13 09:55:40,244 authoritydb.py[line:258] INFO md5 start
2017-12-13 09:55:40,244 authoritydb.py[line:261] INFO md5 end
2017-12-13 10:01:48,561 authoritydb.py[line:258] INFO md5 start
2017-12-13 10:01:48,561 authoritydb.py[line:261] INFO md5 end
2017-12-13 10:01:48,562 authoritydb.py[line:258] INFO md5 start
2017-12-13 10:01:48,562 authoritydb.py[line:261] INFO md5 end
2017-12-13 10:01:48,563 authoritydb.py[line:349] INFO verifyCode: 749512
2017-12-13 10:01:48,575 authoritydb.py[line:258] INFO md5 start
2017-12-13 10:01:48,575 authoritydb.py[line:261] INFO md5 end
2017-12-13 10:01:48,578 authoritydb.py[line:258] INFO md5 start
2017-12-13 10:01:48,578 authoritydb.py[line:261] INFO md5 end
2017-12-13 10:04:32,828 authoritydb.py[line:258] INFO md5 start
2017-12-13 10:04:32,828 authoritydb.py[line:261] INFO md5 end
2017-12-13 10:04:32,831 authoritydb.py[line:258] INFO md5 start
2017-12-13 10:04:32,831 authoritydb.py[line:261] INFO md5 end
2017-12-13 10:04:32,832 authoritydb.py[line:349] INFO verifyCode: 637314
2017-12-13 10:04:32,842 authoritydb.py[line:258] INFO md5 start
2017-12-13 10:04:32,842 authoritydb.py[line:261] INFO md5 end
2017-12-13 10:04:32,845 authoritydb.py[line:258] INFO md5 start
2017-12-13 10:04:32,845 authoritydb.py[line:261] INFO md5 end
2017-12-13 10:05:45,786 authoritydb.py[line:258] INFO md5 start
2017-12-13 10:05:45,786 authoritydb.py[line:261] INFO md5 end
2017-12-13 10:05:45,789 authoritydb.py[line:349] INFO verifyCode: 698029
2017-12-13 10:05:45,891 authoritydb.py[line:299] INFO achieve loginCapcha start
2017-12-13 10:05:45,892 authoritydb.py[line:258] INFO md5 start
2017-12-13 10:05:45,892 authoritydb.py[line:261] INFO md5 end
2017-12-13 10:05:45,894 authoritydb.py[line:349] INFO verifyCode: 848836
2017-12-13 10:05:45,894 authoritydb.py[line:25] INFO login start
2017-12-13 10:05:45,907 authoritydb.py[line:299] INFO achieve loginCapcha start
2017-12-13 10:05:45,908 authoritydb.py[line:258] INFO md5 start
2017-12-13 10:05:45,908 authoritydb.py[line:261] INFO md5 end
2017-12-13 10:07:12,305 authoritydb.py[line:349] INFO verifyCode: 759622
2017-12-13 10:07:12,390 authoritydb.py[line:299] INFO achieve loginCapcha start
2017-12-13 10:07:12,391 authoritydb.py[line:258] INFO md5 start
2017-12-13 10:07:12,391 authoritydb.py[line:261] INFO md5 end
2017-12-13 10:07:12,392 authoritydb.py[line:349] INFO verifyCode: 944100
2017-12-13 10:07:12,394 authoritydb.py[line:299] INFO achieve loginCapcha start
2017-12-13 10:07:12,395 authoritydb.py[line:258] INFO md5 start
2017-12-13 10:07:12,395 authoritydb.py[line:261] INFO md5 end
2017-12-13 10:09:39,180 authoritydb.py[line:349] INFO verifyCode: 049526
2017-12-13 10:09:39,265 authoritydb.py[line:299] INFO achieve loginCapcha start
2017-12-13 10:09:39,266 authoritydb.py[line:258] INFO md5 start
2017-12-13 10:09:39,266 authoritydb.py[line:261] INFO md5 end
2017-12-13 10:09:39,267 authoritydb.py[line:349] INFO verifyCode: 511323
2017-12-13 10:09:39,272 authoritydb.py[line:299] INFO achieve loginCapcha start
2017-12-13 10:09:39,273 authoritydb.py[line:258] INFO md5 start
2017-12-13 10:09:39,273 authoritydb.py[line:261] INFO md5 end
2017-12-13 10:09:59,766 authoritydb.py[line:349] INFO verifyCode: 986768
2017-12-13 10:09:59,846 authoritydb.py[line:299] INFO achieve loginCapcha start
2017-12-13 10:09:59,848 authoritydb.py[line:258] INFO md5 start
2017-12-13 10:09:59,848 authoritydb.py[line:261] INFO md5 end
2017-12-13 10:09:59,849 authoritydb.py[line:349] INFO verifyCode: 848597
2017-12-13 10:09:59,851 authoritydb.py[line:25] INFO login start
2017-12-13 10:09:59,859 authoritydb.py[line:299] INFO achieve loginCapcha start
2017-12-13 10:09:59,861 authoritydb.py[line:258] INFO md5 start
2017-12-13 10:09:59,861 authoritydb.py[line:261] INFO md5 end
2017-12-13 10:27:17,000 authoritydb.py[line:349] INFO verifyCode: 825828
2017-12-13 10:27:17,099 authoritydb.py[line:299] INFO achieve loginCapcha start
2017-12-13 10:27:17,101 authoritydb.py[line:258] INFO md5 start
2017-12-13 10:27:17,101 authoritydb.py[line:261] INFO md5 end
2017-12-13 10:27:17,102 authoritydb.py[line:349] INFO verifyCode: 614948
2017-12-13 10:27:17,102 authoritydb.py[line:25] INFO login start
2017-12-13 10:27:17,112 authoritydb.py[line:299] INFO achieve loginCapcha start
2017-12-13 10:27:17,112 authoritydb.py[line:258] INFO md5 start
2017-12-13 10:27:17,112 authoritydb.py[line:261] INFO md5 end
2017-12-13 10:28:39,713 authoritydb.py[line:349] INFO verifyCode: 514903
2017-12-13 10:28:39,813 authoritydb.py[line:299] INFO achieve loginCapcha start
2017-12-13 10:28:39,815 authoritydb.py[line:258] INFO md5 start
2017-12-13 10:28:39,815 authoritydb.py[line:261] INFO md5 end
2017-12-13 10:28:39,816 authoritydb.py[line:349] INFO verifyCode: 019605
2017-12-13 10:28:39,818 authoritydb.py[line:25] INFO login start
2017-12-13 10:28:39,826 authoritydb.py[line:299] INFO achieve loginCapcha start
2017-12-13 10:28:39,828 authoritydb.py[line:258] INFO md5 start
2017-12-13 10:28:39,828 authoritydb.py[line:261] INFO md5 end
2017-12-13 10:46:15,371 authoritydb.py[line:258] INFO md5 start
2017-12-13 10:46:15,371 authoritydb.py[line:261] INFO md5 end
2017-12-13 10:46:15,374 authoritydb.py[line:349] INFO verifyCode: 063564
2017-12-13 10:46:15,377 authoritydb.py[line:258] INFO md5 start
2017-12-13 10:46:15,377 authoritydb.py[line:261] INFO md5 end
2017-12-13 10:46:15,460 authoritydb.py[line:299] INFO achieve loginCapcha start
2017-12-13 10:46:15,460 authoritydb.py[line:258] INFO md5 start
2017-12-13 10:46:15,460 authoritydb.py[line:261] INFO md5 end
2017-12-13 10:46:15,461 authoritydb.py[line:349] INFO verifyCode: 230357
2017-12-13 10:46:15,463 authoritydb.py[line:25] INFO login start
2017-12-13 10:46:15,464 authoritydb.py[line:258] INFO md5 start
2017-12-13 10:46:15,464 authoritydb.py[line:261] INFO md5 end
2017-12-13 10:46:15,477 authoritydb.py[line:258] INFO md5 start
2017-12-13 10:46:15,477 authoritydb.py[line:261] INFO md5 end
2017-12-13 10:46:15,480 authoritydb.py[line:299] INFO achieve loginCapcha start
2017-12-13 10:46:15,480 authoritydb.py[line:258] INFO md5 start
2017-12-13 10:46:15,480 authoritydb.py[line:261] INFO md5 end
2017-12-13 10:48:58,881 authoritydb.py[line:258] INFO md5 start
2017-12-13 10:48:58,882 authoritydb.py[line:261] INFO md5 end
2017-12-13 10:48:58,884 authoritydb.py[line:349] INFO verifyCode: 352821
2017-12-13 10:48:58,890 authoritydb.py[line:258] INFO md5 start
2017-12-13 10:48:58,890 authoritydb.py[line:261] INFO md5 end
2017-12-13 10:48:58,971 authoritydb.py[line:299] INFO achieve loginCapcha start
2017-12-13 10:48:58,973 authoritydb.py[line:258] INFO md5 start
2017-12-13 10:48:58,973 authoritydb.py[line:261] INFO md5 end
2017-12-13 10:48:58,974 authoritydb.py[line:349] INFO verifyCode: 428357
2017-12-13 10:48:58,974 authoritydb.py[line:25] INFO login start
2017-12-13 10:48:58,976 authoritydb.py[line:258] INFO md5 start
2017-12-13 10:48:58,976 authoritydb.py[line:261] INFO md5 end
2017-12-13 10:48:58,992 authoritydb.py[line:258] INFO md5 start
2017-12-13 10:48:58,992 authoritydb.py[line:261] INFO md5 end
2017-12-13 10:48:58,993 authoritydb.py[line:299] INFO achieve loginCapcha start
2017-12-13 10:48:58,993 authoritydb.py[line:258] INFO md5 start
2017-12-13 10:48:58,993 authoritydb.py[line:261] INFO md5 end
2017-12-13 11:15:29,805 authoritydb.py[line:258] INFO md5 start
2017-12-13 11:15:29,805 authoritydb.py[line:261] INFO md5 end
2017-12-13 11:15:29,806 authoritydb.py[line:258] INFO md5 start
2017-12-13 11:15:29,806 authoritydb.py[line:261] INFO md5 end
2017-12-13 11:15:29,818 authoritydb.py[line:258] INFO md5 start
2017-12-13 11:15:29,818 authoritydb.py[line:261] INFO md5 end
2017-12-13 11:15:29,901 authoritydb.py[line:299] INFO achieve loginCapcha start
2017-12-13 11:15:29,903 authoritydb.py[line:258] INFO md5 start
2017-12-13 11:15:29,903 authoritydb.py[line:261] INFO md5 end
2017-12-13 11:15:29,904 authoritydb.py[line:349] INFO verifyCode: 987311
2017-12-13 11:15:29,904 authoritydb.py[line:25] INFO login start
2017-12-13 11:15:29,907 authoritydb.py[line:258] INFO md5 start
2017-12-13 11:15:29,907 authoritydb.py[line:261] INFO md5 end
2017-12-13 11:15:29,921 authoritydb.py[line:258] INFO md5 start
2017-12-13 11:15:29,921 authoritydb.py[line:261] INFO md5 end
2017-12-13 11:15:29,923 authoritydb.py[line:299] INFO achieve loginCapcha start
2017-12-13 11:15:29,924 authoritydb.py[line:258] INFO md5 start
2017-12-13 11:15:29,924 authoritydb.py[line:261] INFO md5 end
2017-12-13 11:17:04,611 authoritydb.py[line:258] INFO md5 start
2017-12-13 11:17:04,611 authoritydb.py[line:261] INFO md5 end
2017-12-13 11:17:04,611 authoritydb.py[line:258] INFO md5 start
2017-12-13 11:17:04,611 authoritydb.py[line:261] INFO md5 end
2017-12-13 11:17:04,618 authoritydb.py[line:258] INFO md5 start
2017-12-13 11:17:04,618 authoritydb.py[line:261] INFO md5 end
2017-12-13 11:17:04,707 authoritydb.py[line:299] INFO achieve loginCapcha start
2017-12-13 11:17:04,707 authoritydb.py[line:258] INFO md5 start
2017-12-13 11:17:04,707 authoritydb.py[line:261] INFO md5 end
2017-12-13 11:17:04,710 authoritydb.py[line:349] INFO verifyCode: 681315
2017-12-13 11:17:04,710 authoritydb.py[line:25] INFO login start
2017-12-13 11:17:04,711 authoritydb.py[line:258] INFO md5 start
2017-12-13 11:17:04,711 authoritydb.py[line:261] INFO md5 end
2017-12-13 11:17:04,726 authoritydb.py[line:258] INFO md5 start
2017-12-13 11:17:04,726 authoritydb.py[line:261] INFO md5 end
2017-12-13 11:17:04,730 authoritydb.py[line:299] INFO achieve loginCapcha start
2017-12-13 11:17:04,730 authoritydb.py[line:258] INFO md5 start
2017-12-13 11:17:04,730 authoritydb.py[line:261] INFO md5 end
2017-12-13 11:18:12,104 authoritydb.py[line:258] INFO md5 start
2017-12-13 11:18:12,104 authoritydb.py[line:261] INFO md5 end
2017-12-13 11:18:12,105 authoritydb.py[line:258] INFO md5 start
2017-12-13 11:18:12,105 authoritydb.py[line:261] INFO md5 end
2017-12-13 11:18:12,108 authoritydb.py[line:349] INFO verifyCode: 679807
2017-12-13 11:18:12,111 authoritydb.py[line:258] INFO md5 start
2017-12-13 11:18:12,111 authoritydb.py[line:261] INFO md5 end
2017-12-13 11:18:12,190 authoritydb.py[line:299] INFO achieve loginCapcha start
2017-12-13 11:18:12,190 authoritydb.py[line:258] INFO md5 start
2017-12-13 11:18:12,190 authoritydb.py[line:261] INFO md5 end
2017-12-13 11:18:12,194 authoritydb.py[line:349] INFO verifyCode: 167223
2017-12-13 11:18:12,194 authoritydb.py[line:25] INFO login start
2017-12-13 11:18:12,196 authoritydb.py[line:258] INFO md5 start
2017-12-13 11:18:12,197 authoritydb.py[line:261] INFO md5 end
2017-12-13 11:18:12,216 authoritydb.py[line:258] INFO md5 start
2017-12-13 11:18:12,216 authoritydb.py[line:261] INFO md5 end
2017-12-13 11:18:12,217 authoritydb.py[line:299] INFO achieve loginCapcha start
2017-12-13 11:18:12,217 authoritydb.py[line:258] INFO md5 start
2017-12-13 11:18:12,217 authoritydb.py[line:261] INFO md5 end
2017-12-13 11:18:50,084 authoritydb.py[line:258] INFO md5 start
2017-12-13 11:18:50,084 authoritydb.py[line:261] INFO md5 end
2017-12-13 11:18:50,085 authoritydb.py[line:258] INFO md5 start
2017-12-13 11:18:50,085 authoritydb.py[line:261] INFO md5 end
2017-12-13 11:18:50,089 authoritydb.py[line:349] INFO verifyCode: 501736
2017-12-13 11:18:50,092 authoritydb.py[line:258] INFO md5 start
2017-12-13 11:18:50,094 authoritydb.py[line:261] INFO md5 end
2017-12-13 11:18:50,173 authoritydb.py[line:299] INFO achieve loginCapcha start
2017-12-13 11:18:50,174 authoritydb.py[line:258] INFO md5 start
2017-12-13 11:18:50,174 authoritydb.py[line:261] INFO md5 end
2017-12-13 11:18:50,176 authoritydb.py[line:349] INFO verifyCode: 442701
2017-12-13 11:18:50,177 authoritydb.py[line:25] INFO login start
2017-12-13 11:18:50,177 authoritydb.py[line:258] INFO md5 start
2017-12-13 11:18:50,177 authoritydb.py[line:261] INFO md5 end
2017-12-13 11:18:50,191 authoritydb.py[line:258] INFO md5 start
2017-12-13 11:18:50,191 authoritydb.py[line:261] INFO md5 end
2017-12-13 11:18:50,193 authoritydb.py[line:299] INFO achieve loginCapcha start
2017-12-13 11:18:50,194 authoritydb.py[line:258] INFO md5 start
2017-12-13 11:18:50,194 authoritydb.py[line:261] INFO md5 end
2017-12-13 14:01:39,743 authoritydb.py[line:258] INFO md5 start
2017-12-13 14:01:39,744 authoritydb.py[line:261] INFO md5 end
2017-12-13 14:01:39,746 authoritydb.py[line:258] INFO md5 start
2017-12-13 14:01:39,746 authoritydb.py[line:261] INFO md5 end
2017-12-13 14:01:39,752 authoritydb.py[line:349] INFO verifyCode: 939698
2017-12-13 14:02:34,165 authoritydb.py[line:258] INFO md5 start
2017-12-13 14:02:34,165 authoritydb.py[line:261] INFO md5 end
2017-12-13 14:02:34,167 authoritydb.py[line:258] INFO md5 start
2017-12-13 14:02:34,167 authoritydb.py[line:261] INFO md5 end
2017-12-13 14:15:03,628 authoritydb.py[line:258] INFO md5 start
2017-12-13 14:15:03,630 authoritydb.py[line:261] INFO md5 end
2017-12-13 14:15:03,713 authoritydb.py[line:299] INFO achieve loginCapcha start
2017-12-13 14:15:03,714 authoritydb.py[line:258] INFO md5 start
2017-12-13 14:15:03,714 authoritydb.py[line:261] INFO md5 end
2017-12-13 14:15:03,716 authoritydb.py[line:325] INFO achieve bind_mobile
2017-12-13 14:15:59,946 authoritydb.py[line:258] INFO md5 start
2017-12-13 14:15:59,946 authoritydb.py[line:261] INFO md5 end
2017-12-13 14:16:00,025 authoritydb.py[line:299] INFO achieve loginCapcha start
2017-12-13 14:16:00,025 authoritydb.py[line:258] INFO md5 start
2017-12-13 14:16:00,025 authoritydb.py[line:261] INFO md5 end
2017-12-13 14:16:00,026 authoritydb.py[line:325] INFO achieve bind_mobile
2017-12-13 14:16:00,028 authoritydb.py[line:349] INFO verifyCode: 332114
2017-12-13 14:16:21,032 authoritydb.py[line:320] INFO achieve loginCapcha end
2017-12-13 14:16:21,052 authoritydb.py[line:349] INFO verifyCode: 104364
2017-12-13 14:16:21,053 authoritydb.py[line:25] INFO login start
2017-12-13 14:16:21,059 authoritydb.py[line:258] INFO md5 start
2017-12-13 14:16:21,061 authoritydb.py[line:261] INFO md5 end
2017-12-13 14:17:50,026 authoritydb.py[line:258] INFO md5 start
2017-12-13 14:17:50,026 authoritydb.py[line:261] INFO md5 end
2017-12-13 14:18:58,450 authoritydb.py[line:258] INFO md5 start
2017-12-13 14:18:58,450 authoritydb.py[line:261] INFO md5 end
2017-12-13 14:22:04,556 authoritydb.py[line:258] INFO md5 start
2017-12-13 14:22:04,556 authoritydb.py[line:261] INFO md5 end
2017-12-13 14:22:04,558 authoritydb.py[line:258] INFO md5 start
2017-12-13 14:22:04,559 authoritydb.py[line:261] INFO md5 end
2017-12-13 14:22:04,651 authoritydb.py[line:299] INFO achieve loginCapcha start
2017-12-13 14:22:04,651 authoritydb.py[line:258] INFO md5 start
2017-12-13 14:22:04,651 authoritydb.py[line:261] INFO md5 end
2017-12-13 14:22:04,654 authoritydb.py[line:325] INFO achieve bind_mobile
2017-12-13 14:22:04,657 authoritydb.py[line:349] INFO verifyCode: 814771
2017-12-13 14:22:25,660 authoritydb.py[line:320] INFO achieve loginCapcha end
2017-12-13 14:22:25,670 authoritydb.py[line:349] INFO verifyCode: 806860
2017-12-13 14:22:25,673 authoritydb.py[line:25] INFO login start
2017-12-13 14:22:25,678 authoritydb.py[line:258] INFO md5 start
2017-12-13 14:22:25,678 authoritydb.py[line:261] INFO md5 end
2017-12-13 14:22:25,713 authoritydb.py[line:57] INFO jzyuan登陆成功
2017-12-13 14:22:25,713 authoritydb.py[line:113] INFO login end
2017-12-13 14:23:15,713 authoritydb.py[line:258] INFO md5 start
2017-12-13 14:23:15,713 authoritydb.py[line:261] INFO md5 end
2017-12-13 14:23:15,795 authoritydb.py[line:299] INFO achieve loginCapcha start
2017-12-13 14:23:15,796 authoritydb.py[line:258] INFO md5 start
2017-12-13 14:23:15,796 authoritydb.py[line:261] INFO md5 end
2017-12-13 14:23:15,798 authoritydb.py[line:325] INFO achieve bind_mobile
2017-12-13 14:23:15,799 authoritydb.py[line:349] INFO verifyCode: 004338
2017-12-13 14:23:36,802 authoritydb.py[line:320] INFO achieve loginCapcha end
2017-12-13 14:23:36,812 authoritydb.py[line:349] INFO verifyCode: 546533
2017-12-13 14:23:36,815 authoritydb.py[line:25] INFO login start
2017-12-13 14:23:36,822 authoritydb.py[line:106] INFO request.session['check_capcha']是004338
2017-12-13 14:23:36,822 authoritydb.py[line:107] INFO request.POST['capcha']546533
2017-12-13 14:23:36,822 authoritydb.py[line:108] INFO request.session['check_capcha']!=request.POST['capcha']
2017-12-13 14:23:36,822 authoritydb.py[line:109] INFO capcha is error
2017-12-13 14:24:16,142 authoritydb.py[line:258] INFO md5 start
2017-12-13 14:24:16,142 authoritydb.py[line:261] INFO md5 end
2017-12-13 14:24:16,224 authoritydb.py[line:299] INFO achieve loginCapcha start
2017-12-13 14:24:16,226 authoritydb.py[line:258] INFO md5 start
2017-12-13 14:24:16,226 authoritydb.py[line:261] INFO md5 end
2017-12-13 14:24:16,226 authoritydb.py[line:325] INFO achieve bind_mobile
2017-12-13 14:24:16,229 authoritydb.py[line:349] INFO verifyCode: 942653
2017-12-13 14:24:37,234 authoritydb.py[line:320] INFO achieve loginCapcha end
2017-12-13 14:24:37,243 authoritydb.py[line:349] INFO verifyCode: 951817
2017-12-13 14:25:12,099 authoritydb.py[line:258] INFO md5 start
2017-12-13 14:25:12,099 authoritydb.py[line:261] INFO md5 end
2017-12-13 14:25:12,101 authoritydb.py[line:349] INFO verifyCode: 977840
2017-12-13 14:25:12,194 authoritydb.py[line:299] INFO achieve loginCapcha start
2017-12-13 14:25:12,194 authoritydb.py[line:258] INFO md5 start
2017-12-13 14:25:12,196 authoritydb.py[line:261] INFO md5 end
2017-12-13 14:25:12,197 authoritydb.py[line:349] INFO verifyCode: 566770
2017-12-13 14:25:12,197 authoritydb.py[line:25] INFO login start
2017-12-13 14:25:12,207 authoritydb.py[line:299] INFO achieve loginCapcha start
2017-12-13 14:25:12,207 authoritydb.py[line:258] INFO md5 start
2017-12-13 14:25:12,209 authoritydb.py[line:261] INFO md5 end
2017-12-13 14:28:07,039 authoritydb.py[line:258] INFO md5 start
2017-12-13 14:28:07,039 authoritydb.py[line:261] INFO md5 end
2017-12-13 14:28:07,042 authoritydb.py[line:349] INFO verifyCode: 679081
2017-12-13 14:28:07,138 authoritydb.py[line:299] INFO achieve loginCapcha start
2017-12-13 14:28:07,140 authoritydb.py[line:258] INFO md5 start
2017-12-13 14:28:07,140 authoritydb.py[line:261] INFO md5 end
2017-12-13 14:28:07,141 authoritydb.py[line:349] INFO verifyCode: 412317
2017-12-13 14:28:07,141 authoritydb.py[line:25] INFO login start
2017-12-13 14:28:07,153 authoritydb.py[line:299] INFO achieve loginCapcha start
2017-12-13 14:28:07,154 authoritydb.py[line:258] INFO md5 start
2017-12-13 14:28:07,154 authoritydb.py[line:261] INFO md5 end
2017-12-13 14:29:18,042 authoritydb.py[line:258] INFO md5 start
2017-12-13 14:29:18,042 authoritydb.py[line:261] INFO md5 end
2017-12-13 14:29:18,125 authoritydb.py[line:299] INFO achieve loginCapcha start
2017-12-13 14:29:18,125 authoritydb.py[line:258] INFO md5 start
2017-12-13 14:29:18,125 authoritydb.py[line:261] INFO md5 end
2017-12-13 14:29:18,127 authoritydb.py[line:325] INFO achieve bind_mobile
2017-12-13 14:29:18,130 authoritydb.py[line:349] INFO verifyCode: 213540
2017-12-13 14:29:39,132 authoritydb.py[line:320] INFO achieve loginCapcha end
2017-12-13 14:29:39,138 authoritydb.py[line:349] INFO verifyCode: 188932
2017-12-13 14:29:39,140 authoritydb.py[line:25] INFO login start
2017-12-13 14:29:39,141 authoritydb.py[line:106] INFO request.session['check_capcha']是213540
2017-12-13 14:29:39,141 authoritydb.py[line:107] INFO request.POST['capcha']188932
2017-12-13 14:29:39,141 authoritydb.py[line:108] INFO request.session['check_capcha']!=request.POST['capcha']
2017-12-13 14:29:39,141 authoritydb.py[line:109] INFO capcha is error
2017-12-13 14:30:37,901 authoritydb.py[line:258] INFO md5 start
2017-12-13 14:30:37,901 authoritydb.py[line:261] INFO md5 end
2017-12-13 14:30:37,982 authoritydb.py[line:299] INFO achieve loginCapcha start
2017-12-13 14:30:37,983 authoritydb.py[line:258] INFO md5 start
2017-12-13 14:30:37,983 authoritydb.py[line:261] INFO md5 end
2017-12-13 14:30:37,983 authoritydb.py[line:325] INFO achieve bind_mobile
2017-12-13 14:30:37,986 authoritydb.py[line:349] INFO verifyCode: 293956
2017-12-13 14:30:58,990 authoritydb.py[line:320] INFO achieve loginCapcha end
2017-12-13 14:30:59,000 authoritydb.py[line:349] INFO verifyCode: 488167
2017-12-13 14:30:59,002 authoritydb.py[line:25] INFO login start
2017-12-13 14:30:59,007 authoritydb.py[line:106] INFO request.session['check_capcha']是293956
2017-12-13 14:30:59,007 authoritydb.py[line:107] INFO request.POST['capcha']488167
2017-12-13 14:30:59,007 authoritydb.py[line:108] INFO request.session['check_capcha']!=request.POST['capcha']
2017-12-13 14:30:59,007 authoritydb.py[line:109] INFO capcha is error
2017-12-13 14:33:01,007 authoritydb.py[line:258] INFO md5 start
2017-12-13 14:33:01,009 authoritydb.py[line:261] INFO md5 end
2017-12-13 14:33:01,009 authoritydb.py[line:258] INFO md5 start
2017-12-13 14:33:01,009 authoritydb.py[line:261] INFO md5 end
2017-12-13 14:33:01,092 authoritydb.py[line:299] INFO achieve loginCapcha start
2017-12-13 14:33:01,092 authoritydb.py[line:258] INFO md5 start
2017-12-13 14:33:01,092 authoritydb.py[line:261] INFO md5 end
2017-12-13 14:33:01,094 authoritydb.py[line:325] INFO achieve bind_mobile
2017-12-13 14:33:01,095 authoritydb.py[line:349] INFO verifyCode: 184679
2017-12-13 14:33:22,098 authoritydb.py[line:320] INFO achieve loginCapcha end
2017-12-13 14:33:22,108 authoritydb.py[line:349] INFO verifyCode: 330560
2017-12-13 14:33:22,111 authoritydb.py[line:25] INFO login start
2017-12-13 14:33:22,118 authoritydb.py[line:258] INFO md5 start
2017-12-13 14:33:22,118 authoritydb.py[line:261] INFO md5 end
2017-12-13 14:33:22,150 authoritydb.py[line:57] INFO jzyuan登陆成功
2017-12-13 14:33:22,151 authoritydb.py[line:113] INFO login end
2017-12-13 14:37:35,217 authoritydb.py[line:258] INFO md5 start
2017-12-13 14:37:35,217 authoritydb.py[line:261] INFO md5 end
2017-12-13 14:37:35,219 authoritydb.py[line:258] INFO md5 start
2017-12-13 14:37:35,219 authoritydb.py[line:261] INFO md5 end
2017-12-13 14:37:35,220 authoritydb.py[line:349] INFO verifyCode: 881314
2017-12-13 14:37:35,232 authoritydb.py[line:258] INFO md5 start
2017-12-13 14:37:35,233 authoritydb.py[line:261] INFO md5 end
2017-12-13 14:37:35,234 authoritydb.py[line:258] INFO md5 start
2017-12-13 14:37:35,234 authoritydb.py[line:261] INFO md5 end
2017-12-13 14:40:59,967 authoritydb.py[line:258] INFO md5 start
2017-12-13 14:40:59,967 authoritydb.py[line:261] INFO md5 end
2017-12-13 14:40:59,969 authoritydb.py[line:349] INFO verifyCode: 658561
2017-12-13 14:40:59,980 authoritydb.py[line:258] INFO md5 start
2017-12-13 14:40:59,980 authoritydb.py[line:261] INFO md5 end
2017-12-13 14:41:00,063 authoritydb.py[line:299] INFO achieve loginCapcha start
2017-12-13 14:41:00,065 authoritydb.py[line:258] INFO md5 start
2017-12-13 14:41:00,065 authoritydb.py[line:261] INFO md5 end
2017-12-13 14:42:00,158 authoritydb.py[line:258] INFO md5 start
2017-12-13 14:42:00,158 authoritydb.py[line:261] INFO md5 end
2017-12-13 14:42:00,161 authoritydb.py[line:349] INFO verifyCode: 638084
2017-12-13 14:42:00,170 authoritydb.py[line:258] INFO md5 start
2017-12-13 14:42:00,170 authoritydb.py[line:261] INFO md5 end
2017-12-13 14:42:00,256 authoritydb.py[line:299] INFO achieve loginCapcha start
2017-12-13 14:42:00,256 authoritydb.py[line:258] INFO md5 start
2017-12-13 14:42:00,256 authoritydb.py[line:261] INFO md5 end
2017-12-13 14:42:24,128 authoritydb.py[line:258] INFO md5 start
2017-12-13 14:42:24,128 authoritydb.py[line:261] INFO md5 end
2017-12-13 14:42:24,130 authoritydb.py[line:349] INFO verifyCode: 218887
2017-12-13 14:42:24,135 authoritydb.py[line:258] INFO md5 start
2017-12-13 14:42:24,135 authoritydb.py[line:261] INFO md5 end
2017-12-13 14:42:24,217 authoritydb.py[line:299] INFO achieve loginCapcha start
2017-12-13 14:42:24,219 authoritydb.py[line:258] INFO md5 start
2017-12-13 14:42:24,219 authoritydb.py[line:261] INFO md5 end
2017-12-13 14:43:13,763 authoritydb.py[line:258] INFO md5 start
2017-12-13 14:43:13,763 authoritydb.py[line:261] INFO md5 end
2017-12-13 14:43:13,766 authoritydb.py[line:349] INFO verifyCode: 843079
2017-12-13 14:43:13,773 authoritydb.py[line:258] INFO md5 start
2017-12-13 14:43:13,773 authoritydb.py[line:261] INFO md5 end
2017-12-13 14:43:13,859 authoritydb.py[line:299] INFO achieve loginCapcha start
2017-12-13 14:43:13,861 authoritydb.py[line:258] INFO md5 start
2017-12-13 14:43:13,861 authoritydb.py[line:261] INFO md5 end
2017-12-13 14:44:46,890 authoritydb.py[line:258] INFO md5 start
2017-12-13 14:44:46,890 authoritydb.py[line:261] INFO md5 end
2017-12-13 14:44:46,973 authoritydb.py[line:299] INFO achieve loginCapcha start
2017-12-13 14:44:46,974 authoritydb.py[line:258] INFO md5 start
2017-12-13 14:44:46,974 authoritydb.py[line:261] INFO md5 end
2017-12-13 14:44:46,983 authoritydb.py[line:258] INFO md5 start
2017-12-13 14:44:46,983 authoritydb.py[line:261] INFO md5 end
2017-12-13 14:44:46,990 authoritydb.py[line:349] INFO verifyCode: 843965
2017-12-13 14:45:23,789 authoritydb.py[line:258] INFO md5 start
2017-12-13 14:45:23,789 authoritydb.py[line:261] INFO md5 end
2017-12-13 14:45:23,871 authoritydb.py[line:299] INFO achieve loginCapcha start
2017-12-13 14:45:23,871 authoritydb.py[line:258] INFO md5 start
2017-12-13 14:45:23,871 authoritydb.py[line:261] INFO md5 end
2017-12-13 14:45:23,881 authoritydb.py[line:258] INFO md5 start
2017-12-13 14:45:23,881 authoritydb.py[line:261] INFO md5 end
2017-12-13 14:45:23,885 authoritydb.py[line:349] INFO verifyCode: 712908
2017-12-13 14:45:57,615 authoritydb.py[line:258] INFO md5 start
2017-12-13 14:45:57,615 authoritydb.py[line:261] INFO md5 end
2017-12-13 14:45:57,698 authoritydb.py[line:299] INFO achieve loginCapcha start
2017-12-13 14:45:57,700 authoritydb.py[line:258] INFO md5 start
2017-12-13 14:45:57,700 authoritydb.py[line:261] INFO md5 end
2017-12-13 14:45:57,709 authoritydb.py[line:258] INFO md5 start
2017-12-13 14:45:57,709 authoritydb.py[line:261] INFO md5 end
2017-12-13 14:45:57,711 authoritydb.py[line:349] INFO verifyCode: 166331
2017-12-13 14:47:11,701 authoritydb.py[line:258] INFO md5 start
2017-12-13 14:47:11,701 authoritydb.py[line:261] INFO md5 end
2017-12-13 14:47:11,703 authoritydb.py[line:258] INFO md5 start
2017-12-13 14:47:11,703 authoritydb.py[line:261] INFO md5 end
2017-12-13 14:47:11,783 authoritydb.py[line:299] INFO achieve loginCapcha start
2017-12-13 14:47:11,785 authoritydb.py[line:258] INFO md5 start
2017-12-13 14:47:11,785 authoritydb.py[line:261] INFO md5 end
2017-12-13 14:47:11,786 authoritydb.py[line:325] INFO achieve bind_mobile
2017-12-13 14:47:11,788 authoritydb.py[line:349] INFO verifyCode: 109631
2017-12-13 14:47:32,792 authoritydb.py[line:320] INFO achieve loginCapcha end
2017-12-13 14:47:32,811 authoritydb.py[line:258] INFO md5 start
2017-12-13 14:47:32,811 authoritydb.py[line:261] INFO md5 end
2017-12-13 14:47:32,816 authoritydb.py[line:258] INFO md5 start
2017-12-13 14:47:32,816 authoritydb.py[line:261] INFO md5 end
2017-12-13 14:50:45,306 authoritydb.py[line:258] INFO md5 start
2017-12-13 14:50:45,306 authoritydb.py[line:261] INFO md5 end
2017-12-13 14:50:45,308 authoritydb.py[line:258] INFO md5 start
2017-12-13 14:50:45,308 authoritydb.py[line:261] INFO md5 end
2017-12-13 14:50:45,394 authoritydb.py[line:299] INFO achieve loginCapcha start
2017-12-13 14:50:45,394 authoritydb.py[line:258] INFO md5 start
2017-12-13 14:50:45,394 authoritydb.py[line:261] INFO md5 end
2017-12-13 14:50:45,395 authoritydb.py[line:325] INFO achieve bind_mobile
2017-12-13 14:50:45,398 authoritydb.py[line:349] INFO verifyCode: 859784
2017-12-13 14:51:06,403 authoritydb.py[line:320] INFO achieve loginCapcha end
2017-12-13 14:51:06,430 authoritydb.py[line:258] INFO md5 start
2017-12-13 14:51:06,430 authoritydb.py[line:261] INFO md5 end
2017-12-13 14:51:06,440 authoritydb.py[line:258] INFO md5 start
2017-12-13 14:51:06,440 authoritydb.py[line:261] INFO md5 end
2017-12-13 14:51:37,926 authoritydb.py[line:258] INFO md5 start
2017-12-13 14:51:37,926 authoritydb.py[line:261] INFO md5 end
2017-12-13 14:51:37,927 authoritydb.py[line:258] INFO md5 start
2017-12-13 14:51:37,927 authoritydb.py[line:261] INFO md5 end
2017-12-13 14:51:38,009 authoritydb.py[line:299] INFO achieve loginCapcha start
2017-12-13 14:51:38,009 authoritydb.py[line:258] INFO md5 start
2017-12-13 14:51:38,009 authoritydb.py[line:261] INFO md5 end
2017-12-13 14:51:38,010 authoritydb.py[line:325] INFO achieve bind_mobile
2017-12-13 14:51:38,013 authoritydb.py[line:349] INFO verifyCode: 825201
2017-12-13 14:51:59,016 authoritydb.py[line:320] INFO achieve loginCapcha end
2017-12-13 14:51:59,039 authoritydb.py[line:258] INFO md5 start
2017-12-13 14:51:59,039 authoritydb.py[line:261] INFO md5 end
2017-12-13 14:51:59,049 authoritydb.py[line:258] INFO md5 start
2017-12-13 14:51:59,049 authoritydb.py[line:261] INFO md5 end
2017-12-13 14:53:09,971 authoritydb.py[line:258] INFO md5 start
2017-12-13 14:53:09,973 authoritydb.py[line:261] INFO md5 end
2017-12-13 14:53:09,973 authoritydb.py[line:258] INFO md5 start
2017-12-13 14:53:09,973 authoritydb.py[line:261] INFO md5 end
2017-12-13 14:53:09,976 authoritydb.py[line:349] INFO verifyCode: 694611
2017-12-13 14:53:32,634 authoritydb.py[line:258] INFO md5 start
2017-12-13 14:53:32,634 authoritydb.py[line:261] INFO md5 end
2017-12-13 14:53:32,637 authoritydb.py[line:258] INFO md5 start
2017-12-13 14:53:32,637 authoritydb.py[line:261] INFO md5 end
2017-12-13 14:53:32,717 authoritydb.py[line:299] INFO achieve loginCapcha start
2017-12-13 14:53:32,717 authoritydb.py[line:258] INFO md5 start
2017-12-13 14:53:32,717 authoritydb.py[line:261] INFO md5 end
2017-12-13 14:53:32,720 authoritydb.py[line:325] INFO achieve bind_mobile
2017-12-13 14:53:32,721 authoritydb.py[line:349] INFO verifyCode: 536122
2017-12-13 14:53:53,723 authoritydb.py[line:320] INFO achieve loginCapcha end
2017-12-13 14:53:53,736 authoritydb.py[line:25] INFO login start
2017-12-13 14:53:53,742 authoritydb.py[line:258] INFO md5 start
2017-12-13 14:53:53,743 authoritydb.py[line:261] INFO md5 end
2017-12-13 14:53:53,788 authoritydb.py[line:57] INFO jzyuan登陆成功
2017-12-13 14:53:53,788 authoritydb.py[line:113] INFO login end
2017-12-13 14:54:53,147 authoritydb.py[line:258] INFO md5 start
2017-12-13 14:54:53,148 authoritydb.py[line:261] INFO md5 end
2017-12-13 14:54:53,230 authoritydb.py[line:299] INFO achieve loginCapcha start
2017-12-13 14:54:53,232 authoritydb.py[line:258] INFO md5 start
2017-12-13 14:54:53,232 authoritydb.py[line:261] INFO md5 end
2017-12-13 14:54:53,237 authoritydb.py[line:258] INFO md5 start
2017-12-13 14:54:53,237 authoritydb.py[line:261] INFO md5 end
2017-12-13 14:54:53,242 authoritydb.py[line:349] INFO verifyCode: 434181
2017-12-13 14:56:52,648 authoritydb.py[line:258] INFO md5 start
2017-12-13 14:56:52,650 authoritydb.py[line:261] INFO md5 end
2017-12-13 14:56:52,651 authoritydb.py[line:258] INFO md5 start
2017-12-13 14:56:52,651 authoritydb.py[line:261] INFO md5 end
2017-12-13 15:05:00,572 authoritydb.py[line:258] INFO md5 start
2017-12-13 15:05:00,572 authoritydb.py[line:261] INFO md5 end
2017-12-13 15:05:00,572 authoritydb.py[line:258] INFO md5 start
2017-12-13 15:05:00,572 authoritydb.py[line:261] INFO md5 end
2017-12-13 15:05:00,654 authoritydb.py[line:128] INFO checkUserName start
2017-12-13 15:05:00,657 authoritydb.py[line:134] INFO checkUserName end
2017-12-13 15:05:57,209 authoritydb.py[line:258] INFO md5 start
2017-12-13 15:05:57,209 authoritydb.py[line:261] INFO md5 end
2017-12-13 15:05:57,210 authoritydb.py[line:258] INFO md5 start
2017-12-13 15:05:57,210 authoritydb.py[line:261] INFO md5 end
2017-12-13 15:05:57,292 authoritydb.py[line:128] INFO checkUserName start
2017-12-13 15:05:57,295 authoritydb.py[line:134] INFO checkUserName end
2017-12-13 15:06:50,632 authoritydb.py[line:258] INFO md5 start
2017-12-13 15:06:50,634 authoritydb.py[line:261] INFO md5 end
2017-12-13 15:06:50,634 authoritydb.py[line:258] INFO md5 start
2017-12-13 15:06:50,634 authoritydb.py[line:261] INFO md5 end
2017-12-13 15:06:50,717 authoritydb.py[line:128] INFO checkUserName start
2017-12-13 15:06:50,720 authoritydb.py[line:134] INFO checkUserName end
2017-12-13 15:07:20,706 authoritydb.py[line:258] INFO md5 start
2017-12-13 15:07:20,707 authoritydb.py[line:261] INFO md5 end
2017-12-13 15:07:20,707 authoritydb.py[line:258] INFO md5 start
2017-12-13 15:07:20,707 authoritydb.py[line:261] INFO md5 end
2017-12-13 15:07:20,786 authoritydb.py[line:128] INFO checkUserName start
2017-12-13 15:07:20,789 authoritydb.py[line:134] INFO checkUserName end
2017-12-13 15:07:20,790 authoritydb.py[line:128] INFO checkUserName start
2017-12-13 15:07:20,792 authoritydb.py[line:137] INFO checkUserName end
2017-12-13 15:07:51,427 authoritydb.py[line:258] INFO md5 start
2017-12-13 15:07:51,427 authoritydb.py[line:261] INFO md5 end
2017-12-13 15:07:51,427 authoritydb.py[line:258] INFO md5 start
2017-12-13 15:07:51,427 authoritydb.py[line:261] INFO md5 end
2017-12-13 15:07:51,509 authoritydb.py[line:128] INFO checkUserName start
2017-12-13 15:07:51,510 authoritydb.py[line:134] INFO checkUserName end
2017-12-13 15:07:51,513 authoritydb.py[line:128] INFO checkUserName start
2017-12-13 15:07:51,515 authoritydb.py[line:137] INFO checkUserName end
2017-12-13 15:08:20,783 authoritydb.py[line:258] INFO md5 start
2017-12-13 15:08:20,783 authoritydb.py[line:261] INFO md5 end
2017-12-13 15:08:20,786 authoritydb.py[line:258] INFO md5 start
2017-12-13 15:08:20,786 authoritydb.py[line:261] INFO md5 end
2017-12-13 15:08:20,868 authoritydb.py[line:128] INFO checkUserName start
2017-12-13 15:08:20,871 authoritydb.py[line:134] INFO checkUserName end
2017-12-13 15:08:20,872 authoritydb.py[line:128] INFO checkUserName start
2017-12-13 15:08:20,875 authoritydb.py[line:137] INFO checkUserName end
2017-12-13 15:08:33,773 authoritydb.py[line:258] INFO md5 start
2017-12-13 15:08:33,773 authoritydb.py[line:261] INFO md5 end
2017-12-13 15:08:33,773 authoritydb.py[line:258] INFO md5 start
2017-12-13 15:08:33,773 authoritydb.py[line:261] INFO md5 end
2017-12-13 15:08:33,852 authoritydb.py[line:128] INFO checkUserName start
2017-12-13 15:08:33,855 authoritydb.py[line:134] INFO checkUserName end
2017-12-13 15:08:33,858 authoritydb.py[line:128] INFO checkUserName start
2017-12-13 15:08:33,858 authoritydb.py[line:137] INFO checkUserName end
2017-12-13 15:09:01,381 authoritydb.py[line:258] INFO md5 start
2017-12-13 15:09:01,381 authoritydb.py[line:261] INFO md5 end
2017-12-13 15:09:01,384 authoritydb.py[line:258] INFO md5 start
2017-12-13 15:09:01,384 authoritydb.py[line:261] INFO md5 end
2017-12-13 15:09:01,469 authoritydb.py[line:128] INFO checkUserName start
2017-12-13 15:09:01,470 authoritydb.py[line:134] INFO checkUserName end
2017-12-13 15:09:01,474 authoritydb.py[line:128] INFO checkUserName start
2017-12-13 15:09:01,476 authoritydb.py[line:137] INFO checkUserName end
2017-12-13 15:17:05,907 authoritydb.py[line:258] INFO md5 start
2017-12-13 15:17:05,907 authoritydb.py[line:261] INFO md5 end
2017-12-13 15:17:05,908 authoritydb.py[line:258] INFO md5 start
2017-12-13 15:17:05,908 authoritydb.py[line:261] INFO md5 end
2017-12-13 15:17:05,992 authoritydb.py[line:143] INFO checkUserQuestion start
2017-12-13 15:17:05,993 authoritydb.py[line:156] INFO checkUserQuestion end
2017-12-13 15:17:52,216 authoritydb.py[line:258] INFO md5 start
2017-12-13 15:17:52,216 authoritydb.py[line:261] INFO md5 end
2017-12-13 15:17:52,219 authoritydb.py[line:258] INFO md5 start
2017-12-13 15:17:52,219 authoritydb.py[line:261] INFO md5 end
2017-12-13 15:17:52,302 authoritydb.py[line:143] INFO checkUserQuestion start
2017-12-13 15:17:52,303 authoritydb.py[line:156] INFO checkUserQuestion end
2017-12-13 15:17:52,305 authoritydb.py[line:143] INFO checkUserQuestion start
2017-12-13 15:17:52,306 authoritydb.py[line:156] INFO checkUserQuestion end
2017-12-13 15:30:35,493 authoritydb.py[line:258] INFO md5 start
2017-12-13 15:30:35,493 authoritydb.py[line:261] INFO md5 end
2017-12-13 15:30:35,494 authoritydb.py[line:258] INFO md5 start
2017-12-13 15:30:35,494 authoritydb.py[line:261] INFO md5 end
2017-12-13 15:30:35,581 authoritydb.py[line:161] INFO resetPasswordByEmail start
2017-12-13 15:30:35,582 authoritydb.py[line:169] INFO user exist
2017-12-13 15:30:35,585 authoritydb.py[line:258] INFO md5 start
2017-12-13 15:30:35,585 authoritydb.py[line:261] INFO md5 end
2017-12-13 15:30:35,585 authoritydb.py[line:174] INFO newPassword490314
2017-12-13 15:30:47,450 authoritydb.py[line:182] INFO jzyuanreset password success
2017-12-13 15:31:19,410 authoritydb.py[line:258] INFO md5 start
2017-12-13 15:31:19,410 authoritydb.py[line:261] INFO md5 end
2017-12-13 15:31:19,411 authoritydb.py[line:258] INFO md5 start
2017-12-13 15:31:19,411 authoritydb.py[line:261] INFO md5 end
2017-12-13 15:31:19,492 authoritydb.py[line:161] INFO resetPasswordByEmail start
2017-12-13 15:31:19,493 authoritydb.py[line:169] INFO user exist
2017-12-13 15:31:19,493 authoritydb.py[line:258] INFO md5 start
2017-12-13 15:31:19,494 authoritydb.py[line:261] INFO md5 end
2017-12-13 15:31:19,494 authoritydb.py[line:174] INFO newPassword521693
2017-12-13 15:31:20,325 authoritydb.py[line:182] INFO jzyuanreset password success
2017-12-13 15:36:02,585 authoritydb.py[line:258] INFO md5 start
2017-12-13 15:36:02,585 authoritydb.py[line:261] INFO md5 end
2017-12-13 15:36:02,588 authoritydb.py[line:258] INFO md5 start
2017-12-13 15:36:02,588 authoritydb.py[line:261] INFO md5 end
2017-12-13 15:36:02,674 authoritydb.py[line:201] INFO resetPasswordByMobile start
2017-12-13 15:36:02,676 authoritydb.py[line:209] INFO resetPasswordByMobile user exist
2017-12-13 15:36:02,677 authoritydb.py[line:214] INFO resetPasswordByMobile is newPassword316471
2017-12-13 15:36:02,677 authoritydb.py[line:258] INFO md5 start
2017-12-13 15:36:02,677 authoritydb.py[line:261] INFO md5 end
2017-12-13 15:36:02,678 authoritydb.py[line:218] INFO content:【咪咕视讯】,重置密码:316471（切勿告诉他人)
2017-12-13 15:36:23,683 authoritydb.py[line:226] INFO jzyuanreset password success
2017-12-13 16:09:56,035 authoritydb.py[line:278] INFO md5 start
2017-12-13 16:09:56,036 authoritydb.py[line:281] INFO md5 end
2017-12-13 16:09:56,036 authoritydb.py[line:278] INFO md5 start
2017-12-13 16:09:56,036 authoritydb.py[line:281] INFO md5 end
2017-12-13 16:09:56,118 authoritydb.py[line:322] INFO achieve loginCapcha start
2017-12-13 16:09:56,119 authoritydb.py[line:278] INFO md5 start
2017-12-13 16:09:56,119 authoritydb.py[line:281] INFO md5 end
2017-12-13 16:09:56,121 authoritydb.py[line:348] INFO achieve bind_mobile
2017-12-13 16:09:56,122 authoritydb.py[line:372] INFO verifyCode: 369361
2017-12-13 16:10:17,127 authoritydb.py[line:343] INFO achieve loginCapcha end
2017-12-13 16:10:17,138 authoritydb.py[line:27] INFO login start
2017-12-13 16:10:17,144 authoritydb.py[line:278] INFO md5 start
2017-12-13 16:10:17,145 authoritydb.py[line:281] INFO md5 end
2017-12-13 16:10:17,200 authoritydb.py[line:59] INFO jzyuan登陆成功
2017-12-13 16:10:17,201 authoritydb.py[line:115] INFO login end
2017-12-13 16:10:17,210 authoritydb.py[line:290] INFO updatepassword start
2017-12-13 16:10:17,210 authoritydb.py[line:293] INFO jzyuanchangePassword
2017-12-13 16:10:17,211 authoritydb.py[line:278] INFO md5 start
2017-12-13 16:10:17,211 authoritydb.py[line:281] INFO md5 end
2017-12-13 16:10:17,213 authoritydb.py[line:295] INFO oldPassword right
2017-12-13 16:11:37,835 authoritydb.py[line:278] INFO md5 start
2017-12-13 16:11:37,835 authoritydb.py[line:281] INFO md5 end
2017-12-13 16:11:37,836 authoritydb.py[line:278] INFO md5 start
2017-12-13 16:11:37,836 authoritydb.py[line:281] INFO md5 end
2017-12-13 16:11:37,917 authoritydb.py[line:322] INFO achieve loginCapcha start
2017-12-13 16:11:37,918 authoritydb.py[line:278] INFO md5 start
2017-12-13 16:11:37,918 authoritydb.py[line:281] INFO md5 end
2017-12-13 16:11:37,920 authoritydb.py[line:348] INFO achieve bind_mobile
2017-12-13 16:11:37,923 authoritydb.py[line:372] INFO verifyCode: 784365
2017-12-13 16:11:58,927 authoritydb.py[line:343] INFO achieve loginCapcha end
2017-12-13 16:11:58,940 authoritydb.py[line:27] INFO login start
2017-12-13 16:11:58,946 authoritydb.py[line:278] INFO md5 start
2017-12-13 16:11:58,947 authoritydb.py[line:281] INFO md5 end
2017-12-13 16:11:58,980 authoritydb.py[line:59] INFO jzyuan登陆成功
2017-12-13 16:11:58,980 authoritydb.py[line:115] INFO login end
2017-12-13 16:11:58,986 authoritydb.py[line:290] INFO updatepassword start
2017-12-13 16:11:58,987 authoritydb.py[line:293] INFO jzyuanchangePassword
2017-12-13 16:11:58,989 authoritydb.py[line:278] INFO md5 start
2017-12-13 16:11:58,989 authoritydb.py[line:281] INFO md5 end
2017-12-13 16:11:58,990 authoritydb.py[line:295] INFO oldPassword right
2017-12-13 16:11:58,990 authoritydb.py[line:302] INFO newPassword =new_repassword
2017-12-13 16:11:58,992 authoritydb.py[line:278] INFO md5 start
2017-12-13 16:11:58,993 authoritydb.py[line:281] INFO md5 end
2017-12-13 16:24:15,101 authoritydb.py[line:27] INFO login start
2017-12-13 16:24:15,114 authoritydb.py[line:278] INFO md5 start
2017-12-13 16:24:15,115 authoritydb.py[line:281] INFO md5 end
2017-12-13 16:24:15,151 authoritydb.py[line:59] INFO jzyuan登陆成功
2017-12-13 16:24:15,153 authoritydb.py[line:115] INFO login end
2017-12-13 16:24:15,828 authoritydb.py[line:748] INFO JobStatusStatics start
2017-12-13 16:24:15,993 authoritydb.py[line:826] INFO JobStatusStatics end
2017-12-13 16:52:04,849 authoritydb.py[line:278] INFO md5 start
2017-12-13 16:52:04,849 authoritydb.py[line:281] INFO md5 end
2017-12-13 16:52:04,851 authoritydb.py[line:278] INFO md5 start
2017-12-13 16:52:04,851 authoritydb.py[line:281] INFO md5 end
2017-12-13 17:04:41,226 authoritydb.py[line:278] INFO md5 start
2017-12-13 17:04:41,227 authoritydb.py[line:281] INFO md5 end
2017-12-13 17:04:41,229 authoritydb.py[line:278] INFO md5 start
2017-12-13 17:04:41,229 authoritydb.py[line:281] INFO md5 end
2017-12-13 17:04:41,318 authoritydb.py[line:322] INFO achieve loginCapcha start
2017-12-13 17:04:41,319 authoritydb.py[line:278] INFO md5 start
2017-12-13 17:04:41,319 authoritydb.py[line:281] INFO md5 end
2017-12-13 17:04:41,319 authoritydb.py[line:348] INFO achieve bind_mobile
2017-12-13 17:04:41,322 authoritydb.py[line:372] INFO verifyCode: 205487
2017-12-13 17:05:02,325 authoritydb.py[line:343] INFO achieve loginCapcha end
2017-12-13 17:05:02,328 authoritydb.py[line:27] INFO login start
2017-12-13 17:05:02,331 authoritydb.py[line:278] INFO md5 start
2017-12-13 17:05:02,331 authoritydb.py[line:281] INFO md5 end
2017-12-13 17:05:02,351 authoritydb.py[line:59] INFO jzyuan登陆成功
2017-12-13 17:05:02,351 authoritydb.py[line:115] INFO login end
2017-12-13 17:05:02,357 authoritydb.py[line:387] INFO selectUser start
2017-12-13 17:05:02,358 authoritydb.py[line:433] INFO selectUser end
2017-12-13 17:08:24,237 authoritydb.py[line:278] INFO md5 start
2017-12-13 17:08:24,237 authoritydb.py[line:281] INFO md5 end
2017-12-13 17:08:24,239 authoritydb.py[line:278] INFO md5 start
2017-12-13 17:08:24,239 authoritydb.py[line:281] INFO md5 end
2017-12-13 17:08:24,322 authoritydb.py[line:322] INFO achieve loginCapcha start
2017-12-13 17:08:24,322 authoritydb.py[line:278] INFO md5 start
2017-12-13 17:08:24,322 authoritydb.py[line:281] INFO md5 end
2017-12-13 17:08:24,325 authoritydb.py[line:348] INFO achieve bind_mobile
2017-12-13 17:08:24,326 authoritydb.py[line:372] INFO verifyCode: 952923
2017-12-13 17:08:45,329 authoritydb.py[line:343] INFO achieve loginCapcha end
2017-12-13 17:08:45,342 authoritydb.py[line:27] INFO login start
2017-12-13 17:08:45,351 authoritydb.py[line:278] INFO md5 start
2017-12-13 17:08:45,351 authoritydb.py[line:281] INFO md5 end
2017-12-13 17:08:45,388 authoritydb.py[line:59] INFO jzyuan登陆成功
2017-12-13 17:08:45,388 authoritydb.py[line:115] INFO login end
2017-12-13 17:08:45,398 authoritydb.py[line:387] INFO selectUser start
2017-12-13 17:08:45,408 authoritydb.py[line:433] INFO selectUser end
2017-12-13 17:14:39,112 authoritydb.py[line:278] INFO md5 start
2017-12-13 17:14:39,112 authoritydb.py[line:281] INFO md5 end
2017-12-13 17:14:39,115 authoritydb.py[line:278] INFO md5 start
2017-12-13 17:14:39,115 authoritydb.py[line:281] INFO md5 end
2017-12-13 17:14:39,200 authoritydb.py[line:322] INFO achieve loginCapcha start
2017-12-13 17:14:39,200 authoritydb.py[line:278] INFO md5 start
2017-12-13 17:14:39,200 authoritydb.py[line:281] INFO md5 end
2017-12-13 17:14:39,201 authoritydb.py[line:348] INFO achieve bind_mobile
2017-12-13 17:14:39,203 authoritydb.py[line:372] INFO verifyCode: 347098
2017-12-13 17:15:00,206 authoritydb.py[line:343] INFO achieve loginCapcha end
2017-12-13 17:15:00,213 authoritydb.py[line:27] INFO login start
2017-12-13 17:15:00,217 authoritydb.py[line:278] INFO md5 start
2017-12-13 17:15:00,217 authoritydb.py[line:281] INFO md5 end
2017-12-13 17:15:00,253 authoritydb.py[line:59] INFO jzyuan登陆成功
2017-12-13 17:15:00,253 authoritydb.py[line:115] INFO login end
2017-12-13 17:15:00,259 authoritydb.py[line:387] INFO selectUser start
2017-12-13 17:19:19,532 authoritydb.py[line:278] INFO md5 start
2017-12-13 17:19:19,532 authoritydb.py[line:281] INFO md5 end
2017-12-13 17:19:19,533 authoritydb.py[line:278] INFO md5 start
2017-12-13 17:19:19,533 authoritydb.py[line:281] INFO md5 end
2017-12-13 17:19:19,622 authoritydb.py[line:322] INFO achieve loginCapcha start
2017-12-13 17:19:19,625 authoritydb.py[line:278] INFO md5 start
2017-12-13 17:19:19,625 authoritydb.py[line:281] INFO md5 end
2017-12-13 17:19:19,625 authoritydb.py[line:348] INFO achieve bind_mobile
2017-12-13 17:19:19,628 authoritydb.py[line:372] INFO verifyCode: 080585
2017-12-13 17:19:40,630 authoritydb.py[line:343] INFO achieve loginCapcha end
2017-12-13 17:19:40,638 authoritydb.py[line:27] INFO login start
2017-12-13 17:19:40,641 authoritydb.py[line:278] INFO md5 start
2017-12-13 17:19:40,642 authoritydb.py[line:281] INFO md5 end
2017-12-13 17:19:40,671 authoritydb.py[line:59] INFO jzyuan登陆成功
2017-12-13 17:19:40,671 authoritydb.py[line:115] INFO login end
2017-12-13 17:19:40,677 authoritydb.py[line:387] INFO selectUser start
2017-12-13 17:21:21,138 authoritydb.py[line:278] INFO md5 start
2017-12-13 17:21:21,138 authoritydb.py[line:281] INFO md5 end
2017-12-13 17:21:21,141 authoritydb.py[line:278] INFO md5 start
2017-12-13 17:21:21,141 authoritydb.py[line:281] INFO md5 end
2017-12-13 17:21:21,239 authoritydb.py[line:322] INFO achieve loginCapcha start
2017-12-13 17:21:21,240 authoritydb.py[line:278] INFO md5 start
2017-12-13 17:21:21,240 authoritydb.py[line:281] INFO md5 end
2017-12-13 17:21:21,240 authoritydb.py[line:348] INFO achieve bind_mobile
2017-12-13 17:21:21,243 authoritydb.py[line:372] INFO verifyCode: 820332
2017-12-13 17:21:42,250 authoritydb.py[line:343] INFO achieve loginCapcha end
2017-12-13 17:21:42,259 authoritydb.py[line:27] INFO login start
2017-12-13 17:21:42,262 authoritydb.py[line:278] INFO md5 start
2017-12-13 17:21:42,263 authoritydb.py[line:281] INFO md5 end
2017-12-13 17:21:42,286 authoritydb.py[line:59] INFO jzyuan登陆成功
2017-12-13 17:21:42,288 authoritydb.py[line:115] INFO login end
2017-12-13 17:21:42,292 authoritydb.py[line:387] INFO selectUser start
2017-12-13 17:21:42,296 authoritydb.py[line:433] INFO selectUser end
2017-12-13 17:22:18,319 authoritydb.py[line:278] INFO md5 start
2017-12-13 17:22:18,319 authoritydb.py[line:281] INFO md5 end
2017-12-13 17:22:18,321 authoritydb.py[line:278] INFO md5 start
2017-12-13 17:22:18,321 authoritydb.py[line:281] INFO md5 end
2017-12-13 17:22:18,408 authoritydb.py[line:322] INFO achieve loginCapcha start
2017-12-13 17:22:18,410 authoritydb.py[line:278] INFO md5 start
2017-12-13 17:22:18,410 authoritydb.py[line:281] INFO md5 end
2017-12-13 17:22:18,411 authoritydb.py[line:348] INFO achieve bind_mobile
2017-12-13 17:22:18,413 authoritydb.py[line:372] INFO verifyCode: 882016
2017-12-13 17:22:39,417 authoritydb.py[line:343] INFO achieve loginCapcha end
2017-12-13 17:22:39,428 authoritydb.py[line:27] INFO login start
2017-12-13 17:22:39,434 authoritydb.py[line:278] INFO md5 start
2017-12-13 17:22:39,434 authoritydb.py[line:281] INFO md5 end
2017-12-13 17:22:39,464 authoritydb.py[line:59] INFO jzyuan登陆成功
2017-12-13 17:22:39,464 authoritydb.py[line:115] INFO login end
2017-12-13 17:22:39,471 authoritydb.py[line:387] INFO selectUser start
2017-12-13 17:22:39,474 authoritydb.py[line:433] INFO selectUser end
2017-12-13 17:27:52,460 authoritydb.py[line:278] INFO md5 start
2017-12-13 17:27:52,460 authoritydb.py[line:281] INFO md5 end
2017-12-13 17:27:52,463 authoritydb.py[line:278] INFO md5 start
2017-12-13 17:27:52,463 authoritydb.py[line:281] INFO md5 end
2017-12-13 17:27:52,546 authoritydb.py[line:322] INFO achieve loginCapcha start
2017-12-13 17:27:52,548 authoritydb.py[line:278] INFO md5 start
2017-12-13 17:27:52,548 authoritydb.py[line:281] INFO md5 end
2017-12-13 17:27:52,549 authoritydb.py[line:348] INFO achieve bind_mobile
2017-12-13 17:27:52,552 authoritydb.py[line:372] INFO verifyCode: 599549
2017-12-13 17:28:13,555 authoritydb.py[line:343] INFO achieve loginCapcha end
2017-12-13 17:28:13,569 authoritydb.py[line:27] INFO login start
2017-12-13 17:28:13,573 authoritydb.py[line:278] INFO md5 start
2017-12-13 17:28:13,575 authoritydb.py[line:281] INFO md5 end
2017-12-13 17:28:13,602 authoritydb.py[line:59] INFO jzyuan登陆成功
2017-12-13 17:28:13,602 authoritydb.py[line:115] INFO login end
2017-12-13 17:28:13,611 authoritydb.py[line:390] INFO selectUser start
2017-12-13 17:28:13,618 authoritydb.py[line:435] INFO selectUser end
2017-12-13 17:32:25,635 authoritydb.py[line:278] INFO md5 start
2017-12-13 17:32:25,635 authoritydb.py[line:281] INFO md5 end
2017-12-13 17:32:25,637 authoritydb.py[line:278] INFO md5 start
2017-12-13 17:32:25,638 authoritydb.py[line:281] INFO md5 end
2017-12-13 17:32:25,727 authoritydb.py[line:322] INFO achieve loginCapcha start
2017-12-13 17:32:25,729 authoritydb.py[line:278] INFO md5 start
2017-12-13 17:32:25,729 authoritydb.py[line:281] INFO md5 end
2017-12-13 17:32:25,730 authoritydb.py[line:348] INFO achieve bind_mobile
2017-12-13 17:32:25,732 authoritydb.py[line:372] INFO verifyCode: 634074
2017-12-13 17:32:46,736 authoritydb.py[line:343] INFO achieve loginCapcha end
2017-12-13 17:32:46,743 authoritydb.py[line:27] INFO login start
2017-12-13 17:32:46,747 authoritydb.py[line:278] INFO md5 start
2017-12-13 17:32:46,747 authoritydb.py[line:281] INFO md5 end
2017-12-13 17:32:46,782 authoritydb.py[line:59] INFO jzyuan登陆成功
2017-12-13 17:32:46,782 authoritydb.py[line:115] INFO login end
2017-12-13 17:32:46,789 authoritydb.py[line:390] INFO selectUser start
2017-12-13 17:32:46,795 authoritydb.py[line:435] INFO selectUser end
2017-12-13 17:32:55,684 authoritydb.py[line:278] INFO md5 start
2017-12-13 17:32:55,684 authoritydb.py[line:281] INFO md5 end
2017-12-13 17:32:55,687 authoritydb.py[line:278] INFO md5 start
2017-12-13 17:32:55,687 authoritydb.py[line:281] INFO md5 end
2017-12-13 17:32:55,776 authoritydb.py[line:322] INFO achieve loginCapcha start
2017-12-13 17:32:55,776 authoritydb.py[line:278] INFO md5 start
2017-12-13 17:32:55,778 authoritydb.py[line:281] INFO md5 end
2017-12-13 17:32:55,779 authoritydb.py[line:348] INFO achieve bind_mobile
2017-12-13 17:32:55,782 authoritydb.py[line:372] INFO verifyCode: 357955
2017-12-13 17:33:16,789 authoritydb.py[line:343] INFO achieve loginCapcha end
2017-12-13 17:33:16,799 authoritydb.py[line:27] INFO login start
2017-12-13 17:33:16,805 authoritydb.py[line:278] INFO md5 start
2017-12-13 17:33:16,805 authoritydb.py[line:281] INFO md5 end
2017-12-13 17:33:16,836 authoritydb.py[line:59] INFO jzyuan登陆成功
2017-12-13 17:33:16,838 authoritydb.py[line:115] INFO login end
2017-12-13 17:33:16,848 authoritydb.py[line:444] INFO selectRole start
