2017-12-01 09:47:14,007 authoritydb.py[line:25] INFO login start
2017-12-01 09:47:14,019 authoritydb.py[line:258] INFO md5 start
2017-12-01 09:47:14,020 authoritydb.py[line:261] INFO md5 end
2017-12-01 09:47:14,065 authoritydb.py[line:57] INFO jzyuan登陆成功
2017-12-01 09:47:14,065 authoritydb.py[line:113] INFO login end
2017-12-01 09:47:15,009 authoritydb.py[line:721] INFO JobStatusStatics start
2017-12-01 09:47:15,128 authoritydb.py[line:799] INFO JobStatusStatics end
2017-12-01 10:01:55,788 authoritydb.py[line:721] INFO JobStatusStatics start
2017-12-01 10:01:55,937 authoritydb.py[line:799] INFO JobStatusStatics end
2017-12-01 10:07:06,772 authoritydb.py[line:721] INFO JobStatusStatics start
2017-12-01 10:07:06,907 authoritydb.py[line:799] INFO JobStatusStatics end
2017-12-01 10:17:35,654 authoritydb.py[line:25] INFO login start
2017-12-01 10:17:35,667 authoritydb.py[line:258] INFO md5 start
2017-12-01 10:17:35,668 authoritydb.py[line:261] INFO md5 end
2017-12-01 10:17:35,701 authoritydb.py[line:57] INFO jzyuan登陆成功
2017-12-01 10:17:35,703 authoritydb.py[line:113] INFO login end
2017-12-01 10:17:36,644 authoritydb.py[line:721] INFO JobStatusStatics start
2017-12-01 10:17:36,753 authoritydb.py[line:799] INFO JobStatusStatics end
2017-12-01 10:21:22,575 authoritydb.py[line:721] INFO JobStatusStatics start
2017-12-01 10:21:22,723 authoritydb.py[line:799] INFO JobStatusStatics end
2017-12-01 10:28:28,483 authoritydb.py[line:25] INFO login start
2017-12-01 10:28:28,496 authoritydb.py[line:258] INFO md5 start
2017-12-01 10:28:28,497 authoritydb.py[line:261] INFO md5 end
2017-12-01 10:28:28,516 authoritydb.py[line:57] INFO jzyuan登陆成功
2017-12-01 10:28:28,517 authoritydb.py[line:113] INFO login end
2017-12-01 10:28:29,453 authoritydb.py[line:721] INFO JobStatusStatics start
2017-12-01 10:28:29,576 authoritydb.py[line:799] INFO JobStatusStatics end
2017-12-01 11:00:34,648 authoritydb.py[line:721] INFO JobStatusStatics start
2017-12-01 11:00:34,767 authoritydb.py[line:799] INFO JobStatusStatics end
2017-12-01 11:14:52,713 authoritydb.py[line:721] INFO JobStatusStatics start
2017-12-01 11:14:52,848 authoritydb.py[line:799] INFO JobStatusStatics end
2017-12-01 14:14:19,750 authoritydb.py[line:25] INFO login start
2017-12-01 14:14:19,762 authoritydb.py[line:258] INFO md5 start
2017-12-01 14:14:19,763 authoritydb.py[line:261] INFO md5 end
2017-12-01 14:14:19,796 authoritydb.py[line:57] INFO jzyuan登陆成功
2017-12-01 14:14:19,798 authoritydb.py[line:113] INFO login end
2017-12-01 14:14:20,727 authoritydb.py[line:721] INFO JobStatusStatics start
2017-12-01 14:14:20,841 authoritydb.py[line:799] INFO JobStatusStatics end
2017-12-01 16:19:58,135 authoritydb.py[line:25] INFO login start
2017-12-01 16:19:58,147 authoritydb.py[line:258] INFO md5 start
2017-12-01 16:19:58,148 authoritydb.py[line:261] INFO md5 end
2017-12-01 16:19:58,184 authoritydb.py[line:57] INFO jzyuan登陆成功
2017-12-01 16:19:58,184 authoritydb.py[line:113] INFO login end
2017-12-01 16:19:59,049 authoritydb.py[line:721] INFO JobStatusStatics start
2017-12-01 16:19:59,198 authoritydb.py[line:799] INFO JobStatusStatics end
2017-12-01 16:23:56,089 authoritydb.py[line:721] INFO JobStatusStatics start
2017-12-01 16:23:56,226 authoritydb.py[line:799] INFO JobStatusStatics end
2017-12-01 16:27:17,989 authoritydb.py[line:721] INFO JobStatusStatics start
2017-12-01 16:27:18,115 authoritydb.py[line:799] INFO JobStatusStatics end
2017-12-01 16:35:35,650 authoritydb.py[line:721] INFO JobStatusStatics start
2017-12-01 16:35:35,773 authoritydb.py[line:799] INFO JobStatusStatics end
2017-12-01 16:36:49,565 authoritydb.py[line:721] INFO JobStatusStatics start
2017-12-01 16:36:49,684 authoritydb.py[line:799] INFO JobStatusStatics end
2017-12-01 16:38:02,319 authoritydb.py[line:721] INFO JobStatusStatics start
2017-12-01 16:38:02,441 authoritydb.py[line:799] INFO JobStatusStatics end
2017-12-01 17:28:56,233 authoritydb.py[line:25] INFO login start
2017-12-01 17:28:56,249 authoritydb.py[line:258] INFO md5 start
2017-12-01 17:28:56,250 authoritydb.py[line:261] INFO md5 end
2017-12-01 17:28:56,293 authoritydb.py[line:57] INFO jzyuan登陆成功
2017-12-01 17:28:56,293 authoritydb.py[line:113] INFO login end
2017-12-01 17:28:57,246 authoritydb.py[line:721] INFO JobStatusStatics start
2017-12-01 17:28:57,355 authoritydb.py[line:799] INFO JobStatusStatics end
