2017-12-19 09:52:05,933 authoritydb.py[line:27] INFO login start
2017-12-19 09:52:05,946 authoritydb.py[line:278] INFO md5 start
2017-12-19 09:52:05,947 authoritydb.py[line:281] INFO md5 end
2017-12-19 09:52:05,994 authoritydb.py[line:59] INFO jzyuan登陆成功
2017-12-19 09:52:05,996 authoritydb.py[line:115] INFO login end
2017-12-19 09:52:06,634 authoritydb.py[line:766] INFO JobStatusStatics start
2017-12-19 09:52:06,782 authoritydb.py[line:844] INFO JobStatusStatics end
2017-12-19 10:20:27,621 authoritydb.py[line:278] INFO md5 start
2017-12-19 10:20:27,621 authoritydb.py[line:281] INFO md5 end
2017-12-19 10:20:27,645 authoritydb.py[line:27] INFO login start
2017-12-19 10:20:27,648 authoritydb.py[line:278] INFO md5 start
2017-12-19 10:20:27,648 authoritydb.py[line:281] INFO md5 end
2017-12-19 10:20:27,654 authoritydb.py[line:59] INFO jzyuan登陆成功
2017-12-19 10:20:27,654 authoritydb.py[line:115] INFO login end
2017-12-19 10:27:08,437 authoritydb.py[line:278] INFO md5 start
2017-12-19 10:27:08,437 authoritydb.py[line:281] INFO md5 end
2017-12-19 10:27:08,464 authoritydb.py[line:27] INFO login start
2017-12-19 10:27:08,467 authoritydb.py[line:278] INFO md5 start
2017-12-19 10:27:08,467 authoritydb.py[line:281] INFO md5 end
2017-12-19 10:27:08,473 authoritydb.py[line:59] INFO jzyuan登陆成功
2017-12-19 10:27:08,473 authoritydb.py[line:115] INFO login end
2017-12-19 10:29:03,950 authoritydb.py[line:278] INFO md5 start
2017-12-19 10:29:03,951 authoritydb.py[line:281] INFO md5 end
2017-12-19 10:29:03,976 authoritydb.py[line:27] INFO login start
2017-12-19 10:29:03,977 authoritydb.py[line:278] INFO md5 start
2017-12-19 10:29:03,977 authoritydb.py[line:281] INFO md5 end
2017-12-19 10:29:03,984 authoritydb.py[line:59] INFO jzyuan登陆成功
2017-12-19 10:29:03,984 authoritydb.py[line:115] INFO login end
2017-12-19 10:29:13,862 authoritydb.py[line:278] INFO md5 start
2017-12-19 10:29:13,862 authoritydb.py[line:281] INFO md5 end
2017-12-19 10:29:13,888 authoritydb.py[line:27] INFO login start
2017-12-19 10:29:13,890 authoritydb.py[line:278] INFO md5 start
2017-12-19 10:29:13,891 authoritydb.py[line:281] INFO md5 end
2017-12-19 10:29:13,897 authoritydb.py[line:59] INFO jzyuan登陆成功
2017-12-19 10:29:13,897 authoritydb.py[line:115] INFO login end
2017-12-19 10:35:16,283 authoritydb.py[line:278] INFO md5 start
2017-12-19 10:35:16,283 authoritydb.py[line:281] INFO md5 end
2017-12-19 10:35:16,306 authoritydb.py[line:27] INFO login start
2017-12-19 10:35:16,309 authoritydb.py[line:278] INFO md5 start
2017-12-19 10:35:16,309 authoritydb.py[line:281] INFO md5 end
2017-12-19 10:35:16,315 authoritydb.py[line:59] INFO jzyuan登陆成功
2017-12-19 10:35:16,315 authoritydb.py[line:115] INFO login end
2017-12-19 10:36:11,654 authoritydb.py[line:27] INFO login start
2017-12-19 10:36:11,667 authoritydb.py[line:278] INFO md5 start
2017-12-19 10:36:11,667 authoritydb.py[line:281] INFO md5 end
2017-12-19 10:36:11,704 authoritydb.py[line:59] INFO jzyuan登陆成功
2017-12-19 10:36:11,706 authoritydb.py[line:115] INFO login end
2017-12-19 10:36:12,243 authoritydb.py[line:766] INFO JobStatusStatics start
2017-12-19 10:36:12,354 authoritydb.py[line:844] INFO JobStatusStatics end
2017-12-19 10:36:30,881 authoritydb.py[line:278] INFO md5 start
2017-12-19 10:36:30,881 authoritydb.py[line:281] INFO md5 end
2017-12-19 10:36:30,907 authoritydb.py[line:27] INFO login start
2017-12-19 10:36:30,908 authoritydb.py[line:278] INFO md5 start
2017-12-19 10:36:30,908 authoritydb.py[line:281] INFO md5 end
2017-12-19 10:36:30,915 authoritydb.py[line:59] INFO jzyuan登陆成功
2017-12-19 10:36:30,917 authoritydb.py[line:115] INFO login end
2017-12-19 10:51:55,868 authoritydb.py[line:278] INFO md5 start
2017-12-19 10:51:55,868 authoritydb.py[line:281] INFO md5 end
2017-12-19 10:51:55,892 authoritydb.py[line:27] INFO login start
2017-12-19 10:51:55,894 authoritydb.py[line:278] INFO md5 start
2017-12-19 10:51:55,894 authoritydb.py[line:281] INFO md5 end
2017-12-19 10:51:55,901 authoritydb.py[line:59] INFO jzyuan登陆成功
2017-12-19 10:51:55,901 authoritydb.py[line:115] INFO login end
2017-12-19 10:52:09,576 authoritydb.py[line:278] INFO md5 start
2017-12-19 10:52:09,576 authoritydb.py[line:281] INFO md5 end
2017-12-19 10:52:09,608 authoritydb.py[line:27] INFO login start
2017-12-19 10:52:09,609 authoritydb.py[line:278] INFO md5 start
2017-12-19 10:52:09,609 authoritydb.py[line:281] INFO md5 end
2017-12-19 10:52:09,615 authoritydb.py[line:59] INFO jzyuan登陆成功
2017-12-19 10:52:09,617 authoritydb.py[line:115] INFO login end
2017-12-19 10:54:56,033 authoritydb.py[line:278] INFO md5 start
2017-12-19 10:54:56,033 authoritydb.py[line:281] INFO md5 end
2017-12-19 10:54:56,059 authoritydb.py[line:27] INFO login start
2017-12-19 10:54:56,062 authoritydb.py[line:278] INFO md5 start
2017-12-19 10:54:56,062 authoritydb.py[line:281] INFO md5 end
2017-12-19 10:54:56,069 authoritydb.py[line:59] INFO jzyuan登陆成功
2017-12-19 10:54:56,069 authoritydb.py[line:115] INFO login end
2017-12-19 11:06:33,210 authoritydb.py[line:27] INFO login start
2017-12-19 11:06:33,220 authoritydb.py[line:278] INFO md5 start
2017-12-19 11:06:33,220 authoritydb.py[line:281] INFO md5 end
2017-12-19 11:06:33,260 authoritydb.py[line:59] INFO jzyuan登陆成功
2017-12-19 11:06:33,262 authoritydb.py[line:115] INFO login end
2017-12-19 11:06:34,012 authoritydb.py[line:766] INFO JobStatusStatics start
2017-12-19 11:06:34,131 authoritydb.py[line:844] INFO JobStatusStatics end
2017-12-19 11:16:51,141 authoritydb.py[line:278] INFO md5 start
2017-12-19 11:16:51,141 authoritydb.py[line:281] INFO md5 end
2017-12-19 11:16:51,157 authoritydb.py[line:27] INFO login start
2017-12-19 11:16:51,157 authoritydb.py[line:278] INFO md5 start
2017-12-19 11:16:51,157 authoritydb.py[line:281] INFO md5 end
2017-12-19 11:16:51,174 authoritydb.py[line:59] INFO jzyuan登陆成功
2017-12-19 11:16:51,174 authoritydb.py[line:115] INFO login end
2017-12-19 13:53:30,697 authoritydb.py[line:27] INFO login start
2017-12-19 13:53:30,710 authoritydb.py[line:278] INFO md5 start
2017-12-19 13:53:30,711 authoritydb.py[line:281] INFO md5 end
2017-12-19 13:53:30,736 authoritydb.py[line:59] INFO jzyuan登陆成功
2017-12-19 13:53:30,736 authoritydb.py[line:115] INFO login end
2017-12-19 13:53:31,536 authoritydb.py[line:766] INFO JobStatusStatics start
2017-12-19 13:53:31,697 authoritydb.py[line:844] INFO JobStatusStatics end
2017-12-19 14:17:38,536 authoritydb.py[line:278] INFO md5 start
2017-12-19 14:17:38,538 authoritydb.py[line:281] INFO md5 end
2017-12-19 14:17:38,561 authoritydb.py[line:27] INFO login start
2017-12-19 14:17:38,563 authoritydb.py[line:278] INFO md5 start
2017-12-19 14:17:38,563 authoritydb.py[line:281] INFO md5 end
2017-12-19 14:17:38,572 authoritydb.py[line:59] INFO jzyuan登陆成功
2017-12-19 14:17:38,572 authoritydb.py[line:115] INFO login end
2017-12-19 14:17:51,114 authoritydb.py[line:278] INFO md5 start
2017-12-19 14:17:51,115 authoritydb.py[line:281] INFO md5 end
2017-12-19 14:17:51,140 authoritydb.py[line:27] INFO login start
2017-12-19 14:17:51,141 authoritydb.py[line:278] INFO md5 start
2017-12-19 14:17:51,141 authoritydb.py[line:281] INFO md5 end
2017-12-19 14:17:51,148 authoritydb.py[line:59] INFO jzyuan登陆成功
2017-12-19 14:17:51,148 authoritydb.py[line:115] INFO login end
2017-12-19 14:20:46,190 authoritydb.py[line:278] INFO md5 start
2017-12-19 14:20:46,190 authoritydb.py[line:281] INFO md5 end
2017-12-19 14:20:46,213 authoritydb.py[line:27] INFO login start
2017-12-19 14:20:46,214 authoritydb.py[line:278] INFO md5 start
2017-12-19 14:20:46,214 authoritydb.py[line:281] INFO md5 end
2017-12-19 14:20:46,220 authoritydb.py[line:59] INFO jzyuan登陆成功
2017-12-19 14:20:46,220 authoritydb.py[line:115] INFO login end
2017-12-19 14:26:53,147 authoritydb.py[line:278] INFO md5 start
2017-12-19 14:26:53,147 authoritydb.py[line:281] INFO md5 end
2017-12-19 14:26:53,171 authoritydb.py[line:27] INFO login start
2017-12-19 14:26:53,174 authoritydb.py[line:278] INFO md5 start
2017-12-19 14:26:53,176 authoritydb.py[line:281] INFO md5 end
2017-12-19 14:26:53,181 authoritydb.py[line:59] INFO jzyuan登陆成功
2017-12-19 14:26:53,181 authoritydb.py[line:115] INFO login end
2017-12-19 14:29:25,615 authoritydb.py[line:27] INFO login start
2017-12-19 14:29:25,625 authoritydb.py[line:278] INFO md5 start
2017-12-19 14:29:25,627 authoritydb.py[line:281] INFO md5 end
2017-12-19 14:29:25,671 authoritydb.py[line:59] INFO jzyuan登陆成功
2017-12-19 14:29:25,671 authoritydb.py[line:115] INFO login end
2017-12-19 14:29:26,469 authoritydb.py[line:766] INFO JobStatusStatics start
2017-12-19 14:29:26,588 authoritydb.py[line:844] INFO JobStatusStatics end
2017-12-19 14:36:39,507 authoritydb.py[line:766] INFO JobStatusStatics start
2017-12-19 14:36:39,618 authoritydb.py[line:844] INFO JobStatusStatics end
2017-12-19 14:36:45,319 authoritydb.py[line:122] INFO logout strat
2017-12-19 14:36:45,322 authoritydb.py[line:123] INFO user:jzyuan login out
2017-12-19 14:36:45,322 authoritydb.py[line:129] INFO logout end
2017-12-19 14:36:54,951 authoritydb.py[line:27] INFO login start
2017-12-19 14:36:54,964 authoritydb.py[line:278] INFO md5 start
2017-12-19 14:36:54,967 authoritydb.py[line:281] INFO md5 end
2017-12-19 14:36:54,994 authoritydb.py[line:59] INFO jzyuan登陆成功
2017-12-19 14:36:54,996 authoritydb.py[line:115] INFO login end
2017-12-19 14:36:55,773 authoritydb.py[line:766] INFO JobStatusStatics start
2017-12-19 14:36:55,953 authoritydb.py[line:844] INFO JobStatusStatics end
2017-12-19 16:07:15,598 authoritydb.py[line:278] INFO md5 start
2017-12-19 16:07:15,598 authoritydb.py[line:281] INFO md5 end
2017-12-19 16:07:15,622 authoritydb.py[line:27] INFO login start
2017-12-19 16:07:15,625 authoritydb.py[line:278] INFO md5 start
2017-12-19 16:07:15,625 authoritydb.py[line:281] INFO md5 end
2017-12-19 16:07:15,631 authoritydb.py[line:59] INFO jzyuan登陆成功
2017-12-19 16:07:15,631 authoritydb.py[line:115] INFO login end
2017-12-19 16:08:45,948 authoritydb.py[line:278] INFO md5 start
2017-12-19 16:08:45,948 authoritydb.py[line:281] INFO md5 end
2017-12-19 16:08:45,977 authoritydb.py[line:27] INFO login start
2017-12-19 16:08:45,980 authoritydb.py[line:278] INFO md5 start
2017-12-19 16:08:45,980 authoritydb.py[line:281] INFO md5 end
2017-12-19 16:08:45,986 authoritydb.py[line:59] INFO jzyuan登陆成功
2017-12-19 16:08:45,986 authoritydb.py[line:115] INFO login end
2017-12-19 16:12:21,668 authoritydb.py[line:278] INFO md5 start
2017-12-19 16:12:21,668 authoritydb.py[line:281] INFO md5 end
2017-12-19 16:12:21,694 authoritydb.py[line:27] INFO login start
2017-12-19 16:12:21,696 authoritydb.py[line:278] INFO md5 start
2017-12-19 16:12:21,696 authoritydb.py[line:281] INFO md5 end
2017-12-19 16:12:21,701 authoritydb.py[line:59] INFO jzyuan登陆成功
2017-12-19 16:12:21,701 authoritydb.py[line:115] INFO login end
2017-12-19 16:23:34,255 authoritydb.py[line:278] INFO md5 start
2017-12-19 16:23:34,255 authoritydb.py[line:281] INFO md5 end
2017-12-19 16:23:34,286 authoritydb.py[line:27] INFO login start
2017-12-19 16:23:34,288 authoritydb.py[line:278] INFO md5 start
2017-12-19 16:23:34,288 authoritydb.py[line:281] INFO md5 end
2017-12-19 16:23:34,295 authoritydb.py[line:59] INFO jzyuan登陆成功
2017-12-19 16:23:34,295 authoritydb.py[line:115] INFO login end
2017-12-19 16:23:57,966 authoritydb.py[line:278] INFO md5 start
2017-12-19 16:23:57,966 authoritydb.py[line:281] INFO md5 end
2017-12-19 16:23:57,990 authoritydb.py[line:27] INFO login start
2017-12-19 16:23:57,992 authoritydb.py[line:278] INFO md5 start
2017-12-19 16:23:57,992 authoritydb.py[line:281] INFO md5 end
2017-12-19 16:23:57,996 authoritydb.py[line:59] INFO jzyuan登陆成功
2017-12-19 16:23:57,996 authoritydb.py[line:115] INFO login end
2017-12-19 16:31:37,019 authoritydb.py[line:278] INFO md5 start
2017-12-19 16:31:37,019 authoritydb.py[line:281] INFO md5 end
2017-12-19 16:31:37,046 authoritydb.py[line:27] INFO login start
2017-12-19 16:31:37,049 authoritydb.py[line:278] INFO md5 start
2017-12-19 16:31:37,049 authoritydb.py[line:281] INFO md5 end
2017-12-19 16:31:37,053 authoritydb.py[line:59] INFO jzyuan登陆成功
2017-12-19 16:31:37,053 authoritydb.py[line:115] INFO login end
2017-12-19 16:31:53,562 authoritydb.py[line:278] INFO md5 start
2017-12-19 16:31:53,562 authoritydb.py[line:281] INFO md5 end
2017-12-19 16:31:53,585 authoritydb.py[line:27] INFO login start
2017-12-19 16:31:53,586 authoritydb.py[line:278] INFO md5 start
2017-12-19 16:31:53,586 authoritydb.py[line:281] INFO md5 end
2017-12-19 16:31:53,594 authoritydb.py[line:59] INFO jzyuan登陆成功
2017-12-19 16:31:53,594 authoritydb.py[line:115] INFO login end
2017-12-19 16:32:30,480 authoritydb.py[line:278] INFO md5 start
2017-12-19 16:32:30,480 authoritydb.py[line:281] INFO md5 end
2017-12-19 16:32:30,507 authoritydb.py[line:27] INFO login start
2017-12-19 16:32:30,509 authoritydb.py[line:278] INFO md5 start
2017-12-19 16:32:30,509 authoritydb.py[line:281] INFO md5 end
2017-12-19 16:32:30,516 authoritydb.py[line:59] INFO jzyuan登陆成功
2017-12-19 16:32:30,516 authoritydb.py[line:115] INFO login end
2017-12-19 16:36:54,471 authoritydb.py[line:278] INFO md5 start
2017-12-19 16:36:54,471 authoritydb.py[line:281] INFO md5 end
2017-12-19 16:36:54,493 authoritydb.py[line:27] INFO login start
2017-12-19 16:36:54,496 authoritydb.py[line:278] INFO md5 start
2017-12-19 16:36:54,496 authoritydb.py[line:281] INFO md5 end
2017-12-19 16:36:54,503 authoritydb.py[line:59] INFO jzyuan登陆成功
2017-12-19 16:36:54,503 authoritydb.py[line:115] INFO login end
2017-12-19 16:38:10,095 authoritydb.py[line:278] INFO md5 start
2017-12-19 16:38:10,095 authoritydb.py[line:281] INFO md5 end
2017-12-19 16:38:10,121 authoritydb.py[line:27] INFO login start
2017-12-19 16:38:10,124 authoritydb.py[line:278] INFO md5 start
2017-12-19 16:38:10,124 authoritydb.py[line:281] INFO md5 end
2017-12-19 16:38:10,130 authoritydb.py[line:59] INFO jzyuan登陆成功
2017-12-19 16:38:10,130 authoritydb.py[line:115] INFO login end
2017-12-19 16:38:10,153 authoritydb.py[line:278] INFO md5 start
2017-12-19 16:38:10,153 authoritydb.py[line:281] INFO md5 end
2017-12-19 16:38:10,157 authoritydb.py[line:27] INFO login start
2017-12-19 16:38:10,160 authoritydb.py[line:278] INFO md5 start
2017-12-19 16:38:10,160 authoritydb.py[line:281] INFO md5 end
2017-12-19 16:38:10,165 authoritydb.py[line:59] INFO jzyuan登陆成功
2017-12-19 16:38:10,165 authoritydb.py[line:115] INFO login end
2017-12-19 16:38:10,190 authoritydb.py[line:278] INFO md5 start
2017-12-19 16:38:10,190 authoritydb.py[line:281] INFO md5 end
2017-12-19 16:38:10,196 authoritydb.py[line:27] INFO login start
2017-12-19 16:38:10,197 authoritydb.py[line:278] INFO md5 start
2017-12-19 16:38:10,197 authoritydb.py[line:281] INFO md5 end
2017-12-19 16:38:10,206 authoritydb.py[line:59] INFO jzyuan登陆成功
2017-12-19 16:38:10,206 authoritydb.py[line:115] INFO login end
2017-12-19 16:38:10,223 authoritydb.py[line:278] INFO md5 start
2017-12-19 16:38:10,223 authoritydb.py[line:281] INFO md5 end
2017-12-19 16:38:10,229 authoritydb.py[line:27] INFO login start
2017-12-19 16:38:10,230 authoritydb.py[line:278] INFO md5 start
2017-12-19 16:38:10,230 authoritydb.py[line:281] INFO md5 end
2017-12-19 16:38:10,237 authoritydb.py[line:59] INFO jzyuan登陆成功
2017-12-19 16:38:10,237 authoritydb.py[line:115] INFO login end
2017-12-19 16:38:10,259 authoritydb.py[line:278] INFO md5 start
2017-12-19 16:38:10,259 authoritydb.py[line:281] INFO md5 end
2017-12-19 16:38:10,265 authoritydb.py[line:27] INFO login start
2017-12-19 16:38:10,266 authoritydb.py[line:278] INFO md5 start
2017-12-19 16:38:10,266 authoritydb.py[line:281] INFO md5 end
2017-12-19 16:38:10,273 authoritydb.py[line:59] INFO jzyuan登陆成功
2017-12-19 16:38:10,273 authoritydb.py[line:115] INFO login end
2017-12-19 16:38:10,290 authoritydb.py[line:278] INFO md5 start
2017-12-19 16:38:10,292 authoritydb.py[line:281] INFO md5 end
2017-12-19 16:38:10,296 authoritydb.py[line:27] INFO login start
2017-12-19 16:38:10,299 authoritydb.py[line:278] INFO md5 start
2017-12-19 16:38:10,299 authoritydb.py[line:281] INFO md5 end
2017-12-19 16:38:10,305 authoritydb.py[line:59] INFO jzyuan登陆成功
2017-12-19 16:38:10,305 authoritydb.py[line:115] INFO login end
2017-12-19 16:38:10,322 authoritydb.py[line:278] INFO md5 start
2017-12-19 16:38:10,322 authoritydb.py[line:281] INFO md5 end
2017-12-19 16:38:10,328 authoritydb.py[line:27] INFO login start
2017-12-19 16:38:10,331 authoritydb.py[line:278] INFO md5 start
2017-12-19 16:38:10,331 authoritydb.py[line:281] INFO md5 end
2017-12-19 16:38:10,335 authoritydb.py[line:59] INFO jzyuan登陆成功
2017-12-19 16:38:10,335 authoritydb.py[line:115] INFO login end
2017-12-19 16:38:10,351 authoritydb.py[line:278] INFO md5 start
2017-12-19 16:38:10,351 authoritydb.py[line:281] INFO md5 end
2017-12-19 16:38:10,357 authoritydb.py[line:27] INFO login start
2017-12-19 16:38:10,359 authoritydb.py[line:278] INFO md5 start
2017-12-19 16:38:10,361 authoritydb.py[line:281] INFO md5 end
2017-12-19 16:38:10,365 authoritydb.py[line:59] INFO jzyuan登陆成功
2017-12-19 16:38:10,365 authoritydb.py[line:115] INFO login end
2017-12-19 16:38:10,384 authoritydb.py[line:278] INFO md5 start
2017-12-19 16:38:10,384 authoritydb.py[line:281] INFO md5 end
2017-12-19 16:38:10,390 authoritydb.py[line:27] INFO login start
2017-12-19 16:38:10,391 authoritydb.py[line:278] INFO md5 start
2017-12-19 16:38:10,391 authoritydb.py[line:281] INFO md5 end
2017-12-19 16:38:10,398 authoritydb.py[line:59] INFO jzyuan登陆成功
2017-12-19 16:38:10,398 authoritydb.py[line:115] INFO login end
2017-12-19 16:38:10,421 authoritydb.py[line:278] INFO md5 start
2017-12-19 16:38:10,421 authoritydb.py[line:281] INFO md5 end
2017-12-19 16:38:10,426 authoritydb.py[line:27] INFO login start
2017-12-19 16:38:10,427 authoritydb.py[line:278] INFO md5 start
2017-12-19 16:38:10,427 authoritydb.py[line:281] INFO md5 end
2017-12-19 16:38:10,433 authoritydb.py[line:59] INFO jzyuan登陆成功
2017-12-19 16:38:10,433 authoritydb.py[line:115] INFO login end
2017-12-19 16:38:10,453 authoritydb.py[line:278] INFO md5 start
2017-12-19 16:38:10,453 authoritydb.py[line:281] INFO md5 end
2017-12-19 16:38:10,459 authoritydb.py[line:27] INFO login start
2017-12-19 16:38:10,460 authoritydb.py[line:278] INFO md5 start
2017-12-19 16:38:10,460 authoritydb.py[line:281] INFO md5 end
2017-12-19 16:38:10,466 authoritydb.py[line:59] INFO jzyuan登陆成功
2017-12-19 16:38:10,466 authoritydb.py[line:115] INFO login end
2017-12-19 16:38:10,486 authoritydb.py[line:278] INFO md5 start
2017-12-19 16:38:10,486 authoritydb.py[line:281] INFO md5 end
2017-12-19 16:38:10,490 authoritydb.py[line:27] INFO login start
2017-12-19 16:38:10,493 authoritydb.py[line:278] INFO md5 start
2017-12-19 16:38:10,493 authoritydb.py[line:281] INFO md5 end
2017-12-19 16:38:10,499 authoritydb.py[line:59] INFO jzyuan登陆成功
2017-12-19 16:38:10,499 authoritydb.py[line:115] INFO login end
2017-12-19 16:38:10,523 authoritydb.py[line:278] INFO md5 start
2017-12-19 16:38:10,523 authoritydb.py[line:281] INFO md5 end
2017-12-19 16:38:10,528 authoritydb.py[line:27] INFO login start
2017-12-19 16:38:10,529 authoritydb.py[line:278] INFO md5 start
2017-12-19 16:38:10,529 authoritydb.py[line:281] INFO md5 end
2017-12-19 16:38:10,536 authoritydb.py[line:59] INFO jzyuan登陆成功
2017-12-19 16:38:10,536 authoritydb.py[line:115] INFO login end
2017-12-19 16:38:10,569 authoritydb.py[line:278] INFO md5 start
2017-12-19 16:38:10,569 authoritydb.py[line:281] INFO md5 end
2017-12-19 16:38:10,573 authoritydb.py[line:27] INFO login start
2017-12-19 16:38:10,575 authoritydb.py[line:278] INFO md5 start
2017-12-19 16:38:10,575 authoritydb.py[line:281] INFO md5 end
2017-12-19 16:38:10,582 authoritydb.py[line:59] INFO jzyuan登陆成功
2017-12-19 16:38:10,582 authoritydb.py[line:115] INFO login end
2017-12-19 16:38:10,614 authoritydb.py[line:278] INFO md5 start
2017-12-19 16:38:10,614 authoritydb.py[line:281] INFO md5 end
2017-12-19 16:38:10,618 authoritydb.py[line:27] INFO login start
2017-12-19 16:38:10,621 authoritydb.py[line:278] INFO md5 start
2017-12-19 16:38:10,621 authoritydb.py[line:281] INFO md5 end
2017-12-19 16:38:10,627 authoritydb.py[line:59] INFO jzyuan登陆成功
2017-12-19 16:38:10,627 authoritydb.py[line:115] INFO login end
2017-12-19 16:38:10,644 authoritydb.py[line:278] INFO md5 start
2017-12-19 16:38:10,644 authoritydb.py[line:281] INFO md5 end
2017-12-19 16:38:10,650 authoritydb.py[line:27] INFO login start
2017-12-19 16:38:10,651 authoritydb.py[line:278] INFO md5 start
2017-12-19 16:38:10,651 authoritydb.py[line:281] INFO md5 end
2017-12-19 16:38:10,657 authoritydb.py[line:59] INFO jzyuan登陆成功
2017-12-19 16:38:10,658 authoritydb.py[line:115] INFO login end
2017-12-19 16:38:10,681 authoritydb.py[line:278] INFO md5 start
2017-12-19 16:38:10,681 authoritydb.py[line:281] INFO md5 end
2017-12-19 16:38:10,687 authoritydb.py[line:27] INFO login start
2017-12-19 16:38:10,688 authoritydb.py[line:278] INFO md5 start
2017-12-19 16:38:10,688 authoritydb.py[line:281] INFO md5 end
2017-12-19 16:38:10,694 authoritydb.py[line:59] INFO jzyuan登陆成功
2017-12-19 16:38:10,696 authoritydb.py[line:115] INFO login end
2017-12-19 16:38:10,709 authoritydb.py[line:278] INFO md5 start
2017-12-19 16:38:10,709 authoritydb.py[line:281] INFO md5 end
2017-12-19 16:38:10,713 authoritydb.py[line:27] INFO login start
2017-12-19 16:38:10,714 authoritydb.py[line:278] INFO md5 start
2017-12-19 16:38:10,714 authoritydb.py[line:281] INFO md5 end
2017-12-19 16:38:10,721 authoritydb.py[line:59] INFO jzyuan登陆成功
2017-12-19 16:38:10,721 authoritydb.py[line:115] INFO login end
2017-12-19 16:38:10,740 authoritydb.py[line:278] INFO md5 start
2017-12-19 16:38:10,740 authoritydb.py[line:281] INFO md5 end
2017-12-19 16:38:10,746 authoritydb.py[line:27] INFO login start
2017-12-19 16:38:10,746 authoritydb.py[line:278] INFO md5 start
2017-12-19 16:38:10,746 authoritydb.py[line:281] INFO md5 end
2017-12-19 16:38:10,753 authoritydb.py[line:59] INFO jzyuan登陆成功
2017-12-19 16:38:10,753 authoritydb.py[line:115] INFO login end
2017-12-19 16:38:10,769 authoritydb.py[line:278] INFO md5 start
2017-12-19 16:38:10,769 authoritydb.py[line:281] INFO md5 end
2017-12-19 16:38:10,775 authoritydb.py[line:27] INFO login start
2017-12-19 16:38:10,776 authoritydb.py[line:278] INFO md5 start
2017-12-19 16:38:10,776 authoritydb.py[line:281] INFO md5 end
2017-12-19 16:38:10,783 authoritydb.py[line:59] INFO jzyuan登陆成功
2017-12-19 16:38:10,783 authoritydb.py[line:115] INFO login end
2017-12-19 16:38:10,805 authoritydb.py[line:278] INFO md5 start
2017-12-19 16:38:10,805 authoritydb.py[line:281] INFO md5 end
2017-12-19 16:38:10,811 authoritydb.py[line:27] INFO login start
2017-12-19 16:38:10,812 authoritydb.py[line:278] INFO md5 start
2017-12-19 16:38:10,812 authoritydb.py[line:281] INFO md5 end
2017-12-19 16:38:10,819 authoritydb.py[line:59] INFO jzyuan登陆成功
2017-12-19 16:38:10,819 authoritydb.py[line:115] INFO login end
2017-12-19 16:57:47,334 authoritydb.py[line:27] INFO login start
2017-12-19 16:57:47,346 authoritydb.py[line:278] INFO md5 start
2017-12-19 16:57:47,346 authoritydb.py[line:281] INFO md5 end
2017-12-19 16:57:47,392 authoritydb.py[line:59] INFO jzyuan登陆成功
2017-12-19 16:57:47,394 authoritydb.py[line:115] INFO login end
2017-12-19 16:57:48,273 authoritydb.py[line:766] INFO JobStatusStatics start
2017-12-19 16:57:48,401 authoritydb.py[line:844] INFO JobStatusStatics end
2017-12-19 17:02:59,648 authoritydb.py[line:766] INFO JobStatusStatics start
2017-12-19 17:02:59,865 authoritydb.py[line:844] INFO JobStatusStatics end
2017-12-19 17:04:24,164 authoritydb.py[line:766] INFO JobStatusStatics start
2017-12-19 17:04:24,411 authoritydb.py[line:844] INFO JobStatusStatics end
2017-12-19 17:08:00,691 authoritydb.py[line:278] INFO md5 start
2017-12-19 17:08:00,691 authoritydb.py[line:281] INFO md5 end
2017-12-19 17:08:00,713 authoritydb.py[line:27] INFO login start
2017-12-19 17:08:00,717 authoritydb.py[line:278] INFO md5 start
2017-12-19 17:08:00,717 authoritydb.py[line:281] INFO md5 end
2017-12-19 17:08:00,723 authoritydb.py[line:59] INFO jzyuan登陆成功
2017-12-19 17:08:00,723 authoritydb.py[line:115] INFO login end
2017-12-19 17:08:59,283 authoritydb.py[line:278] INFO md5 start
2017-12-19 17:08:59,285 authoritydb.py[line:281] INFO md5 end
2017-12-19 17:08:59,311 authoritydb.py[line:27] INFO login start
2017-12-19 17:08:59,312 authoritydb.py[line:278] INFO md5 start
2017-12-19 17:08:59,312 authoritydb.py[line:281] INFO md5 end
2017-12-19 17:08:59,322 authoritydb.py[line:59] INFO jzyuan登陆成功
2017-12-19 17:08:59,322 authoritydb.py[line:115] INFO login end
2017-12-19 17:14:08,948 authoritydb.py[line:278] INFO md5 start
2017-12-19 17:14:08,948 authoritydb.py[line:281] INFO md5 end
2017-12-19 17:14:08,973 authoritydb.py[line:27] INFO login start
2017-12-19 17:14:08,976 authoritydb.py[line:278] INFO md5 start
2017-12-19 17:14:08,976 authoritydb.py[line:281] INFO md5 end
2017-12-19 17:14:08,983 authoritydb.py[line:59] INFO jzyuan登陆成功
2017-12-19 17:14:08,984 authoritydb.py[line:115] INFO login end
2017-12-19 17:14:55,381 authoritydb.py[line:278] INFO md5 start
2017-12-19 17:14:55,381 authoritydb.py[line:281] INFO md5 end
2017-12-19 17:14:55,410 authoritydb.py[line:27] INFO login start
2017-12-19 17:14:55,411 authoritydb.py[line:278] INFO md5 start
2017-12-19 17:14:55,411 authoritydb.py[line:281] INFO md5 end
2017-12-19 17:14:55,417 authoritydb.py[line:59] INFO jzyuan登陆成功
2017-12-19 17:14:55,417 authoritydb.py[line:115] INFO login end
2017-12-19 17:24:24,448 authoritydb.py[line:278] INFO md5 start
2017-12-19 17:24:24,448 authoritydb.py[line:281] INFO md5 end
2017-12-19 17:24:24,474 authoritydb.py[line:27] INFO login start
2017-12-19 17:24:24,476 authoritydb.py[line:278] INFO md5 start
2017-12-19 17:24:24,476 authoritydb.py[line:281] INFO md5 end
2017-12-19 17:24:24,482 authoritydb.py[line:59] INFO jzyuan登陆成功
2017-12-19 17:24:24,482 authoritydb.py[line:115] INFO login end
2017-12-19 17:24:47,262 authoritydb.py[line:278] INFO md5 start
2017-12-19 17:24:47,262 authoritydb.py[line:281] INFO md5 end
2017-12-19 17:24:47,289 authoritydb.py[line:27] INFO login start
2017-12-19 17:24:47,290 authoritydb.py[line:278] INFO md5 start
2017-12-19 17:24:47,290 authoritydb.py[line:281] INFO md5 end
2017-12-19 17:24:47,296 authoritydb.py[line:59] INFO jzyuan登陆成功
2017-12-19 17:24:47,296 authoritydb.py[line:115] INFO login end
2017-12-19 17:24:47,316 authoritydb.py[line:278] INFO md5 start
2017-12-19 17:24:47,316 authoritydb.py[line:281] INFO md5 end
2017-12-19 17:24:47,322 authoritydb.py[line:27] INFO login start
2017-12-19 17:24:47,323 authoritydb.py[line:278] INFO md5 start
2017-12-19 17:24:47,325 authoritydb.py[line:281] INFO md5 end
2017-12-19 17:24:47,332 authoritydb.py[line:59] INFO jzyuan登陆成功
2017-12-19 17:24:47,332 authoritydb.py[line:115] INFO login end
2017-12-19 17:24:47,355 authoritydb.py[line:278] INFO md5 start
2017-12-19 17:24:47,355 authoritydb.py[line:281] INFO md5 end
2017-12-19 17:24:47,361 authoritydb.py[line:27] INFO login start
2017-12-19 17:24:47,364 authoritydb.py[line:278] INFO md5 start
2017-12-19 17:24:47,364 authoritydb.py[line:281] INFO md5 end
2017-12-19 17:24:47,371 authoritydb.py[line:59] INFO jzyuan登陆成功
2017-12-19 17:24:47,371 authoritydb.py[line:115] INFO login end
2017-12-19 17:24:47,391 authoritydb.py[line:278] INFO md5 start
2017-12-19 17:24:47,391 authoritydb.py[line:281] INFO md5 end
2017-12-19 17:24:47,397 authoritydb.py[line:27] INFO login start
2017-12-19 17:24:47,398 authoritydb.py[line:278] INFO md5 start
2017-12-19 17:24:47,398 authoritydb.py[line:281] INFO md5 end
2017-12-19 17:24:47,404 authoritydb.py[line:59] INFO jzyuan登陆成功
2017-12-19 17:24:47,404 authoritydb.py[line:115] INFO login end
2017-12-19 17:24:47,434 authoritydb.py[line:278] INFO md5 start
2017-12-19 17:24:47,434 authoritydb.py[line:281] INFO md5 end
2017-12-19 17:24:47,440 authoritydb.py[line:27] INFO login start
2017-12-19 17:24:47,440 authoritydb.py[line:278] INFO md5 start
2017-12-19 17:24:47,440 authoritydb.py[line:281] INFO md5 end
2017-12-19 17:24:47,447 authoritydb.py[line:59] INFO jzyuan登陆成功
2017-12-19 17:24:47,447 authoritydb.py[line:115] INFO login end
2017-12-19 17:24:47,464 authoritydb.py[line:278] INFO md5 start
2017-12-19 17:24:47,464 authoritydb.py[line:281] INFO md5 end
2017-12-19 17:24:47,470 authoritydb.py[line:27] INFO login start
2017-12-19 17:24:47,473 authoritydb.py[line:278] INFO md5 start
2017-12-19 17:24:47,473 authoritydb.py[line:281] INFO md5 end
2017-12-19 17:24:47,477 authoritydb.py[line:59] INFO jzyuan登陆成功
2017-12-19 17:24:47,477 authoritydb.py[line:115] INFO login end
2017-12-19 17:24:47,496 authoritydb.py[line:278] INFO md5 start
2017-12-19 17:24:47,496 authoritydb.py[line:281] INFO md5 end
2017-12-19 17:24:47,500 authoritydb.py[line:27] INFO login start
2017-12-19 17:24:47,503 authoritydb.py[line:278] INFO md5 start
2017-12-19 17:24:47,503 authoritydb.py[line:281] INFO md5 end
2017-12-19 17:24:47,507 authoritydb.py[line:59] INFO jzyuan登陆成功
2017-12-19 17:24:47,507 authoritydb.py[line:115] INFO login end
2017-12-19 17:24:47,523 authoritydb.py[line:278] INFO md5 start
2017-12-19 17:24:47,523 authoritydb.py[line:281] INFO md5 end
2017-12-19 17:24:47,529 authoritydb.py[line:27] INFO login start
2017-12-19 17:24:47,529 authoritydb.py[line:278] INFO md5 start
2017-12-19 17:24:47,529 authoritydb.py[line:281] INFO md5 end
2017-12-19 17:24:47,536 authoritydb.py[line:59] INFO jzyuan登陆成功
2017-12-19 17:24:47,536 authoritydb.py[line:115] INFO login end
2017-12-19 17:24:47,553 authoritydb.py[line:278] INFO md5 start
2017-12-19 17:24:47,553 authoritydb.py[line:281] INFO md5 end
2017-12-19 17:24:47,559 authoritydb.py[line:27] INFO login start
2017-12-19 17:24:47,559 authoritydb.py[line:278] INFO md5 start
2017-12-19 17:24:47,559 authoritydb.py[line:281] INFO md5 end
2017-12-19 17:24:47,565 authoritydb.py[line:59] INFO jzyuan登陆成功
2017-12-19 17:24:47,565 authoritydb.py[line:115] INFO login end
2017-12-19 17:24:47,589 authoritydb.py[line:278] INFO md5 start
2017-12-19 17:24:47,589 authoritydb.py[line:281] INFO md5 end
2017-12-19 17:24:47,595 authoritydb.py[line:27] INFO login start
2017-12-19 17:24:47,596 authoritydb.py[line:278] INFO md5 start
2017-12-19 17:24:47,596 authoritydb.py[line:281] INFO md5 end
2017-12-19 17:24:47,604 authoritydb.py[line:59] INFO jzyuan登陆成功
2017-12-19 17:24:47,604 authoritydb.py[line:115] INFO login end
2017-12-19 17:24:47,622 authoritydb.py[line:278] INFO md5 start
2017-12-19 17:24:47,622 authoritydb.py[line:281] INFO md5 end
2017-12-19 17:24:47,628 authoritydb.py[line:27] INFO login start
2017-12-19 17:24:47,630 authoritydb.py[line:278] INFO md5 start
2017-12-19 17:24:47,630 authoritydb.py[line:281] INFO md5 end
2017-12-19 17:24:47,634 authoritydb.py[line:59] INFO jzyuan登陆成功
2017-12-19 17:24:47,635 authoritydb.py[line:115] INFO login end
2017-12-19 17:24:47,655 authoritydb.py[line:278] INFO md5 start
2017-12-19 17:24:47,655 authoritydb.py[line:281] INFO md5 end
2017-12-19 17:24:47,661 authoritydb.py[line:27] INFO login start
2017-12-19 17:24:47,663 authoritydb.py[line:278] INFO md5 start
2017-12-19 17:24:47,663 authoritydb.py[line:281] INFO md5 end
2017-12-19 17:24:47,668 authoritydb.py[line:59] INFO jzyuan登陆成功
2017-12-19 17:24:47,668 authoritydb.py[line:115] INFO login end
2017-12-19 17:24:47,694 authoritydb.py[line:278] INFO md5 start
2017-12-19 17:24:47,694 authoritydb.py[line:281] INFO md5 end
2017-12-19 17:24:47,697 authoritydb.py[line:27] INFO login start
2017-12-19 17:24:47,700 authoritydb.py[line:278] INFO md5 start
2017-12-19 17:24:47,700 authoritydb.py[line:281] INFO md5 end
2017-12-19 17:24:47,707 authoritydb.py[line:59] INFO jzyuan登陆成功
2017-12-19 17:24:47,707 authoritydb.py[line:115] INFO login end
2017-12-19 17:24:47,740 authoritydb.py[line:278] INFO md5 start
2017-12-19 17:24:47,740 authoritydb.py[line:281] INFO md5 end
2017-12-19 17:24:47,743 authoritydb.py[line:27] INFO login start
2017-12-19 17:24:47,746 authoritydb.py[line:278] INFO md5 start
2017-12-19 17:24:47,746 authoritydb.py[line:281] INFO md5 end
2017-12-19 17:24:47,752 authoritydb.py[line:59] INFO jzyuan登陆成功
2017-12-19 17:24:47,753 authoritydb.py[line:115] INFO login end
2017-12-19 17:24:47,782 authoritydb.py[line:278] INFO md5 start
2017-12-19 17:24:47,783 authoritydb.py[line:281] INFO md5 end
2017-12-19 17:24:47,789 authoritydb.py[line:27] INFO login start
2017-12-19 17:24:47,789 authoritydb.py[line:278] INFO md5 start
2017-12-19 17:24:47,790 authoritydb.py[line:281] INFO md5 end
2017-12-19 17:24:47,796 authoritydb.py[line:59] INFO jzyuan登陆成功
2017-12-19 17:24:47,796 authoritydb.py[line:115] INFO login end
2017-12-19 17:24:47,812 authoritydb.py[line:278] INFO md5 start
2017-12-19 17:24:47,812 authoritydb.py[line:281] INFO md5 end
2017-12-19 17:24:47,819 authoritydb.py[line:27] INFO login start
2017-12-19 17:24:47,821 authoritydb.py[line:278] INFO md5 start
2017-12-19 17:24:47,821 authoritydb.py[line:281] INFO md5 end
2017-12-19 17:24:47,825 authoritydb.py[line:59] INFO jzyuan登陆成功
2017-12-19 17:24:47,825 authoritydb.py[line:115] INFO login end
2017-12-19 17:24:47,852 authoritydb.py[line:278] INFO md5 start
2017-12-19 17:24:47,852 authoritydb.py[line:281] INFO md5 end
2017-12-19 17:24:47,858 authoritydb.py[line:27] INFO login start
2017-12-19 17:24:47,861 authoritydb.py[line:278] INFO md5 start
2017-12-19 17:24:47,861 authoritydb.py[line:281] INFO md5 end
2017-12-19 17:24:47,867 authoritydb.py[line:59] INFO jzyuan登陆成功
2017-12-19 17:24:47,867 authoritydb.py[line:115] INFO login end
2017-12-19 17:24:47,884 authoritydb.py[line:278] INFO md5 start
2017-12-19 17:24:47,884 authoritydb.py[line:281] INFO md5 end
2017-12-19 17:24:47,888 authoritydb.py[line:27] INFO login start
2017-12-19 17:24:47,891 authoritydb.py[line:278] INFO md5 start
2017-12-19 17:24:47,891 authoritydb.py[line:281] INFO md5 end
2017-12-19 17:24:47,897 authoritydb.py[line:59] INFO jzyuan登陆成功
2017-12-19 17:24:47,898 authoritydb.py[line:115] INFO login end
2017-12-19 17:24:47,917 authoritydb.py[line:278] INFO md5 start
2017-12-19 17:24:47,917 authoritydb.py[line:281] INFO md5 end
2017-12-19 17:24:47,921 authoritydb.py[line:27] INFO login start
2017-12-19 17:24:47,924 authoritydb.py[line:278] INFO md5 start
2017-12-19 17:24:47,924 authoritydb.py[line:281] INFO md5 end
2017-12-19 17:24:47,928 authoritydb.py[line:59] INFO jzyuan登陆成功
2017-12-19 17:24:47,928 authoritydb.py[line:115] INFO login end
2017-12-19 17:24:47,944 authoritydb.py[line:278] INFO md5 start
2017-12-19 17:24:47,944 authoritydb.py[line:281] INFO md5 end
2017-12-19 17:24:47,950 authoritydb.py[line:27] INFO login start
2017-12-19 17:24:47,951 authoritydb.py[line:278] INFO md5 start
2017-12-19 17:24:47,951 authoritydb.py[line:281] INFO md5 end
2017-12-19 17:24:47,957 authoritydb.py[line:59] INFO jzyuan登陆成功
2017-12-19 17:24:47,957 authoritydb.py[line:115] INFO login end
2017-12-19 17:24:47,980 authoritydb.py[line:278] INFO md5 start
2017-12-19 17:24:47,980 authoritydb.py[line:281] INFO md5 end
2017-12-19 17:24:47,986 authoritydb.py[line:27] INFO login start
2017-12-19 17:24:47,987 authoritydb.py[line:278] INFO md5 start
2017-12-19 17:24:47,987 authoritydb.py[line:281] INFO md5 end
2017-12-19 17:24:47,993 authoritydb.py[line:59] INFO jzyuan登陆成功
2017-12-19 17:24:47,993 authoritydb.py[line:115] INFO login end
2017-12-19 17:24:48,016 authoritydb.py[line:278] INFO md5 start
2017-12-19 17:24:48,016 authoritydb.py[line:281] INFO md5 end
2017-12-19 17:24:48,020 authoritydb.py[line:27] INFO login start
2017-12-19 17:24:48,023 authoritydb.py[line:278] INFO md5 start
2017-12-19 17:24:48,023 authoritydb.py[line:281] INFO md5 end
2017-12-19 17:24:48,028 authoritydb.py[line:59] INFO jzyuan登陆成功
2017-12-19 17:24:48,028 authoritydb.py[line:115] INFO login end
2017-12-19 17:24:48,045 authoritydb.py[line:278] INFO md5 start
2017-12-19 17:24:48,045 authoritydb.py[line:281] INFO md5 end
2017-12-19 17:24:48,049 authoritydb.py[line:27] INFO login start
2017-12-19 17:24:48,052 authoritydb.py[line:278] INFO md5 start
2017-12-19 17:24:48,052 authoritydb.py[line:281] INFO md5 end
2017-12-19 17:24:48,056 authoritydb.py[line:59] INFO jzyuan登陆成功
2017-12-19 17:24:48,058 authoritydb.py[line:115] INFO login end
2017-12-19 17:25:55,780 authoritydb.py[line:278] INFO md5 start
2017-12-19 17:25:55,780 authoritydb.py[line:281] INFO md5 end
2017-12-19 17:25:55,865 authoritydb.py[line:322] INFO achieve loginCapcha start
2017-12-19 17:25:55,865 authoritydb.py[line:278] INFO md5 start
2017-12-19 17:25:55,867 authoritydb.py[line:281] INFO md5 end
2017-12-19 17:25:55,868 authoritydb.py[line:348] INFO achieve bind_mobile
2017-12-19 17:25:55,868 authoritydb.py[line:372] INFO verifyCode: 219671
2017-12-19 17:26:16,872 authoritydb.py[line:343] INFO achieve loginCapcha end
2017-12-19 17:26:16,884 authoritydb.py[line:27] INFO login start
2017-12-19 17:26:16,890 authoritydb.py[line:278] INFO md5 start
2017-12-19 17:26:16,890 authoritydb.py[line:281] INFO md5 end
2017-12-19 17:26:16,907 authoritydb.py[line:59] INFO jzyuan登陆成功
2017-12-19 17:26:16,907 authoritydb.py[line:115] INFO login end
2017-12-19 17:26:16,921 authoritydb.py[line:596] INFO addRole start
2017-12-19 17:26:16,923 authoritydb.py[line:606] INFO add role success
2017-12-19 17:26:16,923 authoritydb.py[line:611] INFO addRole end
2017-12-19 17:26:16,944 authoritydb.py[line:278] INFO md5 start
2017-12-19 17:26:16,944 authoritydb.py[line:281] INFO md5 end
2017-12-19 17:26:16,954 authoritydb.py[line:137] INFO checkUserName start
2017-12-19 17:26:16,957 authoritydb.py[line:143] INFO checkUserName end
2017-12-19 17:26:16,959 authoritydb.py[line:137] INFO checkUserName start
2017-12-19 17:26:16,960 authoritydb.py[line:146] INFO checkUserName end
2017-12-19 17:26:16,971 authoritydb.py[line:278] INFO md5 start
2017-12-19 17:26:16,971 authoritydb.py[line:281] INFO md5 end
2017-12-19 17:26:16,977 authoritydb.py[line:155] INFO checkUserQuestion start
2017-12-19 17:26:16,980 authoritydb.py[line:168] INFO checkUserQuestion end
2017-12-19 17:26:16,982 authoritydb.py[line:155] INFO checkUserQuestion start
2017-12-19 17:26:16,983 authoritydb.py[line:168] INFO checkUserQuestion end
2017-12-19 17:26:16,996 authoritydb.py[line:278] INFO md5 start
2017-12-19 17:26:16,996 authoritydb.py[line:281] INFO md5 end
2017-12-19 17:26:17,003 authoritydb.py[line:372] INFO verifyCode: 767355
2017-12-19 17:26:17,013 authoritydb.py[line:278] INFO md5 start
2017-12-19 17:26:17,015 authoritydb.py[line:281] INFO md5 end
2017-12-19 17:26:17,023 authoritydb.py[line:278] INFO md5 start
2017-12-19 17:26:17,023 authoritydb.py[line:281] INFO md5 end
2017-12-19 17:26:17,029 authoritydb.py[line:322] INFO achieve loginCapcha start
2017-12-19 17:26:17,030 authoritydb.py[line:278] INFO md5 start
2017-12-19 17:26:17,030 authoritydb.py[line:281] INFO md5 end
2017-12-19 17:26:17,032 authoritydb.py[line:348] INFO achieve bind_mobile
2017-12-19 17:26:17,035 authoritydb.py[line:372] INFO verifyCode: 758142
2017-12-19 17:26:38,038 authoritydb.py[line:343] INFO achieve loginCapcha end
2017-12-19 17:26:38,048 authoritydb.py[line:27] INFO login start
2017-12-19 17:26:38,053 authoritydb.py[line:278] INFO md5 start
2017-12-19 17:26:38,053 authoritydb.py[line:281] INFO md5 end
2017-12-19 17:26:38,075 authoritydb.py[line:59] INFO jzyuan登陆成功
2017-12-19 17:26:38,075 authoritydb.py[line:115] INFO login end
2017-12-19 17:26:38,085 authoritydb.py[line:488] INFO delete start
2017-12-19 17:26:38,092 authoritydb.py[line:508] INFO delete end
2017-12-19 17:26:38,102 authoritydb.py[line:488] INFO delete start
2017-12-19 17:26:38,104 authoritydb.py[line:499] INFO delete end because Supermaster cannot delete
2017-12-19 17:26:38,118 authoritydb.py[line:278] INFO md5 start
2017-12-19 17:26:38,118 authoritydb.py[line:281] INFO md5 end
2017-12-19 17:26:38,128 authoritydb.py[line:322] INFO achieve loginCapcha start
2017-12-19 17:26:38,128 authoritydb.py[line:278] INFO md5 start
2017-12-19 17:26:38,128 authoritydb.py[line:281] INFO md5 end
2017-12-19 17:26:38,131 authoritydb.py[line:348] INFO achieve bind_mobile
2017-12-19 17:26:38,132 authoritydb.py[line:372] INFO verifyCode: 372709
2017-12-19 17:26:59,134 authoritydb.py[line:343] INFO achieve loginCapcha end
2017-12-19 17:26:59,138 authoritydb.py[line:27] INFO login start
2017-12-19 17:26:59,141 authoritydb.py[line:278] INFO md5 start
2017-12-19 17:26:59,141 authoritydb.py[line:281] INFO md5 end
2017-12-19 17:26:59,148 authoritydb.py[line:59] INFO jzyuan登陆成功
2017-12-19 17:26:59,148 authoritydb.py[line:115] INFO login end
2017-12-19 17:26:59,161 authoritydb.py[line:619] INFO deleteRole start
2017-12-19 17:26:59,165 authoritydb.py[line:628] INFO deleteRole success
2017-12-19 17:26:59,165 authoritydb.py[line:633] INFO deleteRole end
2017-12-19 17:26:59,176 authoritydb.py[line:278] INFO md5 start
2017-12-19 17:26:59,176 authoritydb.py[line:281] INFO md5 end
2017-12-19 17:26:59,181 authoritydb.py[line:322] INFO achieve loginCapcha start
2017-12-19 17:26:59,181 authoritydb.py[line:278] INFO md5 start
2017-12-19 17:26:59,181 authoritydb.py[line:281] INFO md5 end
2017-12-19 17:26:59,183 authoritydb.py[line:348] INFO achieve bind_mobile
2017-12-19 17:26:59,184 authoritydb.py[line:372] INFO verifyCode: 051962
2017-12-19 17:27:20,187 authoritydb.py[line:343] INFO achieve loginCapcha end
2017-12-19 17:27:20,190 authoritydb.py[line:27] INFO login start
2017-12-19 17:27:20,193 authoritydb.py[line:278] INFO md5 start
2017-12-19 17:27:20,193 authoritydb.py[line:281] INFO md5 end
2017-12-19 17:27:20,203 authoritydb.py[line:59] INFO jzyuan登陆成功
2017-12-19 17:27:20,203 authoritydb.py[line:115] INFO login end
2017-12-19 17:27:20,211 authoritydb.py[line:278] INFO md5 start
2017-12-19 17:27:20,211 authoritydb.py[line:281] INFO md5 end
2017-12-19 17:27:20,221 authoritydb.py[line:322] INFO achieve loginCapcha start
2017-12-19 17:27:20,223 authoritydb.py[line:278] INFO md5 start
2017-12-19 17:27:20,223 authoritydb.py[line:281] INFO md5 end
2017-12-19 17:27:20,224 authoritydb.py[line:348] INFO achieve bind_mobile
2017-12-19 17:27:20,226 authoritydb.py[line:372] INFO verifyCode: 886609
2017-12-19 17:27:41,229 authoritydb.py[line:343] INFO achieve loginCapcha end
2017-12-19 17:27:41,255 authoritydb.py[line:278] INFO md5 start
2017-12-19 17:27:41,255 authoritydb.py[line:281] INFO md5 end
2017-12-19 17:27:41,278 authoritydb.py[line:278] INFO md5 start
2017-12-19 17:27:41,278 authoritydb.py[line:281] INFO md5 end
2017-12-19 17:27:41,288 authoritydb.py[line:176] INFO resetPasswordByEmail start
2017-12-19 17:27:41,290 authoritydb.py[line:184] INFO user exist
2017-12-19 17:27:41,292 authoritydb.py[line:278] INFO md5 start
2017-12-19 17:27:41,292 authoritydb.py[line:281] INFO md5 end
2017-12-19 17:27:41,292 authoritydb.py[line:189] INFO newPassword071293
2017-12-19 17:27:53,154 authoritydb.py[line:197] INFO jzyuanreset password success
2017-12-19 17:27:53,167 authoritydb.py[line:278] INFO md5 start
2017-12-19 17:27:53,167 authoritydb.py[line:281] INFO md5 end
2017-12-19 17:27:53,173 authoritydb.py[line:218] INFO resetPasswordByMobile start
2017-12-19 17:27:53,174 authoritydb.py[line:226] INFO resetPasswordByMobile user exist
2017-12-19 17:27:53,176 authoritydb.py[line:231] INFO resetPasswordByMobile is newPassword980490
2017-12-19 17:27:53,176 authoritydb.py[line:278] INFO md5 start
2017-12-19 17:27:53,177 authoritydb.py[line:281] INFO md5 end
2017-12-19 17:27:53,177 authoritydb.py[line:235] INFO content:【咪咕视讯】,重置密码:980490（切勿告诉他人)
2017-12-19 17:28:14,178 authoritydb.py[line:243] INFO jzyuanreset password success
2017-12-19 17:28:14,200 authoritydb.py[line:278] INFO md5 start
2017-12-19 17:28:14,200 authoritydb.py[line:281] INFO md5 end
2017-12-19 17:28:14,226 authoritydb.py[line:322] INFO achieve loginCapcha start
2017-12-19 17:28:14,226 authoritydb.py[line:278] INFO md5 start
2017-12-19 17:28:14,226 authoritydb.py[line:281] INFO md5 end
2017-12-19 17:28:14,230 authoritydb.py[line:348] INFO achieve bind_mobile
2017-12-19 17:28:14,233 authoritydb.py[line:372] INFO verifyCode: 000751
2017-12-19 17:28:35,236 authoritydb.py[line:343] INFO achieve loginCapcha end
2017-12-19 17:28:35,240 authoritydb.py[line:27] INFO login start
2017-12-19 17:28:35,244 authoritydb.py[line:278] INFO md5 start
2017-12-19 17:28:35,246 authoritydb.py[line:281] INFO md5 end
2017-12-19 17:28:35,256 authoritydb.py[line:59] INFO jzyuan登陆成功
2017-12-19 17:28:35,256 authoritydb.py[line:115] INFO login end
2017-12-19 17:28:35,263 authoritydb.py[line:518] INFO saveUser start
2017-12-19 17:28:35,266 authoritydb.py[line:278] INFO md5 start
2017-12-19 17:28:35,266 authoritydb.py[line:281] INFO md5 end
2017-12-19 17:28:35,267 authoritydb.py[line:553] INFO 添加用户成功
2017-12-19 17:28:35,269 authoritydb.py[line:558] INFO saveUser end
2017-12-19 17:28:35,282 authoritydb.py[line:278] INFO md5 start
2017-12-19 17:28:35,282 authoritydb.py[line:281] INFO md5 end
2017-12-19 17:28:35,289 authoritydb.py[line:322] INFO achieve loginCapcha start
2017-12-19 17:28:35,290 authoritydb.py[line:278] INFO md5 start
2017-12-19 17:28:35,290 authoritydb.py[line:281] INFO md5 end
2017-12-19 17:28:35,292 authoritydb.py[line:348] INFO achieve bind_mobile
2017-12-19 17:28:35,295 authoritydb.py[line:372] INFO verifyCode: 934436
2017-12-19 17:28:56,298 authoritydb.py[line:343] INFO achieve loginCapcha end
2017-12-19 17:28:56,308 authoritydb.py[line:27] INFO login start
2017-12-19 17:28:56,313 authoritydb.py[line:278] INFO md5 start
2017-12-19 17:28:56,313 authoritydb.py[line:281] INFO md5 end
2017-12-19 17:28:56,339 authoritydb.py[line:59] INFO jzyuan登陆成功
2017-12-19 17:28:56,339 authoritydb.py[line:115] INFO login end
2017-12-19 17:28:56,348 authoritydb.py[line:444] INFO selectRole start
2017-12-19 17:28:56,368 authoritydb.py[line:278] INFO md5 start
2017-12-19 17:28:56,368 authoritydb.py[line:281] INFO md5 end
2017-12-19 17:28:56,375 authoritydb.py[line:322] INFO achieve loginCapcha start
2017-12-19 17:28:56,377 authoritydb.py[line:278] INFO md5 start
2017-12-19 17:28:56,377 authoritydb.py[line:281] INFO md5 end
2017-12-19 17:28:56,378 authoritydb.py[line:348] INFO achieve bind_mobile
2017-12-19 17:28:56,380 authoritydb.py[line:372] INFO verifyCode: 263733
2017-12-19 17:29:17,382 authoritydb.py[line:343] INFO achieve loginCapcha end
2017-12-19 17:29:17,385 authoritydb.py[line:27] INFO login start
2017-12-19 17:29:17,388 authoritydb.py[line:278] INFO md5 start
2017-12-19 17:29:17,388 authoritydb.py[line:281] INFO md5 end
2017-12-19 17:29:17,395 authoritydb.py[line:59] INFO jzyuan登陆成功
2017-12-19 17:29:17,395 authoritydb.py[line:115] INFO login end
2017-12-19 17:29:17,401 authoritydb.py[line:390] INFO selectUser start
2017-12-19 17:29:17,404 authoritydb.py[line:435] INFO selectUser end
2017-12-19 17:29:17,415 authoritydb.py[line:278] INFO md5 start
2017-12-19 17:29:17,415 authoritydb.py[line:281] INFO md5 end
2017-12-19 17:29:17,424 authoritydb.py[line:322] INFO achieve loginCapcha start
2017-12-19 17:29:17,424 authoritydb.py[line:278] INFO md5 start
2017-12-19 17:29:17,424 authoritydb.py[line:281] INFO md5 end
2017-12-19 17:29:17,426 authoritydb.py[line:348] INFO achieve bind_mobile
2017-12-19 17:29:17,427 authoritydb.py[line:372] INFO verifyCode: 557010
2017-12-19 17:29:38,430 authoritydb.py[line:343] INFO achieve loginCapcha end
2017-12-19 17:29:38,441 authoritydb.py[line:27] INFO login start
2017-12-19 17:29:38,447 authoritydb.py[line:278] INFO md5 start
2017-12-19 17:29:38,448 authoritydb.py[line:281] INFO md5 end
2017-12-19 17:29:38,469 authoritydb.py[line:59] INFO jzyuan登陆成功
2017-12-19 17:29:38,469 authoritydb.py[line:115] INFO login end
2017-12-19 17:29:38,479 authoritydb.py[line:278] INFO md5 start
2017-12-19 17:29:38,480 authoritydb.py[line:281] INFO md5 end
2017-12-19 17:29:38,493 authoritydb.py[line:566] INFO updateUser start
2017-12-19 17:29:38,500 authoritydb.py[line:588] INFO updateUser end
2017-12-19 17:29:38,516 authoritydb.py[line:278] INFO md5 start
2017-12-19 17:29:38,516 authoritydb.py[line:281] INFO md5 end
2017-12-19 17:29:38,523 authoritydb.py[line:322] INFO achieve loginCapcha start
2017-12-19 17:29:38,523 authoritydb.py[line:278] INFO md5 start
2017-12-19 17:29:38,523 authoritydb.py[line:281] INFO md5 end
2017-12-19 17:29:38,525 authoritydb.py[line:348] INFO achieve bind_mobile
2017-12-19 17:29:38,526 authoritydb.py[line:372] INFO verifyCode: 923887
2017-12-19 17:29:59,529 authoritydb.py[line:343] INFO achieve loginCapcha end
2017-12-19 17:29:59,539 authoritydb.py[line:27] INFO login start
2017-12-19 17:29:59,545 authoritydb.py[line:278] INFO md5 start
2017-12-19 17:29:59,546 authoritydb.py[line:281] INFO md5 end
2017-12-19 17:29:59,562 authoritydb.py[line:59] INFO jzyuan登陆成功
2017-12-19 17:29:59,562 authoritydb.py[line:115] INFO login end
2017-12-19 17:29:59,571 authoritydb.py[line:290] INFO updatepassword start
2017-12-19 17:29:59,572 authoritydb.py[line:293] INFO jzyuanchangePassword
2017-12-19 17:29:59,572 authoritydb.py[line:278] INFO md5 start
2017-12-19 17:29:59,572 authoritydb.py[line:281] INFO md5 end
2017-12-19 17:29:59,575 authoritydb.py[line:295] INFO oldPassword right
2017-12-19 17:29:59,575 authoritydb.py[line:302] INFO newPassword =new_repassword
2017-12-19 17:29:59,578 authoritydb.py[line:278] INFO md5 start
2017-12-19 17:29:59,578 authoritydb.py[line:281] INFO md5 end
2017-12-19 17:31:46,997 authoritydb.py[line:278] INFO md5 start
2017-12-19 17:31:46,997 authoritydb.py[line:281] INFO md5 end
2017-12-19 17:31:47,085 authoritydb.py[line:322] INFO achieve loginCapcha start
2017-12-19 17:31:47,085 authoritydb.py[line:278] INFO md5 start
2017-12-19 17:31:47,085 authoritydb.py[line:281] INFO md5 end
2017-12-19 17:31:47,086 authoritydb.py[line:348] INFO achieve bind_mobile
2017-12-19 17:31:47,088 authoritydb.py[line:372] INFO verifyCode: 611602
2017-12-19 17:32:08,094 authoritydb.py[line:343] INFO achieve loginCapcha end
2017-12-19 17:32:08,104 authoritydb.py[line:27] INFO login start
2017-12-19 17:32:08,109 authoritydb.py[line:278] INFO md5 start
2017-12-19 17:32:08,109 authoritydb.py[line:281] INFO md5 end
2017-12-19 17:32:08,134 authoritydb.py[line:59] INFO jzyuan登陆成功
2017-12-19 17:32:08,134 authoritydb.py[line:115] INFO login end
2017-12-19 17:32:08,144 authoritydb.py[line:596] INFO addRole start
2017-12-19 17:32:08,147 authoritydb.py[line:606] INFO add role success
2017-12-19 17:32:08,147 authoritydb.py[line:611] INFO addRole end
2017-12-19 17:32:08,161 authoritydb.py[line:278] INFO md5 start
2017-12-19 17:32:08,161 authoritydb.py[line:281] INFO md5 end
2017-12-19 17:32:08,168 authoritydb.py[line:137] INFO checkUserName start
2017-12-19 17:32:08,171 authoritydb.py[line:143] INFO checkUserName end
2017-12-19 17:32:08,173 authoritydb.py[line:137] INFO checkUserName start
2017-12-19 17:32:08,174 authoritydb.py[line:146] INFO checkUserName end
2017-12-19 17:32:08,184 authoritydb.py[line:278] INFO md5 start
2017-12-19 17:32:08,184 authoritydb.py[line:281] INFO md5 end
2017-12-19 17:32:08,190 authoritydb.py[line:155] INFO checkUserQuestion start
2017-12-19 17:32:08,191 authoritydb.py[line:168] INFO checkUserQuestion end
2017-12-19 17:32:08,194 authoritydb.py[line:155] INFO checkUserQuestion start
2017-12-19 17:32:08,194 authoritydb.py[line:168] INFO checkUserQuestion end
2017-12-19 17:32:08,201 authoritydb.py[line:278] INFO md5 start
2017-12-19 17:32:08,201 authoritydb.py[line:281] INFO md5 end
2017-12-19 17:32:08,207 authoritydb.py[line:372] INFO verifyCode: 112032
2017-12-19 17:32:08,211 authoritydb.py[line:278] INFO md5 start
2017-12-19 17:32:08,211 authoritydb.py[line:281] INFO md5 end
2017-12-19 17:32:08,220 authoritydb.py[line:278] INFO md5 start
2017-12-19 17:32:08,220 authoritydb.py[line:281] INFO md5 end
2017-12-19 17:32:08,226 authoritydb.py[line:322] INFO achieve loginCapcha start
2017-12-19 17:32:08,226 authoritydb.py[line:278] INFO md5 start
2017-12-19 17:32:08,226 authoritydb.py[line:281] INFO md5 end
2017-12-19 17:32:08,226 authoritydb.py[line:348] INFO achieve bind_mobile
2017-12-19 17:32:08,229 authoritydb.py[line:372] INFO verifyCode: 290733
2017-12-19 17:32:29,230 authoritydb.py[line:343] INFO achieve loginCapcha end
2017-12-19 17:32:29,240 authoritydb.py[line:27] INFO login start
2017-12-19 17:32:29,246 authoritydb.py[line:278] INFO md5 start
2017-12-19 17:32:29,246 authoritydb.py[line:281] INFO md5 end
2017-12-19 17:32:29,263 authoritydb.py[line:59] INFO jzyuan登陆成功
2017-12-19 17:32:29,263 authoritydb.py[line:115] INFO login end
2017-12-19 17:32:29,275 authoritydb.py[line:488] INFO delete start
2017-12-19 17:32:29,280 authoritydb.py[line:508] INFO delete end
2017-12-19 17:32:29,293 authoritydb.py[line:488] INFO delete start
2017-12-19 17:32:29,295 authoritydb.py[line:499] INFO delete end because Supermaster cannot delete
2017-12-19 17:32:29,311 authoritydb.py[line:278] INFO md5 start
2017-12-19 17:32:29,312 authoritydb.py[line:281] INFO md5 end
2017-12-19 17:32:29,322 authoritydb.py[line:322] INFO achieve loginCapcha start
2017-12-19 17:32:29,323 authoritydb.py[line:278] INFO md5 start
2017-12-19 17:32:29,323 authoritydb.py[line:281] INFO md5 end
2017-12-19 17:32:29,325 authoritydb.py[line:348] INFO achieve bind_mobile
2017-12-19 17:32:29,328 authoritydb.py[line:372] INFO verifyCode: 722678
2017-12-19 17:32:50,329 authoritydb.py[line:343] INFO achieve loginCapcha end
2017-12-19 17:32:50,332 authoritydb.py[line:27] INFO login start
2017-12-19 17:32:50,334 authoritydb.py[line:278] INFO md5 start
2017-12-19 17:32:50,334 authoritydb.py[line:281] INFO md5 end
2017-12-19 17:32:50,339 authoritydb.py[line:59] INFO jzyuan登陆成功
2017-12-19 17:32:50,339 authoritydb.py[line:115] INFO login end
2017-12-19 17:32:50,354 authoritydb.py[line:619] INFO deleteRole start
2017-12-19 17:32:50,358 authoritydb.py[line:628] INFO deleteRole success
2017-12-19 17:32:50,358 authoritydb.py[line:633] INFO deleteRole end
2017-12-19 17:32:50,367 authoritydb.py[line:278] INFO md5 start
2017-12-19 17:32:50,367 authoritydb.py[line:281] INFO md5 end
2017-12-19 17:32:50,371 authoritydb.py[line:322] INFO achieve loginCapcha start
2017-12-19 17:32:50,372 authoritydb.py[line:278] INFO md5 start
2017-12-19 17:32:50,372 authoritydb.py[line:281] INFO md5 end
2017-12-19 17:32:50,374 authoritydb.py[line:348] INFO achieve bind_mobile
2017-12-19 17:32:50,377 authoritydb.py[line:372] INFO verifyCode: 191335
2017-12-19 17:33:11,380 authoritydb.py[line:343] INFO achieve loginCapcha end
2017-12-19 17:33:11,391 authoritydb.py[line:27] INFO login start
2017-12-19 17:33:11,397 authoritydb.py[line:278] INFO md5 start
2017-12-19 17:33:11,397 authoritydb.py[line:281] INFO md5 end
2017-12-19 17:33:11,414 authoritydb.py[line:59] INFO jzyuan登陆成功
2017-12-19 17:33:11,414 authoritydb.py[line:115] INFO login end
2017-12-19 17:33:11,436 authoritydb.py[line:278] INFO md5 start
2017-12-19 17:33:11,436 authoritydb.py[line:281] INFO md5 end
2017-12-19 17:33:11,471 authoritydb.py[line:278] INFO md5 start
2017-12-19 17:33:11,473 authoritydb.py[line:281] INFO md5 end
2017-12-19 17:33:11,484 authoritydb.py[line:322] INFO achieve loginCapcha start
2017-12-19 17:33:11,486 authoritydb.py[line:278] INFO md5 start
2017-12-19 17:33:11,486 authoritydb.py[line:281] INFO md5 end
2017-12-19 17:33:11,490 authoritydb.py[line:348] INFO achieve bind_mobile
2017-12-19 17:33:11,493 authoritydb.py[line:372] INFO verifyCode: 262359
2017-12-19 17:33:32,496 authoritydb.py[line:343] INFO achieve loginCapcha end
2017-12-19 17:33:32,499 authoritydb.py[line:27] INFO login start
2017-12-19 17:33:32,500 authoritydb.py[line:278] INFO md5 start
2017-12-19 17:33:32,500 authoritydb.py[line:281] INFO md5 end
2017-12-19 17:33:32,509 authoritydb.py[line:59] INFO jzyuan登陆成功
2017-12-19 17:33:32,509 authoritydb.py[line:115] INFO login end
2017-12-19 17:33:32,516 authoritydb.py[line:518] INFO saveUser start
2017-12-19 17:33:32,519 authoritydb.py[line:278] INFO md5 start
2017-12-19 17:33:32,519 authoritydb.py[line:281] INFO md5 end
2017-12-19 17:33:32,520 authoritydb.py[line:553] INFO 添加用户成功
2017-12-19 17:33:32,520 authoritydb.py[line:558] INFO saveUser end
2017-12-19 17:33:32,532 authoritydb.py[line:278] INFO md5 start
2017-12-19 17:33:32,532 authoritydb.py[line:281] INFO md5 end
2017-12-19 17:33:32,538 authoritydb.py[line:322] INFO achieve loginCapcha start
2017-12-19 17:33:32,538 authoritydb.py[line:278] INFO md5 start
2017-12-19 17:33:32,539 authoritydb.py[line:281] INFO md5 end
2017-12-19 17:33:32,539 authoritydb.py[line:348] INFO achieve bind_mobile
2017-12-19 17:33:32,542 authoritydb.py[line:372] INFO verifyCode: 354676
2017-12-19 17:33:53,543 authoritydb.py[line:343] INFO achieve loginCapcha end
2017-12-19 17:33:53,555 authoritydb.py[line:27] INFO login start
2017-12-19 17:33:53,559 authoritydb.py[line:278] INFO md5 start
2017-12-19 17:33:53,561 authoritydb.py[line:281] INFO md5 end
2017-12-19 17:33:53,585 authoritydb.py[line:59] INFO jzyuan登陆成功
2017-12-19 17:33:53,585 authoritydb.py[line:115] INFO login end
2017-12-19 17:33:53,595 authoritydb.py[line:444] INFO selectRole start
2017-12-19 17:33:53,618 authoritydb.py[line:278] INFO md5 start
2017-12-19 17:33:53,618 authoritydb.py[line:281] INFO md5 end
2017-12-19 17:33:53,631 authoritydb.py[line:322] INFO achieve loginCapcha start
2017-12-19 17:33:53,634 authoritydb.py[line:278] INFO md5 start
2017-12-19 17:33:53,634 authoritydb.py[line:281] INFO md5 end
2017-12-19 17:33:53,637 authoritydb.py[line:348] INFO achieve bind_mobile
2017-12-19 17:33:53,641 authoritydb.py[line:372] INFO verifyCode: 174362
2017-12-19 17:34:14,644 authoritydb.py[line:343] INFO achieve loginCapcha end
2017-12-19 17:34:14,654 authoritydb.py[line:27] INFO login start
2017-12-19 17:34:14,661 authoritydb.py[line:278] INFO md5 start
2017-12-19 17:34:14,661 authoritydb.py[line:281] INFO md5 end
2017-12-19 17:34:14,680 authoritydb.py[line:59] INFO jzyuan登陆成功
2017-12-19 17:34:14,680 authoritydb.py[line:115] INFO login end
2017-12-19 17:34:14,693 authoritydb.py[line:390] INFO selectUser start
2017-12-19 17:34:14,700 authoritydb.py[line:435] INFO selectUser end
2017-12-19 17:34:14,711 authoritydb.py[line:278] INFO md5 start
2017-12-19 17:34:14,711 authoritydb.py[line:281] INFO md5 end
2017-12-19 17:34:14,720 authoritydb.py[line:322] INFO achieve loginCapcha start
2017-12-19 17:34:14,720 authoritydb.py[line:278] INFO md5 start
2017-12-19 17:34:14,720 authoritydb.py[line:281] INFO md5 end
2017-12-19 17:34:14,721 authoritydb.py[line:348] INFO achieve bind_mobile
2017-12-19 17:34:14,724 authoritydb.py[line:372] INFO verifyCode: 127210
2017-12-19 17:34:35,727 authoritydb.py[line:343] INFO achieve loginCapcha end
2017-12-19 17:34:35,737 authoritydb.py[line:27] INFO login start
2017-12-19 17:34:35,743 authoritydb.py[line:278] INFO md5 start
2017-12-19 17:34:35,743 authoritydb.py[line:281] INFO md5 end
2017-12-19 17:34:35,763 authoritydb.py[line:59] INFO jzyuan登陆成功
2017-12-19 17:34:35,763 authoritydb.py[line:115] INFO login end
2017-12-19 17:34:35,776 authoritydb.py[line:278] INFO md5 start
2017-12-19 17:34:35,776 authoritydb.py[line:281] INFO md5 end
2017-12-19 17:34:35,792 authoritydb.py[line:566] INFO updateUser start
2017-12-19 17:34:35,802 authoritydb.py[line:588] INFO updateUser end
2017-12-19 17:34:35,822 authoritydb.py[line:278] INFO md5 start
2017-12-19 17:34:35,822 authoritydb.py[line:281] INFO md5 end
2017-12-19 17:34:35,828 authoritydb.py[line:322] INFO achieve loginCapcha start
2017-12-19 17:34:35,828 authoritydb.py[line:278] INFO md5 start
2017-12-19 17:34:35,828 authoritydb.py[line:281] INFO md5 end
2017-12-19 17:34:35,831 authoritydb.py[line:348] INFO achieve bind_mobile
2017-12-19 17:34:35,834 authoritydb.py[line:372] INFO verifyCode: 085286
2017-12-19 17:34:56,835 authoritydb.py[line:343] INFO achieve loginCapcha end
2017-12-19 17:34:56,845 authoritydb.py[line:27] INFO login start
2017-12-19 17:34:56,851 authoritydb.py[line:278] INFO md5 start
2017-12-19 17:34:56,851 authoritydb.py[line:281] INFO md5 end
2017-12-19 17:34:56,877 authoritydb.py[line:59] INFO jzyuan登陆成功
2017-12-19 17:34:56,878 authoritydb.py[line:115] INFO login end
2017-12-19 17:34:56,891 authoritydb.py[line:290] INFO updatepassword start
2017-12-19 17:34:56,891 authoritydb.py[line:293] INFO jzyuanchangePassword
2017-12-19 17:34:56,894 authoritydb.py[line:278] INFO md5 start
2017-12-19 17:34:56,894 authoritydb.py[line:281] INFO md5 end
2017-12-19 17:34:56,898 authoritydb.py[line:295] INFO oldPassword right
2017-12-19 17:34:56,898 authoritydb.py[line:302] INFO newPassword =new_repassword
2017-12-19 17:34:56,901 authoritydb.py[line:278] INFO md5 start
2017-12-19 17:34:56,901 authoritydb.py[line:281] INFO md5 end
