2017-11-29 09:45:37,223 systemdb.py[line:188] INFO init_system_select start
2017-11-29 09:45:37,236 systemdb.py[line:195] INFO init_system_select end
2017-11-29 09:45:38,996 systemdb.py[line:188] INFO init_system_select start
2017-11-29 09:45:39,006 systemdb.py[line:195] INFO init_system_select end
2017-11-29 09:47:02,878 systemdb.py[line:188] INFO init_system_select start
2017-11-29 09:47:02,900 systemdb.py[line:195] INFO init_system_select end
2017-11-29 09:47:06,763 systemdb.py[line:188] INFO init_system_select start
2017-11-29 09:47:06,776 systemdb.py[line:195] INFO init_system_select end
2017-11-29 10:08:40,802 systemdb.py[line:188] INFO init_system_select start
2017-11-29 10:08:40,813 systemdb.py[line:195] INFO init_system_select end
2017-11-29 10:10:29,184 systemdb.py[line:188] INFO init_system_select start
2017-11-29 10:10:29,203 systemdb.py[line:195] INFO init_system_select end
2017-11-29 10:10:49,615 systemdb.py[line:188] INFO init_system_select start
2017-11-29 10:10:49,625 systemdb.py[line:195] INFO init_system_select end
2017-11-29 10:11:07,036 systemdb.py[line:188] INFO init_system_select start
2017-11-29 10:11:07,046 systemdb.py[line:195] INFO init_system_select end
2017-11-29 10:18:33,430 systemdb.py[line:188] INFO init_system_select start
2017-11-29 10:18:33,438 systemdb.py[line:195] INFO init_system_select end
2017-11-29 10:18:59,512 systemdb.py[line:188] INFO init_system_select start
2017-11-29 10:18:59,525 systemdb.py[line:195] INFO init_system_select end
2017-11-29 10:23:09,259 systemdb.py[line:188] INFO init_system_select start
2017-11-29 10:23:09,270 systemdb.py[line:195] INFO init_system_select end
2017-11-29 14:03:45,776 systemdb.py[line:188] INFO init_system_select start
2017-11-29 14:03:45,831 systemdb.py[line:195] INFO init_system_select end
2017-11-29 14:03:47,509 systemdb.py[line:188] INFO init_system_select start
2017-11-29 14:03:47,519 systemdb.py[line:195] INFO init_system_select end
2017-11-29 14:21:21,111 systemdb.py[line:188] INFO init_system_select start
2017-11-29 14:21:21,137 systemdb.py[line:195] INFO init_system_select end
2017-11-29 14:33:52,263 systemdb.py[line:188] INFO init_system_select start
2017-11-29 14:33:52,273 systemdb.py[line:195] INFO init_system_select end
2017-11-29 14:33:58,467 systemdb.py[line:59] INFO system_select start
2017-11-29 14:33:58,467 systemdb.py[line:60] INFO request: <WSGIRequest: GET '/app_cmdb/system/select?limit=5&offset=0&order=asc&name=&description=&company=&_=1511937238409'>
2017-11-29 14:33:58,480 systemdb.py[line:105] INFO system_select end
2017-11-29 15:21:18,125 systemdb.py[line:188] INFO init_system_select start
2017-11-29 15:21:18,134 systemdb.py[line:195] INFO init_system_select end
2017-11-29 15:21:19,111 systemdb.py[line:188] INFO init_system_select start
2017-11-29 15:21:19,121 systemdb.py[line:195] INFO init_system_select end
2017-11-29 15:21:52,230 systemdb.py[line:188] INFO init_system_select start
2017-11-29 15:21:52,243 systemdb.py[line:195] INFO init_system_select end
2017-11-29 15:21:55,927 systemdb.py[line:188] INFO init_system_select start
2017-11-29 15:21:55,938 systemdb.py[line:195] INFO init_system_select end
2017-11-29 15:22:06,160 systemdb.py[line:188] INFO init_system_select start
2017-11-29 15:22:06,171 systemdb.py[line:195] INFO init_system_select end
2017-11-29 15:22:28,680 systemdb.py[line:59] INFO system_select start
2017-11-29 15:22:28,681 systemdb.py[line:60] INFO request: <WSGIRequest: GET '/app_cmdb/system/select?limit=5&offset=0&order=asc&name=&description=&company=&_=1511940148606'>
2017-11-29 15:22:28,693 systemdb.py[line:105] INFO system_select end
2017-11-29 15:22:31,440 systemdb.py[line:188] INFO init_system_select start
2017-11-29 15:22:31,467 systemdb.py[line:195] INFO init_system_select end
2017-11-29 15:22:37,184 systemdb.py[line:188] INFO init_system_select start
2017-11-29 15:22:37,226 systemdb.py[line:195] INFO init_system_select end
2017-11-29 15:22:44,437 systemdb.py[line:59] INFO system_select start
2017-11-29 15:22:44,437 systemdb.py[line:60] INFO request: <WSGIRequest: GET '/app_cmdb/system/select?limit=5&offset=0&order=asc&name=&description=&company=&_=1511940164367'>
2017-11-29 15:22:44,448 systemdb.py[line:105] INFO system_select end
2017-11-29 15:22:52,943 systemdb.py[line:188] INFO init_system_select start
2017-11-29 15:22:52,961 systemdb.py[line:195] INFO init_system_select end
2017-11-29 15:24:37,586 systemdb.py[line:188] INFO init_system_select start
2017-11-29 15:24:37,598 systemdb.py[line:195] INFO init_system_select end
2017-11-29 15:24:39,515 systemdb.py[line:188] INFO init_system_select start
2017-11-29 15:24:39,526 systemdb.py[line:195] INFO init_system_select end
2017-11-29 15:24:55,358 systemdb.py[line:188] INFO init_system_select start
2017-11-29 15:24:55,371 systemdb.py[line:195] INFO init_system_select end
2017-11-29 15:25:25,506 systemdb.py[line:188] INFO init_system_select start
2017-11-29 15:25:25,526 systemdb.py[line:195] INFO init_system_select end
2017-11-29 15:30:07,342 systemdb.py[line:188] INFO init_system_select start
2017-11-29 15:30:07,352 systemdb.py[line:195] INFO init_system_select end
2017-11-29 15:30:08,312 systemdb.py[line:59] INFO system_select start
2017-11-29 15:30:08,313 systemdb.py[line:60] INFO request: <WSGIRequest: GET '/app_cmdb/system/select?limit=5&offset=0&order=asc&name=&description=&company=&_=1511940608257'>
2017-11-29 15:30:08,325 systemdb.py[line:105] INFO system_select end
2017-11-29 15:31:02,973 systemdb.py[line:188] INFO init_system_select start
2017-11-29 15:31:02,986 systemdb.py[line:195] INFO init_system_select end
2017-11-29 15:31:08,141 systemdb.py[line:59] INFO system_select start
2017-11-29 15:31:08,142 systemdb.py[line:60] INFO request: <WSGIRequest: GET '/app_cmdb/system/select?limit=5&offset=0&order=asc&name=&description=&company=&_=1511940668090'>
2017-11-29 15:31:08,154 systemdb.py[line:105] INFO system_select end
2017-11-29 15:32:57,877 systemdb.py[line:188] INFO init_system_select start
2017-11-29 15:32:57,911 systemdb.py[line:195] INFO init_system_select end
2017-11-29 15:48:13,871 systemdb.py[line:188] INFO init_system_select start
2017-11-29 15:48:13,881 systemdb.py[line:195] INFO init_system_select end
2017-11-29 15:48:15,256 systemdb.py[line:188] INFO init_system_select start
2017-11-29 15:48:15,267 systemdb.py[line:195] INFO init_system_select end
2017-11-29 15:49:22,885 systemdb.py[line:188] INFO init_system_select start
2017-11-29 15:49:22,901 systemdb.py[line:195] INFO init_system_select end
2017-11-29 15:49:24,770 systemdb.py[line:188] INFO init_system_select start
2017-11-29 15:49:24,779 systemdb.py[line:195] INFO init_system_select end
2017-11-29 15:50:01,803 systemdb.py[line:188] INFO init_system_select start
2017-11-29 15:50:01,819 systemdb.py[line:195] INFO init_system_select end
2017-11-29 15:51:32,561 systemdb.py[line:188] INFO init_system_select start
2017-11-29 15:51:32,591 systemdb.py[line:195] INFO init_system_select end
2017-11-29 15:51:43,936 systemdb.py[line:188] INFO init_system_select start
2017-11-29 15:51:43,961 systemdb.py[line:195] INFO init_system_select end
2017-11-29 15:51:47,841 systemdb.py[line:188] INFO init_system_select start
2017-11-29 15:51:47,865 systemdb.py[line:195] INFO init_system_select end
2017-11-29 16:18:10,081 systemdb.py[line:188] INFO init_system_select start
2017-11-29 16:18:10,098 systemdb.py[line:195] INFO init_system_select end
2017-11-29 16:18:21,161 systemdb.py[line:188] INFO init_system_select start
2017-11-29 16:18:21,173 systemdb.py[line:195] INFO init_system_select end
2017-11-29 17:25:35,181 systemdb.py[line:188] INFO init_system_select start
2017-11-29 17:25:35,196 systemdb.py[line:195] INFO init_system_select end
2017-11-29 17:25:35,917 systemdb.py[line:188] INFO init_system_select start
2017-11-29 17:25:35,930 systemdb.py[line:195] INFO init_system_select end
2017-11-29 17:25:36,687 systemdb.py[line:59] INFO system_select start
2017-11-29 17:25:36,690 systemdb.py[line:60] INFO request: <WSGIRequest: GET '/app_cmdb/system/select?limit=5&offset=0&order=asc&name=&description=&company=&_=1511947536619'>
2017-11-29 17:25:36,700 systemdb.py[line:105] INFO system_select end
